TN:
SF:src/Rx.KitchenSink.ts
FNF:0
FNH:0
DA:1,1
DA:22,1
DA:23,1
DA:24,1
DA:25,1
DA:26,1
DA:27,1
DA:28,1
DA:29,1
DA:30,1
DA:31,1
DA:32,1
DA:33,1
DA:34,1
DA:35,1
DA:36,1
DA:37,1
DA:38,1
DA:39,1
DA:42,1
DA:43,1
DA:44,1
DA:45,1
DA:46,1
DA:47,1
DA:48,1
DA:49,1
DA:50,1
DA:51,1
DA:52,1
DA:53,1
DA:54,1
DA:55,1
DA:56,1
DA:57,1
DA:58,1
DA:59,1
DA:60,1
DA:61,1
DA:62,1
DA:63,1
DA:64,1
DA:65,1
DA:66,1
DA:67,1
DA:68,1
DA:69,1
DA:70,1
DA:71,1
DA:72,1
DA:73,1
DA:74,1
DA:75,1
DA:76,1
DA:77,1
DA:78,1
DA:79,1
DA:80,1
DA:81,1
DA:82,1
DA:83,1
DA:84,1
DA:85,1
DA:86,1
DA:87,1
DA:88,1
DA:89,1
DA:90,1
DA:91,1
DA:92,1
DA:93,1
DA:94,1
DA:95,1
DA:96,1
DA:97,1
DA:98,1
DA:99,1
DA:100,1
DA:101,1
DA:102,1
DA:103,1
DA:104,1
DA:105,1
DA:106,1
DA:107,1
DA:108,1
DA:109,1
DA:110,1
DA:111,1
DA:112,1
DA:113,1
DA:114,1
DA:115,1
DA:116,1
DA:117,1
DA:118,1
DA:119,1
DA:120,1
DA:121,1
DA:122,1
DA:123,1
DA:124,1
DA:125,1
DA:128,1
DA:129,1
DA:130,1
DA:131,1
DA:132,1
DA:133,1
DA:134,1
DA:135,1
DA:136,1
DA:137,1
DA:138,1
DA:141,1
DA:142,1
DA:143,1
DA:147,1
DA:154,1
DA:155,1
DA:156,1
DA:157,1
DA:158,1
DA:159,1
DA:160,1
DA:161,1
DA:162,1
DA:163,1
DA:164,1
DA:165,1
DA:166,1
DA:167,1
LF:132
LH:132
BRF:0
BRH:0
end_of_record
TN:
SF:src/Observable.ts
FN:20,(anonymous_1)
FN:32,Observable
FN:58,(anonymous_3)
FN:70,(anonymous_4)
FN:85,(anonymous_5)
FN:114,(anonymous_6)
FN:127,(anonymous_7)
FN:132,(anonymous_8)
FN:47,(anonymous_9)
FNF:9
FNH:8
FNDA:1,(anonymous_1)
FNDA:5936,Observable
FNDA:841,(anonymous_3)
FNDA:0,(anonymous_4)
FNDA:4100,(anonymous_5)
FNDA:3,(anonymous_6)
FNDA:3,(anonymous_7)
FNDA:867,(anonymous_8)
FNDA:10,(anonymous_9)
DA:4,1
DA:6,1
DA:8,1
DA:20,1
DA:23,5936
DA:32,1
DA:33,5936
DA:34,1262
DA:47,1
DA:48,10
DA:58,1
DA:59,841
DA:60,841
DA:61,841
DA:62,841
DA:70,1
DA:71,0
DA:85,1
DA:89,4100
DA:91,4100
DA:92,2173
DA:93,2051
DA:95,122
DA:98,1927
DA:99,1927
DA:102,4100
DA:104,4096
DA:114,4
DA:115,3
DA:116,2
DA:117,1
DA:118,1
DA:119,1
DA:123,3
DA:124,0
DA:127,3
DA:128,3
DA:132,1
DA:133,867
DA:256,1
LF:40
LH:38
BRDA:33,1,0,1262
BRDA:33,1,1,4674
BRDA:91,2,0,2173
BRDA:91,2,1,1927
BRDA:91,3,0,4100
BRDA:91,3,1,4078
BRDA:92,4,0,2051
BRDA:92,4,1,122
BRDA:115,5,0,2
BRDA:115,5,1,1
BRDA:116,6,0,1
BRDA:116,6,1,1
BRDA:116,7,0,2
BRDA:116,7,1,1
BRDA:116,7,2,1
BRDA:118,8,0,1
BRDA:118,8,1,0
BRDA:123,9,0,0
BRDA:123,9,1,3
BRF:19
BRH:17
end_of_record
TN:
SF:src/Subscriber.ts
FN:8,(anonymous_3)
FN:42,Subscriber
FN:12,(anonymous_5)
FN:22,(anonymous_6)
FN:32,(anonymous_7)
FN:56,(anonymous_8)
FN:66,(anonymous_9)
FN:75,(anonymous_10)
FN:85,(anonymous_11)
FN:92,(anonymous_12)
FN:99,(anonymous_13)
FN:106,(anonymous_14)
FN:112,(anonymous_15)
FN:119,(anonymous_16)
FNF:14
FNH:14
FNDA:1,(anonymous_3)
FNDA:10019,Subscriber
FNDA:137061,(anonymous_5)
FNDA:13942,(anonymous_6)
FNDA:1935,(anonymous_7)
FNDA:15148,(anonymous_8)
FNDA:1752,(anonymous_9)
FNDA:7001,(anonymous_10)
FNDA:410,(anonymous_11)
FNDA:202,(anonymous_12)
FNDA:284,(anonymous_13)
FNDA:36188,(anonymous_14)
FNDA:1206,(anonymous_15)
FNDA:7115,(anonymous_16)
DA:1,1
DA:2,1
DA:3,1
DA:6,1
DA:8,1
DA:10,10018
DA:12,1
DA:13,137061
DA:14,137061
DA:16,51252
DA:18,85809
DA:23,13942
DA:24,13942
DA:26,0
DA:28,13942
DA:32,1
DA:35,1935
DA:36,1935
DA:37,1935
DA:38,1935
DA:39,1935
DA:42,10018
DA:43,10019
DA:45,10018
DA:46,7987
DA:48,2031
DA:49,2031
DA:50,75
DA:51,1956
DA:52,1834
DA:56,1
DA:58,15148
DA:59,15148
DA:60,3335
DA:62,11813
DA:66,1
DA:68,1752
DA:69,876
DA:71,876
DA:75,1
DA:76,7001
DA:77,1581
DA:78,5420
DA:79,1498
DA:81,3922
DA:85,1
DA:86,410
DA:87,410
DA:88,410
DA:92,1
DA:93,202
DA:94,202
DA:95,202
DA:99,1
DA:100,284
DA:101,284
DA:102,282
DA:106,1
DA:107,36188
DA:108,32425
DA:112,1
DA:113,1206
DA:114,1178
DA:115,1174
DA:119,1
DA:120,7115
DA:121,7060
DA:122,3281
DA:125,1
LF:69
LH:68
BRDA:45,1,0,7987
BRDA:45,1,1,2031
BRDA:49,2,0,75
BRDA:49,2,1,1956
BRDA:51,3,0,1834
BRDA:51,3,1,122
BRDA:14,4,0,51252
BRDA:14,4,1,85809
BRDA:16,5,0,51252
BRDA:16,5,1,51218
BRDA:24,6,0,0
BRDA:24,6,1,13942
BRDA:36,7,0,1935
BRDA:36,7,1,1913
BRDA:36,7,2,22
BRDA:37,8,0,1935
BRDA:37,8,1,1768
BRDA:37,8,2,167
BRDA:38,9,0,1935
BRDA:38,9,1,1826
BRDA:38,9,2,109
BRDA:59,10,0,3335
BRDA:59,10,1,11813
BRDA:68,11,0,876
BRDA:68,11,1,876
BRDA:76,12,0,1581
BRDA:76,12,1,5420
BRDA:78,13,0,1498
BRDA:78,13,1,3922
BRDA:87,14,0,410
BRDA:87,14,1,0
BRDA:94,15,0,202
BRDA:94,15,1,0
BRDA:101,16,0,282
BRDA:101,16,1,2
BRDA:107,17,0,32425
BRDA:107,17,1,3763
BRDA:113,18,0,1178
BRDA:113,18,1,28
BRDA:120,19,0,7060
BRDA:120,19,1,55
BRF:41
BRH:38
end_of_record
TN:
SF:src/util/noop.ts
FN:2,noop
FNF:1
FNH:1
FNDA:7355,noop
DA:2,1
LF:1
LH:1
BRF:0
BRH:0
end_of_record
TN:
SF:src/util/throwError.ts
FN:1,throwError
FNF:1
FNH:1
FNDA:4,throwError
DA:1,4
LF:1
LH:1
BRF:0
BRH:0
end_of_record
TN:
SF:src/util/tryOrOnError.ts
FN:1,tryOrOnError
FN:2,tryCatcher
FNF:2
FNH:2
FNDA:1913,tryOrOnError
FNDA:4357,tryCatcher
DA:1,1
DA:2,1
DA:3,4357
DA:4,4357
DA:6,4
DA:9,1913
DA:10,1913
LF:7
LH:7
BRF:0
BRH:0
end_of_record
TN:
SF:src/Subscription.ts
FN:3,(anonymous_1)
FN:17,Subscription
FN:13,(anonymous_3)
FN:23,(anonymous_4)
FN:50,(anonymous_5)
FN:81,(anonymous_6)
FN:4,(anonymous_7)
FNF:7
FNH:7
FNDA:1,(anonymous_1)
FNDA:25416,Subscription
FNDA:7193,(anonymous_3)
FNDA:11289,(anonymous_4)
FNDA:12260,(anonymous_5)
FNDA:883,(anonymous_6)
FNDA:1,(anonymous_7)
DA:1,1
DA:3,1
DA:4,1
DA:5,1
DA:6,1
DA:9,25416
DA:13,1
DA:14,7193
DA:17,1
DA:18,25415
DA:19,2519
DA:23,1
DA:25,11289
DA:26,21
DA:29,11268
DA:31,11268
DA:32,11268
DA:34,11268
DA:36,11268
DA:37,9728
DA:40,11268
DA:41,3659
DA:42,3659
DA:44,3659
DA:45,8561
DA:50,1
DA:55,12260
DA:58,2135
DA:61,10125
DA:63,10125
DA:65,8
DA:67,10125
DA:68,117
DA:69,10008
DA:70,54
DA:72,9954
DA:73,9954
DA:75,10008
DA:77,0
DA:81,1
DA:87,883
DA:90,0
DA:93,883
DA:95,883
DA:96,828
DA:97,828
DA:98,637
DA:102,1
LF:48
LH:46
BRDA:18,1,0,2519
BRDA:18,1,1,22896
BRDA:25,2,0,21
BRDA:25,2,1,11268
BRDA:36,3,0,9728
BRDA:36,3,1,1540
BRDA:40,4,0,3659
BRDA:40,4,1,7609
BRDA:55,5,0,2135
BRDA:55,5,1,10125
BRDA:55,6,0,12260
BRDA:55,6,1,11122
BRDA:55,6,2,10125
BRDA:64,7,0,8
BRDA:64,7,1,10125
BRDA:64,7,2,0
BRDA:67,8,0,117
BRDA:67,8,1,10008
BRDA:67,9,0,10125
BRDA:67,9,1,10008
BRDA:69,10,0,54
BRDA:69,10,1,9954
BRDA:72,11,0,9954
BRDA:72,11,1,4061
BRDA:87,12,0,0
BRDA:87,12,1,883
BRDA:87,13,0,883
BRDA:87,13,1,883
BRDA:87,13,2,883
BRDA:95,14,0,828
BRDA:95,14,1,55
BRDA:97,15,0,637
BRDA:97,15,1,191
BRF:33
BRH:31
end_of_record
TN:
SF:src/util/root.ts
FNF:0
FNH:0
DA:1,1
DA:21,1
DA:24,1
DA:25,1
DA:26,1
DA:28,1
DA:29,1
LF:7
LH:7
BRDA:21,1,0,1
BRDA:21,1,1,0
BRDA:21,1,2,1
BRDA:21,1,3,0
BRDA:24,2,0,1
BRDA:24,2,1,1
BRDA:24,2,2,1
BRDA:24,2,3,1
BRDA:25,3,0,1
BRDA:25,3,1,1
BRDA:25,3,2,1
BRDA:25,3,3,1
BRDA:26,4,0,1
BRDA:26,4,1,1
BRDA:28,5,0,1
BRDA:28,5,1,0
BRDA:28,6,0,1
BRDA:28,6,1,1
BRDA:28,6,2,0
BRF:19
BRH:15
end_of_record
TN:
SF:src/util/Symbol_observable.ts
FNF:0
FNH:0
DA:1,1
DA:3,1
DA:4,0
DA:7,1
DA:8,1
DA:9,1
DA:11,0
DA:15,1
LF:8
LH:6
BRDA:3,1,0,0
BRDA:3,1,1,1
BRDA:7,2,0,1
BRDA:7,2,1,0
BRDA:8,3,0,1
BRDA:8,3,1,0
BRF:6
BRH:3
end_of_record
TN:
SF:src/operators/combineLatest-static.ts
FN:18,combineLatest
FNF:1
FNH:1
FNDA:30,combineLatest
DA:1,1
DA:2,1
DA:3,1
DA:5,1
DA:6,1
DA:18,119
DA:22,30
DA:23,30
DA:25,30
DA:26,1
DA:29,30
DA:30,29
DA:35,30
DA:36,1
DA:39,30
DA:42,1
LF:16
LH:16
BRDA:25,1,0,1
BRDA:25,1,1,29
BRDA:29,2,0,29
BRDA:29,2,1,1
BRDA:35,3,0,1
BRDA:35,3,1,29
BRDA:35,4,0,30
BRDA:35,4,1,1
BRF:8
BRH:8
end_of_record
TN:
SF:src/observable/fromArray.ts
FN:7,(anonymous_3)
FN:54,ArrayObservable
FN:9,(anonymous_5)
FN:13,(anonymous_6)
FN:31,(anonymous_7)
FN:62,(anonymous_8)
FNF:6
FNH:6
FNDA:1,(anonymous_3)
FNDA:448,ArrayObservable
FNDA:14,(anonymous_5)
FNDA:262,(anonymous_6)
FNDA:502,(anonymous_7)
FNDA:449,(anonymous_8)
DA:2,1
DA:3,1
DA:4,1
DA:5,1
DA:7,1
DA:9,1
DA:10,14
DA:13,871
DA:14,262
DA:15,262
DA:16,37
DA:18,225
DA:21,262
DA:22,262
DA:23,165
DA:24,97
DA:25,95
DA:27,2
DA:31,1
DA:33,502
DA:35,502
DA:36,132
DA:37,130
DA:40,370
DA:42,368
DA:43,0
DA:46,368
DA:48,368
DA:54,448
DA:55,448
DA:56,448
DA:57,1
DA:58,1
DA:62,1
DA:64,449
DA:65,449
DA:66,449
DA:67,449
DA:69,449
DA:70,139
DA:74,310
DA:75,751
DA:77,310
DA:80,1
DA:82,1
DA:83,1
LF:46
LH:45
BRDA:56,1,0,1
BRDA:56,1,1,447
BRDA:56,2,0,448
BRDA:56,2,1,309
BRDA:15,3,0,37
BRDA:15,3,1,225
BRDA:22,4,0,165
BRDA:22,4,1,97
BRDA:24,5,0,95
BRDA:24,5,1,2
BRDA:35,6,0,132
BRDA:35,6,1,370
BRDA:42,7,0,0
BRDA:42,7,1,368
BRDA:69,8,0,139
BRDA:69,8,1,310
BRDA:74,9,0,1061
BRDA:74,9,1,753
BRF:18
BRH:17
end_of_record
TN:
SF:src/observable/ScalarObservable.ts
FN:10,(anonymous_3)
FN:34,ScalarObservable
FN:11,(anonymous_5)
FN:15,(anonymous_6)
FN:38,(anonymous_7)
FN:58,(anonymous_8)
FN:67,(anonymous_9)
FN:78,(anonymous_10)
FN:90,(anonymous_11)
FN:94,(anonymous_12)
FN:107,(anonymous_13)
FN:114,(anonymous_14)
FNF:12
FNH:12
FNDA:1,(anonymous_3)
FNDA:139,ScalarObservable
FNDA:1,(anonymous_5)
FNDA:5,(anonymous_6)
FNDA:47,(anonymous_7)
FNDA:3,(anonymous_8)
FNDA:4,(anonymous_9)
FNDA:6,(anonymous_10)
FNDA:3,(anonymous_11)
FNDA:4,(anonymous_12)
FNDA:2,(anonymous_13)
FNDA:2,(anonymous_14)
DA:2,1
DA:5,1
DA:6,1
DA:7,1
DA:8,1
DA:10,1
DA:11,1
DA:12,1
DA:15,1
DA:16,5
DA:18,5
DA:19,2
DA:20,2
DA:23,3
DA:24,3
DA:25,1
DA:28,2
DA:29,2
DA:32,139
DA:34,139
DA:35,139
DA:38,1
DA:39,47
DA:40,47
DA:42,47
DA:43,3
DA:47,44
DA:48,42
DA:49,41
DA:53,1
DA:56,1
DA:58,1
DA:59,3
DA:60,3
DA:61,1
DA:63,2
DA:67,1
DA:68,4
DA:69,4
DA:70,2
DA:71,2
DA:72,1
DA:74,1
DA:78,1
DA:79,6
DA:80,2
DA:82,4
DA:83,4
DA:84,2
DA:86,2
DA:90,1
DA:91,3
DA:94,1
DA:95,4
DA:96,1
DA:98,3
DA:99,3
DA:100,1
DA:102,2
DA:107,1
DA:108,2
DA:109,1
DA:111,1
DA:114,1
DA:115,2
DA:116,1
DA:118,1
LF:67
LH:67
BRDA:18,1,0,2
BRDA:18,1,1,3
BRDA:24,2,0,1
BRDA:24,2,1,2
BRDA:42,3,0,3
BRDA:42,3,1,44
BRDA:48,4,0,41
BRDA:48,4,1,1
BRDA:59,5,0,3
BRDA:59,5,1,3
BRDA:60,6,0,1
BRDA:60,6,1,2
BRDA:63,7,0,2
BRDA:63,7,1,2
BRDA:68,8,0,4
BRDA:68,8,1,4
BRDA:69,9,0,2
BRDA:69,9,1,2
BRDA:71,10,0,1
BRDA:71,10,1,1
BRDA:79,11,0,2
BRDA:79,11,1,4
BRDA:83,12,0,2
BRDA:83,12,1,2
BRDA:95,13,0,1
BRDA:95,13,1,3
BRDA:98,14,0,3
BRDA:98,14,1,3
BRDA:99,15,0,1
BRDA:99,15,1,2
BRDA:102,16,0,1
BRDA:102,16,1,1
BRDA:108,17,0,1
BRDA:108,17,1,1
BRDA:115,18,0,1
BRDA:115,18,1,1
BRF:36
BRH:36
end_of_record
TN:
SF:src/util/tryCatch.ts
FN:5,tryCatcher
FN:14,tryCatch
FNF:2
FNH:2
FNDA:26252,tryCatcher
FNDA:26252,tryCatch
DA:1,1
DA:3,1
DA:5,1
DA:6,26252
DA:7,26252
DA:9,117
DA:10,117
DA:14,1
DA:15,26252
DA:16,26252
LF:10
LH:10
BRF:0
BRH:0
end_of_record
TN:
SF:src/util/errorObject.ts
FNF:0
FNH:0
DA:1,1
LF:1
LH:1
BRF:0
BRH:0
end_of_record
TN:
SF:src/observable/throw.ts
FN:4,(anonymous_3)
FN:14,ErrorObservable
FN:6,(anonymous_5)
FN:10,(anonymous_6)
FN:18,(anonymous_7)
FNF:5
FNH:5
FNDA:1,(anonymous_3)
FNDA:30,ErrorObservable
FNDA:18,(anonymous_5)
FNDA:1,(anonymous_6)
FNDA:20,(anonymous_7)
DA:2,1
DA:4,1
DA:6,1
DA:7,18
DA:10,1
DA:11,1
DA:14,30
DA:15,30
DA:18,1
DA:20,20
DA:21,20
DA:23,20
DA:24,1
DA:28,19
DA:31,1
DA:33,1
LF:16
LH:16
BRDA:23,1,0,1
BRDA:23,1,1,19
BRF:2
BRH:2
end_of_record
TN:
SF:src/observable/empty.ts
FN:4,(anonymous_3)
FN:14,EmptyObservable
FN:6,(anonymous_5)
FN:10,(anonymous_6)
FN:18,(anonymous_7)
FNF:5
FNH:5
FNDA:1,(anonymous_3)
FNDA:64,EmptyObservable
FNDA:52,(anonymous_5)
FNDA:1,(anonymous_6)
FNDA:3835,(anonymous_7)
DA:2,1
DA:4,1
DA:6,1
DA:7,52
DA:10,1
DA:11,1
DA:14,64
DA:15,64
DA:18,1
DA:20,3835
DA:22,3835
DA:23,1
DA:25,3834
DA:28,1
DA:30,1
LF:15
LH:15
BRDA:22,1,0,1
BRDA:22,1,1,3834
BRF:2
BRH:2
end_of_record
TN:
SF:src/util/isScheduler.ts
FN:1,isScheduler
FNF:1
FNH:1
FNDA:448,isScheduler
DA:1,1
DA:2,448
LF:2
LH:2
BRDA:2,1,0,448
BRDA:2,1,1,432
BRF:2
BRH:2
end_of_record
TN:
SF:src/operators/combineLatest-support.ts
FN:9,(anonymous_3)
FN:13,CombineLatestOperator
FN:17,(anonymous_5)
FN:22,(anonymous_6)
FN:28,CombineLatestSubscriber
FN:32,(anonymous_8)
FN:38,(anonymous_9)
FN:52,(anonymous_10)
FN:58,(anonymous_11)
FNF:9
FNH:9
FNDA:1,(anonymous_3)
FNDA:60,CombineLatestOperator
FNDA:60,(anonymous_5)
FNDA:1,(anonymous_6)
FNDA:60,CombineLatestSubscriber
FNDA:121,(anonymous_8)
FNDA:60,(anonymous_9)
FNDA:51,(anonymous_10)
FNDA:98,(anonymous_11)
DA:4,1
DA:5,1
DA:6,1
DA:7,1
DA:9,1
DA:13,1
DA:14,60
DA:17,1
DA:18,60
DA:20,1
DA:22,1
DA:23,60
DA:24,60
DA:25,60
DA:26,60
DA:28,60
DA:29,60
DA:32,1
DA:33,121
DA:34,121
DA:35,121
DA:38,1
DA:39,60
DA:40,60
DA:41,60
DA:42,0
DA:44,60
DA:45,60
DA:46,121
DA:47,121
DA:52,1
DA:53,51
DA:54,18
DA:58,1
DA:59,98
DA:60,98
DA:61,98
DA:63,98
DA:64,53
DA:65,53
DA:66,45
DA:70,98
DA:71,61
DA:72,61
DA:74,61
DA:75,42
DA:76,42
DA:77,2
DA:79,40
DA:82,19
DA:86,1
LF:51
LH:50
BRDA:41,1,0,0
BRDA:41,1,1,60
BRDA:53,2,0,18
BRDA:53,2,1,33
BRDA:63,3,0,53
BRDA:63,3,1,45
BRDA:65,4,0,45
BRDA:65,4,1,8
BRDA:70,5,0,61
BRDA:70,5,1,37
BRDA:74,6,0,42
BRDA:74,6,1,19
BRDA:76,7,0,2
BRDA:76,7,1,40
BRF:14
BRH:13
end_of_record
TN:
SF:src/OuterSubscriber.ts
FN:4,(anonymous_3)
FN:5,(anonymous_5)
FN:9,(anonymous_6)
FN:13,(anonymous_7)
FNF:4
FNH:4
FNDA:821,(anonymous_3)
FNDA:6,(anonymous_5)
FNDA:391,(anonymous_6)
FNDA:113,(anonymous_7)
DA:2,1
DA:4,821
DA:5,1
DA:6,6
DA:9,1
DA:10,391
DA:13,1
DA:14,113
DA:16,1
LF:9
LH:9
BRF:0
BRH:0
end_of_record
TN:
SF:src/util/subscribeToResult.ts
FN:11,subscribeToResult
FN:39,(anonymous_2)
FN:44,(anonymous_3)
FN:45,(anonymous_4)
FN:47,(anonymous_5)
FNF:5
FNH:3
FNDA:1379,subscribeToResult
FNDA:24,(anonymous_2)
FNDA:4,(anonymous_3)
FNDA:0,(anonymous_4)
FNDA:0,(anonymous_5)
DA:2,1
DA:3,1
DA:4,1
DA:6,1
DA:9,1
DA:11,1
DA:15,1379
DA:17,1379
DA:18,0
DA:21,1379
DA:22,1230
DA:23,30
DA:24,30
DA:25,30
DA:27,1200
DA:31,149
DA:32,115
DA:33,360
DA:35,115
DA:36,115
DA:38,34
DA:39,28
DA:40,24
DA:41,19
DA:42,19
DA:44,4
DA:47,0
DA:49,28
DA:50,6
DA:51,0
DA:52,0
DA:53,0
DA:54,0
DA:57,0
DA:58,0
DA:60,6
DA:61,6
DA:62,6
DA:63,0
DA:65,6
DA:68,0
LF:41
LH:31
BRDA:17,1,0,0
BRDA:17,1,1,1379
BRDA:21,2,0,1230
BRDA:21,2,1,149
BRDA:22,3,0,30
BRDA:22,3,1,1200
BRDA:31,4,0,115
BRDA:31,4,1,34
BRDA:32,5,0,475
BRDA:32,5,1,360
BRDA:35,6,0,115
BRDA:35,6,1,0
BRDA:38,7,0,28
BRDA:38,7,1,6
BRDA:40,8,0,19
BRDA:40,8,1,5
BRDA:50,9,0,0
BRDA:50,9,1,6
BRDA:53,10,0,0
BRDA:53,10,1,0
BRDA:57,11,0,0
BRDA:57,11,1,0
BRDA:60,12,0,6
BRDA:60,12,1,0
BRDA:62,13,0,0
BRDA:62,13,1,6
BRF:26
BRH:17
end_of_record
TN:
SF:src/util/Symbol_iterator.ts
FNF:0
FNH:0
DA:1,1
DA:3,1
DA:4,0
DA:7,1
DA:8,0
DA:9,0
DA:10,0
DA:12,0
DA:13,0
DA:15,0
DA:16,0
DA:17,0
DA:18,0
DA:19,0
DA:20,0
DA:24,0
DA:28,1
LF:17
LH:4
BRDA:3,1,0,0
BRDA:3,1,1,1
BRDA:7,2,0,0
BRDA:7,2,1,1
BRDA:8,3,0,0
BRDA:8,3,1,0
BRDA:10,4,0,0
BRDA:10,4,1,0
BRDA:10,5,0,0
BRDA:10,5,1,0
BRDA:13,6,0,0
BRDA:13,6,1,0
BRDA:18,7,0,0
BRDA:18,7,1,0
BRDA:18,8,0,0
BRDA:18,8,1,0
BRDA:18,8,2,0
BRF:17
BRH:2
end_of_record
TN:
SF:src/InnerSubscriber.ts
FN:4,(anonymous_3)
FN:7,InnerSubscriber
FN:11,(anonymous_5)
FN:16,(anonymous_6)
FN:20,(anonymous_7)
FNF:5
FNH:5
FNDA:1,(anonymous_3)
FNDA:1385,InnerSubscriber
FNDA:2445,(anonymous_5)
FNDA:156,(anonymous_6)
FNDA:836,(anonymous_7)
DA:1,1
DA:4,1
DA:5,1385
DA:7,1385
DA:8,1385
DA:11,1
DA:12,2445
DA:13,2445
DA:16,1
DA:17,156
DA:20,1
DA:21,836
DA:23,1
LF:13
LH:13
BRF:0
BRH:0
end_of_record
TN:
SF:src/util/isArray.ts
FN:1,(anonymous_1)
FNF:1
FNH:0
FNDA:0,(anonymous_1)
DA:1,1
LF:1
LH:1
BRDA:1,1,0,1
BRDA:1,1,1,0
BRDA:1,2,0,0
BRDA:1,2,1,0
BRF:4
BRH:1
end_of_record
TN:
SF:src/operators/concat-static.ts
FN:15,concat
FNF:1
FNH:1
FNDA:44,concat
DA:1,1
DA:3,1
DA:4,1
DA:5,1
DA:6,1
DA:15,146
DA:16,44
DA:17,44
DA:18,44
DA:19,1
DA:22,44
DA:25,1
LF:12
LH:12
BRDA:18,1,0,1
BRDA:18,1,1,43
BRF:2
BRH:2
end_of_record
TN:
SF:src/schedulers/immediate.ts
FNF:0
FNH:0
DA:1,1
DA:3,1
LF:2
LH:2
BRF:0
BRH:0
end_of_record
TN:
SF:src/schedulers/ImmediateScheduler.ts
FN:7,(anonymous_1)
FN:12,(anonymous_3)
FN:16,(anonymous_4)
FN:28,(anonymous_5)
FN:34,(anonymous_6)
FN:38,(anonymous_7)
FNF:6
FNH:6
FNDA:3,(anonymous_1)
FNDA:167,(anonymous_3)
FNDA:452,(anonymous_4)
FNDA:138,(anonymous_5)
FNDA:112,(anonymous_6)
FNDA:23,(anonymous_7)
DA:2,1
DA:4,1
DA:7,2
DA:8,2
DA:9,2
DA:10,2
DA:12,1
DA:13,167
DA:16,1
DA:17,452
DA:18,328
DA:20,124
DA:21,124
DA:22,124
DA:23,457
DA:25,124
DA:28,140
DA:29,138
DA:34,1
DA:35,112
DA:38,1
DA:39,23
DA:41,1
LF:23
LH:23
BRDA:17,1,0,328
BRDA:17,1,1,124
BRDA:17,2,0,452
BRDA:17,2,1,124
BRDA:28,3,0,2
BRDA:28,3,1,136
BRDA:30,4,0,115
BRDA:30,4,1,23
BRF:8
BRH:8
end_of_record
TN:
SF:src/schedulers/ImmediateAction.ts
FN:5,(anonymous_3)
FN:9,ImmediateAction
FN:14,(anonymous_5)
FN:26,(anonymous_6)
FN:33,(anonymous_7)
FNF:5
FNH:5
FNDA:1,(anonymous_3)
FNDA:138,ImmediateAction
FNDA:420,(anonymous_5)
FNDA:457,(anonymous_6)
FNDA:126,(anonymous_7)
DA:1,1
DA:5,1
DA:9,138
DA:10,138
DA:11,138
DA:14,1
DA:15,420
DA:16,0
DA:19,420
DA:20,420
DA:21,420
DA:22,420
DA:23,420
DA:26,1
DA:27,457
DA:28,0
DA:30,457
DA:33,1
DA:35,126
DA:36,126
DA:37,126
DA:39,126
DA:40,126
DA:41,126
DA:43,126
DA:44,2
DA:47,126
DA:49,1
LF:28
LH:26
BRDA:15,1,0,0
BRDA:15,1,1,420
BRDA:27,2,0,0
BRDA:27,2,1,457
BRDA:43,3,0,2
BRDA:43,3,1,124
BRF:6
BRH:4
end_of_record
TN:
SF:src/schedulers/FutureAction.ts
FN:6,(anonymous_3)
FN:11,FutureAction
FN:16,(anonymous_5)
FN:32,(anonymous_6)
FN:41,(anonymous_7)
FNF:5
FNH:5
FNDA:1,(anonymous_3)
FNDA:23,FutureAction
FNDA:34,(anonymous_5)
FNDA:29,(anonymous_6)
FNDA:22,(anonymous_7)
DA:4,1
DA:6,1
DA:11,23
DA:12,23
DA:13,23
DA:16,35
DA:17,34
DA:18,0
DA:21,34
DA:22,34
DA:23,34
DA:25,34
DA:26,0
DA:27,0
DA:30,34
DA:32,34
DA:33,29
DA:34,29
DA:35,29
DA:38,34
DA:41,1
DA:42,22
DA:43,22
DA:44,5
DA:45,5
DA:47,22
DA:49,1
LF:27
LH:24
BRDA:16,1,0,0
BRDA:16,1,1,34
BRDA:17,2,0,0
BRDA:17,2,1,34
BRDA:25,3,0,0
BRDA:25,3,1,34
BRDA:43,4,0,5
BRDA:43,4,1,17
BRF:8
BRH:5
end_of_record
TN:
SF:src/operators/mergeAll-support.ts
FN:8,(anonymous_3)
FN:9,MergeAllOperator
FN:12,(anonymous_5)
FN:17,(anonymous_6)
FN:22,MergeAllSubscriber
FN:26,(anonymous_8)
FN:39,(anonymous_9)
FN:46,(anonymous_10)
FNF:8
FNH:8
FNDA:1,(anonymous_3)
FNDA:159,MergeAllOperator
FNDA:159,(anonymous_5)
FNDA:1,(anonymous_6)
FNDA:159,MergeAllSubscriber
FNDA:414,(anonymous_8)
FNDA:144,(anonymous_9)
FNDA:200,(anonymous_10)
DA:5,1
DA:6,1
DA:8,1
DA:9,159
DA:12,1
DA:13,159
DA:15,1
DA:17,1
DA:18,159
DA:19,159
DA:20,159
DA:22,159
DA:23,159
DA:26,1
DA:27,414
DA:28,316
DA:29,23
DA:31,293
DA:32,293
DA:35,98
DA:39,1
DA:40,144
DA:41,144
DA:42,10
DA:46,1
DA:47,200
DA:48,200
DA:49,200
DA:50,200
DA:51,74
DA:52,126
DA:53,71
DA:56,1
LF:33
LH:33
BRDA:27,1,0,316
BRDA:27,1,1,98
BRDA:28,2,0,23
BRDA:28,2,1,293
BRDA:41,3,0,10
BRDA:41,3,1,134
BRDA:41,4,0,144
BRDA:41,4,1,10
BRDA:50,5,0,74
BRDA:50,5,1,126
BRDA:52,6,0,71
BRDA:52,6,1,55
BRDA:52,7,0,126
BRDA:52,7,1,93
BRF:14
BRH:14
end_of_record
TN:
SF:src/operators/merge-static.ts
FN:8,merge
FNF:1
FNH:1
FNDA:36,merge
DA:2,1
DA:3,1
DA:4,1
DA:5,1
DA:6,1
DA:8,132
DA:9,36
DA:10,36
DA:11,36
DA:12,36
DA:13,19
DA:14,19
DA:15,1
DA:17,17
DA:18,1
DA:21,36
DA:22,1
DA:25,35
DA:28,1
LF:19
LH:19
BRDA:12,1,0,19
BRDA:12,1,1,17
BRDA:14,2,0,1
BRDA:14,2,1,18
BRDA:14,3,0,19
BRDA:14,3,1,19
BRDA:17,4,0,1
BRDA:17,4,1,16
BRDA:21,5,0,1
BRDA:21,5,1,35
BRF:10
BRH:10
end_of_record
TN:
SF:src/observable/defer.ts
FN:6,(anonymous_3)
FN:12,DeferObservable
FN:8,(anonymous_5)
FN:16,(anonymous_6)
FNF:4
FNH:4
FNDA:1,(anonymous_3)
FNDA:4,DeferObservable
FNDA:4,(anonymous_5)
FNDA:4,(anonymous_6)
DA:1,1
DA:3,1
DA:4,1
DA:6,1
DA:8,1
DA:9,4
DA:12,4
DA:13,4
DA:16,1
DA:17,4
DA:18,4
DA:19,1
DA:21,3
DA:24,1
DA:26,1
LF:15
LH:15
BRDA:18,1,0,1
BRDA:18,1,1,3
BRF:2
BRH:2
end_of_record
TN:
SF:src/observable/forkJoin.ts
FN:8,(anonymous_3)
FN:9,ForkJoinObservable
FN:14,(anonymous_5)
FN:36,(anonymous_6)
FN:51,(anonymous_7)
FN:54,AllSubscriber
FN:63,(anonymous_9)
FN:67,(anonymous_10)
FN:93,hasValue
FN:97,emptyArray
FNF:10
FNH:10
FNDA:1,(anonymous_3)
FNDA:19,ForkJoinObservable
FNDA:20,(anonymous_5)
FNDA:19,(anonymous_6)
FNDA:1,(anonymous_7)
FNDA:41,AllSubscriber
FNDA:76,(anonymous_9)
FNDA:30,(anonymous_10)
FNDA:26,hasValue
FNDA:19,emptyArray
DA:1,1
DA:2,1
DA:3,1
DA:4,1
DA:5,1
DA:6,1
DA:8,1
DA:9,19
DA:10,19
DA:11,19
DA:14,65
DA:18,20
DA:19,1
DA:22,19
DA:23,19
DA:24,8
DA:29,19
DA:30,4
DA:33,19
DA:36,1
DA:37,19
DA:38,19
DA:40,19
DA:41,19
DA:42,41
DA:43,41
DA:44,1
DA:46,41
DA:49,1
DA:51,1
DA:52,41
DA:54,1
DA:55,41
DA:56,41
DA:60,41
DA:63,1
DA:64,76
DA:67,1
DA:68,30
DA:70,30
DA:71,4
DA:74,30
DA:75,30
DA:76,30
DA:77,30
DA:79,30
DA:80,18
DA:83,12
DA:84,11
DA:86,11
DA:89,12
DA:91,1
DA:93,1
DA:94,26
DA:97,1
DA:98,19
DA:99,19
DA:100,41
DA:102,19
DA:105,1
LF:60
LH:60
BRDA:18,1,0,1
BRDA:18,1,1,19
BRDA:18,2,0,20
BRDA:18,2,1,20
BRDA:23,3,0,8
BRDA:23,3,1,11
BRDA:29,4,0,4
BRDA:29,4,1,15
BRDA:29,5,0,19
BRDA:29,5,1,6
BRDA:43,6,0,1
BRDA:43,6,1,40
BRDA:70,7,0,4
BRDA:70,7,1,26
BRDA:79,8,0,18
BRDA:79,8,1,12
BRDA:83,9,0,11
BRDA:83,9,1,1
BRDA:84,10,0,5
BRDA:84,10,1,6
BRF:20
BRH:20
end_of_record
TN:
SF:src/observable/fromPromise.ts
FN:7,(anonymous_3)
FN:16,PromiseObservable
FN:12,(anonymous_5)
FN:20,(anonymous_6)
FN:29,(anonymous_7)
FN:34,(anonymous_8)
FN:35,(anonymous_9)
FN:37,(anonymous_10)
FN:46,(anonymous_11)
FN:50,(anonymous_12)
FN:51,(anonymous_13)
FN:53,(anonymous_14)
FN:61,dispatchNext
FN:66,dispatchError
FNF:14
FNH:6
FNDA:1,(anonymous_3)
FNDA:65,PromiseObservable
FNDA:16,(anonymous_5)
FNDA:77,(anonymous_6)
FNDA:50,(anonymous_7)
FNDA:27,(anonymous_8)
FNDA:0,(anonymous_9)
FNDA:0,(anonymous_10)
FNDA:0,(anonymous_11)
FNDA:0,(anonymous_12)
FNDA:0,(anonymous_13)
FNDA:0,(anonymous_14)
FNDA:0,dispatchNext
FNDA:0,dispatchError
DA:1,1
DA:4,1
DA:5,1
DA:7,1
DA:9,65
DA:12,32
DA:13,16
DA:16,66
DA:17,65
DA:20,78
DA:21,77
DA:22,77
DA:24,77
DA:25,77
DA:26,0
DA:27,0
DA:29,77
DA:30,50
DA:31,50
DA:32,50
DA:33,50
DA:34,27
DA:37,0
DA:41,0
DA:42,0
DA:43,0
DA:44,0
DA:46,0
DA:47,0
DA:48,0
DA:49,0
DA:50,0
DA:53,0
DA:56,0
DA:59,1
DA:61,1
DA:62,0
DA:63,0
DA:66,1
DA:67,0
DA:70,1
LF:41
LH:24
BRDA:16,1,0,1
BRDA:16,1,1,64
BRDA:12,2,0,16
BRDA:12,2,1,0
BRDA:24,3,0,77
BRDA:24,3,1,0
BRDA:25,4,0,0
BRDA:25,4,1,77
BRDA:42,5,0,0
BRDA:42,5,1,0
BRF:10
BRH:5
end_of_record
TN:
SF:src/util/isPromise.ts
FN:1,isPromise
FNF:1
FNH:1
FNDA:189,isPromise
DA:1,1
DA:2,189
LF:2
LH:2
BRDA:2,1,0,189
BRDA:2,1,1,189
BRDA:2,1,2,15
BRF:3
BRH:3
end_of_record
TN:
SF:src/observable/from.ts
FN:15,(anonymous_3)
FN:16,FromObservable
FN:20,(anonymous_5)
FN:39,(anonymous_6)
FNF:4
FNH:4
FNDA:1,(anonymous_3)
FNDA:2,FromObservable
FNDA:75,(anonymous_5)
FNDA:2,(anonymous_6)
DA:1,1
DA:2,1
DA:3,1
DA:6,1
DA:7,1
DA:8,1
DA:10,1
DA:11,1
DA:13,1
DA:15,1
DA:16,2
DA:17,2
DA:20,149
DA:21,75
DA:22,75
DA:23,21
DA:24,54
DA:25,48
DA:26,6
DA:27,3
DA:28,1
DA:30,2
DA:31,3
DA:32,2
DA:36,1
DA:39,1
DA:40,2
DA:41,2
DA:42,2
DA:43,1
DA:45,1
DA:48,1
DA:50,1
LF:33
LH:33
BRDA:20,1,0,74
BRDA:20,1,1,1
BRDA:21,2,0,75
BRDA:21,2,1,0
BRDA:22,3,0,21
BRDA:22,3,1,54
BRDA:24,4,0,48
BRDA:24,4,1,6
BRDA:26,5,0,3
BRDA:26,5,1,3
BRDA:27,6,0,1
BRDA:27,6,1,2
BRDA:31,7,0,2
BRDA:31,7,1,1
BRDA:42,8,0,1
BRDA:42,8,1,1
BRF:16
BRH:15
end_of_record
TN:
SF:src/observable/IteratorObservable.ts
FN:9,(anonymous_3)
FN:56,IteratorObservable
FN:12,(anonymous_5)
FN:19,(anonymous_6)
FN:70,(anonymous_7)
FN:103,(anonymous_8)
FN:104,StringIterator
FN:108,(anonymous_10)
FN:109,(anonymous_11)
FN:120,(anonymous_12)
FN:121,ArrayIterator
FN:125,(anonymous_14)
FN:126,(anonymous_15)
FN:137,getIterator
FN:153,toLength
FN:171,numberIsFinite
FN:175,sign
FNF:17
FNH:8
FNDA:1,(anonymous_3)
FNDA:18,IteratorObservable
FNDA:14,(anonymous_5)
FNDA:19,(anonymous_6)
FNDA:11,(anonymous_7)
FNDA:1,(anonymous_8)
FNDA:0,StringIterator
FNDA:0,(anonymous_10)
FNDA:0,(anonymous_11)
FNDA:1,(anonymous_12)
FNDA:0,ArrayIterator
FNDA:0,(anonymous_14)
FNDA:0,(anonymous_15)
FNDA:15,getIterator
FNDA:0,toLength
FNDA:0,numberIsFinite
FNDA:0,sign
DA:2,1
DA:4,1
DA:5,1
DA:6,1
DA:7,1
DA:9,1
DA:12,1
DA:16,14
DA:19,1
DA:21,19
DA:23,19
DA:24,1
DA:25,1
DA:28,18
DA:30,18
DA:31,3
DA:32,3
DA:35,15
DA:36,10
DA:37,10
DA:38,1
DA:39,1
DA:41,9
DA:42,9
DA:45,5
DA:46,5
DA:49,15
DA:50,1
DA:53,14
DA:56,1
DA:57,18
DA:58,18
DA:59,18
DA:60,18
DA:61,18
DA:62,2
DA:64,16
DA:65,1
DA:67,15
DA:70,1
DA:72,11
DA:73,11
DA:75,11
DA:76,5
DA:80,6
DA:81,24
DA:82,24
DA:83,4
DA:84,4
DA:85,20
DA:86,10
DA:87,10
DA:88,1
DA:89,1
DA:91,9
DA:93,10
DA:95,19
DA:96,1
DA:101,1
DA:103,1
DA:104,1
DA:105,0
DA:106,0
DA:108,1
DA:109,1
DA:110,0
DA:118,1
DA:120,1
DA:121,1
DA:122,0
DA:123,0
DA:125,1
DA:126,1
DA:127,0
DA:135,1
DA:137,1
DA:138,15
DA:139,15
DA:140,0
DA:142,15
DA:143,0
DA:145,15
DA:146,1
DA:148,14
DA:151,1
DA:153,1
DA:154,0
DA:155,0
DA:156,0
DA:158,0
DA:159,0
DA:161,0
DA:162,0
DA:163,0
DA:165,0
DA:166,0
DA:168,0
DA:171,1
DA:172,0
DA:175,1
DA:176,0
DA:177,0
DA:178,0
DA:180,0
DA:181,0
DA:183,0
LF:106
LH:80
BRDA:61,1,0,2
BRDA:61,1,1,16
BRDA:64,2,0,1
BRDA:64,2,1,15
BRDA:64,3,0,16
BRDA:64,3,1,7
BRDA:23,4,0,1
BRDA:23,4,1,18
BRDA:30,5,0,3
BRDA:30,5,1,15
BRDA:35,6,0,10
BRDA:35,6,1,5
BRDA:37,7,0,1
BRDA:37,7,1,9
BRDA:49,8,0,1
BRDA:49,8,1,14
BRDA:75,9,0,5
BRDA:75,9,1,6
BRDA:82,10,0,4
BRDA:82,10,1,20
BRDA:85,11,0,10
BRDA:85,11,1,10
BRDA:87,12,0,1
BRDA:87,12,1,9
BRDA:95,13,0,1
BRDA:95,13,1,18
BRDA:105,14,0,0
BRDA:105,14,1,0
BRDA:106,15,0,0
BRDA:106,15,1,0
BRDA:110,16,0,0
BRDA:110,16,1,0
BRDA:122,17,0,0
BRDA:122,17,1,0
BRDA:123,18,0,0
BRDA:123,18,1,0
BRDA:127,19,0,0
BRDA:127,19,1,0
BRDA:139,20,0,0
BRDA:139,20,1,15
BRDA:139,21,0,15
BRDA:139,21,1,1
BRDA:142,22,0,0
BRDA:142,22,1,15
BRDA:142,23,0,15
BRDA:142,23,1,1
BRDA:145,24,0,1
BRDA:145,24,1,14
BRDA:155,25,0,0
BRDA:155,25,1,0
BRDA:158,26,0,0
BRDA:158,26,1,0
BRDA:158,27,0,0
BRDA:158,27,1,0
BRDA:162,28,0,0
BRDA:162,28,1,0
BRDA:165,29,0,0
BRDA:165,29,1,0
BRDA:172,30,0,0
BRDA:172,30,1,0
BRDA:177,31,0,0
BRDA:177,31,1,0
BRDA:180,32,0,0
BRDA:180,32,1,0
BRDA:183,33,0,0
BRDA:183,33,1,0
BRF:66
BRH:34
end_of_record
TN:
SF:src/operators/observeOn-support.ts
FN:7,(anonymous_3)
FN:8,ObserveOnOperator
FN:11,(anonymous_5)
FN:16,(anonymous_6)
FN:21,ObserveOnSubscriber
FN:17,(anonymous_8)
FN:27,(anonymous_9)
FN:33,(anonymous_10)
FN:37,(anonymous_11)
FN:41,(anonymous_12)
FN:46,(anonymous_13)
FN:47,ObserveOnMessage
FNF:12
FNH:12
FNDA:1,(anonymous_3)
FNDA:5,ObserveOnOperator
FNDA:5,(anonymous_5)
FNDA:1,(anonymous_6)
FNDA:6,ObserveOnSubscriber
FNDA:11,(anonymous_8)
FNDA:11,(anonymous_9)
FNDA:6,(anonymous_10)
FNDA:1,(anonymous_11)
FNDA:4,(anonymous_12)
FNDA:1,(anonymous_13)
FNDA:11,ObserveOnMessage
DA:4,1
DA:5,1
DA:7,1
DA:8,5
DA:11,1
DA:12,5
DA:14,1
DA:16,1
DA:17,1
DA:18,11
DA:21,1
DA:22,6
DA:23,6
DA:24,6
DA:27,1
DA:28,11
DA:33,1
DA:34,6
DA:37,1
DA:38,1
DA:41,1
DA:42,4
DA:44,1
DA:46,1
DA:47,11
DA:48,11
DA:50,1
LF:27
LH:27
BRDA:8,1,0,0
BRDA:8,1,1,5
BRDA:23,2,0,0
BRDA:23,2,1,6
BRF:4
BRH:2
end_of_record
TN:
SF:src/Notification.ts
FN:4,(anonymous_1)
FN:7,Notification
FN:11,(anonymous_3)
FN:22,(anonymous_4)
FN:34,(anonymous_5)
FN:42,(anonymous_6)
FN:57,(anonymous_7)
FN:64,(anonymous_8)
FN:68,(anonymous_9)
FNF:9
FNH:9
FNDA:1,(anonymous_1)
FNDA:14887,Notification
FNDA:8084,(anonymous_3)
FNDA:6,(anonymous_4)
FNDA:6,(anonymous_5)
FNDA:3,(anonymous_6)
FNDA:13567,(anonymous_7)
FNDA:1387,(anonymous_8)
FNDA:3400,(anonymous_9)
DA:2,1
DA:4,1
DA:7,14887
DA:8,14887
DA:11,1
DA:12,8084
DA:14,6060
DA:16,440
DA:18,1584
DA:22,1
DA:23,6
DA:24,6
DA:26,2
DA:28,2
DA:30,2
DA:34,1
DA:35,6
DA:36,3
DA:38,3
DA:42,1
DA:43,3
DA:44,3
DA:46,1
DA:48,1
DA:50,1
DA:54,1
DA:55,1
DA:57,1
DA:58,13567
DA:59,13498
DA:61,69
DA:64,1
DA:65,1387
DA:68,1
DA:69,3400
DA:71,1
LF:36
LH:36
BRDA:13,1,0,6060
BRDA:13,1,1,440
BRDA:13,1,2,1584
BRDA:25,2,0,2
BRDA:25,2,1,2
BRDA:25,2,2,2
BRDA:35,3,0,3
BRDA:35,3,1,3
BRDA:35,4,0,6
BRDA:35,4,1,6
BRDA:45,5,0,1
BRDA:45,5,1,1
BRDA:45,5,2,1
BRDA:58,6,0,13498
BRDA:58,6,1,69
BRF:15
BRH:15
end_of_record
TN:
SF:src/observable/fromEvent.ts
FN:7,(anonymous_3)
FN:13,FromEventObservable
FN:9,(anonymous_5)
FN:17,(anonymous_6)
FN:26,(anonymous_7)
FN:29,(anonymous_8)
FN:32,(anonymous_9)
FN:38,(anonymous_10)
FN:42,(anonymous_11)
FN:49,(anonymous_12)
FNF:10
FNH:10
FNDA:1,(anonymous_3)
FNDA:5,FromEventObservable
FNDA:5,(anonymous_5)
FNDA:5,(anonymous_6)
FNDA:1,(anonymous_7)
FNDA:3,(anonymous_8)
FNDA:1,(anonymous_9)
FNDA:5,(anonymous_10)
FNDA:1,(anonymous_11)
FNDA:1,(anonymous_12)
DA:1,1
DA:2,1
DA:3,1
DA:4,1
DA:7,1
DA:9,1
DA:10,5
DA:13,5
DA:14,5
DA:17,1
DA:18,5
DA:19,5
DA:20,5
DA:21,0
DA:22,0
DA:24,5
DA:25,1
DA:26,1
DA:27,4
DA:28,3
DA:29,3
DA:30,1
DA:31,1
DA:32,1
DA:35,5
DA:38,1
DA:39,5
DA:40,5
DA:41,5
DA:42,5
DA:43,1
DA:44,1
DA:45,0
DA:47,1
DA:49,1
DA:51,5
DA:53,1
DA:55,1
LF:38
LH:35
BRDA:20,1,0,0
BRDA:20,1,1,5
BRDA:20,2,0,5
BRDA:20,2,1,5
BRDA:24,3,0,1
BRDA:24,3,1,4
BRDA:24,4,0,5
BRDA:24,4,1,1
BRDA:27,5,0,3
BRDA:27,5,1,1
BRDA:27,6,0,4
BRDA:27,6,1,3
BRDA:30,7,0,1
BRDA:30,7,1,0
BRDA:30,8,0,1
BRDA:30,8,1,1
BRDA:42,9,0,1
BRDA:42,9,1,4
BRDA:44,10,0,0
BRDA:44,10,1,1
BRF:20
BRH:17
end_of_record
TN:
SF:src/observable/fromEventPattern.ts
FN:6,(anonymous_3)
FN:14,FromEventPatternObservable
FN:8,(anonymous_5)
FN:20,(anonymous_6)
FN:25,(anonymous_7)
FN:32,(anonymous_8)
FN:38,(anonymous_9)
FNF:7
FNH:6
FNDA:1,(anonymous_3)
FNDA:5,FromEventPatternObservable
FNDA:5,(anonymous_5)
FNDA:5,(anonymous_6)
FNDA:2,(anonymous_7)
FNDA:0,(anonymous_8)
FNDA:3,(anonymous_9)
DA:1,1
DA:2,1
DA:3,1
DA:4,1
DA:6,1
DA:8,1
DA:11,5
DA:14,5
DA:15,5
DA:16,5
DA:17,5
DA:20,1
DA:21,5
DA:22,5
DA:23,5
DA:25,5
DA:26,2
DA:27,2
DA:28,1
DA:30,1
DA:32,0
DA:34,5
DA:35,5
DA:36,1
DA:38,5
DA:40,3
DA:43,1
DA:45,1
LF:28
LH:27
BRDA:25,1,0,2
BRDA:25,1,1,3
BRDA:27,2,0,1
BRDA:27,2,1,1
BRDA:35,3,0,1
BRDA:35,3,1,4
BRF:6
BRH:6
end_of_record
TN:
SF:src/observable/fromCallback.ts
FN:9,(anonymous_3)
FN:23,CallbackObservable
FN:14,(anonymous_5)
FN:18,(anonymous_6)
FN:31,(anonymous_7)
FN:45,(anonymous_8)
FN:71,(anonymous_9)
FN:103,dispatchNext
FN:108,dispatchError
FNF:9
FNH:6
FNDA:1,(anonymous_3)
FNDA:5,CallbackObservable
FNDA:5,(anonymous_5)
FNDA:5,(anonymous_6)
FNDA:5,(anonymous_7)
FNDA:5,(anonymous_8)
FNDA:0,(anonymous_9)
FNDA:0,dispatchNext
FNDA:0,dispatchError
DA:1,1
DA:4,1
DA:5,1
DA:6,1
DA:7,1
DA:9,1
DA:11,5
DA:14,1
DA:15,7
DA:16,8
DA:17,10
DA:18,8
DA:19,5
DA:23,5
DA:24,5
DA:25,5
DA:26,5
DA:27,5
DA:28,5
DA:31,6
DA:32,5
DA:33,5
DA:34,5
DA:35,5
DA:36,5
DA:38,5
DA:40,5
DA:41,5
DA:42,0
DA:43,0
DA:45,11
DA:46,5
DA:48,5
DA:49,5
DA:51,5
DA:52,2
DA:53,2
DA:54,1
DA:56,3
DA:57,3
DA:59,0
DA:62,4
DA:66,0
DA:67,0
DA:68,0
DA:69,0
DA:71,0
DA:72,0
DA:74,0
DA:76,0
DA:77,0
DA:78,0
DA:79,0
DA:81,0
DA:83,0
DA:84,0
DA:86,0
DA:89,0
DA:90,0
DA:92,0
DA:96,5
DA:97,5
DA:98,5
DA:101,1
DA:103,1
DA:104,0
DA:105,0
DA:108,1
DA:109,0
DA:112,1
LF:70
LH:46
BRDA:27,1,0,0
BRDA:27,1,1,5
BRDA:15,2,0,2
BRDA:15,2,1,3
BRDA:16,3,0,3
BRDA:16,3,1,2
BRDA:17,4,0,5
BRDA:17,4,1,0
BRDA:40,5,0,5
BRDA:40,5,1,0
BRDA:41,6,0,0
BRDA:41,6,1,5
BRDA:51,7,0,2
BRDA:51,7,1,3
BRDA:53,8,0,1
BRDA:53,8,1,1
BRDA:56,9,0,3
BRDA:56,9,1,0
BRDA:67,10,0,0
BRDA:67,10,1,0
BRDA:76,11,0,0
BRDA:76,11,1,0
BRDA:78,12,0,0
BRDA:78,12,1,0
BRDA:83,13,0,0
BRDA:83,13,1,0
BRDA:96,14,0,5
BRDA:96,14,1,0
BRF:28
BRH:14
end_of_record
TN:
SF:src/observable/interval.ts
FN:7,(anonymous_3)
FN:26,IntervalObservable
FN:8,(anonymous_5)
FN:12,(anonymous_6)
FN:36,(anonymous_7)
FNF:5
FNH:5
FNDA:1,(anonymous_3)
FNDA:6,IntervalObservable
FNDA:6,(anonymous_5)
FNDA:33,(anonymous_6)
FNDA:5,(anonymous_7)
DA:2,1
DA:4,1
DA:5,1
DA:7,1
DA:8,7
DA:9,6
DA:12,1
DA:13,33
DA:15,33
DA:17,33
DA:18,3
DA:21,30
DA:23,30
DA:26,6
DA:27,6
DA:28,6
DA:29,1
DA:31,6
DA:32,1
DA:36,1
DA:37,5
DA:38,5
DA:39,5
DA:41,5
DA:45,1
DA:47,1
LF:26
LH:26
BRDA:26,1,0,0
BRDA:26,1,1,6
BRDA:26,2,0,0
BRDA:26,2,1,6
BRDA:28,3,0,1
BRDA:28,3,1,5
BRDA:28,4,0,6
BRDA:28,4,1,6
BRDA:31,5,0,1
BRDA:31,5,1,5
BRDA:31,6,0,6
BRDA:31,6,1,6
BRDA:8,7,0,0
BRDA:8,7,1,6
BRDA:8,8,0,1
BRDA:8,8,1,5
BRDA:17,9,0,3
BRDA:17,9,1,30
BRF:18
BRH:15
end_of_record
TN:
SF:src/util/isNumeric.ts
FN:3,isNumeric
FNF:1
FNH:1
FNDA:64,isNumeric
DA:1,1
DA:3,1
DA:8,64
LF:3
LH:3
BRDA:8,1,0,64
BRDA:8,1,1,64
BRF:2
BRH:2
end_of_record
TN:
SF:src/schedulers/nextTick.ts
FNF:0
FNH:0
DA:1,1
DA:3,1
LF:2
LH:2
BRF:0
BRH:0
end_of_record
TN:
SF:src/schedulers/NextTickScheduler.ts
FN:7,(anonymous_3)
FN:8,(anonymous_5)
FNF:2
FNH:2
FNDA:2,(anonymous_3)
FNDA:3,(anonymous_5)
DA:1,1
DA:4,1
DA:5,1
DA:7,2
DA:8,1
DA:9,3
DA:13,1
LF:7
LH:7
BRDA:10,1,0,0
BRDA:10,1,1,3
BRF:2
BRH:1
end_of_record
TN:
SF:src/schedulers/NextTickAction.ts
FN:5,(anonymous_3)
FN:8,(anonymous_5)
FN:21,(anonymous_6)
FN:31,(anonymous_7)
FNF:4
FNH:4
FNDA:4,(anonymous_3)
FNDA:10,(anonymous_5)
FNDA:3,(anonymous_6)
FNDA:3,(anonymous_7)
DA:1,1
DA:2,1
DA:5,4
DA:8,11
DA:9,10
DA:10,0
DA:13,10
DA:15,10
DA:17,10
DA:19,10
DA:20,5
DA:21,5
DA:22,3
DA:23,3
DA:24,3
DA:28,10
DA:31,1
DA:32,3
DA:33,3
DA:35,3
DA:37,3
DA:38,3
DA:39,3
DA:42,3
DA:43,2
DA:44,2
DA:47,1
LF:27
LH:26
BRDA:9,1,0,0
BRDA:9,1,1,10
BRDA:19,2,0,5
BRDA:19,2,1,5
BRDA:37,3,0,3
BRDA:37,3,1,0
BRDA:42,4,0,2
BRDA:42,4,1,1
BRF:8
BRH:6
end_of_record
TN:
SF:src/util/Immediate.ts
FN:7,(anonymous_1)
FN:22,ImmediateDefinition
FN:49,clearImmediate
FN:12,(anonymous_4)
FN:59,(anonymous_5)
FN:63,(anonymous_6)
FN:67,(anonymous_7)
FN:72,(anonymous_8)
FN:79,(anonymous_9)
FN:92,(anonymous_10)
FN:93,result
FN:108,(anonymous_12)
FN:113,(anonymous_13)
FN:114,setImmediate
FN:126,(anonymous_15)
FN:133,globalMessageHandler
FN:145,setImmediate
FN:158,(anonymous_18)
FN:179,(anonymous_19)
FN:181,(anonymous_20)
FN:186,setImmediate
FN:199,(anonymous_22)
FN:200,setImmediate
FN:210,(anonymous_24)
FN:225,(anonymous_25)
FN:226,setImmediate
FNF:26
FNH:26
FNDA:1,(anonymous_1)
FNDA:9,ImmediateDefinition
FNDA:1,clearImmediate
FNDA:1,(anonymous_4)
FNDA:2,(anonymous_5)
FNDA:2,(anonymous_6)
FNDA:3,(anonymous_7)
FNDA:5,(anonymous_8)
FNDA:2,(anonymous_9)
FNDA:2,(anonymous_10)
FNDA:2,result
FNDA:1,(anonymous_12)
FNDA:1,(anonymous_13)
FNDA:1,setImmediate
FNDA:1,(anonymous_15)
FNDA:1,globalMessageHandler
FNDA:1,setImmediate
FNDA:3,(anonymous_18)
FNDA:1,(anonymous_19)
FNDA:1,(anonymous_20)
FNDA:1,setImmediate
FNDA:1,(anonymous_22)
FNDA:1,setImmediate
FNDA:1,(anonymous_24)
FNDA:1,(anonymous_25)
FNDA:1,setImmediate
DA:5,1
DA:7,1
DA:12,1
DA:13,1
DA:22,9
DA:23,9
DA:24,3
DA:25,3
DA:27,6
DA:28,6
DA:29,6
DA:32,6
DA:34,1
DA:35,5
DA:37,1
DA:38,4
DA:40,1
DA:41,3
DA:43,1
DA:46,2
DA:49,6
DA:50,1
DA:53,6
DA:55,6
DA:59,1
DA:60,2
DA:63,1
DA:64,2
DA:67,1
DA:68,3
DA:69,3
DA:72,1
DA:73,5
DA:76,5
DA:77,2
DA:78,2
DA:79,2
DA:80,2
DA:82,2
DA:83,2
DA:84,2
DA:87,3
DA:92,5
DA:93,2
DA:94,2
DA:95,2
DA:96,1
DA:98,1
DA:102,2
DA:103,2
DA:105,2
DA:108,1
DA:109,1
DA:110,1
DA:113,1
DA:114,1
DA:115,1
DA:116,1
DA:117,1
DA:118,1
DA:121,1
DA:123,1
DA:126,1
DA:130,1
DA:132,1
DA:133,1
DA:134,1
DA:135,1
DA:138,1
DA:141,1
DA:143,1
DA:145,1
DA:146,1
DA:147,1
DA:148,1
DA:149,1
DA:152,1
DA:153,1
DA:155,1
DA:158,1
DA:161,3
DA:164,1
DA:166,2
DA:167,2
DA:168,1
DA:169,1
DA:170,1
DA:172,1
DA:173,1
DA:179,2
DA:180,1
DA:181,1
DA:182,1
DA:183,1
DA:186,1
DA:187,1
DA:188,1
DA:189,1
DA:190,1
DA:193,1
DA:194,1
DA:196,1
DA:199,1
DA:200,1
DA:201,1
DA:202,1
DA:203,1
DA:204,1
DA:206,1
DA:209,1
DA:210,1
DA:211,1
DA:212,1
DA:213,1
DA:214,1
DA:216,1
DA:217,1
DA:220,1
DA:222,1
DA:225,1
DA:226,1
DA:227,1
DA:228,1
DA:229,1
DA:230,1
DA:233,1
DA:235,1
DA:237,1
DA:238,1
LF:129
LH:129
BRDA:23,1,0,3
BRDA:23,1,1,6
BRDA:32,2,0,1
BRDA:32,2,1,5
BRDA:35,3,0,1
BRDA:35,3,1,4
BRDA:38,4,0,1
BRDA:38,4,1,3
BRDA:41,5,0,1
BRDA:41,5,1,2
BRDA:69,6,0,3
BRDA:69,6,1,2
BRDA:76,7,0,2
BRDA:76,7,1,3
BRDA:76,8,0,5
BRDA:76,8,1,3
BRDA:95,9,0,1
BRDA:95,9,1,1
BRDA:135,10,0,1
BRDA:135,10,1,0
BRDA:135,11,0,1
BRDA:135,11,1,1
BRDA:135,11,2,1
BRDA:161,12,0,1
BRDA:161,12,1,2
BRDA:167,13,0,1
BRDA:167,13,1,1
BRF:27
BRH:26
end_of_record
TN:
SF:src/observable/never.ts
FN:5,(anonymous_3)
FN:10,InfiniteObservable
FN:6,(anonymous_5)
FN:14,(anonymous_6)
FNF:4
FNH:4
FNDA:1,(anonymous_3)
FNDA:31,InfiniteObservable
FNDA:31,(anonymous_5)
FNDA:31,(anonymous_6)
DA:1,1
DA:3,1
DA:5,1
DA:6,1
DA:7,31
DA:10,1
DA:11,31
DA:14,1
DA:15,31
DA:17,1
DA:19,1
LF:11
LH:11
BRF:0
BRH:0
end_of_record
TN:
SF:src/observable/range.ts
FN:4,(anonymous_3)
FN:35,RangeObservable
FN:6,(anonymous_5)
FN:10,(anonymous_6)
FN:42,(anonymous_7)
FNF:5
FNH:5
FNDA:1,(anonymous_3)
FNDA:15,RangeObservable
FNDA:15,(anonymous_5)
FNDA:7,(anonymous_6)
FNDA:11,(anonymous_7)
DA:2,1
DA:4,1
DA:6,15
DA:7,15
DA:10,1
DA:12,7
DA:14,7
DA:15,2
DA:16,2
DA:19,5
DA:21,5
DA:22,0
DA:25,5
DA:26,5
DA:28,5
DA:35,1
DA:36,15
DA:37,15
DA:38,15
DA:39,15
DA:42,1
DA:44,11
DA:45,11
DA:46,11
DA:47,11
DA:49,11
DA:50,1
DA:54,10
DA:55,20054
DA:56,7
DA:57,7
DA:59,20047
DA:60,20047
DA:61,3
DA:66,1
DA:68,1
LF:36
LH:35
BRDA:6,1,0,0
BRDA:6,1,1,15
BRDA:6,2,0,0
BRDA:6,2,1,15
BRDA:14,3,0,2
BRDA:14,3,1,5
BRDA:21,4,0,0
BRDA:21,4,1,5
BRDA:49,5,0,1
BRDA:49,5,1,10
BRDA:55,6,0,7
BRDA:55,6,1,20047
BRDA:60,7,0,3
BRDA:60,7,1,20044
BRF:14
BRH:11
end_of_record
TN:
SF:src/observable/timer.ts
FN:8,(anonymous_3)
FN:41,TimerObservable
FN:10,(anonymous_5)
FN:14,(anonymous_6)
FN:60,(anonymous_7)
FNF:5
FNH:5
FNDA:1,(anonymous_3)
FNDA:47,TimerObservable
FNDA:47,(anonymous_5)
FNDA:66,(anonymous_6)
FNDA:47,(anonymous_7)
DA:1,1
DA:3,1
DA:4,1
DA:5,1
DA:6,1
DA:8,1
DA:10,47
DA:11,47
DA:14,1
DA:16,66
DA:17,66
DA:19,66
DA:21,66
DA:22,38
DA:23,38
DA:24,28
DA:25,5
DA:28,23
DA:29,1
DA:33,22
DA:34,22
DA:39,47
DA:41,47
DA:42,47
DA:43,47
DA:44,47
DA:46,47
DA:47,6
DA:48,41
DA:49,26
DA:51,47
DA:52,15
DA:54,47
DA:56,47
DA:57,47
DA:60,1
DA:62,47
DA:63,47
DA:64,47
DA:65,47
DA:67,47
DA:69,1
DA:71,1
LF:43
LH:43
BRDA:41,1,0,0
BRDA:41,1,1,47
BRDA:46,2,0,6
BRDA:46,2,1,41
BRDA:47,3,0,6
BRDA:47,3,1,0
BRDA:47,3,2,6
BRDA:48,4,0,26
BRDA:48,4,1,15
BRDA:51,5,0,15
BRDA:51,5,1,32
BRDA:51,6,0,47
BRDA:51,6,1,32
BRDA:57,7,0,2
BRDA:57,7,1,45
BRDA:10,8,0,0
BRDA:10,8,1,47
BRDA:21,9,0,38
BRDA:21,9,1,28
BRDA:24,10,0,5
BRDA:24,10,1,23
BRDA:28,11,0,1
BRDA:28,11,1,22
BRF:23
BRH:20
end_of_record
TN:
SF:src/util/isDate.ts
FN:1,isDate
FNF:1
FNH:1
FNDA:102,isDate
DA:1,1
DA:2,102
LF:2
LH:2
BRDA:2,1,0,102
BRDA:2,1,1,15
BRF:2
BRH:2
end_of_record
TN:
SF:src/operators/zip-static.ts
FN:5,zip
FNF:1
FNH:1
FNDA:87,zip
DA:1,1
DA:2,1
DA:3,1
DA:5,289
DA:6,87
DA:7,87
DA:8,18
DA:10,87
DA:13,1
LF:9
LH:9
BRDA:7,1,0,18
BRDA:7,1,1,69
BRF:2
BRH:2
end_of_record
TN:
SF:src/operators/zip-support.ts
FN:13,(anonymous_3)
FN:17,ZipOperator
FN:21,(anonymous_5)
FN:26,(anonymous_6)
FN:33,ZipSubscriber
FN:41,(anonymous_8)
FN:53,(anonymous_9)
FN:67,(anonymous_10)
FN:74,(anonymous_11)
FN:130,(anonymous_12)
FN:133,StaticIterator
FN:137,(anonymous_14)
FN:141,(anonymous_15)
FN:147,(anonymous_16)
FN:153,(anonymous_17)
FN:157,StaticArrayIterator
FN:161,(anonymous_19)
FN:165,(anonymous_20)
FN:171,(anonymous_21)
FN:175,(anonymous_22)
FN:180,(anonymous_23)
FN:185,ZipBufferIterator
FN:192,(anonymous_25)
FN:198,(anonymous_26)
FN:207,(anonymous_27)
FN:211,(anonymous_28)
FN:215,(anonymous_29)
FN:224,(anonymous_30)
FN:229,(anonymous_31)
FNF:29
FNH:27
FNDA:1,(anonymous_3)
FNDA:134,ZipOperator
FNDA:134,(anonymous_5)
FNDA:1,(anonymous_6)
FNDA:134,ZipSubscriber
FNDA:284,(anonymous_8)
FNDA:134,(anonymous_9)
FNDA:29,(anonymous_10)
FNDA:423,(anonymous_11)
FNDA:1,(anonymous_12)
FNDA:6,StaticIterator
FNDA:21,(anonymous_14)
FNDA:21,(anonymous_15)
FNDA:21,(anonymous_16)
FNDA:1,(anonymous_17)
FNDA:30,StaticArrayIterator
FNDA:0,(anonymous_19)
FNDA:18,(anonymous_20)
FNDA:21,(anonymous_21)
FNDA:18,(anonymous_22)
FNDA:1,(anonymous_23)
FNDA:248,ZipBufferIterator
FNDA:0,(anonymous_25)
FNDA:367,(anonymous_26)
FNDA:792,(anonymous_27)
FNDA:367,(anonymous_28)
FNDA:91,(anonymous_29)
FNDA:423,(anonymous_30)
FNDA:248,(anonymous_31)
DA:4,1
DA:5,1
DA:6,1
DA:7,1
DA:8,1
DA:9,1
DA:11,1
DA:13,1
DA:17,1
DA:18,134
DA:21,1
DA:22,134
DA:24,1
DA:26,1
DA:27,134
DA:30,134
DA:31,134
DA:33,1
DA:35,268
DA:36,134
DA:37,134
DA:38,134
DA:41,1
DA:42,284
DA:43,284
DA:44,284
DA:45,30
DA:46,254
DA:47,6
DA:49,248
DA:53,1
DA:54,134
DA:55,134
DA:56,134
DA:57,134
DA:58,284
DA:59,284
DA:60,248
DA:62,36
DA:67,1
DA:68,29
DA:69,29
DA:70,5
DA:74,1
DA:75,423
DA:76,423
DA:77,423
DA:80,423
DA:81,834
DA:82,834
DA:83,239
DA:87,184
DA:88,184
DA:89,184
DA:90,406
DA:91,406
DA:95,406
DA:96,20
DA:99,406
DA:100,0
DA:101,0
DA:104,406
DA:107,184
DA:108,184
DA:109,89
DA:110,89
DA:111,6
DA:113,83
DA:116,95
DA:119,184
DA:120,17
DA:123,1
DA:130,1
DA:133,6
DA:134,6
DA:137,1
DA:138,21
DA:141,1
DA:142,21
DA:143,21
DA:144,21
DA:147,1
DA:148,21
DA:149,21
DA:151,1
DA:153,1
DA:154,30
DA:155,30
DA:157,30
DA:158,30
DA:161,1
DA:162,0
DA:165,1
DA:166,18
DA:167,18
DA:168,18
DA:171,1
DA:172,21
DA:175,1
DA:176,18
DA:178,1
DA:180,1
DA:181,248
DA:182,248
DA:183,248
DA:185,1
DA:186,248
DA:187,248
DA:188,248
DA:189,248
DA:192,1
DA:193,0
DA:198,1
DA:199,367
DA:200,367
DA:201,0
DA:203,367
DA:207,1
DA:208,792
DA:211,1
DA:212,367
DA:215,1
DA:216,91
DA:217,29
DA:218,29
DA:220,62
DA:224,1
DA:225,423
DA:226,423
DA:229,1
DA:230,248
DA:232,1
LF:132
LH:127
BRDA:35,1,0,134
BRDA:35,1,1,0
BRDA:37,2,0,28
BRDA:37,2,1,106
BRDA:44,3,0,30
BRDA:44,3,1,254
BRDA:46,4,0,6
BRDA:46,4,1,248
BRDA:59,5,0,248
BRDA:59,5,1,36
BRDA:69,6,0,5
BRDA:69,6,1,24
BRDA:82,7,0,239
BRDA:82,7,1,595
BRDA:82,8,0,834
BRDA:82,8,1,834
BRDA:95,9,0,20
BRDA:95,9,1,386
BRDA:99,10,0,0
BRDA:99,10,1,406
BRDA:108,11,0,89
BRDA:108,11,1,95
BRDA:110,12,0,6
BRDA:110,12,1,83
BRDA:119,13,0,17
BRDA:119,13,1,167
BRDA:149,14,0,21
BRDA:149,14,1,21
BRDA:168,15,0,18
BRDA:168,15,1,0
BRDA:200,16,0,0
BRDA:200,16,1,367
BRDA:200,17,0,367
BRDA:200,17,1,0
BRDA:212,18,0,367
BRDA:212,18,1,310
BRDA:216,19,0,29
BRDA:216,19,1,62
BRF:38
BRH:33
end_of_record
TN:
SF:src/operators/buffer.ts
FN:13,buffer
FN:17,(anonymous_4)
FN:19,BufferOperator
FN:22,(anonymous_6)
FN:27,(anonymous_7)
FN:31,BufferSubscriber
FN:37,(anonymous_9)
FN:41,(anonymous_10)
FN:45,(anonymous_11)
FN:49,(anonymous_12)
FN:60,(anonymous_13)
FN:61,BufferClosingNotifierSubscriber
FN:65,(anonymous_15)
FN:69,(anonymous_16)
FN:73,(anonymous_17)
FNF:15
FNH:15
FNDA:19,buffer
FNDA:1,(anonymous_4)
FNDA:19,BufferOperator
FNDA:19,(anonymous_6)
FNDA:1,(anonymous_7)
FNDA:19,BufferSubscriber
FNDA:41,(anonymous_9)
FNDA:7,(anonymous_10)
FNDA:8,(anonymous_11)
FNDA:24,(anonymous_12)
FNDA:1,(anonymous_13)
FNDA:19,BufferClosingNotifierSubscriber
FNDA:24,(anonymous_15)
FNDA:3,(anonymous_16)
FNDA:4,(anonymous_17)
DA:2,1
DA:3,1
DA:13,1
DA:14,19
DA:17,1
DA:19,19
DA:22,1
DA:23,19
DA:25,1
DA:27,1
DA:28,19
DA:29,19
DA:31,1
DA:32,19
DA:33,19
DA:34,19
DA:37,1
DA:38,41
DA:41,1
DA:42,7
DA:45,1
DA:46,8
DA:49,1
DA:50,24
DA:51,24
DA:52,24
DA:54,24
DA:55,1
DA:58,1
DA:60,1
DA:61,19
DA:62,19
DA:65,1
DA:66,24
DA:69,1
DA:70,3
DA:73,1
DA:74,4
DA:76,1
DA:78,1
LF:40
LH:40
BRDA:54,1,0,1
BRDA:54,1,1,23
BRF:2
BRH:2
end_of_record
TN:
SF:src/operators/bufferCount.ts
FN:14,bufferCount
FN:18,(anonymous_4)
FN:20,BufferCountOperator
FN:23,(anonymous_6)
FN:28,(anonymous_7)
FN:32,BufferCountSubscriber
FN:36,(anonymous_9)
FN:63,(anonymous_10)
FN:67,(anonymous_11)
FNF:9
FNH:9
FNDA:8,bufferCount
FNDA:1,(anonymous_4)
FNDA:8,BufferCountOperator
FNDA:8,(anonymous_6)
FNDA:1,(anonymous_7)
FNDA:8,BufferCountSubscriber
FNDA:43,(anonymous_9)
FNDA:1,(anonymous_10)
FNDA:6,(anonymous_11)
DA:2,1
DA:3,1
DA:14,12
DA:15,8
DA:18,1
DA:20,8
DA:23,1
DA:24,8
DA:26,1
DA:28,1
DA:29,8
DA:30,8
DA:32,8
DA:33,8
DA:36,1
DA:37,43
DA:38,43
DA:39,43
DA:40,43
DA:41,43
DA:42,43
DA:43,43
DA:45,43
DA:46,17
DA:49,43
DA:50,55
DA:51,55
DA:52,55
DA:53,15
DA:54,15
DA:58,43
DA:59,15
DA:63,1
DA:64,1
DA:67,1
DA:68,6
DA:69,6
DA:70,6
DA:71,7
DA:72,7
DA:73,5
DA:76,6
DA:78,1
DA:80,1
LF:44
LH:44
BRDA:14,1,0,4
BRDA:14,1,1,4
BRDA:40,2,0,18
BRDA:40,2,1,25
BRDA:45,3,0,17
BRDA:45,3,1,26
BRDA:52,4,0,15
BRDA:52,4,1,40
BRDA:58,5,0,15
BRDA:58,5,1,28
BRDA:72,6,0,5
BRDA:72,6,1,2
BRF:12
BRH:12
end_of_record
TN:
SF:src/operators/bufferTime.ts
FN:16,bufferTime
FN:22,(anonymous_4)
FN:24,BufferTimeOperator
FN:29,(anonymous_6)
FN:36,(anonymous_7)
FN:39,BufferTimeSubscriber
FN:56,(anonymous_9)
FN:64,(anonymous_10)
FN:69,(anonymous_11)
FN:77,(anonymous_12)
FN:83,(anonymous_13)
FN:90,dispatchBufferTimeSpanOnly
FN:104,dispatchBufferCreation
FN:114,dispatchBufferClose
FNF:14
FNH:14
FNDA:11,bufferTime
FNDA:1,(anonymous_4)
FNDA:11,BufferTimeOperator
FNDA:11,(anonymous_6)
FNDA:1,(anonymous_7)
FNDA:11,BufferTimeSubscriber
FNDA:56,(anonymous_9)
FNDA:4,(anonymous_10)
FNDA:5,(anonymous_11)
FNDA:37,(anonymous_12)
FNDA:25,(anonymous_13)
FNDA:10,dispatchBufferTimeSpanOnly
FNDA:16,dispatchBufferCreation
FNDA:15,dispatchBufferClose
DA:2,1
DA:3,1
DA:6,1
DA:16,1
DA:17,11
DA:18,11
DA:19,11
DA:22,1
DA:24,11
DA:25,11
DA:26,11
DA:29,1
DA:30,11
DA:34,1
DA:36,1
DA:37,11
DA:39,1
DA:40,11
DA:41,11
DA:42,11
DA:43,11
DA:44,11
DA:45,11
DA:46,5
DA:47,5
DA:48,5
DA:49,5
DA:51,6
DA:52,6
DA:56,1
DA:57,56
DA:58,56
DA:59,56
DA:60,68
DA:64,1
DA:65,4
DA:66,4
DA:69,1
DA:70,5
DA:71,5
DA:72,5
DA:74,5
DA:77,1
DA:78,37
DA:79,37
DA:80,37
DA:83,1
DA:84,25
DA:85,25
DA:86,25
DA:88,1
DA:90,1
DA:91,10
DA:93,10
DA:94,10
DA:95,10
DA:98,10
DA:99,10
DA:100,10
DA:104,1
DA:105,16
DA:106,16
DA:107,16
DA:108,16
DA:109,16
DA:110,16
DA:114,1
DA:115,15
DA:118,1
LF:69
LH:69
BRDA:17,1,0,0
BRDA:17,1,1,11
BRDA:18,2,0,0
BRDA:18,2,1,11
BRDA:45,3,0,5
BRDA:45,3,1,6
BRDA:45,4,0,11
BRDA:45,4,1,5
BRDA:94,5,0,10
BRDA:94,5,1,0
BRDA:99,6,0,10
BRDA:99,6,1,0
BRDA:108,7,0,16
BRDA:108,7,1,0
BRF:14
BRH:9
end_of_record
TN:
SF:src/operators/bufferToggle.ts
FN:16,bufferToggle
FN:21,(anonymous_4)
FN:23,BufferToggleOperator
FN:27,(anonymous_6)
FN:37,(anonymous_7)
FN:40,BufferToggleSubscriber
FN:47,(anonymous_9)
FN:55,(anonymous_10)
FN:60,(anonymous_11)
FN:71,(anonymous_12)
FN:92,(anonymous_13)
FN:105,(anonymous_14)
FN:106,BufferClosingNotifierSubscriber
FN:110,(anonymous_16)
FN:114,(anonymous_17)
FN:118,(anonymous_18)
FN:123,(anonymous_19)
FN:124,BufferToggleOpeningsSubscriber
FN:128,(anonymous_21)
FN:132,(anonymous_22)
FN:136,(anonymous_23)
FNF:21
FNH:21
FNDA:16,bufferToggle
FNDA:1,(anonymous_4)
FNDA:16,BufferToggleOperator
FNDA:16,(anonymous_6)
FNDA:1,(anonymous_7)
FNDA:16,BufferToggleSubscriber
FNDA:69,(anonymous_9)
FNDA:5,(anonymous_10)
FNDA:8,(anonymous_11)
FNDA:31,(anonymous_12)
FNDA:25,(anonymous_13)
FNDA:1,(anonymous_14)
FNDA:30,BufferClosingNotifierSubscriber
FNDA:20,(anonymous_16)
FNDA:2,(anonymous_17)
FNDA:5,(anonymous_18)
FNDA:1,(anonymous_19)
FNDA:16,BufferToggleOpeningsSubscriber
FNDA:31,(anonymous_21)
FNDA:1,(anonymous_22)
FNDA:5,(anonymous_23)
DA:2,1
DA:3,1
DA:4,1
DA:5,1
DA:6,1
DA:16,1
DA:18,16
DA:21,1
DA:23,16
DA:24,16
DA:27,1
DA:28,16
DA:30,1
DA:37,1
DA:38,16
DA:40,1
DA:41,16
DA:42,16
DA:43,16
DA:44,16
DA:47,1
DA:48,69
DA:49,69
DA:50,69
DA:51,62
DA:55,1
DA:56,5
DA:57,5
DA:60,1
DA:61,8
DA:62,8
DA:63,6
DA:64,6
DA:65,6
DA:66,6
DA:68,8
DA:71,1
DA:72,31
DA:73,31
DA:75,31
DA:76,31
DA:77,1
DA:78,1
DA:79,1
DA:81,30
DA:85,30
DA:86,30
DA:87,30
DA:88,30
DA:92,1
DA:93,25
DA:94,25
DA:95,6
DA:97,19
DA:98,19
DA:99,19
DA:100,19
DA:101,19
DA:103,1
DA:105,1
DA:106,30
DA:107,30
DA:110,1
DA:111,20
DA:114,1
DA:115,2
DA:118,1
DA:119,5
DA:121,1
DA:123,1
DA:124,16
DA:125,16
DA:128,1
DA:129,31
DA:132,1
DA:133,1
DA:136,1
DA:139,1
DA:141,1
LF:79
LH:79
BRDA:76,1,0,1
BRDA:76,1,1,30
BRDA:94,2,0,6
BRDA:94,2,1,19
BRF:4
BRH:4
end_of_record
TN:
SF:src/operators/bufferWhen.ts
FN:14,bufferWhen
FN:18,(anonymous_4)
FN:20,BufferWhenOperator
FN:23,(anonymous_6)
FN:28,(anonymous_7)
FN:32,BufferWhenSubscriber
FN:37,(anonymous_9)
FN:41,(anonymous_10)
FN:46,(anonymous_11)
FN:53,(anonymous_12)
FN:77,(anonymous_13)
FN:78,BufferClosingNotifierSubscriber
FN:82,(anonymous_15)
FN:86,(anonymous_16)
FN:90,(anonymous_17)
FNF:15
FNH:15
FNDA:16,bufferWhen
FNDA:1,(anonymous_4)
FNDA:16,BufferWhenOperator
FNDA:16,(anonymous_6)
FNDA:1,(anonymous_7)
FNDA:16,BufferWhenSubscriber
FNDA:58,(anonymous_9)
FNDA:5,(anonymous_10)
FNDA:6,(anonymous_11)
FNDA:3812,(anonymous_12)
FNDA:1,(anonymous_13)
FNDA:3811,BufferClosingNotifierSubscriber
FNDA:17,(anonymous_15)
FNDA:3,(anonymous_16)
FNDA:3779,(anonymous_17)
DA:2,1
DA:3,1
DA:5,1
DA:6,1
DA:14,1
DA:15,16
DA:18,1
DA:20,16
DA:23,1
DA:24,16
DA:26,1
DA:28,1
DA:32,16
DA:33,16
DA:34,16
DA:37,1
DA:38,58
DA:41,1
DA:42,5
DA:43,5
DA:46,1
DA:47,6
DA:48,6
DA:49,6
DA:50,6
DA:53,1
DA:54,3812
DA:55,3812
DA:56,19
DA:57,19
DA:60,3812
DA:61,3812
DA:62,3796
DA:64,3812
DA:66,3812
DA:67,3812
DA:68,1
DA:69,1
DA:70,1
DA:72,3811
DA:75,1
DA:77,1
DA:78,3810
DA:79,3811
DA:82,1
DA:83,17
DA:86,1
DA:87,3
DA:90,1
DA:91,3779
DA:93,1
DA:95,1
LF:52
LH:52
BRDA:55,1,0,19
BRDA:55,1,1,3793
BRDA:61,2,0,3796
BRDA:61,2,1,16
BRDA:67,3,0,1
BRDA:67,3,1,3811
BRF:6
BRH:6
end_of_record
TN:
SF:src/operators/catch.ts
FN:16,_catch
FN:23,(anonymous_4)
FN:26,CatchOperator
FN:29,(anonymous_6)
FN:34,(anonymous_7)
FN:37,CatchSubscriber
FN:44,(anonymous_9)
FN:48,(anonymous_10)
FN:58,(anonymous_11)
FN:63,(anonymous_12)
FNF:10
FNH:10
FNDA:12,_catch
FNDA:1,(anonymous_4)
FNDA:12,CatchOperator
FNDA:15,(anonymous_6)
FNDA:1,(anonymous_7)
FNDA:15,CatchSubscriber
FNDA:27,(anonymous_9)
FNDA:12,(anonymous_10)
FNDA:2,(anonymous_11)
FNDA:15,(anonymous_12)
DA:2,1
DA:3,1
DA:5,1
DA:6,1
DA:16,1
DA:17,12
DA:18,12
DA:19,12
DA:20,12
DA:23,1
DA:26,12
DA:29,1
DA:30,15
DA:32,1
DA:34,1
DA:37,15
DA:38,15
DA:39,15
DA:40,15
DA:41,15
DA:44,1
DA:45,27
DA:48,1
DA:49,12
DA:50,12
DA:51,1
DA:53,11
DA:54,11
DA:58,1
DA:59,2
DA:60,2
DA:63,1
DA:64,15
DA:66,1
DA:68,1
LF:35
LH:35
BRDA:50,1,0,1
BRDA:50,1,1,11
BRF:2
BRH:2
end_of_record
TN:
SF:src/operators/combineAll.ts
FN:16,combineAll
FNF:1
FNH:1
FNDA:2,combineAll
DA:1,1
DA:2,1
DA:16,1
DA:17,2
DA:20,1
LF:5
LH:5
BRF:0
BRH:0
end_of_record
TN:
SF:src/operators/combineLatest.ts
FN:16,combineLatest
FNF:1
FNH:1
FNDA:28,combineLatest
DA:1,1
DA:2,1
DA:3,1
DA:4,1
DA:16,84
DA:19,28
DA:20,28
DA:21,28
DA:26,28
DA:27,1
DA:30,28
DA:32,28
DA:35,1
LF:13
LH:13
BRDA:20,1,0,28
BRDA:20,1,1,0
BRDA:26,2,0,1
BRDA:26,2,1,27
BRDA:26,3,0,28
BRDA:26,3,1,28
BRF:6
BRH:5
end_of_record
TN:
SF:src/operators/concat.ts
FN:15,concat
FNF:1
FNH:1
FNDA:22,concat
DA:1,1
DA:3,1
DA:4,1
DA:5,1
DA:15,46
DA:16,22
DA:17,22
DA:19,22
DA:20,22
DA:21,3
DA:24,22
DA:27,1
LF:12
LH:12
BRDA:20,1,0,3
BRDA:20,1,1,19
BRF:2
BRH:2
end_of_record
TN:
SF:src/operators/concatAll.ts
FN:15,concatAll
FNF:1
FNH:1
FNDA:31,concatAll
DA:1,1
DA:2,1
DA:15,1
DA:16,31
DA:19,1
LF:5
LH:5
BRF:0
BRH:0
end_of_record
TN:
SF:src/operators/concatMap.ts
FN:23,concatMap
FNF:1
FNH:1
FNDA:36,concatMap
DA:1,1
DA:2,1
DA:23,1
DA:25,36
DA:28,1
LF:5
LH:5
BRF:0
BRH:0
end_of_record
TN:
SF:src/operators/mergeMap-support.ts
FN:10,(anonymous_3)
FN:11,MergeMapOperator
FN:16,(anonymous_5)
FN:23,(anonymous_6)
FN:29,MergeMapSubscriber
FN:36,(anonymous_8)
FN:52,(anonymous_9)
FN:56,(anonymous_10)
FN:63,(anonymous_11)
FN:77,(anonymous_12)
FNF:10
FNH:10
FNDA:1,(anonymous_3)
FNDA:70,MergeMapOperator
FNDA:70,(anonymous_5)
FNDA:1,(anonymous_6)
FNDA:70,MergeMapSubscriber
FNDA:285,(anonymous_8)
FNDA:216,(anonymous_9)
FNDA:34,(anonymous_10)
FNDA:517,(anonymous_11)
FNDA:167,(anonymous_12)
DA:5,1
DA:6,1
DA:7,1
DA:8,1
DA:10,1
DA:11,70
DA:12,70
DA:13,70
DA:16,1
DA:17,70
DA:21,1
DA:23,1
DA:24,70
DA:25,70
DA:26,70
DA:27,70
DA:29,1
DA:30,70
DA:31,70
DA:32,70
DA:33,70
DA:36,1
DA:37,285
DA:38,222
DA:39,222
DA:40,222
DA:41,222
DA:42,6
DA:44,216
DA:45,216
DA:48,63
DA:52,1
DA:53,216
DA:56,1
DA:57,34
DA:58,34
DA:59,11
DA:63,1
DA:64,517
DA:65,517
DA:66,94
DA:67,94
DA:68,6
DA:70,88
DA:73,423
DA:77,1
DA:78,167
DA:79,167
DA:80,167
DA:81,167
DA:82,36
DA:83,131
DA:84,12
DA:87,1
LF:54
LH:54
BRDA:13,1,0,0
BRDA:13,1,1,70
BRDA:32,2,0,0
BRDA:32,2,1,70
BRDA:37,3,0,222
BRDA:37,3,1,63
BRDA:41,4,0,6
BRDA:41,4,1,216
BRDA:58,5,0,11
BRDA:58,5,1,23
BRDA:58,6,0,34
BRDA:58,6,1,11
BRDA:65,7,0,94
BRDA:65,7,1,423
BRDA:67,8,0,6
BRDA:67,8,1,88
BRDA:81,9,0,36
BRDA:81,9,1,131
BRDA:83,10,0,12
BRDA:83,10,1,119
BRDA:83,11,0,131
BRDA:83,11,1,89
BRF:22
BRH:20
end_of_record
TN:
SF:src/operators/concatMapTo.ts
FN:17,concatMapTo
FNF:1
FNH:1
FNDA:24,concatMapTo
DA:1,1
DA:2,1
DA:17,1
DA:22,24
DA:25,1
LF:5
LH:5
BRF:0
BRH:0
end_of_record
TN:
SF:src/operators/mergeMapTo-support.ts
FN:11,(anonymous_3)
FN:12,MergeMapToOperator
FN:17,(anonymous_5)
FN:22,(anonymous_6)
FN:28,MergeMapToSubscriber
FN:35,(anonymous_8)
FN:49,(anonymous_9)
FN:57,(anonymous_10)
FN:64,(anonymous_11)
FN:78,(anonymous_12)
FN:82,(anonymous_13)
FNF:11
FNH:11
FNDA:1,(anonymous_3)
FNDA:148,MergeMapToOperator
FNDA:148,(anonymous_5)
FNDA:1,(anonymous_6)
FNDA:148,MergeMapToSubscriber
FNDA:271,(anonymous_8)
FNDA:238,(anonymous_9)
FNDA:126,(anonymous_10)
FNDA:669,(anonymous_11)
FNDA:33,(anonymous_12)
FNDA:153,(anonymous_13)
DA:5,1
DA:6,1
DA:7,1
DA:8,1
DA:11,1
DA:12,148
DA:13,148
DA:14,148
DA:17,1
DA:18,148
DA:20,1
DA:22,1
DA:23,148
DA:24,148
DA:25,148
DA:26,148
DA:28,1
DA:29,148
DA:30,148
DA:31,148
DA:32,148
DA:35,1
DA:36,271
DA:37,238
DA:38,238
DA:39,238
DA:40,238
DA:42,238
DA:43,238
DA:45,33
DA:49,1
DA:54,238
DA:57,1
DA:58,126
DA:59,126
DA:60,13
DA:64,1
DA:65,669
DA:66,669
DA:67,112
DA:68,112
DA:69,8
DA:71,104
DA:74,557
DA:78,1
DA:79,33
DA:82,1
DA:83,153
DA:84,153
DA:85,153
DA:86,153
DA:87,16
DA:88,137
DA:89,52
DA:92,1
LF:55
LH:55
BRDA:14,1,0,0
BRDA:14,1,1,148
BRDA:31,2,0,0
BRDA:31,2,1,148
BRDA:36,3,0,238
BRDA:36,3,1,33
BRDA:59,4,0,13
BRDA:59,4,1,113
BRDA:59,5,0,126
BRDA:59,5,1,13
BRDA:66,6,0,112
BRDA:66,6,1,557
BRDA:68,7,0,8
BRDA:68,7,1,104
BRDA:86,8,0,16
BRDA:86,8,1,137
BRDA:88,9,0,52
BRDA:88,9,1,85
BRDA:88,10,0,137
BRDA:88,10,1,115
BRF:20
BRH:18
end_of_record
TN:
SF:src/operators/count.ts
FN:24,count
FN:31,(anonymous_4)
FN:32,CountOperator
FN:37,(anonymous_6)
FN:44,(anonymous_7)
FN:49,CountSubscriber
FN:59,(anonymous_9)
FN:74,(anonymous_10)
FNF:8
FNH:8
FNDA:22,count
FNDA:1,(anonymous_4)
FNDA:22,CountOperator
FNDA:22,(anonymous_6)
FNDA:1,(anonymous_7)
FNDA:22,CountSubscriber
FNDA:40,(anonymous_9)
FNDA:14,(anonymous_10)
DA:1,1
DA:4,1
DA:6,1
DA:7,1
DA:8,1
DA:24,1
DA:28,22
DA:31,1
DA:32,22
DA:33,22
DA:34,22
DA:37,1
DA:38,22
DA:42,1
DA:44,1
DA:46,22
DA:47,22
DA:49,1
DA:51,22
DA:52,22
DA:53,22
DA:54,22
DA:55,10
DA:59,1
DA:60,40
DA:61,40
DA:62,40
DA:63,10
DA:64,10
DA:65,1
DA:66,1
DA:69,39
DA:70,35
DA:74,1
DA:75,14
DA:76,14
DA:78,1
DA:80,1
LF:38
LH:38
BRDA:54,1,0,10
BRDA:54,1,1,12
BRDA:62,2,0,10
BRDA:62,2,1,30
BRDA:64,3,0,1
BRDA:64,3,1,9
BRDA:69,4,0,35
BRDA:69,4,1,4
BRF:8
BRH:8
end_of_record
TN:
SF:src/util/bindCallback.ts
FN:1,bindCallback
FN:5,(anonymous_2)
FN:9,(anonymous_3)
FN:13,(anonymous_4)
FN:17,(anonymous_5)
FN:22,(anonymous_6)
FNF:6
FNH:6
FNDA:214,bindCallback
FNDA:2,(anonymous_2)
FNDA:2,(anonymous_3)
FNDA:35,(anonymous_4)
FNDA:2,(anonymous_5)
FNDA:2,(anonymous_6)
DA:1,1
DA:2,214
DA:3,19
DA:5,2
DA:6,2
DA:9,2
DA:10,2
DA:13,11
DA:14,35
DA:17,2
DA:18,2
DA:22,2
DA:23,2
LF:13
LH:13
BRDA:2,1,0,195
BRDA:2,1,1,19
BRDA:4,2,0,2
BRDA:4,2,1,2
BRDA:4,2,2,11
BRDA:4,2,3,2
BRF:6
BRH:6
end_of_record
TN:
SF:src/operators/dematerialize.ts
FN:6,dematerialize
FN:10,(anonymous_4)
FN:11,(anonymous_6)
FN:16,(anonymous_7)
FN:17,DeMaterializeSubscriber
FN:21,(anonymous_9)
FNF:6
FNH:6
FNDA:9,dematerialize
FNDA:10,(anonymous_4)
FNDA:9,(anonymous_6)
FNDA:1,(anonymous_7)
FNDA:9,DeMaterializeSubscriber
FNDA:11,(anonymous_9)
DA:2,1
DA:3,1
DA:6,1
DA:7,9
DA:10,2
DA:11,1
DA:12,9
DA:14,1
DA:16,1
DA:17,1
DA:18,9
DA:21,1
DA:22,11
DA:24,1
DA:26,1
LF:15
LH:15
BRF:0
BRH:0
end_of_record
TN:
SF:src/operators/debounce.ts
FN:11,debounce
FN:15,(anonymous_4)
FN:16,DebounceOperator
FN:19,(anonymous_6)
FN:24,(anonymous_7)
FN:32,DebounceSubscriber
FN:28,(anonymous_9)
FN:37,(anonymous_10)
FN:55,(anonymous_11)
FN:60,(anonymous_12)
FN:68,(anonymous_13)
FN:79,(anonymous_14)
FN:80,DurationSelectorSubscriber
FN:85,(anonymous_16)
FN:96,(anonymous_17)
FN:100,(anonymous_18)
FN:104,(anonymous_19)
FNF:17
FNH:17
FNDA:24,debounce
FNDA:1,(anonymous_4)
FNDA:24,DebounceOperator
FNDA:24,(anonymous_6)
FNDA:1,(anonymous_7)
FNDA:24,DebounceSubscriber
FNDA:75,(anonymous_9)
FNDA:89,(anonymous_10)
FNDA:13,(anonymous_11)
FNDA:70,(anonymous_12)
FNDA:158,(anonymous_13)
FNDA:1,(anonymous_14)
FNDA:88,DurationSelectorSubscriber
FNDA:75,(anonymous_16)
FNDA:48,(anonymous_17)
FNDA:2,(anonymous_18)
FNDA:27,(anonymous_19)
DA:2,1
DA:3,1
DA:4,1
DA:7,1
DA:8,1
DA:9,1
DA:11,1
DA:12,24
DA:15,1
DA:16,24
DA:19,1
DA:20,24
DA:22,1
DA:24,1
DA:25,24
DA:26,24
DA:27,24
DA:28,1
DA:29,75
DA:32,1
DA:33,24
DA:34,24
DA:37,1
DA:38,89
DA:39,89
DA:40,89
DA:42,89
DA:43,1
DA:45,88
DA:46,7
DA:49,88
DA:50,88
DA:51,88
DA:55,1
DA:56,13
DA:57,13
DA:60,1
DA:61,70
DA:62,70
DA:63,59
DA:64,59
DA:68,1
DA:69,158
DA:71,158
DA:72,30
DA:73,30
DA:74,30
DA:77,1
DA:79,1
DA:80,88
DA:81,88
DA:82,88
DA:85,1
DA:86,75
DA:88,75
DA:89,57
DA:90,57
DA:91,34
DA:96,1
DA:97,48
DA:100,1
DA:101,2
DA:104,1
DA:105,27
DA:107,1
DA:109,1
LF:66
LH:66
BRDA:42,1,0,1
BRDA:42,1,1,88
BRDA:45,2,0,7
BRDA:45,2,1,81
BRDA:62,3,0,59
BRDA:62,3,1,11
BRDA:71,4,0,30
BRDA:71,4,1,128
BRDA:88,5,0,57
BRDA:88,5,1,18
BRDA:90,6,0,34
BRDA:90,6,1,23
BRF:12
BRH:12
end_of_record
TN:
SF:src/operators/debounceTime.ts
FN:8,debounceTime
FN:12,(anonymous_4)
FN:13,DebounceTimeOperator
FN:16,(anonymous_6)
FN:21,(anonymous_7)
FN:25,DebounceTimeSubscriber
FN:31,(anonymous_9)
FN:37,(anonymous_10)
FN:42,(anonymous_11)
FN:50,(anonymous_12)
FN:61,dispatchNext
FNF:11
FNH:11
FNDA:12,debounceTime
FNDA:1,(anonymous_4)
FNDA:12,DebounceTimeOperator
FNDA:12,(anonymous_6)
FNDA:1,(anonymous_7)
FNDA:12,DebounceTimeSubscriber
FNDA:30,(anonymous_9)
FNDA:5,(anonymous_10)
FNDA:13,(anonymous_11)
FNDA:43,(anonymous_12)
FNDA:8,dispatchNext
DA:2,1
DA:3,1
DA:6,1
DA:8,12
DA:9,12
DA:12,1
DA:13,12
DA:16,1
DA:17,12
DA:19,1
DA:21,1
DA:22,12
DA:23,12
DA:25,1
DA:26,12
DA:27,12
DA:28,12
DA:31,1
DA:32,30
DA:33,30
DA:34,30
DA:37,1
DA:38,5
DA:39,5
DA:42,1
DA:43,13
DA:44,13
DA:45,10
DA:46,10
DA:50,1
DA:51,43
DA:53,43
DA:54,28
DA:55,28
DA:56,28
DA:59,1
DA:61,1
DA:62,8
DA:65,1
LF:39
LH:39
BRDA:8,1,0,0
BRDA:8,1,1,12
BRDA:44,2,0,10
BRDA:44,2,1,3
BRDA:53,3,0,28
BRDA:53,3,1,15
BRF:6
BRH:5
end_of_record
TN:
SF:src/operators/defaultIfEmpty.ts
FN:5,defaultIfEmpty
FN:9,(anonymous_4)
FN:11,DefaultIfEmptyOperator
FN:14,(anonymous_6)
FN:19,(anonymous_7)
FN:23,DefaultIfEmptySubscriber
FN:27,(anonymous_9)
FN:32,(anonymous_10)
FNF:8
FNH:8
FNDA:5,defaultIfEmpty
FNDA:1,(anonymous_4)
FNDA:5,DefaultIfEmptyOperator
FNDA:5,(anonymous_6)
FNDA:1,(anonymous_7)
FNDA:5,DefaultIfEmptySubscriber
FNDA:4,(anonymous_9)
FNDA:4,(anonymous_10)
DA:2,1
DA:3,1
DA:5,7
DA:6,5
DA:9,1
DA:11,5
DA:14,1
DA:15,5
DA:17,1
DA:19,1
DA:21,5
DA:23,5
DA:24,5
DA:27,1
DA:28,4
DA:29,4
DA:32,1
DA:33,4
DA:34,2
DA:36,4
DA:38,1
DA:40,1
LF:22
LH:22
BRDA:5,1,0,2
BRDA:5,1,1,3
BRDA:33,2,0,2
BRDA:33,2,1,2
BRF:4
BRH:4
end_of_record
TN:
SF:src/operators/delay.ts
FN:9,delay
FN:16,(anonymous_4)
FN:17,DelayOperator
FN:21,(anonymous_6)
FN:26,(anonymous_7)
FN:49,DelaySubscriber
FN:31,(anonymous_9)
FN:55,(anonymous_10)
FN:62,(anonymous_11)
FN:76,(anonymous_12)
FN:80,(anonymous_13)
FN:86,(anonymous_14)
FN:91,(anonymous_15)
FN:92,DelayMessage
FNF:14
FNH:14
FNDA:31,delay
FNDA:1,(anonymous_4)
FNDA:31,DelayOperator
FNDA:31,(anonymous_6)
FNDA:1,(anonymous_7)
FNDA:31,DelaySubscriber
FNDA:37,(anonymous_9)
FNDA:35,(anonymous_10)
FNDA:61,(anonymous_11)
FNDA:35,(anonymous_12)
FNDA:3,(anonymous_13)
FNDA:26,(anonymous_14)
FNDA:1,(anonymous_15)
FNDA:61,DelayMessage
DA:2,1
DA:4,1
DA:5,1
DA:6,1
DA:7,1
DA:9,1
DA:10,34
DA:11,31
DA:12,31
DA:13,31
DA:16,1
DA:17,31
DA:18,31
DA:21,1
DA:22,31
DA:24,1
DA:26,1
DA:27,31
DA:28,31
DA:29,31
DA:31,1
DA:32,37
DA:33,37
DA:34,37
DA:35,37
DA:37,37
DA:38,56
DA:41,37
DA:42,5
DA:43,5
DA:45,32
DA:49,1
DA:50,31
DA:51,31
DA:52,31
DA:55,1
DA:56,35
DA:57,35
DA:62,1
DA:63,61
DA:64,0
DA:67,61
DA:68,61
DA:69,61
DA:71,61
DA:72,35
DA:76,1
DA:77,35
DA:80,1
DA:81,3
DA:82,3
DA:83,3
DA:86,1
DA:87,26
DA:89,1
DA:91,1
DA:92,61
DA:93,61
DA:95,1
DA:97,1
LF:60
LH:59
BRDA:10,1,0,3
BRDA:10,1,1,28
BRDA:12,2,0,4
BRDA:12,2,1,27
BRDA:37,3,0,93
BRDA:37,3,1,61
BRDA:41,4,0,5
BRDA:41,4,1,32
BRDA:63,5,0,0
BRDA:63,5,1,61
BRDA:71,6,0,35
BRDA:71,6,1,26
BRF:12
BRH:11
end_of_record
TN:
SF:src/operators/distinctUntilChanged.ts
FN:8,distinctUntilChanged
FN:14,(anonymous_4)
FN:18,DistinctUntilChangedOperator
FN:22,(anonymous_6)
FN:27,(anonymous_7)
FN:32,DistinctUntilChangedSubscriber
FN:39,(anonymous_9)
FN:43,(anonymous_10)
FNF:8
FNH:8
FNDA:34,distinctUntilChanged
FNDA:1,(anonymous_4)
FNDA:34,DistinctUntilChangedOperator
FNDA:34,(anonymous_6)
FNDA:1,(anonymous_7)
FNDA:34,DistinctUntilChangedSubscriber
FNDA:26,(anonymous_9)
FNDA:107,(anonymous_10)
DA:2,1
DA:3,1
DA:4,1
DA:5,1
DA:6,1
DA:8,1
DA:9,34
DA:14,1
DA:18,1
DA:19,34
DA:22,1
DA:23,34
DA:25,1
DA:27,1
DA:30,34
DA:32,1
DA:33,34
DA:34,34
DA:35,21
DA:39,1
DA:40,26
DA:43,1
DA:45,107
DA:47,107
DA:48,83
DA:49,83
DA:50,2
DA:51,2
DA:54,24
DA:57,105
DA:58,62
DA:59,62
DA:62,1
DA:64,1
LF:34
LH:34
BRDA:10,1,0,0
BRDA:10,1,1,34
BRDA:34,2,0,21
BRDA:34,2,1,13
BRDA:47,3,0,83
BRDA:47,3,1,24
BRDA:49,4,0,2
BRDA:49,4,1,81
BRDA:57,5,0,62
BRDA:57,5,1,43
BRF:10
BRH:9
end_of_record
TN:
SF:src/operators/extended/distinctUntilKeyChanged.ts
FN:7,distinctUntilKeyChanged
FN:8,(anonymous_2)
FNF:2
FNH:2
FNDA:17,distinctUntilKeyChanged
FNDA:39,(anonymous_2)
DA:1,1
DA:2,1
DA:5,1
DA:7,1
DA:8,17
DA:9,39
DA:10,16
DA:12,23
DA:16,1
LF:9
LH:9
BRDA:9,1,0,16
BRDA:9,1,1,23
BRF:2
BRH:2
end_of_record
TN:
SF:src/operators/do.ts
FN:10,_do
FN:22,(anonymous_4)
FN:28,DoOperator
FN:34,(anonymous_6)
FN:39,(anonymous_7)
FN:45,DoSubscriber
FN:52,(anonymous_9)
FN:61,(anonymous_10)
FN:70,(anonymous_11)
FNF:9
FNH:9
FNDA:50,_do
FNDA:1,(anonymous_4)
FNDA:50,DoOperator
FNDA:50,(anonymous_6)
FNDA:1,(anonymous_7)
FNDA:50,DoSubscriber
FNDA:107,(anonymous_9)
FNDA:6,(anonymous_10)
FNDA:21,(anonymous_11)
DA:2,1
DA:4,1
DA:6,1
DA:7,1
DA:8,1
DA:10,1
DA:11,50
DA:12,50
DA:13,7
DA:14,7
DA:15,7
DA:17,43
DA:19,50
DA:22,1
DA:28,1
DA:29,50
DA:30,50
DA:31,50
DA:34,1
DA:35,50
DA:37,1
DA:39,1
DA:45,1
DA:46,50
DA:47,50
DA:48,50
DA:49,50
DA:52,1
DA:53,107
DA:54,107
DA:55,1
DA:57,106
DA:61,1
DA:62,6
DA:63,6
DA:64,1
DA:66,5
DA:70,1
DA:71,21
DA:72,21
DA:73,1
DA:75,20
DA:78,1
DA:80,1
LF:44
LH:44
BRDA:12,1,0,7
BRDA:12,1,1,43
BRDA:12,2,0,50
BRDA:12,2,1,36
BRDA:19,3,0,50
BRDA:19,3,1,18
BRDA:19,4,0,50
BRDA:19,4,1,39
BRDA:19,5,0,50
BRDA:19,5,1,32
BRDA:54,6,0,1
BRDA:54,6,1,106
BRDA:63,7,0,1
BRDA:63,7,1,5
BRDA:72,8,0,1
BRDA:72,8,1,20
BRF:16
BRH:16
end_of_record
TN:
SF:src/operators/extended/elementAt.ts
FN:9,elementAt
FN:13,(anonymous_4)
FN:15,ElementAtOperator
FN:21,(anonymous_6)
FN:26,(anonymous_7)
FN:28,ElementAtSubscriber
FN:32,(anonymous_9)
FN:39,(anonymous_10)
FNF:8
FNH:8
FNDA:6,elementAt
FNDA:1,(anonymous_4)
FNDA:6,ElementAtOperator
FNDA:5,(anonymous_6)
FNDA:1,(anonymous_7)
FNDA:5,ElementAtSubscriber
FNDA:10,(anonymous_9)
FNDA:2,(anonymous_10)
DA:2,1
DA:3,1
DA:4,1
DA:7,1
DA:9,1
DA:10,6
DA:13,1
DA:15,6
DA:16,6
DA:17,1
DA:21,1
DA:22,5
DA:24,1
DA:26,1
DA:28,5
DA:29,5
DA:32,1
DA:33,10
DA:34,3
DA:35,3
DA:39,1
DA:40,2
DA:41,2
DA:42,2
DA:43,1
DA:45,1
DA:48,2
DA:50,1
DA:52,1
LF:29
LH:29
BRDA:16,1,0,1
BRDA:16,1,1,5
BRDA:33,2,0,3
BRDA:33,2,1,7
BRDA:41,3,0,2
BRDA:41,3,1,0
BRDA:42,4,0,1
BRDA:42,4,1,1
BRF:8
BRH:7
end_of_record
TN:
SF:src/util/ArgumentOutOfRangeError.ts
FN:1,(anonymous_1)
FNF:1
FNH:1
FNDA:7,(anonymous_1)
DA:1,2
DA:2,6
DA:3,6
DA:4,1
LF:4
LH:4
BRF:0
BRH:0
end_of_record
TN:
SF:src/operators/expand.ts
FN:4,expand
FNF:1
FNH:1
FNDA:12,expand
DA:1,1
DA:2,1
DA:4,1
DA:5,21
DA:6,12
DA:9,1
LF:6
LH:6
BRDA:5,1,0,9
BRDA:5,1,1,3
BRF:2
BRH:2
end_of_record
TN:
SF:src/operators/expand-support.ts
FN:10,(anonymous_3)
FN:11,ExpandOperator
FN:15,(anonymous_5)
FN:20,(anonymous_6)
FN:26,ExpandSubscriber
FN:35,(anonymous_8)
FN:62,(anonymous_9)
FN:69,(anonymous_10)
FN:81,(anonymous_11)
FNF:9
FNH:9
FNDA:1,(anonymous_3)
FNDA:12,ExpandOperator
FNDA:12,(anonymous_5)
FNDA:1,(anonymous_6)
FNDA:12,ExpandSubscriber
FNDA:90,(anonymous_8)
FNDA:12,(anonymous_9)
FNDA:67,(anonymous_10)
FNDA:54,(anonymous_11)
DA:4,1
DA:5,1
DA:6,1
DA:8,1
DA:10,1
DA:11,12
DA:12,12
DA:15,1
DA:16,12
DA:18,1
DA:20,1
DA:21,12
DA:22,12
DA:23,12
DA:26,1
DA:27,12
DA:28,12
DA:29,12
DA:30,12
DA:31,3
DA:35,1
DA:36,90
DA:38,90
DA:39,0
DA:40,0
DA:43,90
DA:44,90
DA:45,75
DA:46,75
DA:47,75
DA:48,1
DA:50,74
DA:51,4
DA:53,70
DA:54,70
DA:58,15
DA:62,1
DA:63,12
DA:64,12
DA:65,3
DA:69,1
DA:70,67
DA:71,67
DA:72,67
DA:73,67
DA:74,15
DA:76,67
DA:77,8
DA:81,1
DA:82,54
DA:84,1
LF:51
LH:49
BRDA:12,1,0,0
BRDA:12,1,1,12
BRDA:28,2,0,0
BRDA:28,2,1,12
BRDA:30,3,0,3
BRDA:30,3,1,9
BRDA:38,4,0,0
BRDA:38,4,1,90
BRDA:44,5,0,75
BRDA:44,5,1,15
BRDA:47,6,0,1
BRDA:47,6,1,74
BRDA:50,7,0,4
BRDA:50,7,1,70
BRDA:64,8,0,3
BRDA:64,8,1,9
BRDA:64,9,0,12
BRDA:64,9,1,12
BRDA:73,10,0,15
BRDA:73,10,1,52
BRDA:73,11,0,67
BRDA:73,11,1,29
BRDA:76,12,0,8
BRDA:76,12,1,59
BRDA:76,13,0,67
BRDA:76,13,1,56
BRF:26
BRH:23
end_of_record
TN:
SF:src/operators/filter.ts
FN:17,filter
FN:21,(anonymous_4)
FN:25,FilterOperator
FN:29,(anonymous_6)
FN:34,(anonymous_7)
FN:39,FilterSubscriber
FN:44,(anonymous_9)
FNF:7
FNH:7
FNDA:47,filter
FNDA:1,(anonymous_4)
FNDA:47,FilterOperator
FNDA:46,(anonymous_6)
FNDA:1,(anonymous_7)
FNDA:46,FilterSubscriber
FNDA:169,(anonymous_9)
DA:2,1
DA:3,1
DA:4,1
DA:5,1
DA:6,1
DA:17,1
DA:18,47
DA:21,1
DA:25,1
DA:26,47
DA:29,1
DA:30,46
DA:32,1
DA:34,1
DA:36,46
DA:39,1
DA:40,46
DA:41,46
DA:44,1
DA:45,169
DA:46,169
DA:47,4
DA:48,165
DA:49,75
DA:52,1
DA:54,1
LF:26
LH:26
BRDA:46,1,0,4
BRDA:46,1,1,165
BRDA:48,2,0,75
BRDA:48,2,1,90
BRF:4
BRH:4
end_of_record
TN:
SF:src/operators/extended/find.ts
FN:7,find
FNF:1
FNH:1
FNDA:6,find
DA:1,1
DA:2,1
DA:5,1
DA:7,1
DA:8,6
DA:11,1
LF:6
LH:6
BRF:0
BRH:0
end_of_record
TN:
SF:src/operators/extended/find-support.ts
FN:9,(anonymous_3)
FN:10,FindValueOperator
FN:16,(anonymous_5)
FN:21,(anonymous_6)
FN:25,FindValueSubscriber
FN:37,(anonymous_8)
FN:44,(anonymous_9)
FN:56,(anonymous_10)
FNF:8
FNH:8
FNDA:1,(anonymous_3)
FNDA:12,FindValueOperator
FNDA:12,(anonymous_5)
FNDA:1,(anonymous_6)
FNDA:12,FindValueSubscriber
FNDA:6,(anonymous_8)
FNDA:14,(anonymous_9)
FNDA:4,(anonymous_10)
DA:3,1
DA:5,1
DA:6,1
DA:7,1
DA:9,1
DA:10,12
DA:11,12
DA:12,12
DA:13,12
DA:16,1
DA:17,12
DA:19,1
DA:21,1
DA:23,12
DA:25,1
DA:27,12
DA:28,12
DA:29,12
DA:30,12
DA:32,12
DA:33,12
DA:37,1
DA:38,6
DA:40,6
DA:41,6
DA:44,1
DA:45,14
DA:47,14
DA:48,14
DA:49,14
DA:50,2
DA:51,12
DA:52,2
DA:56,1
DA:57,4
DA:59,1
LF:36
LH:36
BRDA:32,1,0,12
BRDA:32,1,1,0
BRDA:49,2,0,2
BRDA:49,2,1,12
BRDA:51,3,0,2
BRDA:51,3,1,10
BRDA:52,4,0,1
BRDA:52,4,1,1
BRDA:57,5,0,2
BRDA:57,5,1,2
BRF:10
BRH:9
end_of_record
TN:
SF:src/operators/extended/findIndex.ts
FN:7,findIndex
FNF:1
FNH:1
FNDA:6,findIndex
DA:1,1
DA:2,1
DA:5,1
DA:7,1
DA:8,6
DA:11,1
LF:6
LH:6
BRF:0
BRH:0
end_of_record
TN:
SF:src/operators/finally.ts
FN:7,_finally
FN:13,(anonymous_4)
FN:17,FinallyOperator
FN:21,(anonymous_6)
FN:26,(anonymous_7)
FN:27,FinallySubscriber
FNF:6
FNH:6
FNDA:3,_finally
FNDA:1,(anonymous_4)
FNDA:3,FinallyOperator
FNDA:3,(anonymous_6)
FNDA:1,(anonymous_7)
FNDA:3,FinallySubscriber
DA:2,1
DA:3,1
DA:4,1
DA:5,1
DA:7,1
DA:8,3
DA:13,1
DA:17,1
DA:18,3
DA:21,1
DA:22,3
DA:24,1
DA:26,1
DA:27,1
DA:28,3
DA:29,3
DA:31,1
DA:33,1
LF:18
LH:18
BRDA:9,1,0,0
BRDA:9,1,1,3
BRF:2
BRH:1
end_of_record
TN:
SF:src/operators/first.ts
FN:8,first
FN:14,(anonymous_4)
FN:15,FirstOperator
FN:21,(anonymous_6)
FN:26,(anonymous_7)
FN:30,FirstSubscriber
FN:38,(anonymous_9)
FN:65,(anonymous_10)
FNF:8
FNH:8
FNDA:15,first
FNDA:1,(anonymous_4)
FNDA:15,FirstOperator
FNDA:15,(anonymous_6)
FNDA:1,(anonymous_7)
FNDA:15,FirstSubscriber
FNDA:27,(anonymous_9)
FNDA:4,(anonymous_10)
DA:1,1
DA:3,1
DA:4,1
DA:5,1
DA:6,1
DA:8,1
DA:11,15
DA:14,1
DA:15,15
DA:16,15
DA:17,15
DA:18,15
DA:21,1
DA:22,15
DA:24,1
DA:26,1
DA:27,15
DA:28,15
DA:30,1
DA:31,15
DA:32,15
DA:33,15
DA:34,15
DA:35,15
DA:38,1
DA:39,27
DA:40,27
DA:41,27
DA:42,27
DA:43,25
DA:44,25
DA:45,1
DA:46,1
DA:49,26
DA:50,7
DA:51,2
DA:52,2
DA:53,1
DA:54,1
DA:56,1
DA:58,5
DA:60,6
DA:61,6
DA:65,1
DA:66,4
DA:67,4
DA:68,2
DA:69,2
DA:70,2
DA:71,2
DA:74,1
DA:76,1
LF:52
LH:52
BRDA:42,1,0,25
BRDA:42,1,1,2
BRDA:44,2,0,1
BRDA:44,2,1,24
BRDA:49,3,0,7
BRDA:49,3,1,19
BRDA:50,4,0,2
BRDA:50,4,1,5
BRDA:52,5,0,1
BRDA:52,5,1,1
BRDA:67,6,0,2
BRDA:67,6,1,2
BRDA:67,7,0,4
BRDA:67,7,1,4
BRDA:70,8,0,2
BRDA:70,8,1,0
BRF:16
BRH:15
end_of_record
TN:
SF:src/util/EmptyError.ts
FN:1,(anonymous_1)
FNF:1
FNH:1
FNDA:13,(anonymous_1)
DA:1,2
DA:2,12
DA:3,12
DA:4,1
LF:4
LH:4
BRF:0
BRH:0
end_of_record
TN:
SF:src/operators/groupBy.ts
FN:11,groupBy
FN:17,(anonymous_4)
FN:18,GroupByObservable
FN:25,(anonymous_6)
FN:35,(anonymous_7)
FN:38,GroupBySubscriber
FN:48,(anonymous_9)
FN:92,(anonymous_10)
FN:95,(anonymous_11)
FN:103,(anonymous_12)
FN:106,(anonymous_13)
FN:114,(anonymous_14)
FN:119,(anonymous_15)
FN:120,GroupDurationSubscriber
FN:126,(anonymous_17)
FN:131,(anonymous_18)
FN:136,(anonymous_19)
FNF:17
FNH:17
FNDA:36,groupBy
FNDA:1,(anonymous_4)
FNDA:36,GroupByObservable
FNDA:36,(anonymous_6)
FNDA:1,(anonymous_7)
FNDA:36,GroupBySubscriber
FNDA:268,(anonymous_9)
FNDA:11,(anonymous_10)
FNDA:29,(anonymous_11)
FNDA:19,(anonymous_12)
FNDA:42,(anonymous_13)
FNDA:150,(anonymous_14)
FNDA:1,(anonymous_15)
FNDA:58,GroupDurationSubscriber
FNDA:26,(anonymous_17)
FNDA:14,(anonymous_18)
FNDA:39,(anonymous_19)
DA:1,1
DA:3,1
DA:4,1
DA:5,1
DA:6,1
DA:7,1
DA:8,1
DA:9,1
DA:11,1
DA:14,36
DA:17,1
DA:18,36
DA:19,36
DA:20,36
DA:21,36
DA:22,36
DA:25,1
DA:26,36
DA:27,36
DA:30,36
DA:31,36
DA:33,1
DA:35,1
DA:36,36
DA:38,1
DA:39,36
DA:40,36
DA:41,36
DA:42,36
DA:43,36
DA:44,36
DA:45,36
DA:48,1
DA:49,268
DA:50,268
DA:51,2
DA:53,266
DA:54,266
DA:55,266
DA:57,266
DA:58,33
DA:61,266
DA:63,266
DA:64,109
DA:65,109
DA:67,109
DA:68,59
DA:69,59
DA:70,1
DA:72,58
DA:76,109
DA:79,266
DA:80,144
DA:81,144
DA:82,2
DA:84,142
DA:87,122
DA:92,12
DA:93,11
DA:94,11
DA:95,10
DA:96,29
DA:97,29
DA:100,11
DA:103,20
DA:104,19
DA:105,19
DA:106,18
DA:107,42
DA:108,42
DA:111,19
DA:114,1
DA:115,150
DA:117,1
DA:119,1
DA:120,58
DA:121,58
DA:122,58
DA:123,58
DA:126,1
DA:127,26
DA:128,26
DA:131,1
DA:132,14
DA:133,14
DA:136,1
DA:137,39
DA:138,39
DA:140,1
DA:142,1
LF:90
LH:90
BRDA:50,1,0,2
BRDA:50,1,1,266
BRDA:57,2,0,33
BRDA:57,2,1,233
BRDA:58,3,0,29
BRDA:58,3,1,4
BRDA:63,4,0,109
BRDA:63,4,1,157
BRDA:67,5,0,59
BRDA:67,5,1,50
BRDA:69,6,0,1
BRDA:69,6,1,58
BRDA:79,7,0,144
BRDA:79,7,1,122
BRDA:81,8,0,2
BRDA:81,8,1,142
BRDA:94,9,0,10
BRDA:94,9,1,1
BRDA:105,10,0,18
BRDA:105,10,1,1
BRF:20
BRH:20
end_of_record
TN:
SF:src/Subject.ts
FN:19,(anonymous_3)
FN:23,(anonymous_5)
FN:37,(anonymous_6)
FN:43,(anonymous_7)
FN:61,(anonymous_8)
FN:65,(anonymous_9)
FN:69,(anonymous_10)
FN:74,(anonymous_11)
FN:90,(anonymous_12)
FN:106,(anonymous_13)
FN:121,(anonymous_14)
FN:131,(anonymous_15)
FN:147,(anonymous_16)
FN:164,(anonymous_17)
FN:165,BidirectionalSubject
FN:169,(anonymous_19)
FN:174,(anonymous_20)
FN:178,(anonymous_21)
FN:182,(anonymous_22)
FN:186,(anonymous_23)
FN:190,(anonymous_24)
FN:194,(anonymous_25)
FNF:22
FNH:22
FNDA:2583,(anonymous_3)
FNDA:2,(anonymous_5)
FNDA:846,(anonymous_6)
FNDA:1895,(anonymous_7)
FNDA:2,(anonymous_8)
FNDA:1,(anonymous_9)
FNDA:1544,(anonymous_10)
FNDA:5474,(anonymous_11)
FNDA:324,(anonymous_12)
FNDA:1327,(anonymous_13)
FNDA:5434,(anonymous_14)
FNDA:304,(anonymous_15)
FNDA:1230,(anonymous_16)
FNDA:1,(anonymous_17)
FNDA:848,BidirectionalSubject
FNDA:851,(anonymous_19)
FNDA:6,(anonymous_20)
FNDA:1,(anonymous_21)
FNDA:1,(anonymous_22)
FNDA:6,(anonymous_23)
FNDA:1,(anonymous_24)
FNDA:1,(anonymous_25)
DA:3,1
DA:4,1
DA:5,1
DA:6,1
DA:8,1
DA:9,1
DA:10,1
DA:12,1
DA:13,1
DA:14,1
DA:15,1
DA:16,1
DA:17,1
DA:19,2583
DA:23,1
DA:24,2
DA:29,2582
DA:30,2582
DA:32,2582
DA:33,2582
DA:35,2582
DA:37,1
DA:38,846
DA:39,846
DA:40,846
DA:43,1
DA:44,1895
DA:45,2
DA:46,1893
DA:47,31
DA:48,31
DA:49,1862
DA:50,38
DA:51,38
DA:52,1824
DA:53,1
DA:56,1823
DA:58,1823
DA:61,1
DA:62,2
DA:65,1
DA:66,1
DA:69,1
DA:70,1544
DA:71,1544
DA:74,1
DA:75,5474
DA:76,40
DA:79,5434
DA:80,5434
DA:81,5434
DA:83,5434
DA:84,3
DA:85,5431
DA:86,26
DA:90,1
DA:91,324
DA:92,17
DA:95,307
DA:96,307
DA:98,307
DA:99,3
DA:102,304
DA:103,304
DA:106,1
DA:107,1327
DA:108,71
DA:111,1256
DA:113,1256
DA:114,26
DA:117,1230
DA:118,1230
DA:121,1
DA:122,5434
DA:123,5434
DA:124,5434
DA:126,5434
DA:127,4502
DA:131,1
DA:132,304
DA:133,304
DA:134,304
DA:137,304
DA:138,304
DA:140,304
DA:141,299
DA:144,304
DA:147,1
DA:148,1230
DA:149,1230
DA:150,1230
DA:153,1230
DA:154,1230
DA:156,1230
DA:157,922
DA:160,1230
DA:162,1
DA:164,1
DA:165,848
DA:166,848
DA:169,1
DA:170,851
DA:171,851
DA:174,1
DA:175,6
DA:178,1
DA:179,1
DA:182,1
DA:183,1
DA:186,1
DA:187,6
DA:190,1
DA:191,1
DA:194,1
DA:195,1
DA:197,1
LF:116
LH:116
BRDA:38,1,0,846
BRDA:38,1,1,824
BRDA:44,2,0,2
BRDA:44,2,1,1893
BRDA:46,3,0,31
BRDA:46,3,1,1862
BRDA:49,4,0,38
BRDA:49,4,1,1824
BRDA:52,5,0,1
BRDA:52,5,1,1823
BRDA:75,6,0,40
BRDA:75,6,1,5434
BRDA:83,7,0,3
BRDA:83,7,1,5431
BRDA:85,8,0,26
BRDA:85,8,1,5405
BRDA:91,9,0,17
BRDA:91,9,1,307
BRDA:91,10,0,324
BRDA:91,10,1,307
BRDA:98,11,0,3
BRDA:98,11,1,304
BRDA:107,12,0,71
BRDA:107,12,1,1256
BRDA:107,13,0,1327
BRDA:107,13,1,1256
BRDA:113,14,0,26
BRDA:113,14,1,1230
BRDA:171,15,0,849
BRDA:171,15,1,2
BRF:30
BRH:30
end_of_record
TN:
SF:src/subjects/SubjectSubscription.ts
FN:6,(anonymous_3)
FN:9,SubjectSubscription
FN:13,(anonymous_5)
FNF:3
FNH:3
FNDA:1,(anonymous_3)
FNDA:1823,SubjectSubscription
FNDA:1654,(anonymous_5)
DA:2,1
DA:4,1
DA:6,1
DA:7,1823
DA:9,1823
DA:10,1823
DA:13,1
DA:14,1654
DA:15,0
DA:18,1654
DA:20,1654
DA:21,1654
DA:23,1654
DA:25,1654
DA:26,1186
DA:29,468
DA:30,468
DA:32,468
DA:34,468
DA:35,468
DA:38,1
LF:21
LH:20
BRDA:14,1,0,0
BRDA:14,1,1,1654
BRDA:25,2,0,1186
BRDA:25,2,1,468
BRDA:25,3,0,1654
BRDA:25,3,1,468
BRDA:25,3,2,468
BRDA:29,4,0,468
BRDA:29,4,1,0
BRDA:34,5,0,468
BRDA:34,5,1,0
BRF:11
BRH:8
end_of_record
TN:
SF:src/util/Map.ts
FN:4,(anonymous_1)
FNF:1
FNH:0
FNDA:0,(anonymous_1)
DA:1,1
DA:2,1
DA:4,1
LF:3
LH:3
BRDA:4,1,0,1
BRDA:4,1,1,0
BRF:2
BRH:1
end_of_record
TN:
SF:src/util/MapPolyfill.ts
FN:1,(anonymous_1)
FN:6,(anonymous_3)
FN:11,(anonymous_4)
FN:23,(anonymous_5)
FN:32,(anonymous_6)
FNF:5
FNH:5
FNDA:6,(anonymous_1)
FNDA:5,(anonymous_3)
FNDA:9,(anonymous_4)
FNDA:1,(anonymous_5)
FNDA:1,(anonymous_6)
DA:1,2
DA:2,5
DA:3,5
DA:4,5
DA:6,1
DA:7,5
DA:8,5
DA:11,1
DA:12,9
DA:13,9
DA:14,8
DA:15,8
DA:16,8
DA:18,1
DA:20,9
DA:23,1
DA:24,1
DA:25,1
DA:26,1
DA:27,1
DA:28,1
DA:29,1
DA:32,1
DA:33,1
DA:34,3
DA:37,1
LF:26
LH:26
BRDA:8,1,0,1
BRDA:8,1,1,4
BRDA:13,2,0,8
BRDA:13,2,1,1
BRDA:25,3,0,0
BRDA:25,3,1,1
BRF:6
BRH:5
end_of_record
TN:
SF:src/util/FastMap.ts
FN:1,(anonymous_1)
FN:4,(anonymous_3)
FN:9,(anonymous_4)
FN:14,(anonymous_5)
FN:18,(anonymous_6)
FN:27,(anonymous_7)
FNF:6
FNH:6
FNDA:36,(anonymous_1)
FNDA:137,(anonymous_3)
FNDA:109,(anonymous_4)
FNDA:255,(anonymous_5)
FNDA:25,(anonymous_6)
FNDA:1,(anonymous_7)
DA:1,2
DA:2,35
DA:4,1
DA:5,137
DA:6,137
DA:9,1
DA:10,109
DA:11,109
DA:14,1
DA:15,255
DA:18,1
DA:19,25
DA:20,25
DA:21,81
DA:22,66
DA:27,1
DA:28,1
DA:30,1
LF:18
LH:18
BRDA:21,1,0,66
BRDA:21,1,1,15
BRDA:21,2,0,81
BRDA:21,2,1,81
BRF:4
BRH:4
end_of_record
TN:
SF:src/operators/groupBy-support.ts
FN:6,(anonymous_3)
FN:11,RefCountSubscription
FN:15,(anonymous_5)
FN:19,(anonymous_6)
FN:30,(anonymous_7)
FN:31,GroupedObservable
FN:37,(anonymous_9)
FN:47,(anonymous_10)
FN:48,InnerRefCountSubscription
FN:53,(anonymous_12)
FNF:10
FNH:10
FNDA:1,(anonymous_3)
FNDA:36,RefCountSubscription
FNDA:36,(anonymous_5)
FNDA:38,(anonymous_6)
FNDA:1,(anonymous_7)
FNDA:168,GroupedObservable
FNDA:150,(anonymous_9)
FNDA:1,(anonymous_10)
FNDA:84,InnerRefCountSubscription
FNDA:84,(anonymous_12)
DA:1,1
DA:4,1
DA:6,1
DA:8,36
DA:9,36
DA:11,1
DA:12,36
DA:15,1
DA:16,36
DA:19,1
DA:20,38
DA:21,35
DA:22,35
DA:23,32
DA:24,32
DA:28,1
DA:30,1
DA:31,168
DA:32,168
DA:33,168
DA:34,168
DA:37,1
DA:38,150
DA:39,150
DA:40,84
DA:42,150
DA:43,150
DA:45,1
DA:47,1
DA:48,84
DA:49,84
DA:50,84
DA:53,1
DA:54,84
DA:55,84
DA:56,84
DA:57,84
DA:58,3
DA:59,3
DA:63,1
LF:40
LH:40
BRDA:20,1,0,35
BRDA:20,1,1,3
BRDA:20,2,0,38
BRDA:20,2,1,38
BRDA:22,3,0,32
BRDA:22,3,1,3
BRDA:39,4,0,84
BRDA:39,4,1,66
BRDA:39,5,0,150
BRDA:39,5,1,92
BRDA:54,6,0,84
BRDA:54,6,1,0
BRDA:54,7,0,84
BRDA:54,7,1,84
BRDA:57,8,0,3
BRDA:57,8,1,81
BRDA:57,9,0,84
BRDA:57,9,1,27
BRF:18
BRH:17
end_of_record
TN:
SF:src/operators/ignoreElements.ts
FN:6,ignoreElements
FN:10,(anonymous_4)
FN:11,(anonymous_6)
FN:16,(anonymous_7)
FN:17,(anonymous_9)
FNF:5
FNH:5
FNDA:5,ignoreElements
FNDA:6,(anonymous_4)
FNDA:5,(anonymous_6)
FNDA:6,(anonymous_7)
FNDA:5,(anonymous_9)
DA:2,1
DA:3,1
DA:4,1
DA:6,1
DA:7,5
DA:10,2
DA:11,1
DA:12,5
DA:14,1
DA:16,6
DA:17,1
DA:18,5
DA:20,1
DA:22,1
LF:14
LH:14
BRF:0
BRH:0
end_of_record
TN:
SF:src/operators/extended/isEmpty.ts
FN:8,isEmpty
FN:12,(anonymous_4)
FN:13,(anonymous_6)
FN:18,(anonymous_7)
FN:20,IsEmptySubscriber
FN:24,(anonymous_9)
FN:31,(anonymous_10)
FN:35,(anonymous_11)
FNF:8
FNH:8
FNDA:6,isEmpty
FNDA:7,(anonymous_4)
FNDA:6,(anonymous_6)
FNDA:1,(anonymous_7)
FNDA:6,IsEmptySubscriber
FNDA:3,(anonymous_9)
FNDA:1,(anonymous_10)
FNDA:2,(anonymous_11)
DA:2,1
DA:3,1
DA:6,1
DA:8,1
DA:9,6
DA:12,2
DA:13,1
DA:14,6
DA:16,1
DA:18,1
DA:20,1
DA:21,6
DA:24,1
DA:25,3
DA:27,3
DA:28,3
DA:31,1
DA:32,1
DA:35,1
DA:36,2
DA:38,1
DA:40,1
LF:22
LH:22
BRF:0
BRH:0
end_of_record
TN:
SF:src/operators/every.ts
FN:12,every
FN:28,(anonymous_4)
FN:38,(anonymous_5)
FN:39,EveryOperator
FN:44,(anonymous_7)
FN:49,(anonymous_8)
FN:53,EverySubscriber
FN:64,(anonymous_10)
FN:69,(anonymous_11)
FN:84,(anonymous_12)
FNF:10
FNH:10
FNDA:20,every
FNDA:3,(anonymous_4)
FNDA:1,(anonymous_5)
FNDA:14,EveryOperator
FNDA:14,(anonymous_7)
FNDA:1,(anonymous_8)
FNDA:14,EverySubscriber
FNDA:9,(anonymous_10)
FNDA:24,(anonymous_11)
FNDA:5,(anonymous_12)
DA:3,1
DA:4,1
DA:5,1
DA:6,1
DA:7,1
DA:8,1
DA:9,1
DA:10,1
DA:12,1
DA:14,20
DA:15,20
DA:17,20
DA:18,3
DA:19,3
DA:20,1
DA:22,2
DA:26,17
DA:27,3
DA:28,3
DA:29,3
DA:30,1
DA:32,2
DA:35,14
DA:38,1
DA:39,14
DA:40,14
DA:41,14
DA:44,1
DA:45,14
DA:47,1
DA:49,1
DA:50,14
DA:51,14
DA:53,1
DA:55,14
DA:56,14
DA:57,14
DA:59,14
DA:60,13
DA:64,1
DA:65,9
DA:66,9
DA:69,1
DA:70,24
DA:72,24
DA:73,1
DA:76,24
DA:77,24
DA:78,2
DA:79,22
DA:80,4
DA:84,1
DA:85,5
DA:87,1
DA:89,1
LF:55
LH:55
BRDA:17,1,0,3
BRDA:17,1,1,17
BRDA:19,2,0,1
BRDA:19,2,1,2
BRDA:26,3,0,3
BRDA:26,3,1,14
BRDA:29,4,0,1
BRDA:29,4,1,2
BRDA:59,5,0,13
BRDA:59,5,1,1
BRDA:72,6,0,1
BRDA:72,6,1,23
BRDA:77,7,0,2
BRDA:77,7,1,22
BRDA:79,8,0,4
BRDA:79,8,1,18
BRF:16
BRH:16
end_of_record
TN:
SF:src/operators/last.ts
FN:8,last
FN:14,(anonymous_4)
FN:15,LastOperator
FN:21,(anonymous_6)
FN:26,(anonymous_7)
FN:31,LastSubscriber
FN:43,(anonymous_9)
FN:73,(anonymous_10)
FNF:8
FNH:8
FNDA:11,last
FNDA:1,(anonymous_4)
FNDA:11,LastOperator
FNDA:11,(anonymous_6)
FNDA:1,(anonymous_7)
FNDA:11,LastSubscriber
FNDA:19,(anonymous_9)
FNDA:7,(anonymous_10)
DA:1,1
DA:3,1
DA:4,1
DA:5,1
DA:6,1
DA:8,1
DA:11,11
DA:14,1
DA:15,11
DA:16,11
DA:17,11
DA:18,11
DA:21,1
DA:22,11
DA:24,1
DA:26,1
DA:28,11
DA:29,11
DA:31,1
DA:32,11
DA:33,11
DA:34,11
DA:35,11
DA:36,11
DA:37,11
DA:38,2
DA:39,2
DA:43,1
DA:44,19
DA:45,19
DA:47,19
DA:48,12
DA:49,12
DA:50,1
DA:51,1
DA:54,11
DA:55,4
DA:56,2
DA:57,2
DA:58,1
DA:59,1
DA:61,1
DA:63,2
DA:65,3
DA:68,7
DA:69,7
DA:73,1
DA:74,7
DA:75,7
DA:76,5
DA:77,5
DA:79,2
DA:82,1
DA:84,1
LF:54
LH:54
BRDA:37,1,0,2
BRDA:37,1,1,9
BRDA:47,2,0,12
BRDA:47,2,1,7
BRDA:49,3,0,1
BRDA:49,3,1,11
BRDA:54,4,0,4
BRDA:54,4,1,7
BRDA:55,5,0,2
BRDA:55,5,1,2
BRDA:57,6,0,1
BRDA:57,6,1,1
BRDA:75,7,0,5
BRDA:75,7,1,2
BRF:14
BRH:14
end_of_record
TN:
SF:src/operators/map.ts
FN:16,map
FN:20,(anonymous_4)
FN:24,MapOperator
FN:27,(anonymous_6)
FN:32,(anonymous_7)
FN:37,MapSubscriber
FN:43,(anonymous_9)
FNF:7
FNH:7
FNDA:82,map
FNDA:1,(anonymous_4)
FNDA:82,MapOperator
FNDA:99,(anonymous_6)
FNDA:1,(anonymous_7)
FNDA:99,MapSubscriber
FNDA:221,(anonymous_9)
DA:2,1
DA:3,1
DA:4,1
DA:5,1
DA:6,1
DA:16,1
DA:17,82
DA:20,1
DA:24,1
DA:25,82
DA:27,1
DA:28,99
DA:30,1
DA:32,1
DA:34,99
DA:37,1
DA:39,99
DA:40,99
DA:43,1
DA:44,221
DA:45,221
DA:46,29
DA:48,192
DA:51,1
DA:53,1
LF:25
LH:25
BRDA:45,1,0,29
BRDA:45,1,1,192
BRF:2
BRH:2
end_of_record
TN:
SF:src/operators/mapTo.ts
FN:10,mapTo
FN:14,(anonymous_4)
FN:18,MapToOperator
FN:22,(anonymous_6)
FN:27,(anonymous_7)
FN:31,MapToSubscriber
FN:36,(anonymous_9)
FNF:7
FNH:7
FNDA:21,mapTo
FNDA:1,(anonymous_4)
FNDA:21,MapToOperator
FNDA:21,(anonymous_6)
FNDA:1,(anonymous_7)
FNDA:21,MapToSubscriber
FNDA:33,(anonymous_9)
DA:2,1
DA:3,1
DA:10,1
DA:11,21
DA:14,1
DA:18,1
DA:19,21
DA:22,1
DA:23,21
DA:25,1
DA:27,1
DA:31,1
DA:32,21
DA:33,21
DA:36,1
DA:37,33
DA:39,1
DA:41,1
LF:18
LH:18
BRF:0
BRH:0
end_of_record
TN:
SF:src/operators/materialize.ts
FN:6,materialize
FN:10,(anonymous_4)
FN:11,(anonymous_6)
FN:16,(anonymous_7)
FN:17,MaterializeSubscriber
FN:21,(anonymous_9)
FN:25,(anonymous_10)
FN:31,(anonymous_11)
FNF:8
FNH:8
FNDA:37,materialize
FNDA:38,(anonymous_4)
FNDA:37,(anonymous_6)
FNDA:1,(anonymous_7)
FNDA:37,MaterializeSubscriber
FNDA:50,(anonymous_9)
FNDA:3,(anonymous_10)
FNDA:17,(anonymous_11)
DA:2,1
DA:3,1
DA:4,1
DA:6,1
DA:7,37
DA:10,2
DA:11,1
DA:12,37
DA:14,1
DA:16,1
DA:17,1
DA:18,37
DA:21,1
DA:22,50
DA:25,1
DA:26,3
DA:27,3
DA:28,3
DA:31,1
DA:32,17
DA:33,17
DA:34,17
DA:36,1
DA:38,1
LF:24
LH:24
BRF:0
BRH:0
end_of_record
TN:
SF:src/operators/extended/max.ts
FN:7,max
FN:10,(anonymous_2)
FNF:2
FNH:2
FNDA:21,max
FNDA:10013,(anonymous_2)
DA:1,1
DA:2,1
DA:5,1
DA:7,1
DA:8,21
DA:10,10013
DA:11,21
DA:14,1
LF:8
LH:8
BRDA:9,1,0,8
BRDA:9,1,1,13
BRDA:10,2,0,3
BRDA:10,2,1,10010
BRF:4
BRH:4
end_of_record
TN:
[...]
end_of_record
TN:
SF:src/operators/toArray.ts
FN:5,toArray
FN:9,(anonymous_4)
FN:10,(anonymous_6)
FN:15,(anonymous_7)
FN:19,ToArraySubscriber
FN:23,(anonymous_9)
FN:27,(anonymous_10)
FNF:7
FNH:7
FNDA:12,toArray
FNDA:13,(anonymous_4)
FNDA:12,(anonymous_6)
FNDA:1,(anonymous_7)
FNDA:12,ToArraySubscriber
FNDA:17,(anonymous_9)
FNDA:7,(anonymous_10)
DA:2,1
DA:3,1
DA:5,1
DA:6,12
DA:9,2
DA:10,1
DA:11,12
DA:13,1
DA:15,1
DA:17,12
DA:19,1
DA:20,12
DA:23,1
DA:24,17
DA:27,1
DA:28,7
DA:29,7
DA:31,1
DA:33,1
LF:19
LH:19
BRF:0
BRH:0
end_of_record
TN:
SF:src/operators/toPromise.ts
FN:4,toPromise
FN:17,(anonymous_2)
FN:19,(anonymous_3)
FN:19,(anonymous_4)
FN:19,(anonymous_5)
FNF:5
FNH:5
FNDA:3,toPromise
FNDA:3,(anonymous_2)
FNDA:4,(anonymous_3)
FNDA:1,(anonymous_4)
FNDA:2,(anonymous_5)
DA:1,1
DA:2,1
DA:4,4
DA:5,3
DA:6,1
DA:7,1
DA:8,0
DA:9,0
DA:13,3
DA:14,0
DA:17,3
DA:18,3
DA:19,4
DA:23,1
LF:14
LH:11
BRDA:5,1,0,1
BRDA:5,1,1,2
BRDA:6,2,0,1
BRDA:6,2,1,0
BRDA:6,3,0,1
BRDA:6,3,1,1
BRDA:6,3,2,1
BRDA:8,4,0,0
BRDA:8,4,1,0
BRDA:13,5,0,0
BRDA:13,5,1,3
BRF:11
BRH:7
end_of_record
TN:
SF:src/operators/window.ts
FN:6,window
FN:10,(anonymous_4)
FN:12,WindowOperator
FN:15,(anonymous_6)
FN:20,(anonymous_7)
FN:23,WindowSubscriber
FN:29,(anonymous_9)
FN:33,(anonymous_10)
FN:38,(anonymous_11)
FN:43,(anonymous_12)
FN:52,(anonymous_13)
FN:53,WindowClosingNotifierSubscriber
FN:57,(anonymous_15)
FN:61,(anonymous_16)
FN:65,(anonymous_17)
FNF:15
FNH:15
FNDA:12,window
FNDA:1,(anonymous_4)
FNDA:12,WindowOperator
FNDA:12,(anonymous_6)
FNDA:1,(anonymous_7)
FNDA:12,WindowSubscriber
FNDA:36,(anonymous_9)
FNDA:3,(anonymous_10)
FNDA:7,(anonymous_11)
FNDA:28,(anonymous_12)
FNDA:1,(anonymous_13)
FNDA:12,WindowClosingNotifierSubscriber
FNDA:16,(anonymous_15)
FNDA:1,(anonymous_16)
FNDA:3,(anonymous_17)
DA:2,1
DA:3,1
DA:4,1
DA:6,1
DA:7,12
DA:10,1
DA:12,12
DA:15,1
DA:16,12
DA:18,1
DA:20,1
DA:21,12
DA:23,12
DA:24,12
DA:25,12
DA:26,12
DA:29,1
DA:30,36
DA:33,1
DA:34,3
DA:35,3
DA:38,1
DA:39,7
DA:40,7
DA:43,1
DA:44,28
DA:45,28
DA:46,28
DA:48,28
DA:50,1
DA:52,1
DA:53,12
DA:54,12
DA:57,1
DA:58,16
DA:61,1
DA:62,1
DA:65,1
DA:66,3
DA:68,1
DA:70,1
LF:41
LH:41
BRDA:45,1,0,28
BRDA:45,1,1,0
BRF:2
BRH:1
end_of_record
TN:
SF:src/operators/windowCount.ts
FN:6,windowCount
FN:11,(anonymous_4)
FN:13,WindowCountOperator
FN:17,(anonymous_6)
FN:22,(anonymous_7)
FN:26,WindowCountSubscriber
FN:33,(anonymous_9)
FN:53,(anonymous_10)
FN:61,(anonymous_11)
FNF:9
FNH:9
FNDA:7,windowCount
FNDA:1,(anonymous_4)
FNDA:7,WindowCountOperator
FNDA:7,(anonymous_6)
FNDA:1,(anonymous_7)
FNDA:7,WindowCountSubscriber
FNDA:19,(anonymous_9)
FNDA:2,(anonymous_10)
FNDA:3,(anonymous_11)
DA:2,1
DA:3,1
DA:4,1
DA:6,1
DA:7,8
DA:8,7
DA:11,1
DA:13,7
DA:14,7
DA:17,1
DA:18,7
DA:20,1
DA:22,1
DA:23,7
DA:24,7
DA:26,1
DA:27,7
DA:28,7
DA:29,7
DA:30,7
DA:33,1
DA:34,19
DA:35,19
DA:36,19
DA:37,19
DA:39,19
DA:40,33
DA:42,19
DA:43,19
DA:44,12
DA:46,19
DA:47,16
DA:48,16
DA:49,16
DA:53,1
DA:54,2
DA:55,2
DA:56,4
DA:58,2
DA:61,1
DA:62,3
DA:63,3
DA:64,4
DA:66,3
DA:68,1
DA:70,1
LF:46
LH:46
BRDA:7,1,0,1
BRDA:7,1,1,6
BRDA:34,2,0,13
BRDA:34,2,1,6
BRDA:43,3,0,12
BRDA:43,3,1,7
BRDA:43,4,0,19
BRDA:43,4,1,14
BRDA:46,5,0,16
BRDA:46,5,1,3
BRF:10
BRH:10
end_of_record
TN:
SF:src/operators/windowTime.ts
FN:9,windowTime
FN:15,(anonymous_4)
FN:17,WindowTimeOperator
FN:22,(anonymous_6)
FN:29,(anonymous_7)
FN:32,WindowTimeSubscriber
FN:50,(anonymous_9)
FN:58,(anonymous_10)
FN:66,(anonymous_11)
FN:74,(anonymous_12)
FN:81,(anonymous_13)
FN:94,dispatchWindowTimeSpanOnly
FN:103,dispatchWindowCreation
FN:114,dispatchWindowClose
FNF:14
FNH:14
FNDA:8,windowTime
FNDA:1,(anonymous_4)
FNDA:8,WindowTimeOperator
FNDA:8,(anonymous_6)
FNDA:1,(anonymous_7)
FNDA:8,WindowTimeSubscriber
FNDA:29,(anonymous_9)
FNDA:2,(anonymous_10)
FNDA:4,(anonymous_11)
FNDA:18,(anonymous_12)
FNDA:10,(anonymous_13)
FNDA:2,dispatchWindowTimeSpanOnly
FNDA:8,dispatchWindowCreation
FNDA:10,dispatchWindowClose
DA:2,1
DA:3,1
DA:4,1
DA:7,1
DA:9,1
DA:10,8
DA:11,8
DA:12,8
DA:15,1
DA:17,8
DA:18,8
DA:19,8
DA:22,1
DA:23,8
DA:27,1
DA:29,1
DA:30,8
DA:32,1
DA:33,8
DA:34,8
DA:35,8
DA:36,8
DA:37,8
DA:38,7
DA:39,7
DA:40,7
DA:41,7
DA:42,7
DA:44,1
DA:45,1
DA:46,1
DA:50,1
DA:51,29
DA:52,29
DA:53,29
DA:54,28
DA:58,1
DA:59,2
DA:60,2
DA:61,1
DA:63,2
DA:66,1
DA:67,4
DA:68,4
DA:69,5
DA:71,4
DA:74,1
DA:75,18
DA:76,18
DA:77,18
DA:78,18
DA:81,1
DA:82,10
DA:83,10
DA:84,10
DA:86,1
DA:94,1
DA:95,2
DA:96,2
DA:97,2
DA:99,2
DA:100,2
DA:103,1
DA:104,8
DA:105,8
DA:106,8
DA:107,8
DA:108,8
DA:109,8
DA:110,8
DA:111,8
DA:114,1
DA:115,10
DA:116,6
DA:118,10
DA:121,1
LF:76
LH:76
BRDA:10,1,0,0
BRDA:10,1,1,8
BRDA:11,2,0,0
BRDA:11,2,1,8
BRDA:37,3,0,7
BRDA:37,3,1,1
BRDA:37,4,0,8
BRDA:37,4,1,7
BRDA:96,5,0,2
BRDA:96,5,1,0
BRDA:115,6,0,6
BRDA:115,6,1,4
BRDA:115,7,0,10
BRDA:115,7,1,6
BRDA:115,7,2,6
BRF:15
BRH:12
end_of_record
TN:
SF:src/operators/windowToggle.ts
FN:10,windowToggle
FN:15,(anonymous_4)
FN:17,WindowToggleOperator
FN:21,(anonymous_6)
FN:33,(anonymous_7)
FN:36,WindowToggleSubscriber
FN:43,(anonymous_9)
FN:51,(anonymous_10)
FN:59,(anonymous_11)
FN:69,(anonymous_12)
FN:87,(anonymous_13)
FN:97,(anonymous_14)
FN:98,WindowClosingNotifierSubscriber
FN:103,(anonymous_16)
FN:107,(anonymous_17)
FN:111,(anonymous_18)
FN:116,(anonymous_19)
FN:117,WindowToggleOpeningsSubscriber
FN:121,(anonymous_21)
FN:125,(anonymous_22)
FN:129,(anonymous_23)
FNF:21
FNH:21
FNDA:15,windowToggle
FNDA:1,(anonymous_4)
FNDA:15,WindowToggleOperator
FNDA:15,(anonymous_6)
FNDA:1,(anonymous_7)
FNDA:15,WindowToggleSubscriber
FNDA:61,(anonymous_9)
FNDA:6,(anonymous_10)
FNDA:7,(anonymous_11)
FNDA:29,(anonymous_12)
FNDA:20,(anonymous_13)
FNDA:1,(anonymous_14)
FNDA:28,WindowClosingNotifierSubscriber
FNDA:18,(anonymous_16)
FNDA:2,(anonymous_17)
FNDA:2,(anonymous_18)
FNDA:1,(anonymous_19)
FNDA:15,WindowToggleOpeningsSubscriber
FNDA:29,(anonymous_21)
FNDA:1,(anonymous_22)
FNDA:5,(anonymous_23)
DA:2,1
DA:3,1
DA:4,1
DA:5,1
DA:7,1
DA:8,1
DA:10,1
DA:12,15
DA:15,1
DA:17,15
DA:18,15
DA:21,1
DA:22,15
DA:26,1
DA:33,1
DA:34,15
DA:36,1
DA:37,15
DA:38,15
DA:39,15
DA:40,15
DA:43,1
DA:44,61
DA:45,61
DA:46,61
DA:47,59
DA:51,1
DA:52,6
DA:53,6
DA:54,5
DA:56,6
DA:59,1
DA:60,7
DA:61,7
DA:62,6
DA:63,6
DA:64,6
DA:66,7
DA:69,1
DA:70,29
DA:71,29
DA:72,29
DA:73,1
DA:75,28
DA:79,28
DA:80,28
DA:81,28
DA:82,28
DA:83,28
DA:87,1
DA:88,20
DA:89,20
DA:90,20
DA:91,20
DA:92,20
DA:93,20
DA:95,1
DA:97,1
DA:98,28
DA:99,28
DA:100,28
DA:103,1
DA:104,18
DA:107,1
DA:108,2
DA:111,1
DA:112,2
DA:114,1
DA:116,1
DA:117,15
DA:118,15
DA:121,1
DA:122,29
DA:125,1
DA:126,1
DA:129,1
DA:132,1
DA:134,1
LF:78
LH:78
BRDA:72,1,0,1
BRDA:72,1,1,28
BRF:2
BRH:2
end_of_record
TN:
SF:src/operators/windowWhen.ts
FN:10,windowWhen
FN:14,(anonymous_4)
FN:16,WindowOperator
FN:19,(anonymous_6)
FN:24,(anonymous_7)
FN:28,WindowSubscriber
FN:33,(anonymous_9)
FN:37,(anonymous_10)
FN:43,(anonymous_11)
FN:49,(anonymous_12)
FN:54,(anonymous_13)
FN:61,(anonymous_14)
FN:87,(anonymous_15)
FN:88,WindowClosingNotifierSubscriber
FN:92,(anonymous_17)
FN:96,(anonymous_18)
FN:100,(anonymous_19)
FNF:17
FNH:17
FNDA:14,windowWhen
FNDA:1,(anonymous_4)
FNDA:14,WindowOperator
FNDA:14,(anonymous_6)
FNDA:1,(anonymous_7)
FNDA:14,WindowSubscriber
FNDA:58,(anonymous_9)
FNDA:5,(anonymous_10)
FNDA:6,(anonymous_11)
FNDA:19,(anonymous_12)
FNDA:30,(anonymous_13)
FNDA:30,(anonymous_14)
FNDA:1,(anonymous_15)
FNDA:29,WindowClosingNotifierSubscriber
FNDA:14,(anonymous_17)
FNDA:3,(anonymous_18)
FNDA:2,(anonymous_19)
DA:2,1
DA:3,1
DA:4,1
DA:5,1
DA:7,1
DA:8,1
DA:10,1
DA:11,14
DA:14,1
DA:16,14
DA:19,1
DA:20,14
DA:22,1
DA:24,1
DA:25,14
DA:28,14
DA:29,14
DA:30,14
DA:33,1
DA:34,58
DA:37,1
DA:38,5
DA:39,5
DA:40,5
DA:43,1
DA:44,6
DA:45,6
DA:46,6
DA:49,1
DA:50,19
DA:51,19
DA:54,1
DA:55,30
DA:56,30
DA:57,30
DA:61,1
DA:62,30
DA:63,30
DA:64,16
DA:65,16
DA:68,30
DA:69,30
DA:70,30
DA:73,30
DA:75,30
DA:76,30
DA:77,1
DA:78,1
DA:79,1
DA:81,29
DA:82,29
DA:85,1
DA:87,1
DA:88,29
DA:89,29
DA:92,1
DA:93,14
DA:96,1
DA:97,3
DA:100,1
DA:101,2
DA:103,1
DA:105,1
LF:63
LH:63
BRDA:56,1,0,30
BRDA:56,1,1,0
BRDA:63,2,0,16
BRDA:63,2,1,14
BRDA:69,3,0,30
BRDA:69,3,1,0
BRDA:76,4,0,1
BRDA:76,4,1,29
BRF:8
BRH:6
end_of_record
TN:
SF:src/operators/withLatestFrom.ts
FN:27,withLatestFrom
FN:36,(anonymous_4)
FN:37,WithLatestFromOperator
FN:41,(anonymous_6)
FN:46,(anonymous_7)
FN:50,WithLatestFromSubscriber
FN:67,(anonymous_9)
FN:78,(anonymous_10)
FN:82,(anonymous_11)
FNF:9
FNH:9
FNDA:12,withLatestFrom
FNDA:1,(anonymous_4)
FNDA:12,WithLatestFromOperator
FNDA:12,(anonymous_6)
FNDA:1,(anonymous_7)
FNDA:12,WithLatestFromSubscriber
FNDA:46,(anonymous_9)
FNDA:9,(anonymous_10)
FNDA:17,(anonymous_11)
DA:3,1
DA:4,1
DA:5,1
DA:6,1
DA:7,1
DA:27,38
DA:28,12
DA:29,12
DA:30,2
DA:32,12
DA:33,12
DA:36,1
DA:37,12
DA:38,12
DA:41,1
DA:42,12
DA:44,1
DA:46,1
DA:48,12
DA:50,1
DA:51,12
DA:52,12
DA:53,12
DA:54,12
DA:55,12
DA:57,12
DA:58,24
DA:61,12
DA:62,24
DA:63,24
DA:67,1
DA:68,46
DA:69,46
DA:70,46
DA:71,26
DA:72,26
DA:73,18
DA:78,1
DA:82,1
DA:83,17
DA:84,11
DA:85,11
DA:86,11
DA:87,11
DA:88,11
DA:89,4
DA:90,4
DA:91,0
DA:93,4
DA:96,7
DA:100,1
DA:102,1
LF:52
LH:51
BRDA:29,1,0,2
BRDA:29,1,1,10
BRDA:70,2,0,26
BRDA:70,2,1,20
BRDA:72,3,0,18
BRDA:72,3,1,8
BRDA:83,4,0,11
BRDA:83,4,1,6
BRDA:88,5,0,4
BRDA:88,5,1,7
BRDA:90,6,0,0
BRDA:90,6,1,4
BRF:12
BRH:11
end_of_record
TN:
SF:src/operators/zip.ts
FN:4,zipProto
FNF:1
FNH:1
FNDA:43,zipProto
DA:1,1
DA:2,1
DA:4,100
DA:5,43
DA:6,43
DA:9,1
LF:6
LH:6
BRF:0
BRH:0
end_of_record
TN:
SF:src/operators/zipAll.ts
FN:4,zipAll
FNF:1
FNH:1
FNDA:47,zipAll
DA:1,1
DA:2,1
DA:4,1
DA:5,47
DA:8,1
LF:5
LH:5
BRF:0
BRH:0
end_of_record
TN:
SF:src/testing/TestScheduler.ts
FN:19,(anonymous_3)
FN:24,TestScheduler
FN:28,(anonymous_5)
FN:41,(anonymous_6)
FN:51,(anonymous_7)
FN:54,(anonymous_8)
FN:56,(anonymous_9)
FN:58,(anonymous_10)
FN:64,(anonymous_11)
FN:72,(anonymous_12)
FN:73,(anonymous_13)
FN:80,(anonymous_14)
FN:82,(anonymous_15)
FN:88,(anonymous_16)
FN:94,(anonymous_17)
FN:101,(anonymous_18)
FN:105,(anonymous_19)
FN:108,(anonymous_20)
FN:115,(anonymous_21)
FN:122,(anonymous_22)
FN:129,(anonymous_23)
FN:178,(anonymous_24)
FN:191,(anonymous_25)
FN:192,(anonymous_26)
FNF:24
FNH:24
FNDA:1,(anonymous_3)
FNDA:1574,TestScheduler
FNDA:1238,(anonymous_5)
FNDA:1309,(anonymous_6)
FNDA:175,(anonymous_7)
FNDA:326,(anonymous_8)
FNDA:44,(anonymous_9)
FNDA:122,(anonymous_10)
FNDA:1474,(anonymous_11)
FNDA:1474,(anonymous_12)
FNDA:3400,(anonymous_13)
FNDA:436,(anonymous_14)
FNDA:704,(anonymous_15)
FNDA:112,(anonymous_16)
FNDA:1472,(anonymous_17)
FNDA:1805,(anonymous_18)
FNDA:1803,(anonymous_19)
FNDA:1884,(anonymous_20)
FNDA:1579,(anonymous_21)
FNDA:3279,(anonymous_22)
FNDA:3381,(anonymous_23)
FNDA:4054,(anonymous_24)
FNDA:7420,(anonymous_25)
FNDA:2292,(anonymous_26)
DA:1,1
DA:2,1
DA:3,1
DA:5,1
DA:6,1
DA:8,1
DA:19,1
DA:20,1574
DA:21,1574
DA:22,1574
DA:24,1574
DA:25,1574
DA:28,1
DA:29,1238
DA:30,0
DA:32,1238
DA:33,0
DA:35,1238
DA:36,1238
DA:37,1238
DA:38,1238
DA:41,1
DA:42,1309
DA:43,0
DA:45,1309
DA:46,1309
DA:47,1309
DA:48,1309
DA:51,175
DA:53,175
DA:54,175
DA:55,326
DA:57,44
DA:59,122
DA:61,175
DA:64,1475
DA:65,2836
DA:66,1474
DA:67,1474
DA:68,1474
DA:70,1474
DA:72,1474
DA:73,1474
DA:74,3400
DA:76,3400
DA:77,175
DA:79,3400
DA:81,436
DA:83,704
DA:87,1474
DA:88,112
DA:91,1474
DA:93,1474
DA:95,1472
DA:96,1472
DA:101,1
DA:102,1805
DA:103,1805
DA:104,1805
DA:106,1803
DA:107,1803
DA:108,1803
DA:109,1884
DA:115,1
DA:116,1579
DA:117,1579
DA:118,1309
DA:121,1579
DA:122,3279
DA:123,1575
DA:124,3275
DA:125,3275
DA:129,1
DA:130,3381
DA:131,1362
DA:133,2019
DA:134,2019
DA:135,2019
DA:136,2019
DA:138,2019
DA:139,36914
DA:140,36914
DA:141,36914
DA:144,32655
DA:146,277
DA:147,277
DA:149,277
DA:150,277
DA:152,1898
DA:153,0
DA:156,1898
DA:157,1898
DA:159,1807
DA:160,0
DA:163,1807
DA:164,1807
DA:166,0
DA:171,2019
DA:172,0
DA:174,2019
DA:178,1
DA:181,6636
DA:182,4054
DA:183,0
DA:186,4054
DA:187,4054
DA:188,4054
DA:189,4054
DA:190,4054
DA:191,7420
DA:194,2292
DA:195,175
DA:197,2117
DA:199,4054
DA:201,4054
DA:202,64778
DA:203,64778
DA:204,64778
DA:205,64778
DA:208,50009
DA:210,584
DA:211,584
DA:213,584
DA:214,584
DA:216,2510
DA:217,2510
DA:219,489
DA:221,890
DA:222,890
DA:224,9712
DA:225,9712
DA:228,64778
DA:229,13112
DA:232,4054
DA:234,1
LF:135
LH:127
BRDA:29,1,0,0
BRDA:29,1,1,1238
BRDA:32,2,0,0
BRDA:32,2,1,1238
BRDA:42,3,0,0
BRDA:42,3,1,1309
BRDA:65,4,0,1362
BRDA:65,4,1,112
BRDA:76,5,0,175
BRDA:76,5,1,3225
BRDA:87,6,0,112
BRDA:87,6,1,1362
BRDA:106,7,0,1641
BRDA:106,7,1,162
BRDA:130,8,0,1362
BRDA:130,8,1,2019
BRDA:142,9,0,73
BRDA:142,9,1,32655
BRDA:142,9,2,277
BRDA:142,9,3,277
BRDA:142,9,4,1898
BRDA:142,9,5,1807
BRDA:142,9,6,0
BRDA:152,10,0,0
BRDA:152,10,1,1898
BRDA:156,11,0,277
BRDA:156,11,1,1621
BRDA:159,12,0,0
BRDA:159,12,1,1807
BRDA:163,13,0,277
BRDA:163,13,1,1530
BRDA:171,14,0,0
BRDA:171,14,1,2019
BRDA:181,15,0,2582
BRDA:181,15,1,1472
BRDA:182,16,0,0
BRDA:182,16,1,4054
BRDA:189,17,0,3565
BRDA:189,17,1,489
BRDA:191,18,0,3202
BRDA:191,18,1,852
BRDA:194,19,0,175
BRDA:194,19,1,2117
BRDA:194,20,0,2292
BRDA:194,20,1,1228
BRDA:206,21,0,37684
BRDA:206,21,1,50009
BRDA:206,21,2,584
BRDA:206,21,3,584
BRDA:206,21,4,2510
BRDA:206,21,5,489
BRDA:206,21,6,890
BRDA:206,21,7,9712
BRDA:221,22,0,890
BRDA:221,22,1,717
BRDA:228,23,0,13112
BRDA:228,23,1,51666
BRDA:229,24,0,1401
BRDA:229,24,1,11711
BRF:59
BRH:51
end_of_record
TN:
SF:src/schedulers/VirtualTimeScheduler.ts
FN:5,(anonymous_3)
FN:16,(anonymous_5)
FN:20,(anonymous_6)
FN:36,(anonymous_7)
FN:41,(anonymous_8)
FN:58,(anonymous_9)
FN:64,(anonymous_10)
FN:69,VirtualAction
FN:75,(anonymous_12)
FN:96,(anonymous_13)
FN:103,(anonymous_14)
FNF:11
FNH:11
FNDA:1579,(anonymous_3)
FNDA:4922,(anonymous_5)
FNDA:1583,(anonymous_6)
FNDA:10523,(anonymous_7)
FNDA:71741,(anonymous_8)
FNDA:10348,(anonymous_9)
FNDA:1,(anonymous_10)
FNDA:10447,VirtualAction
FNDA:10523,(anonymous_12)
FNDA:10010,(anonymous_13)
FNDA:2968,(anonymous_14)
DA:2,1
DA:5,2
DA:6,1578
DA:7,1578
DA:8,1578
DA:9,1578
DA:10,1578
DA:11,1578
DA:12,1578
DA:14,1
DA:16,1
DA:17,4922
DA:20,1
DA:21,1583
DA:22,1583
DA:23,1583
DA:24,10015
DA:25,10015
DA:26,10015
DA:27,10010
DA:29,5
DA:32,1579
DA:33,1579
DA:36,1
DA:37,10523
DA:39,10523
DA:41,10523
DA:42,71741
DA:43,5241
DA:44,7
DA:45,5234
DA:46,555
DA:48,4679
DA:50,66500
DA:51,21341
DA:53,45159
DA:58,10348
DA:59,10348
DA:60,10348
DA:62,1
DA:64,1
DA:67,10447
DA:69,10447
DA:70,10447
DA:71,10447
DA:72,10447
DA:75,10596
DA:76,10523
DA:77,0
DA:79,10523
DA:80,10523
DA:81,10523
DA:83,10424
DA:87,99
DA:88,99
DA:90,10523
DA:91,10523
DA:92,10523
DA:93,10523
DA:96,1
DA:97,10010
DA:98,0
DA:100,10010
DA:103,1
DA:104,2968
DA:105,2968
DA:107,2968
DA:108,2968
DA:109,2968
DA:111,2968
DA:112,508
DA:115,2968
DA:117,1
LF:73
LH:71
BRDA:26,1,0,10010
BRDA:26,1,1,5
BRDA:42,2,0,5241
BRDA:42,2,1,66500
BRDA:43,3,0,7
BRDA:43,3,1,5234
BRDA:45,4,0,555
BRDA:45,4,1,4679
BRDA:50,5,0,21341
BRDA:50,5,1,45159
BRDA:58,6,0,0
BRDA:58,6,1,10348
BRDA:75,7,0,73
BRDA:75,7,1,10450
BRDA:76,8,0,0
BRDA:76,8,1,10523
BRDA:81,9,0,10424
BRDA:81,9,1,99
BRDA:97,10,0,0
BRDA:97,10,1,10010
BRDA:111,11,0,508
BRDA:111,11,1,2460
BRF:22
BRH:19
end_of_record
TN:
SF:src/testing/ColdObservable.ts
FN:9,(anonymous_3)
FN:15,ColdObservable
FN:17,(anonymous_5)
FN:20,(anonymous_6)
FN:29,(anonymous_7)
FN:34,(anonymous_8)
FNF:6
FNH:6
FNDA:1,(anonymous_3)
FNDA:1238,ColdObservable
FNDA:1179,(anonymous_5)
FNDA:1047,(anonymous_6)
FNDA:1179,(anonymous_7)
FNDA:2308,(anonymous_8)
DA:1,1
DA:2,1
DA:6,1
DA:7,1
DA:9,1
DA:10,1238
DA:15,1238
DA:17,1238
DA:18,1179
DA:19,1179
DA:20,1179
DA:21,1047
DA:23,1179
DA:24,1179
DA:26,1238
DA:29,1
DA:30,1179
DA:31,1179
DA:32,2748
DA:33,2748
DA:34,2308
DA:40,1
DA:41,1
LF:23
LH:23
BRF:0
BRH:0
end_of_record
TN:
SF:src/testing/SubscriptionLoggable.ts
FN:4,(anonymous_1)
FN:8,(anonymous_3)
FN:13,(anonymous_4)
FNF:3
FNH:3
FNDA:1,(anonymous_1)
FNDA:2498,(anonymous_3)
FNDA:2245,(anonymous_4)
DA:2,1
DA:4,2
DA:5,0
DA:8,1
DA:9,2498
DA:10,2498
DA:13,1
DA:14,2245
DA:15,2245
DA:16,2245
DA:21,1
LF:11
LH:10
BRF:0
BRH:0
end_of_record
TN:
SF:src/testing/SubscriptionLog.ts
FN:1,(anonymous_1)
FN:2,SubscriptionLog
FNF:2
FNH:2
FNDA:1,(anonymous_1)
FNDA:8124,SubscriptionLog
DA:1,1
DA:2,8124
DA:3,11984
DA:5,1
LF:4
LH:4
BRDA:3,1,0,3860
BRDA:3,1,1,4264
BRF:2
BRH:2
end_of_record
TN:
SF:src/util/applyMixins.ts
FN:1,applyMixins
FNF:1
FNH:1
FNDA:2,applyMixins
DA:1,1
DA:2,2
DA:3,2
DA:4,2
DA:5,2
DA:6,6
DA:7,6
LF:7
LH:7
BRF:0
BRH:0
end_of_record
TN:
SF:src/testing/HotObservable.ts
FN:10,(anonymous_3)
FN:16,HotObservable
FN:22,(anonymous_5)
FN:25,(anonymous_6)
FN:31,(anonymous_7)
FN:36,(anonymous_8)
FN:40,(anonymous_9)
FNF:7
FNH:7
FNDA:1,(anonymous_3)
FNDA:1309,HotObservable
FNDA:1319,(anonymous_5)
FNDA:1198,(anonymous_6)
FNDA:1309,(anonymous_7)
FNDA:5692,(anonymous_8)
FNDA:5692,(anonymous_9)
DA:1,1
DA:3,1
DA:7,1
DA:8,1
DA:10,1
DA:11,1309
DA:16,1309
DA:18,1309
DA:19,1309
DA:22,1
DA:23,1319
DA:24,1319
DA:25,1319
DA:26,1198
DA:28,1319
DA:31,1
DA:32,1309
DA:33,1309
DA:35,1309
DA:36,5692
DA:37,5692
DA:39,5692
DA:40,5692
DA:46,1
DA:47,1
LF:25
LH:25
BRF:0
BRH:0
end_of_record
TN:
SF:src/Rx.ts
FNF:0
FNH:0
DA:1,1
DA:5,1
DA:6,1
DA:7,1
DA:8,1
DA:9,1
DA:10,1
DA:11,1
DA:12,1
DA:13,1
DA:14,1
DA:15,1
DA:16,1
DA:17,1
DA:18,1
DA:19,1
DA:20,1
DA:21,1
DA:22,1
DA:25,1
DA:26,1
DA:27,1
DA:28,1
DA:29,1
DA:30,1
DA:31,1
DA:32,1
DA:33,1
DA:34,1
DA:35,1
DA:36,1
DA:37,1
DA:38,1
DA:39,1
DA:40,1
DA:41,1
DA:42,1
DA:43,1
DA:44,1
DA:45,1
DA:46,1
DA:47,1
DA:48,1
DA:49,1
DA:50,1
DA:51,1
DA:52,1
DA:53,1
DA:54,1
DA:55,1
DA:56,1
DA:57,1
DA:58,1
DA:59,1
DA:60,1
DA:61,1
DA:62,1
DA:63,1
DA:64,1
DA:65,1
DA:66,1
DA:67,1
DA:68,1
DA:69,1
DA:70,1
DA:71,1
DA:72,1
DA:73,1
DA:74,1
DA:75,1
DA:76,1
DA:77,1
DA:78,1
DA:79,1
DA:80,1
DA:81,1
DA:82,1
DA:83,1
DA:84,1
DA:85,1
DA:86,1
DA:87,1
DA:88,1
DA:89,1
DA:90,1
DA:91,1
DA:92,1
DA:93,1
DA:94,1
DA:95,1
DA:96,1
DA:97,1
DA:98,1
DA:99,1
DA:100,1
DA:101,1
DA:104,1
DA:105,1
DA:106,1
DA:107,1
DA:108,1
DA:109,1
DA:110,1
DA:111,1
DA:112,1
DA:113,1
DA:114,1
DA:120,1
DA:127,1
DA:128,1
DA:129,1
DA:130,1
DA:131,1
DA:132,1
DA:133,1
DA:134,1
DA:135,1
DA:136,1
DA:137,1
LF:119
LH:119
BRF:0
BRH:0
end_of_record
TN:
SF:src/operators/switchFirst.ts
FN:8,switchFirst
FN:12,(anonymous_4)
FN:13,(anonymous_6)
FN:18,(anonymous_7)
FN:22,SwitchFirstSubscriber
FN:26,(anonymous_9)
FN:33,(anonymous_10)
FN:40,(anonymous_11)
FN:44,(anonymous_12)
FN:48,(anonymous_13)
FNF:10
FNH:10
FNDA:15,switchFirst
FNDA:16,(anonymous_4)
FNDA:15,(anonymous_6)
FNDA:1,(anonymous_7)
FNDA:15,SwitchFirstSubscriber
FNDA:21,(anonymous_9)
FNDA:9,(anonymous_10)
FNDA:26,(anonymous_11)
FNDA:2,(anonymous_12)
FNDA:8,(anonymous_13)
DA:2,1
DA:5,1
DA:6,1
DA:8,1
DA:9,15
DA:12,2
DA:13,1
DA:14,15
DA:16,1
DA:18,1
DA:19,15
DA:20,15
DA:22,1
DA:23,15
DA:26,1
DA:27,21
DA:28,12
DA:29,12
DA:33,1
DA:34,9
DA:35,9
DA:36,4
DA:40,1
DA:41,26
DA:44,1
DA:45,2
DA:48,1
DA:49,8
DA:50,8
DA:51,8
DA:52,3
DA:55,1
DA:57,1
LF:33
LH:33
BRDA:27,1,0,12
BRDA:27,1,1,9
BRDA:35,2,0,4
BRDA:35,2,1,5
BRDA:51,3,0,3
BRDA:51,3,1,5
BRF:6
BRH:6
end_of_record
TN:
SF:src/operators/switchMapFirst.ts
FN:9,switchMapFirst
FN:17,(anonymous_4)
FN:18,SwitchMapFirstOperator
FN:25,(anonymous_6)
FN:30,(anonymous_7)
FN:35,SwitchMapFirstSubscriber
FN:41,(anonymous_9)
FN:55,(anonymous_10)
FN:62,(anonymous_11)
FN:76,(anonymous_12)
FN:80,(anonymous_13)
FNF:11
FNH:11
FNDA:17,switchMapFirst
FNDA:1,(anonymous_4)
FNDA:17,SwitchMapFirstOperator
FNDA:17,(anonymous_6)
FNDA:1,(anonymous_7)
FNDA:17,SwitchMapFirstSubscriber
FNDA:30,(anonymous_9)
FNDA:9,(anonymous_10)
FNDA:45,(anonymous_11)
FNDA:2,(anonymous_12)
FNDA:13,(anonymous_13)
DA:2,1
DA:4,1
DA:5,1
DA:6,1
DA:7,1
DA:9,1
DA:14,17
DA:17,1
DA:18,17
DA:19,17
DA:25,1
DA:26,17
DA:28,1
DA:30,1
DA:31,17
DA:32,17
DA:33,17
DA:35,1
DA:36,17
DA:37,17
DA:38,17
DA:41,1
DA:42,30
DA:43,22
DA:44,22
DA:45,22
DA:46,22
DA:47,1
DA:49,21
DA:50,21
DA:55,1
DA:56,9
DA:57,9
DA:58,4
DA:62,1
DA:63,45
DA:64,45
DA:65,10
DA:66,10
DA:67,1
DA:69,9
DA:72,35
DA:76,1
DA:77,2
DA:80,1
DA:81,13
DA:82,13
DA:83,2
DA:86,1
DA:88,1
LF:50
LH:50
BRDA:42,1,0,22
BRDA:42,1,1,8
BRDA:46,2,0,1
BRDA:46,2,1,21
BRDA:57,3,0,4
BRDA:57,3,1,5
BRDA:64,4,0,10
BRDA:64,4,1,35
BRDA:66,5,0,1
BRDA:66,5,1,9
BRDA:82,6,0,2
BRDA:82,6,1,11
BRF:12
BRH:12
end_of_record
