{
"src/Rx.KitchenSink.ts":{"path":"src/Rx.KitchenSink.ts","statementMap":{"1":{"start":{"line":1,"column":0},"end":{"line":1,"column":40}},"2":{"start":{"line":156,"column":4},"end":{"line":156,"column":14}},"3":{"start":{"line":22,"column":0},"end":{"line":22,"column":42}},"4":{"start":{"line":23,"column":0},"end":{"line":23,"column":35}},"5":{"start":{"line":24,"column":0},"end":{"line":24,"column":34}},"6":{"start":{"line":25,"column":0},"end":{"line":25,"column":28}},"7":{"start":{"line":26,"column":0},"end":{"line":26,"column":28}},"8":{"start":{"line":27,"column":0},"end":{"line":27,"column":31}},"9":{"start":{"line":28,"column":0},"end":{"line":28,"column":27}},"10":{"start":{"line":29,"column":0},"end":{"line":29,"column":32}},"11":{"start":{"line":30,"column":0},"end":{"line":30,"column":32}},"12":{"start":{"line":31,"column":0},"end":{"line":31,"column":39}},"13":{"start":{"line":32,"column":0},"end":{"line":32,"column":34}},"14":{"start":{"line":33,"column":0},"end":{"line":33,"column":35}},"15":{"start":{"line":34,"column":0},"end":{"line":34,"column":31}},"16":{"start":{"line":35,"column":0},"end":{"line":35,"column":28}},"17":{"start":{"line":36,"column":0},"end":{"line":36,"column":28}},"18":{"start":{"line":37,"column":0},"end":{"line":37,"column":28}},"19":{"start":{"line":38,"column":0},"end":{"line":38,"column":28}},"20":{"start":{"line":39,"column":0},"end":{"line":39,"column":32}},"21":{"start":{"line":42,"column":0},"end":{"line":42,"column":28}},"22":{"start":{"line":43,"column":0},"end":{"line":43,"column":33}},"23":{"start":{"line":44,"column":0},"end":{"line":44,"column":32}},"24":{"start":{"line":45,"column":0},"end":{"line":45,"column":34}},"25":{"start":{"line":46,"column":0},"end":{"line":46,"column":32}},"26":{"start":{"line":47,"column":0},"end":{"line":47,"column":27}},"27":{"start":{"line":48,"column":0},"end":{"line":48,"column":32}},"28":{"start":{"line":49,"column":0},"end":{"line":49,"column":35}},"29":{"start":{"line":50,"column":0},"end":{"line":50,"column":28}},"30":{"start":{"line":51,"column":0},"end":{"line":51,"column":31}},"31":{"start":{"line":52,"column":0},"end":{"line":52,"column":31}},"32":{"start":{"line":53,"column":0},"end":{"line":53,"column":33}},"33":{"start":{"line":54,"column":0},"end":{"line":54,"column":27}},"34":{"start":{"line":55,"column":0},"end":{"line":55,"column":35}},"35":{"start":{"line":56,"column":0},"end":{"line":56,"column":30}},"36":{"start":{"line":57,"column":0},"end":{"line":57,"column":34}},"37":{"start":{"line":58,"column":0},"end":{"line":58,"column":36}},"38":{"start":{"line":59,"column":0},"end":{"line":59,"column":27}},"39":{"start":{"line":60,"column":0},"end":{"line":60,"column":42}},"40":{"start":{"line":61,"column":0},"end":{"line":61,"column":54}},"41":{"start":{"line":62,"column":0},"end":{"line":62,"column":24}},"42":{"start":{"line":63,"column":0},"end":{"line":63,"column":40}},"43":{"start":{"line":64,"column":0},"end":{"line":64,"column":28}},"44":{"start":{"line":65,"column":0},"end":{"line":65,"column":28}},"45":{"start":{"line":66,"column":0},"end":{"line":66,"column":35}},"46":{"start":{"line":67,"column":0},"end":{"line":67,"column":40}},"47":{"start":{"line":68,"column":0},"end":{"line":68,"column":29}},"48":{"start":{"line":69,"column":0},"end":{"line":69,"column":27}},"49":{"start":{"line":70,"column":0},"end":{"line":70,"column":29}},"50":{"start":{"line":71,"column":0},"end":{"line":71,"column":36}},"51":{"start":{"line":72,"column":0},"end":{"line":72,"column":38}},"52":{"start":{"line":73,"column":0},"end":{"line":73,"column":27}},"53":{"start":{"line":74,"column":0},"end":{"line":74,"column":26}},"54":{"start":{"line":75,"column":0},"end":{"line":75,"column":25}},"55":{"start":{"line":76,"column":0},"end":{"line":76,"column":27}},"56":{"start":{"line":77,"column":0},"end":{"line":77,"column":33}},"57":{"start":{"line":78,"column":0},"end":{"line":78,"column":34}},"58":{"start":{"line":79,"column":0},"end":{"line":79,"column":27}},"59":{"start":{"line":80,"column":0},"end":{"line":80,"column":30}},"60":{"start":{"line":81,"column":0},"end":{"line":81,"column":30}},"61":{"start":{"line":82,"column":0},"end":{"line":82,"column":32}},"62":{"start":{"line":83,"column":0},"end":{"line":83,"column":40}},"63":{"start":{"line":84,"column":0},"end":{"line":84,"column":34}},"64":{"start":{"line":85,"column":0},"end":{"line":85,"column":31}},"65":{"start":{"line":86,"column":0},"end":{"line":86,"column":31}},"66":{"start":{"line":87,"column":0},"end":{"line":87,"column":31}},"67":{"start":{"line":88,"column":0},"end":{"line":88,"column":29}},"68":{"start":{"line":89,"column":0},"end":{"line":89,"column":37}},"69":{"start":{"line":90,"column":0},"end":{"line":90,"column":35}},"70":{"start":{"line":91,"column":0},"end":{"line":91,"column":28}},"71":{"start":{"line":92,"column":0},"end":{"line":92,"column":28}},"72":{"start":{"line":93,"column":0},"end":{"line":93,"column":27}},"73":{"start":{"line":94,"column":0},"end":{"line":94,"column":31}},"74":{"start":{"line":95,"column":0},"end":{"line":95,"column":28}},"75":{"start":{"line":96,"column":0},"end":{"line":96,"column":32}},"76":{"start":{"line":97,"column":0},"end":{"line":97,"column":26}},"77":{"start":{"line":98,"column":0},"end":{"line":98,"column":27}},"78":{"start":{"line":99,"column":0},"end":{"line":99,"column":28}},"79":{"start":{"line":100,"column":0},"end":{"line":100,"column":26}},"80":{"start":{"line":101,"column":0},"end":{"line":101,"column":31}},"81":{"start":{"line":102,"column":0},"end":{"line":102,"column":31}},"82":{"start":{"line":103,"column":0},"end":{"line":103,"column":31}},"83":{"start":{"line":104,"column":0},"end":{"line":104,"column":33}},"84":{"start":{"line":105,"column":0},"end":{"line":105,"column":28}},"85":{"start":{"line":106,"column":0},"end":{"line":106,"column":31}},"86":{"start":{"line":107,"column":0},"end":{"line":107,"column":33}},"87":{"start":{"line":108,"column":0},"end":{"line":108,"column":26}},"88":{"start":{"line":109,"column":0},"end":{"line":109,"column":31}},"89":{"start":{"line":110,"column":0},"end":{"line":110,"column":31}},"90":{"start":{"line":111,"column":0},"end":{"line":111,"column":30}},"91":{"start":{"line":112,"column":0},"end":{"line":112,"column":34}},"92":{"start":{"line":113,"column":0},"end":{"line":113,"column":43}},"93":{"start":{"line":114,"column":0},"end":{"line":114,"column":29}},"94":{"start":{"line":115,"column":0},"end":{"line":115,"column":33}},"95":{"start":{"line":116,"column":0},"end":{"line":116,"column":29}},"96":{"start":{"line":117,"column":0},"end":{"line":117,"column":31}},"97":{"start":{"line":118,"column":0},"end":{"line":118,"column":28}},"98":{"start":{"line":119,"column":0},"end":{"line":119,"column":33}},"99":{"start":{"line":120,"column":0},"end":{"line":120,"column":32}},"100":{"start":{"line":121,"column":0},"end":{"line":121,"column":34}},"101":{"start":{"line":122,"column":0},"end":{"line":122,"column":32}},"102":{"start":{"line":123,"column":0},"end":{"line":123,"column":36}},"103":{"start":{"line":124,"column":0},"end":{"line":124,"column":25}},"104":{"start":{"line":125,"column":0},"end":{"line":125,"column":28}},"105":{"start":{"line":128,"column":0},"end":{"line":128,"column":34}},"106":{"start":{"line":154,"column":4},"end":{"line":154,"column":11}},"107":{"start":{"line":129,"column":0},"end":{"line":129,"column":44}},"108":{"start":{"line":158,"column":4},"end":{"line":158,"column":16}},"109":{"start":{"line":130,"column":0},"end":{"line":130,"column":40}},"110":{"start":{"line":157,"column":4},"end":{"line":157,"column":14}},"111":{"start":{"line":131,"column":0},"end":{"line":131,"column":55}},"112":{"start":{"line":159,"column":4},"end":{"line":159,"column":17}},"113":{"start":{"line":132,"column":0},"end":{"line":132,"column":59}},"114":{"start":{"line":160,"column":4},"end":{"line":160,"column":19}},"115":{"start":{"line":133,"column":0},"end":{"line":133,"column":73}},"116":{"start":{"line":161,"column":4},"end":{"line":161,"column":25}},"117":{"start":{"line":134,"column":0},"end":{"line":134,"column":44}},"118":{"start":{"line":162,"column":4},"end":{"line":162,"column":16}},"119":{"start":{"line":135,"column":0},"end":{"line":135,"column":45}},"120":{"start":{"line":163,"column":4},"end":{"line":163,"column":14}},"121":{"start":{"line":136,"column":0},"end":{"line":136,"column":71}},"122":{"start":{"line":164,"column":4},"end":{"line":164,"column":27}},"123":{"start":{"line":137,"column":0},"end":{"line":137,"column":47}},"124":{"start":{"line":138,"column":0},"end":{"line":138,"column":49}},"125":{"start":{"line":141,"column":0},"end":{"line":141,"column":63}},"126":{"start":{"line":167,"column":4},"end":{"line":167,"column":16}},"127":{"start":{"line":142,"column":0},"end":{"line":142,"column":54}},"128":{"start":{"line":165,"column":4},"end":{"line":165,"column":17}},"129":{"start":{"line":143,"column":0},"end":{"line":143,"column":71}},"130":{"start":{"line":166,"column":4},"end":{"line":166,"column":24}},"131":{"start":{"line":147,"column":0},"end":{"line":150,"column":1}},"132":{"start":{"line":155,"column":4},"end":{"line":150,"column":2}}},"fnMap":{},"branchMap":{},"s":{"1":1,"2":1,"3":1,"4":1,"5":1,"6":1,"7":1,"8":1,"9":1,"10":1,"11":1,"12":1,"13":1,"14":1,"15":1,"16":1,"17":1,"18":1,"19":1,"20":1,"21":1,"22":1,"23":1,"24":1,"25":1,"26":1,"27":1,"28":1,"29":1,"30":1,"31":1,"32":1,"33":1,"34":1,"35":1,"36":1,"37":1,"38":1,"39":1,"40":1,"41":1,"42":1,"43":1,"44":1,"45":1,"46":1,"47":1,"48":1,"49":1,"50":1,"51":1,"52":1,"53":1,"54":1,"55":1,"56":1,"57":1,"58":1,"59":1,"60":1,"61":1,"62":1,"63":1,"64":1,"65":1,"66":1,"67":1,"68":1,"69":1,"70":1,"71":1,"72":1,"73":1,"74":1,"75":1,"76":1,"77":1,"78":1,"79":1,"80":1,"81":1,"82":1,"83":1,"84":1,"85":1,"86":1,"87":1,"88":1,"89":1,"90":1,"91":1,"92":1,"93":1,"94":1,"95":1,"96":1,"97":1,"98":1,"99":1,"100":1,"101":1,"102":1,"103":1,"104":1,"105":1,"106":1,"107":1,"108":1,"109":1,"110":1,"111":1,"112":1,"113":1,"114":1,"115":1,"116":1,"117":1,"118":1,"119":1,"120":1,"121":1,"122":1,"123":1,"124":1,"125":1,"126":1,"127":1,"128":1,"129":1,"130":1,"131":1,"132":1},"b":{},"f":{},"l":{"1":1,"22":1,"23":1,"24":1,"25":1,"26":1,"27":1,"28":1,"29":1,"30":1,"31":1,"32":1,"33":1,"34":1,"35":1,"36":1,"37":1,"38":1,"39":1,"42":1,"43":1,"44":1,"45":1,"46":1,"47":1,"48":1,"49":1,"50":1,"51":1,"52":1,"53":1,"54":1,"55":1,"56":1,"57":1,"58":1,"59":1,"60":1,"61":1,"62":1,"63":1,"64":1,"65":1,"66":1,"67":1,"68":1,"69":1,"70":1,"71":1,"72":1,"73":1,"74":1,"75":1,"76":1,"77":1,"78":1,"79":1,"80":1,"81":1,"82":1,"83":1,"84":1,"85":1,"86":1,"87":1,"88":1,"89":1,"90":1,"91":1,"92":1,"93":1,"94":1,"95":1,"96":1,"97":1,"98":1,"99":1,"100":1,"101":1,"102":1,"103":1,"104":1,"105":1,"106":1,"107":1,"108":1,"109":1,"110":1,"111":1,"112":1,"113":1,"114":1,"115":1,"116":1,"117":1,"118":1,"119":1,"120":1,"121":1,"122":1,"123":1,"124":1,"125":1,"128":1,"129":1,"130":1,"131":1,"132":1,"133":1,"134":1,"135":1,"136":1,"137":1,"138":1,"141":1,"142":1,"143":1,"147":1,"154":1,"155":1,"156":1,"157":1,"158":1,"159":1,"160":1,"161":1,"162":1,"163":1,"164":1,"165":1,"166":1,"167":1}},
"src/Observable.ts":{"path":"src/Observable.ts","statementMap":{"1":{"start":{"line":4,"column":0},"end":{"line":4,"column":40}},"2":{"start":{"line":6,"column":0},"end":{"line":6,"column":33}},"3":{"start":{"line":8,"column":0},"end":{"line":8,"column":54}},"4":{"start":{"line":20,"column":0},"end":{"line":256,"column":1}},"5":{"start":{"line":32,"column":2},"end":{"line":36,"column":3}},"6":{"start":{"line":23,"column":2},"end":{"line":23,"column":29}},"7":{"start":{"line":33,"column":4},"end":{"line":35,"column":5}},"8":{"start":{"line":34,"column":6},"end":{"line":34,"column":34}},"9":{"start":{"line":58,"column":2},"end":{"line":63,"column":3}},"10":{"start":{"line":59,"column":4},"end":{"line":59,"column":40}},"11":{"start":{"line":60,"column":4},"end":{"line":60,"column":29}},"12":{"start":{"line":61,"column":4},"end":{"line":61,"column":35}},"13":{"start":{"line":62,"column":4},"end":{"line":62,"column":22}},"14":{"start":{"line":70,"column":2},"end":{"line":72,"column":3}},"15":{"start":{"line":71,"column":4},"end":{"line":71,"column":16}},"16":{"start":{"line":85,"column":2},"end":{"line":105,"column":3}},"17":{"start":{"line":89,"column":4},"end":{"line":89,"column":34}},"18":{"start":{"line":91,"column":4},"end":{"line":100,"column":5}},"19":{"start":{"line":92,"column":6},"end":{"line":96,"column":7}},"20":{"start":{"line":93,"column":8},"end":{"line":93,"column":54}},"21":{"start":{"line":95,"column":8},"end":{"line":95,"column":66}},"22":{"start":{"line":98,"column":6},"end":{"line":98,"column":51}},"23":{"start":{"line":99,"column":6},"end":{"line":99,"column":60}},"24":{"start":{"line":102,"column":4},"end":{"line":102,"column":48}},"25":{"start":{"line":104,"column":4},"end":{"line":104,"column":22}},"26":{"start":{"line":114,"column":2},"end":{"line":130,"column":3}},"27":{"start":{"line":115,"column":4},"end":{"line":121,"column":5}},"28":{"start":{"line":116,"column":6},"end":{"line":120,"column":7}},"29":{"start":{"line":117,"column":8},"end":{"line":117,"column":45}},"30":{"start":{"line":118,"column":13},"end":{"line":120,"column":7}},"31":{"start":{"line":119,"column":8},"end":{"line":119,"column":35}},"32":{"start":{"line":123,"column":4},"end":{"line":125,"column":5}},"33":{"start":{"line":124,"column":6},"end":{"line":124,"column":47}},"34":{"start":{"line":127,"column":4},"end":{"line":129,"column":7}},"35":{"start":{"line":128,"column":6},"end":{"line":128,"column":44}},"36":{"start":{"line":132,"column":2},"end":{"line":134,"column":3}},"37":{"start":{"line":133,"column":4},"end":{"line":133,"column":66}},"38":{"start":{"line":47,"column":9},"end":{"line":49,"column":4}},"39":{"start":{"line":48,"column":4},"end":{"line":48,"column":40}},"40":{"start":{"line":256,"column":0},"end":{"line":256,"column":1}},"41":{"start":{"line":20,"column":13},"end":{"line":256,"column":1}}},"fnMap":{"1":{"name":"(anonymous_1)","line":20,"loc":{"start":{"line":20,"column":0},"end":{"line":null,"column":-1}}},"2":{"name":"Observable","line":32,"loc":{"start":{"line":32,"column":2},"end":{"line":32,"column":89}}},"3":{"name":"(anonymous_3)","line":58,"loc":{"start":{"line":58,"column":2},"end":{"line":58,"column":37}}},"4":{"name":"(anonymous_4)","line":70,"loc":{"start":{"line":70,"column":2},"end":{"line":null,"column":-1}}},"5":{"name":"(anonymous_5)","line":85,"loc":{"start":{"line":85,"column":2},"end":{"line":87,"column":33}}},"6":{"name":"(anonymous_6)","line":114,"loc":{"start":{"line":114,"column":2},"end":{"line":114,"column":68}}},"7":{"name":"(anonymous_7)","line":127,"loc":{"start":{"line":127,"column":33},"end":{"line":127,"column":49}}},"8":{"name":"(anonymous_8)","line":132,"loc":{"start":{"line":132,"column":2},"end":{"line":132,"column":40}}},"9":{"name":"(anonymous_9)","line":47,"loc":{"start":{"line":47,"column":28},"end":{"line":47,"column":107}}}},"branchMap":{"1":{"line":33,"type":"if","locations":[{"start":{"line":33,"column":4},"end":{"line":33,"column":3}},{"start":{"line":33,"column":4},"end":{"line":33,"column":3}}]},"2":{"line":91,"type":"if","locations":[{"start":{"line":91,"column":4},"end":{"line":91,"column":3}},{"start":{"line":91,"column":4},"end":{"line":91,"column":3}}]},"3":{"line":91,"type":"binary-expr","locations":[{"start":{"line":91,"column":8},"end":{"line":91,"column":22}},{"start":{"line":91,"column":26},"end":{"line":91,"column":60}}]},"4":{"line":92,"type":"if","locations":[{"start":{"line":92,"column":6},"end":{"line":92,"column":5}},{"start":{"line":92,"column":6},"end":{"line":92,"column":5}}]},"5":{"line":115,"type":"if","locations":[{"start":{"line":115,"column":4},"end":{"line":115,"column":3}},{"start":{"line":115,"column":4},"end":{"line":115,"column":3}}]},"6":{"line":116,"type":"if","locations":[{"start":{"line":116,"column":6},"end":{"line":116,"column":5}},{"start":{"line":116,"column":6},"end":{"line":116,"column":5}}]},"7":{"line":116,"type":"binary-expr","locations":[{"start":{"line":116,"column":10},"end":{"line":116,"column":17}},{"start":{"line":116,"column":21},"end":{"line":116,"column":35}},{"start":{"line":116,"column":39},"end":{"line":116,"column":61}}]},"8":{"line":118,"type":"if","locations":[{"start":{"line":118,"column":13},"end":{"line":118,"column":12}},{"start":{"line":118,"column":13},"end":{"line":118,"column":12}}]},"9":{"line":123,"type":"if","locations":[{"start":{"line":123,"column":4},"end":{"line":123,"column":3}},{"start":{"line":123,"column":4},"end":{"line":123,"column":3}}]}},"s":{"1":1,"2":1,"3":1,"4":1,"5":1,"6":5936,"7":5936,"8":1262,"9":1,"10":841,"11":841,"12":841,"13":841,"14":1,"15":0,"16":1,"17":4100,"18":4100,"19":2173,"20":2051,"21":122,"22":1927,"23":1927,"24":4100,"25":4096,"26":4,"27":3,"28":2,"29":1,"30":1,"31":1,"32":3,"33":0,"34":3,"35":3,"36":1,"37":867,"38":1,"39":10,"40":1,"41":1},"b":{"1":[1262,4674],"2":[2173,1927],"3":[4100,4078],"4":[2051,122],"5":[2,1],"6":[1,1],"7":[2,1,1],"8":[1,0],"9":[0,3]},"f":{"1":1,"2":5936,"3":841,"4":0,"5":4100,"6":3,"7":3,"8":867,"9":10},"l":{"4":1,"6":1,"8":1,"20":1,"23":5936,"32":1,"33":5936,"34":1262,"47":1,"48":10,"58":1,"59":841,"60":841,"61":841,"62":841,"70":1,"71":0,"85":1,"89":4100,"91":4100,"92":2173,"93":2051,"95":122,"98":1927,"99":1927,"102":4100,"104":4096,"114":4,"115":3,"116":2,"117":1,"118":1,"119":1,"123":3,"124":0,"127":3,"128":3,"132":1,"133":867,"256":1}},
"src/Subscriber.ts":{"path":"src/Subscriber.ts","statementMap":{"1":{"start":{"line":1,"column":0},"end":{"line":1,"column":33}},"2":{"start":{"line":2,"column":0},"end":{"line":2,"column":45}},"3":{"start":{"line":3,"column":0},"end":{"line":3,"column":49}},"4":{"start":{"line":6,"column":0},"end":{"line":6,"column":44}},"5":{"start":{"line":8,"column":0},"end":{"line":125,"column":1}},"6":{"start":{"line":8,"column":35},"end":{"line":8,"column":50}},"7":{"start":{"line":42,"column":2},"end":{"line":54,"column":3}},"8":{"start":{"line":43,"column":4},"end":{"line":43,"column":12}},"9":{"start":{"line":42,"column":24},"end":{"line":42,"column":51}},"10":{"start":{"line":10,"column":12},"end":{"line":10,"column":45}},"11":{"start":{"line":45,"column":4},"end":{"line":47,"column":5}},"12":{"start":{"line":46,"column":6},"end":{"line":46,"column":13}},"13":{"start":{"line":48,"column":4},"end":{"line":48,"column":59}},"14":{"start":{"line":49,"column":4},"end":{"line":53,"column":5}},"15":{"start":{"line":50,"column":6},"end":{"line":50,"column":40}},"16":{"start":{"line":51,"column":11},"end":{"line":53,"column":5}},"17":{"start":{"line":52,"column":6},"end":{"line":52,"column":59}},"18":{"start":{"line":12,"column":2},"end":{"line":20,"column":3}},"19":{"start":{"line":13,"column":4},"end":{"line":13,"column":44}},"20":{"start":{"line":14,"column":4},"end":{"line":19,"column":5}},"21":{"start":{"line":16,"column":6},"end":{"line":16,"column":65}},"22":{"start":{"line":18,"column":6},"end":{"line":18,"column":34}},"23":{"start":{"line":23,"column":4},"end":{"line":23,"column":44}},"24":{"start":{"line":24,"column":4},"end":{"line":29,"column":5}},"25":{"start":{"line":26,"column":6},"end":{"line":26,"column":51}},"26":{"start":{"line":28,"column":6},"end":{"line":28,"column":44}},"27":{"start":{"line":32,"column":9},"end":{"line":40,"column":3}},"28":{"start":{"line":35,"column":4},"end":{"line":35,"column":43}},"29":{"start":{"line":36,"column":4},"end":{"line":36,"column":82}},"30":{"start":{"line":37,"column":4},"end":{"line":37,"column":77}},"31":{"start":{"line":38,"column":4},"end":{"line":38,"column":80}},"32":{"start":{"line":39,"column":4},"end":{"line":39,"column":22}},"33":{"start":{"line":56,"column":2},"end":{"line":64,"column":3}},"34":{"start":{"line":58,"column":4},"end":{"line":58,"column":45}},"35":{"start":{"line":59,"column":4},"end":{"line":63,"column":5}},"36":{"start":{"line":60,"column":6},"end":{"line":60,"column":29}},"37":{"start":{"line":62,"column":6},"end":{"line":62,"column":21}},"38":{"start":{"line":66,"column":2},"end":{"line":73,"column":3}},"39":{"start":{"line":68,"column":4},"end":{"line":72,"column":5}},"40":{"start":{"line":69,"column":6},"end":{"line":69,"column":37}},"41":{"start":{"line":71,"column":6},"end":{"line":71,"column":24}},"42":{"start":{"line":75,"column":2},"end":{"line":83,"column":3}},"43":{"start":{"line":76,"column":4},"end":{"line":82,"column":5}},"44":{"start":{"line":77,"column":6},"end":{"line":77,"column":13}},"45":{"start":{"line":78,"column":11},"end":{"line":82,"column":5}},"46":{"start":{"line":79,"column":6},"end":{"line":79,"column":34}},"47":{"start":{"line":81,"column":6},"end":{"line":81,"column":26}},"48":{"start":{"line":85,"column":2},"end":{"line":90,"column":3}},"49":{"start":{"line":86,"column":4},"end":{"line":86,"column":41}},"50":{"start":{"line":87,"column":4},"end":{"line":89,"column":5}},"51":{"start":{"line":88,"column":6},"end":{"line":88,"column":30}},"52":{"start":{"line":92,"column":2},"end":{"line":97,"column":3}},"53":{"start":{"line":93,"column":4},"end":{"line":93,"column":41}},"54":{"start":{"line":94,"column":4},"end":{"line":96,"column":5}},"55":{"start":{"line":95,"column":6},"end":{"line":95,"column":29}},"56":{"start":{"line":99,"column":2},"end":{"line":104,"column":3}},"57":{"start":{"line":100,"column":4},"end":{"line":100,"column":41}},"58":{"start":{"line":101,"column":4},"end":{"line":103,"column":5}},"59":{"start":{"line":102,"column":6},"end":{"line":102,"column":29}},"60":{"start":{"line":106,"column":2},"end":{"line":110,"column":3}},"61":{"start":{"line":107,"column":4},"end":{"line":109,"column":5}},"62":{"start":{"line":108,"column":6},"end":{"line":108,"column":24}},"63":{"start":{"line":112,"column":2},"end":{"line":117,"column":3}},"64":{"start":{"line":113,"column":4},"end":{"line":116,"column":5}},"65":{"start":{"line":114,"column":6},"end":{"line":114,"column":23}},"66":{"start":{"line":115,"column":6},"end":{"line":115,"column":25}},"67":{"start":{"line":119,"column":2},"end":{"line":124,"column":3}},"68":{"start":{"line":120,"column":4},"end":{"line":123,"column":5}},"69":{"start":{"line":121,"column":6},"end":{"line":121,"column":23}},"70":{"start":{"line":122,"column":6},"end":{"line":122,"column":25}},"71":{"start":{"line":125,"column":0},"end":{"line":125,"column":1}},"72":{"start":{"line":8,"column":13},"end":{"line":125,"column":1}}},"fnMap":{"1":{"name":"(anonymous_3)","line":8,"loc":{"start":{"line":8,"column":0},"end":{"line":null,"column":-1}}},"2":{"name":"Subscriber","line":42,"loc":{"start":{"line":42,"column":2},"end":{"line":42,"column":51}}},"3":{"name":"(anonymous_5)","line":12,"loc":{"start":{"line":12,"column":2},"end":{"line":null,"column":-1}}},"4":{"name":"(anonymous_6)","line":22,"loc":{"start":{"line":22,"column":2},"end":{"line":22,"column":35}}},"5":{"name":"(anonymous_7)","line":32,"loc":{"start":{"line":32,"column":2},"end":{"line":34,"column":40}}},"6":{"name":"(anonymous_8)","line":56,"loc":{"start":{"line":56,"column":2},"end":{"line":56,"column":44}}},"7":{"name":"(anonymous_9)","line":66,"loc":{"start":{"line":66,"column":2},"end":{"line":66,"column":29}}},"8":{"name":"(anonymous_10)","line":75,"loc":{"start":{"line":75,"column":2},"end":{"line":null,"column":-1}}},"9":{"name":"(anonymous_11)","line":85,"loc":{"start":{"line":85,"column":2},"end":{"line":85,"column":16}}},"10":{"name":"(anonymous_12)","line":92,"loc":{"start":{"line":92,"column":2},"end":{"line":92,"column":17}}},"11":{"name":"(anonymous_13)","line":99,"loc":{"start":{"line":99,"column":2},"end":{"line":null,"column":-1}}},"12":{"name":"(anonymous_14)","line":106,"loc":{"start":{"line":106,"column":2},"end":{"line":106,"column":16}}},"13":{"name":"(anonymous_15)","line":112,"loc":{"start":{"line":112,"column":2},"end":{"line":112,"column":17}}},"14":{"name":"(anonymous_16)","line":119,"loc":{"start":{"line":119,"column":2},"end":{"line":null,"column":-1}}}},"branchMap":{"1":{"line":45,"type":"if","locations":[{"start":{"line":45,"column":4},"end":{"line":45,"column":3}},{"start":{"line":45,"column":4},"end":{"line":45,"column":3}}]},"2":{"line":49,"type":"if","locations":[{"start":{"line":49,"column":4},"end":{"line":49,"column":3}},{"start":{"line":49,"column":4},"end":{"line":49,"column":3}}]},"3":{"line":51,"type":"if","locations":[{"start":{"line":51,"column":11},"end":{"line":51,"column":10}},{"start":{"line":51,"column":11},"end":{"line":51,"column":10}}]},"4":{"line":14,"type":"if","locations":[{"start":{"line":14,"column":4},"end":{"line":14,"column":3}},{"start":{"line":14,"column":4},"end":{"line":14,"column":3}}]},"5":{"line":16,"type":"binary-expr","locations":[{"start":{"line":16,"column":13},"end":{"line":16,"column":33}},{"start":{"line":16,"column":37},"end":{"line":16,"column":64}}]},"6":{"line":24,"type":"if","locations":[{"start":{"line":24,"column":4},"end":{"line":24,"column":3}},{"start":{"line":24,"column":4},"end":{"line":24,"column":3}}]},"7":{"line":36,"type":"binary-expr","locations":[{"start":{"line":36,"column":24},"end":{"line":36,"column":50}},{"start":{"line":36,"column":55},"end":{"line":36,"column":73}},{"start":{"line":36,"column":77},"end":{"line":36,"column":81}}]},"8":{"line":37,"type":"binary-expr","locations":[{"start":{"line":37,"column":25},"end":{"line":37,"column":52}},{"start":{"line":37,"column":57},"end":{"line":37,"column":62}},{"start":{"line":37,"column":66},"end":{"line":37,"column":76}}]},"9":{"line":38,"type":"binary-expr","locations":[{"start":{"line":38,"column":28},"end":{"line":38,"column":58}},{"start":{"line":38,"column":63},"end":{"line":38,"column":71}},{"start":{"line":38,"column":75},"end":{"line":38,"column":79}}]},"10":{"line":59,"type":"if","locations":[{"start":{"line":59,"column":4},"end":{"line":59,"column":3}},{"start":{"line":59,"column":4},"end":{"line":59,"column":3}}]},"11":{"line":68,"type":"if","locations":[{"start":{"line":68,"column":4},"end":{"line":68,"column":3}},{"start":{"line":68,"column":4},"end":{"line":68,"column":3}}]},"12":{"line":76,"type":"if","locations":[{"start":{"line":76,"column":4},"end":{"line":76,"column":3}},{"start":{"line":76,"column":4},"end":{"line":76,"column":3}}]},"13":{"line":78,"type":"if","locations":[{"start":{"line":78,"column":11},"end":{"line":78,"column":10}},{"start":{"line":78,"column":11},"end":{"line":78,"column":10}}]},"14":{"line":87,"type":"if","locations":[{"start":{"line":87,"column":4},"end":{"line":87,"column":3}},{"start":{"line":87,"column":4},"end":{"line":87,"column":3}}]},"15":{"line":94,"type":"if","locations":[{"start":{"line":94,"column":4},"end":{"line":94,"column":3}},{"start":{"line":94,"column":4},"end":{"line":94,"column":3}}]},"16":{"line":101,"type":"if","locations":[{"start":{"line":101,"column":4},"end":{"line":101,"column":3}},{"start":{"line":101,"column":4},"end":{"line":101,"column":3}}]},"17":{"line":107,"type":"if","locations":[{"start":{"line":107,"column":4},"end":{"line":107,"column":3}},{"start":{"line":107,"column":4},"end":{"line":107,"column":3}}]},"18":{"line":113,"type":"if","locations":[{"start":{"line":113,"column":4},"end":{"line":113,"column":3}},{"start":{"line":113,"column":4},"end":{"line":113,"column":3}}]},"19":{"line":120,"type":"if","locations":[{"start":{"line":120,"column":4},"end":{"line":120,"column":3}},{"start":{"line":120,"column":4},"end":{"line":120,"column":3}}]}},"s":{"1":1,"2":1,"3":1,"4":1,"5":1,"6":1,"7":1,"8":10019,"9":10018,"10":10018,"11":10018,"12":7987,"13":2031,"14":2031,"15":75,"16":1956,"17":1834,"18":1,"19":137061,"20":137061,"21":51252,"22":85809,"23":13942,"24":13942,"25":0,"26":13942,"27":1,"28":1935,"29":1935,"30":1935,"31":1935,"32":1935,"33":1,"34":15148,"35":15148,"36":3335,"37":11813,"38":1,"39":1752,"40":876,"41":876,"42":1,"43":7001,"44":1581,"45":5420,"46":1498,"47":3922,"48":1,"49":410,"50":410,"51":410,"52":1,"53":202,"54":202,"55":202,"56":1,"57":284,"58":284,"59":282,"60":1,"61":36188,"62":32425,"63":1,"64":1206,"65":1178,"66":1174,"67":1,"68":7115,"69":7060,"70":3281,"71":1,"72":1},"b":{"1":[7987,2031],"2":[75,1956],"3":[1834,122],"4":[51252,85809],"5":[51252,51218],"6":[0,13942],"7":[1935,1913,22],"8":[1935,1768,167],"9":[1935,1826,109],"10":[3335,11813],"11":[876,876],"12":[1581,5420],"13":[1498,3922],"14":[410,0],"15":[202,0],"16":[282,2],"17":[32425,3763],"18":[1178,28],"19":[7060,55]},"f":{"1":1,"2":10019,"3":137061,"4":13942,"5":1935,"6":15148,"7":1752,"8":7001,"9":410,"10":202,"11":284,"12":36188,"13":1206,"14":7115},"l":{"1":1,"2":1,"3":1,"6":1,"8":1,"10":10018,"12":1,"13":137061,"14":137061,"16":51252,"18":85809,"23":13942,"24":13942,"26":0,"28":13942,"32":1,"35":1935,"36":1935,"37":1935,"38":1935,"39":1935,"42":10018,"43":10019,"45":10018,"46":7987,"48":2031,"49":2031,"50":75,"51":1956,"52":1834,"56":1,"58":15148,"59":15148,"60":3335,"62":11813,"66":1,"68":1752,"69":876,"71":876,"75":1,"76":7001,"77":1581,"78":5420,"79":1498,"81":3922,"85":1,"86":410,"87":410,"88":410,"92":1,"93":202,"94":202,"95":202,"99":1,"100":284,"101":284,"102":282,"106":1,"107":36188,"108":32425,"112":1,"113":1206,"114":1178,"115":1174,"119":1,"120":7115,"121":7060,"122":3281,"125":1}},
"src/util/noop.ts":{"path":"src/util/noop.ts","statementMap":{"1":{"start":{"line":2,"column":0},"end":{"line":2,"column":26}},"2":{"start":{"line":2,"column":16},"end":{"line":2,"column":26}}},"fnMap":{"1":{"name":"noop","line":2,"loc":{"start":{"line":2,"column":0},"end":{"line":2,"column":24}}}},"branchMap":{},"s":{"1":1,"2":1},"b":{},"f":{"1":7355},"l":{"2":1}},
"src/util/throwError.ts":{"path":"src/util/throwError.ts","statementMap":{"1":{"start":{"line":1,"column":0},"end":{"line":1,"column":42}},"2":{"start":{"line":1,"column":32},"end":{"line":1,"column":40}},"3":{"start":{"line":1,"column":16},"end":{"line":1,"column":42}}},"fnMap":{"1":{"name":"throwError","line":1,"loc":{"start":{"line":1,"column":0},"end":{"line":1,"column":28}}}},"branchMap":{},"s":{"1":1,"2":4,"3":1},"b":{},"f":{"1":4},"l":{"1":4}},
"src/util/tryOrOnError.ts":{"path":"src/util/tryOrOnError.ts","statementMap":{"1":{"start":{"line":1,"column":0},"end":{"line":11,"column":1}},"2":{"start":{"line":2,"column":2},"end":{"line":8,"column":3}},"3":{"start":{"line":3,"column":4},"end":{"line":7,"column":5}},"4":{"start":{"line":4,"column":13},"end":{"line":4,"column":55}},"5":{"start":{"line":6,"column":6},"end":{"line":6,"column":20}},"6":{"start":{"line":9,"column":9},"end":{"line":9,"column":37}},"7":{"start":{"line":10,"column":2},"end":{"line":10,"column":20}},"8":{"start":{"line":1,"column":16},"end":{"line":11,"column":1}}},"fnMap":{"1":{"name":"tryOrOnError","line":1,"loc":{"start":{"line":1,"column":0},"end":{"line":1,"column":45}}},"2":{"name":"tryCatcher","line":2,"loc":{"start":{"line":2,"column":2},"end":{"line":null,"column":-1}}}},"branchMap":{},"s":{"1":1,"2":1,"3":4357,"4":4357,"5":4,"6":1913,"7":1913,"8":1},"b":{},"f":{"1":1913,"2":4357},"l":{"1":1,"2":1,"3":4357,"4":4357,"6":4,"9":1913,"10":1913}},
"src/Subscription.ts":{"path":"src/Subscription.ts","statementMap":{"1":{"start":{"line":1,"column":0},"end":{"line":1,"column":33}},"2":{"start":{"line":3,"column":0},"end":{"line":102,"column":1}},"3":{"start":{"line":17,"column":2},"end":{"line":21,"column":3}},"4":{"start":{"line":9,"column":2},"end":{"line":9,"column":34}},"5":{"start":{"line":18,"column":4},"end":{"line":20,"column":5}},"6":{"start":{"line":19,"column":6},"end":{"line":19,"column":39}},"7":{"start":{"line":13,"column":2},"end":{"line":15,"column":3}},"8":{"start":{"line":14,"column":4},"end":{"line":14,"column":11}},"9":{"start":{"line":23,"column":2},"end":{"line":48,"column":3}},"10":{"start":{"line":25,"column":4},"end":{"line":27,"column":5}},"11":{"start":{"line":26,"column":6},"end":{"line":26,"column":13}},"12":{"start":{"line":29,"column":4},"end":{"line":29,"column":31}},"13":{"start":{"line":31,"column":4},"end":{"line":31,"column":42}},"14":{"start":{"line":32,"column":4},"end":{"line":32,"column":46}},"15":{"start":{"line":34,"column":4},"end":{"line":34,"column":33}},"16":{"start":{"line":36,"column":4},"end":{"line":38,"column":5}},"17":{"start":{"line":37,"column":6},"end":{"line":37,"column":29}},"18":{"start":{"line":40,"column":4},"end":{"line":47,"column":5}},"19":{"start":{"line":41,"column":6},"end":{"line":41,"column":21}},"20":{"start":{"line":42,"column":6},"end":{"line":42,"column":39}},"21":{"start":{"line":44,"column":6},"end":{"line":46,"column":7}},"22":{"start":{"line":45,"column":8},"end":{"line":45,"column":43}},"23":{"start":{"line":50,"column":2},"end":{"line":79,"column":3}},"24":{"start":{"line":55,"column":4},"end":{"line":59,"column":5}},"25":{"start":{"line":58,"column":6},"end":{"line":58,"column":13}},"26":{"start":{"line":61,"column":4},"end":{"line":61,"column":47}},"27":{"start":{"line":63,"column":4},"end":{"line":78,"column":5}},"28":{"start":{"line":65,"column":8},"end":{"line":65,"column":67}},"29":{"start":{"line":67,"column":8},"end":{"line":74,"column":9}},"30":{"start":{"line":68,"column":10},"end":{"line":68,"column":16}},"31":{"start":{"line":69,"column":15},"end":{"line":74,"column":9}},"32":{"start":{"line":70,"column":12},"end":{"line":70,"column":30}},"33":{"start":{"line":72,"column":10},"end":{"line":72,"column":82}},"34":{"start":{"line":73,"column":10},"end":{"line":73,"column":34}},"35":{"start":{"line":75,"column":8},"end":{"line":75,"column":14}},"36":{"start":{"line":77,"column":8},"end":{"line":77,"column":97}},"37":{"start":{"line":81,"column":2},"end":{"line":101,"column":3}},"38":{"start":{"line":87,"column":4},"end":{"line":91,"column":5}},"39":{"start":{"line":90,"column":6},"end":{"line":90,"column":13}},"40":{"start":{"line":93,"column":4},"end":{"line":93,"column":46}},"41":{"start":{"line":95,"column":4},"end":{"line":100,"column":5}},"42":{"start":{"line":96,"column":6},"end":{"line":96,"column":68}},"43":{"start":{"line":97,"column":6},"end":{"line":99,"column":7}},"44":{"start":{"line":98,"column":8},"end":{"line":98,"column":51}},"45":{"start":{"line":4,"column":16},"end":{"line":7,"column":31}},"46":{"start":{"line":5,"column":4},"end":{"line":5,"column":32}},"47":{"start":{"line":6,"column":4},"end":{"line":6,"column":17}},"48":{"start":{"line":102,"column":0},"end":{"line":102,"column":1}},"49":{"start":{"line":3,"column":13},"end":{"line":102,"column":1}}},"fnMap":{"1":{"name":"(anonymous_1)","line":3,"loc":{"start":{"line":3,"column":0},"end":{"line":null,"column":-1}}},"2":{"name":"Subscription","line":17,"loc":{"start":{"line":17,"column":2},"end":{"line":17,"column":39}}},"3":{"name":"(anonymous_3)","line":13,"loc":{"start":{"line":13,"column":2},"end":{"line":null,"column":-1}}},"4":{"name":"(anonymous_4)","line":23,"loc":{"start":{"line":23,"column":2},"end":{"line":null,"column":-1}}},"5":{"name":"(anonymous_5)","line":50,"loc":{"start":{"line":50,"column":2},"end":{"line":50,"column":49}}},"6":{"name":"(anonymous_6)","line":81,"loc":{"start":{"line":81,"column":2},"end":{"line":81,"column":38}}},"7":{"name":"(anonymous_7)","line":4,"loc":{"start":{"line":4,"column":45},"end":{"line":4,"column":59}}}},"branchMap":{"1":{"line":18,"type":"if","locations":[{"start":{"line":18,"column":4},"end":{"line":18,"column":3}},{"start":{"line":18,"column":4},"end":{"line":18,"column":3}}]},"2":{"line":25,"type":"if","locations":[{"start":{"line":25,"column":4},"end":{"line":25,"column":3}},{"start":{"line":25,"column":4},"end":{"line":25,"column":3}}]},"3":{"line":36,"type":"if","locations":[{"start":{"line":36,"column":4},"end":{"line":36,"column":3}},{"start":{"line":36,"column":4},"end":{"line":36,"column":3}}]},"4":{"line":40,"type":"if","locations":[{"start":{"line":40,"column":4},"end":{"line":40,"column":3}},{"start":{"line":40,"column":4},"end":{"line":40,"column":3}}]},"5":{"line":55,"type":"if","locations":[{"start":{"line":55,"column":4},"end":{"line":55,"column":3}},{"start":{"line":55,"column":4},"end":{"line":55,"column":3}}]},"6":{"line":55,"type":"binary-expr","locations":[{"start":{"line":55,"column":8},"end":{"line":55,"column":21}},{"start":{"line":56,"column":8},"end":{"line":56,"column":29}},{"start":{"line":57,"column":8},"end":{"line":57,"column":43}}]},"7":{"line":64,"type":"switch","locations":[{"start":{"line":64,"column":6},"end":{"line":65,"column":67}},{"start":{"line":66,"column":6},"end":{"line":75,"column":14}},{"start":{"line":76,"column":6},"end":{"line":77,"column":97}}]},"8":{"line":67,"type":"if","locations":[{"start":{"line":67,"column":8},"end":{"line":67,"column":7}},{"start":{"line":67,"column":8},"end":{"line":67,"column":7}}]},"9":{"line":67,"type":"binary-expr","locations":[{"start":{"line":67,"column":12},"end":{"line":67,"column":30}},{"start":{"line":67,"column":34},"end":{"line":67,"column":71}}]},"10":{"line":69,"type":"if","locations":[{"start":{"line":69,"column":15},"end":{"line":69,"column":14}},{"start":{"line":69,"column":15},"end":{"line":69,"column":14}}]},"11":{"line":72,"type":"binary-expr","locations":[{"start":{"line":72,"column":32},"end":{"line":72,"column":51}},{"start":{"line":72,"column":56},"end":{"line":72,"column":80}}]},"12":{"line":87,"type":"if","locations":[{"start":{"line":87,"column":4},"end":{"line":87,"column":3}},{"start":{"line":87,"column":4},"end":{"line":87,"column":3}}]},"13":{"line":87,"type":"binary-expr","locations":[{"start":{"line":87,"column":8},"end":{"line":87,"column":28}},{"start":{"line":88,"column":8},"end":{"line":88,"column":29}},{"start":{"line":89,"column":8},"end":{"line":89,"column":43}}]},"14":{"line":95,"type":"if","locations":[{"start":{"line":95,"column":4},"end":{"line":95,"column":3}},{"start":{"line":95,"column":4},"end":{"line":95,"column":3}}]},"15":{"line":97,"type":"if","locations":[{"start":{"line":97,"column":6},"end":{"line":97,"column":5}},{"start":{"line":97,"column":6},"end":{"line":97,"column":5}}]}},"s":{"1":1,"2":1,"3":1,"4":25416,"5":25415,"6":2519,"7":1,"8":7193,"9":1,"10":11289,"11":21,"12":11268,"13":11268,"14":11268,"15":11268,"16":11268,"17":9728,"18":11268,"19":3659,"20":3659,"21":3659,"22":8561,"23":1,"24":12260,"25":2135,"26":10125,"27":10125,"28":8,"29":10125,"30":117,"31":10008,"32":54,"33":9954,"34":9954,"35":10008,"36":0,"37":1,"38":883,"39":0,"40":883,"41":883,"42":828,"43":828,"44":637,"45":1,"46":1,"47":1,"48":1,"49":1},"b":{"1":[2519,22896],"2":[21,11268],"3":[9728,1540],"4":[3659,7609],"5":[2135,10125],"6":[12260,11122,10125],"7":[8,10125,0],"8":[117,10008],"9":[10125,10008],"10":[54,9954],"11":[9954,4061],"12":[0,883],"13":[883,883,883],"14":[828,55],"15":[637,191]},"f":{"1":1,"2":25416,"3":7193,"4":11289,"5":12260,"6":883,"7":1},"l":{"1":1,"3":1,"4":1,"5":1,"6":1,"9":25416,"13":1,"14":7193,"17":1,"18":25415,"19":2519,"23":1,"25":11289,"26":21,"29":11268,"31":11268,"32":11268,"34":11268,"36":11268,"37":9728,"40":11268,"41":3659,"42":3659,"44":3659,"45":8561,"50":1,"55":12260,"58":2135,"61":10125,"63":10125,"65":8,"67":10125,"68":117,"69":10008,"70":54,"72":9954,"73":9954,"75":10008,"77":0,"81":1,"87":883,"90":0,"93":883,"95":883,"96":828,"97":828,"98":637,"102":1}},
"src/util/root.ts":{"path":"src/util/root.ts","statementMap":{"1":{"start":{"line":1,"column":0},"end":{"line":8,"column":2}},"2":{"start":{"line":21,"column":11},"end":{"line":21,"column":100}},"3":{"start":{"line":24,"column":0},"end":{"line":24,"column":89}},"4":{"start":{"line":25,"column":0},"end":{"line":25,"column":84}},"5":{"start":{"line":26,"column":0},"end":{"line":26,"column":54}},"6":{"start":{"line":28,"column":0},"end":{"line":30,"column":1}},"7":{"start":{"line":29,"column":2},"end":{"line":29,"column":20}}},"fnMap":{},"branchMap":{"1":{"line":21,"type":"binary-expr","locations":[{"start":{"line":21,"column":24},"end":{"line":21,"column":48}},{"start":{"line":21,"column":52},"end":{"line":21,"column":56}},{"start":{"line":21,"column":62},"end":{"line":21,"column":88}},{"start":{"line":21,"column":92},"end":{"line":21,"column":98}}]},"2":{"line":24,"type":"binary-expr","locations":[{"start":{"line":24,"column":18},"end":{"line":24,"column":45}},{"start":{"line":24,"column":49},"end":{"line":24,"column":56}},{"start":{"line":24,"column":60},"end":{"line":24,"column":77}},{"start":{"line":24,"column":81},"end":{"line":24,"column":88}}]},"3":{"line":25,"type":"binary-expr","locations":[{"start":{"line":25,"column":17},"end":{"line":25,"column":43}},{"start":{"line":25,"column":47},"end":{"line":25,"column":53}},{"start":{"line":25,"column":57},"end":{"line":25,"column":73}},{"start":{"line":25,"column":77},"end":{"line":25,"column":83}}]},"4":{"line":26,"type":"binary-expr","locations":[{"start":{"line":26,"column":17},"end":{"line":26,"column":43}},{"start":{"line":26,"column":47},"end":{"line":26,"column":53}}]},"5":{"line":28,"type":"if","locations":[{"start":{"line":28,"column":0},"end":{"line":28,"column":-1}},{"start":{"line":28,"column":0},"end":{"line":28,"column":-1}}]},"6":{"line":28,"type":"binary-expr","locations":[{"start":{"line":28,"column":4},"end":{"line":28,"column":14}},{"start":{"line":28,"column":19},"end":{"line":28,"column":51}},{"start":{"line":28,"column":55},"end":{"line":28,"column":87}}]}},"s":{"1":1,"2":1,"3":1,"4":1,"5":1,"6":1,"7":1},"b":{"1":[1,0,1,0],"2":[1,1,1,1],"3":[1,1,1,1],"4":[1,1],"5":[1,0],"6":[1,1,0]},"f":{},"l":{"1":1,"21":1,"24":1,"25":1,"26":1,"28":1,"29":1}},
"src/util/Symbol_observable.ts":{"path":"src/util/Symbol_observable.ts","statementMap":{"1":{"start":{"line":1,"column":0},"end":{"line":1,"column":28}},"2":{"start":{"line":3,"column":0},"end":{"line":5,"column":1}},"3":{"start":{"line":4,"column":2},"end":{"line":4,"column":19}},"4":{"start":{"line":7,"column":0},"end":{"line":13,"column":1}},"5":{"start":{"line":8,"column":2},"end":{"line":12,"column":3}},"6":{"start":{"line":9,"column":4},"end":{"line":9,"column":59}},"7":{"start":{"line":11,"column":4},"end":{"line":11,"column":44}},"8":{"start":{"line":15,"column":13},"end":{"line":15,"column":51}}},"fnMap":{},"branchMap":{"1":{"line":3,"type":"if","locations":[{"start":{"line":3,"column":0},"end":{"line":3,"column":-1}},{"start":{"line":3,"column":0},"end":{"line":3,"column":-1}}]},"2":{"line":7,"type":"if","locations":[{"start":{"line":7,"column":0},"end":{"line":7,"column":-1}},{"start":{"line":7,"column":0},"end":{"line":7,"column":-1}}]},"3":{"line":8,"type":"if","locations":[{"start":{"line":8,"column":2},"end":{"line":8,"column":1}},{"start":{"line":8,"column":2},"end":{"line":8,"column":1}}]}},"s":{"1":1,"2":1,"3":0,"4":1,"5":1,"6":1,"7":0,"8":1},"b":{"1":[0,1],"2":[1,0],"3":[1,0]},"f":{},"l":{"1":1,"3":1,"4":0,"7":1,"8":1,"9":1,"11":0,"15":1}},
"src/operators/combineLatest-static.ts":{"path":"src/operators/combineLatest-static.ts","statementMap":{"1":{"start":{"line":1,"column":0},"end":{"line":1,"column":41}},"2":{"start":{"line":2,"column":0},"end":{"line":2,"column":56}},"3":{"start":{"line":3,"column":0},"end":{"line":3,"column":62}},"4":{"start":{"line":5,"column":0},"end":{"line":5,"column":48}},"5":{"start":{"line":6,"column":0},"end":{"line":6,"column":40}},"6":{"start":{"line":18,"column":0},"end":{"line":40,"column":1}},"7":{"start":{"line":18,"column":33},"end":{"line":21,"column":64}},"8":{"start":{"line":22,"column":2},"end":{"line":22,"column":52}},"9":{"start":{"line":23,"column":2},"end":{"line":23,"column":34}},"10":{"start":{"line":25,"column":2},"end":{"line":27,"column":3}},"11":{"start":{"line":26,"column":4},"end":{"line":26,"column":45}},"12":{"start":{"line":29,"column":2},"end":{"line":31,"column":3}},"13":{"start":{"line":30,"column":4},"end":{"line":30,"column":62}},"14":{"start":{"line":35,"column":2},"end":{"line":37,"column":3}},"15":{"start":{"line":36,"column":4},"end":{"line":36,"column":57}},"16":{"start":{"line":39,"column":2},"end":{"line":39,"column":94}},"17":{"start":{"line":18,"column":16},"end":{"line":40,"column":1}},"18":{"start":{"line":42,"column":0},"end":{"line":42,"column":41}}},"fnMap":{"1":{"name":"combineLatest","line":18,"loc":{"start":{"line":18,"column":0},"end":{"line":null,"column":-1}}}},"branchMap":{"1":{"line":25,"type":"if","locations":[{"start":{"line":25,"column":2},"end":{"line":25,"column":1}},{"start":{"line":25,"column":2},"end":{"line":25,"column":1}}]},"2":{"line":29,"type":"if","locations":[{"start":{"line":29,"column":2},"end":{"line":29,"column":1}},{"start":{"line":29,"column":2},"end":{"line":29,"column":1}}]},"3":{"line":35,"type":"if","locations":[{"start":{"line":35,"column":2},"end":{"line":35,"column":1}},{"start":{"line":35,"column":2},"end":{"line":35,"column":1}}]},"4":{"line":35,"type":"binary-expr","locations":[{"start":{"line":35,"column":6},"end":{"line":35,"column":30}},{"start":{"line":35,"column":34},"end":{"line":35,"column":57}}]}},"s":{"1":1,"2":1,"3":1,"4":1,"5":1,"6":1,"7":119,"8":30,"9":30,"10":30,"11":1,"12":30,"13":29,"14":30,"15":1,"16":30,"17":1,"18":1},"b":{"1":[1,29],"2":[29,1],"3":[1,29],"4":[30,1]},"f":{"1":30},"l":{"1":1,"2":1,"3":1,"5":1,"6":1,"18":119,"22":30,"23":30,"25":30,"26":1,"29":30,"30":29,"35":30,"36":1,"39":30,"42":1}},
"src/observable/fromArray.ts":{"path":"src/observable/fromArray.ts","statementMap":{"1":{"start":{"line":2,"column":0},"end":{"line":2,"column":41}},"2":{"start":{"line":3,"column":0},"end":{"line":3,"column":52}},"3":{"start":{"line":4,"column":0},"end":{"line":4,"column":40}},"4":{"start":{"line":5,"column":0},"end":{"line":5,"column":48}},"5":{"start":{"line":7,"column":0},"end":{"line":80,"column":1}},"6":{"start":{"line":7,"column":40},"end":{"line":7,"column":53}},"7":{"start":{"line":54,"column":2},"end":{"line":60,"column":3}},"8":{"start":{"line":55,"column":4},"end":{"line":55,"column":12}},"9":{"start":{"line":54,"column":21},"end":{"line":54,"column":31}},"10":{"start":{"line":54,"column":40},"end":{"line":54,"column":61}},"11":{"start":{"line":56,"column":4},"end":{"line":59,"column":5}},"12":{"start":{"line":57,"column":6},"end":{"line":57,"column":28}},"13":{"start":{"line":58,"column":6},"end":{"line":58,"column":28}},"14":{"start":{"line":9,"column":9},"end":{"line":11,"column":3}},"15":{"start":{"line":10,"column":4},"end":{"line":10,"column":49}},"16":{"start":{"line":13,"column":9},"end":{"line":29,"column":3}},"17":{"start":{"line":13,"column":15},"end":{"line":13,"column":45}},"18":{"start":{"line":14,"column":4},"end":{"line":14,"column":55}},"19":{"start":{"line":15,"column":4},"end":{"line":19,"column":5}},"20":{"start":{"line":16,"column":6},"end":{"line":16,"column":18}},"21":{"start":{"line":18,"column":6},"end":{"line":18,"column":25}},"22":{"start":{"line":21,"column":4},"end":{"line":21,"column":29}},"23":{"start":{"line":22,"column":4},"end":{"line":28,"column":5}},"24":{"start":{"line":23,"column":6},"end":{"line":23,"column":51}},"25":{"start":{"line":24,"column":11},"end":{"line":28,"column":5}},"26":{"start":{"line":25,"column":6},"end":{"line":25,"column":55}},"27":{"start":{"line":27,"column":6},"end":{"line":27,"column":44}},"28":{"start":{"line":31,"column":9},"end":{"line":49,"column":3}},"29":{"start":{"line":33,"column":4},"end":{"line":33,"column":54}},"30":{"start":{"line":35,"column":4},"end":{"line":38,"column":5}},"31":{"start":{"line":36,"column":6},"end":{"line":36,"column":28}},"32":{"start":{"line":37,"column":6},"end":{"line":37,"column":13}},"33":{"start":{"line":40,"column":4},"end":{"line":40,"column":34}},"34":{"start":{"line":42,"column":4},"end":{"line":44,"column":5}},"35":{"start":{"line":43,"column":6},"end":{"line":43,"column":13}},"36":{"start":{"line":46,"column":4},"end":{"line":46,"column":28}},"37":{"start":{"line":48,"column":11},"end":{"line":48,"column":33}},"38":{"start":{"line":62,"column":2},"end":{"line":79,"column":3}},"39":{"start":{"line":64,"column":4},"end":{"line":64,"column":18}},"40":{"start":{"line":65,"column":4},"end":{"line":65,"column":29}},"41":{"start":{"line":66,"column":4},"end":{"line":66,"column":31}},"42":{"start":{"line":67,"column":4},"end":{"line":67,"column":37}},"43":{"start":{"line":69,"column":4},"end":{"line":78,"column":5}},"44":{"start":{"line":70,"column":6},"end":{"line":72,"column":10}},"45":{"start":{"line":74,"column":6},"end":{"line":76,"column":7}},"46":{"start":{"line":75,"column":8},"end":{"line":75,"column":34}},"47":{"start":{"line":77,"column":6},"end":{"line":77,"column":28}},"48":{"start":{"line":80,"column":0},"end":{"line":80,"column":1}},"49":{"start":{"line":7,"column":13},"end":{"line":80,"column":1}},"50":{"start":{"line":82,"column":0},"end":{"line":82,"column":35}},"51":{"start":{"line":83,"column":0},"end":{"line":83,"column":46}}},"fnMap":{"1":{"name":"(anonymous_3)","line":7,"loc":{"start":{"line":7,"column":0},"end":{"line":null,"column":-1}}},"2":{"name":"ArrayObservable","line":54,"loc":{"start":{"line":54,"column":2},"end":{"line":54,"column":61}}},"3":{"name":"(anonymous_5)","line":9,"loc":{"start":{"line":9,"column":2},"end":{"line":9,"column":52}}},"4":{"name":"(anonymous_6)","line":13,"loc":{"start":{"line":13,"column":2},"end":{"line":null,"column":-1}}},"5":{"name":"(anonymous_7)","line":31,"loc":{"start":{"line":31,"column":2},"end":{"line":31,"column":23}}},"6":{"name":"(anonymous_8)","line":62,"loc":{"start":{"line":62,"column":2},"end":{"line":62,"column":23}}}},"branchMap":{"1":{"line":56,"type":"if","locations":[{"start":{"line":56,"column":4},"end":{"line":56,"column":3}},{"start":{"line":56,"column":4},"end":{"line":56,"column":3}}]},"2":{"line":56,"type":"binary-expr","locations":[{"start":{"line":56,"column":8},"end":{"line":56,"column":18}},{"start":{"line":56,"column":22},"end":{"line":56,"column":40}}]},"3":{"line":15,"type":"if","locations":[{"start":{"line":15,"column":4},"end":{"line":15,"column":3}},{"start":{"line":15,"column":4},"end":{"line":15,"column":3}}]},"4":{"line":22,"type":"if","locations":[{"start":{"line":22,"column":4},"end":{"line":22,"column":3}},{"start":{"line":22,"column":4},"end":{"line":22,"column":3}}]},"5":{"line":24,"type":"if","locations":[{"start":{"line":24,"column":11},"end":{"line":24,"column":10}},{"start":{"line":24,"column":11},"end":{"line":24,"column":10}}]},"6":{"line":35,"type":"if","locations":[{"start":{"line":35,"column":4},"end":{"line":35,"column":3}},{"start":{"line":35,"column":4},"end":{"line":35,"column":3}}]},"7":{"line":42,"type":"if","locations":[{"start":{"line":42,"column":4},"end":{"line":42,"column":3}},{"start":{"line":42,"column":4},"end":{"line":42,"column":3}}]},"8":{"line":69,"type":"if","locations":[{"start":{"line":69,"column":4},"end":{"line":69,"column":3}},{"start":{"line":69,"column":4},"end":{"line":69,"column":3}}]},"9":{"line":74,"type":"binary-expr","locations":[{"start":{"line":74,"column":22},"end":{"line":74,"column":31}},{"start":{"line":74,"column":35},"end":{"line":74,"column":61}}]}},"s":{"1":1,"2":1,"3":1,"4":1,"5":1,"6":1,"7":1,"8":448,"9":448,"10":448,"11":448,"12":1,"13":1,"14":1,"15":14,"16":1,"17":871,"18":262,"19":262,"20":37,"21":225,"22":262,"23":262,"24":165,"25":97,"26":95,"27":2,"28":1,"29":502,"30":502,"31":132,"32":130,"33":370,"34":368,"35":0,"36":368,"37":368,"38":1,"39":449,"40":449,"41":449,"42":449,"43":449,"44":139,"45":310,"46":751,"47":310,"48":1,"49":1,"50":1,"51":1},"b":{"1":[1,447],"2":[448,309],"3":[37,225],"4":[165,97],"5":[95,2],"6":[132,370],"7":[0,368],"8":[139,310],"9":[1061,753]},"f":{"1":1,"2":448,"3":14,"4":262,"5":502,"6":449},"l":{"2":1,"3":1,"4":1,"5":1,"7":1,"9":1,"10":14,"13":871,"14":262,"15":262,"16":37,"18":225,"21":262,"22":262,"23":165,"24":97,"25":95,"27":2,"31":1,"33":502,"35":502,"36":132,"37":130,"40":370,"42":368,"43":0,"46":368,"48":368,"54":448,"55":448,"56":448,"57":1,"58":1,"62":1,"64":449,"65":449,"66":449,"67":449,"69":449,"70":139,"74":310,"75":751,"77":310,"80":1,"82":1,"83":1}},
"src/observable/ScalarObservable.ts":{"path":"src/observable/ScalarObservable.ts","statementMap":{"1":{"start":{"line":2,"column":0},"end":{"line":2,"column":41}},"2":{"start":{"line":5,"column":0},"end":{"line":5,"column":42}},"3":{"start":{"line":6,"column":0},"end":{"line":6,"column":48}},"4":{"start":{"line":7,"column":0},"end":{"line":7,"column":40}},"5":{"start":{"line":8,"column":0},"end":{"line":8,"column":40}},"6":{"start":{"line":10,"column":0},"end":{"line":53,"column":1}},"7":{"start":{"line":10,"column":41},"end":{"line":10,"column":54}},"8":{"start":{"line":34,"column":2},"end":{"line":36,"column":3}},"9":{"start":{"line":35,"column":4},"end":{"line":35,"column":12}},"10":{"start":{"line":34,"column":21},"end":{"line":34,"column":29}},"11":{"start":{"line":34,"column":39},"end":{"line":34,"column":60}},"12":{"start":{"line":32,"column":2},"end":{"line":32,"column":28}},"13":{"start":{"line":11,"column":9},"end":{"line":13,"column":3}},"14":{"start":{"line":12,"column":4},"end":{"line":12,"column":50}},"15":{"start":{"line":15,"column":9},"end":{"line":30,"column":3}},"16":{"start":{"line":16,"column":4},"end":{"line":16,"column":46}},"17":{"start":{"line":18,"column":4},"end":{"line":21,"column":5}},"18":{"start":{"line":19,"column":6},"end":{"line":19,"column":28}},"19":{"start":{"line":20,"column":6},"end":{"line":20,"column":13}},"20":{"start":{"line":23,"column":4},"end":{"line":23,"column":27}},"21":{"start":{"line":24,"column":4},"end":{"line":26,"column":5}},"22":{"start":{"line":25,"column":6},"end":{"line":25,"column":13}},"23":{"start":{"line":28,"column":4},"end":{"line":28,"column":22}},"24":{"start":{"line":29,"column":11},"end":{"line":29,"column":33}},"25":{"start":{"line":38,"column":2},"end":{"line":52,"column":3}},"26":{"start":{"line":39,"column":4},"end":{"line":39,"column":29}},"27":{"start":{"line":40,"column":4},"end":{"line":40,"column":37}},"28":{"start":{"line":42,"column":4},"end":{"line":51,"column":5}},"29":{"start":{"line":43,"column":6},"end":{"line":45,"column":10}},"30":{"start":{"line":47,"column":6},"end":{"line":47,"column":29}},"31":{"start":{"line":48,"column":6},"end":{"line":50,"column":7}},"32":{"start":{"line":49,"column":8},"end":{"line":49,"column":30}},"33":{"start":{"line":53,"column":0},"end":{"line":53,"column":1}},"34":{"start":{"line":10,"column":13},"end":{"line":53,"column":1}},"35":{"start":{"line":56,"column":0},"end":{"line":56,"column":41}},"36":{"start":{"line":58,"column":0},"end":{"line":65,"column":2}},"37":{"start":{"line":59,"column":2},"end":{"line":59,"column":70}},"38":{"start":{"line":60,"column":2},"end":{"line":64,"column":3}},"39":{"start":{"line":61,"column":4},"end":{"line":61,"column":46}},"40":{"start":{"line":63,"column":4},"end":{"line":63,"column":78}},"41":{"start":{"line":67,"column":0},"end":{"line":76,"column":2}},"42":{"start":{"line":68,"column":2},"end":{"line":68,"column":69}},"43":{"start":{"line":69,"column":2},"end":{"line":75,"column":3}},"44":{"start":{"line":70,"column":4},"end":{"line":70,"column":46}},"45":{"start":{"line":71,"column":9},"end":{"line":75,"column":3}},"46":{"start":{"line":72,"column":4},"end":{"line":72,"column":16}},"47":{"start":{"line":74,"column":4},"end":{"line":74,"column":33}},"48":{"start":{"line":78,"column":0},"end":{"line":88,"column":2}},"49":{"start":{"line":79,"column":2},"end":{"line":81,"column":3}},"50":{"start":{"line":80,"column":4},"end":{"line":80,"column":21}},"51":{"start":{"line":82,"column":2},"end":{"line":82,"column":51}},"52":{"start":{"line":83,"column":2},"end":{"line":87,"column":3}},"53":{"start":{"line":84,"column":4},"end":{"line":84,"column":46}},"54":{"start":{"line":86,"column":4},"end":{"line":86,"column":40}},"55":{"start":{"line":90,"column":0},"end":{"line":92,"column":2}},"56":{"start":{"line":91,"column":2},"end":{"line":91,"column":35}},"57":{"start":{"line":94,"column":0},"end":{"line":105,"column":2}},"58":{"start":{"line":95,"column":2},"end":{"line":104,"column":3}},"59":{"start":{"line":96,"column":4},"end":{"line":96,"column":35}},"60":{"start":{"line":98,"column":4},"end":{"line":98,"column":80}},"61":{"start":{"line":99,"column":4},"end":{"line":103,"column":5}},"62":{"start":{"line":100,"column":6},"end":{"line":100,"column":48}},"63":{"start":{"line":102,"column":6},"end":{"line":102,"column":50}},"64":{"start":{"line":107,"column":0},"end":{"line":112,"column":2}},"65":{"start":{"line":108,"column":2},"end":{"line":110,"column":3}},"66":{"start":{"line":109,"column":4},"end":{"line":109,"column":33}},"67":{"start":{"line":111,"column":2},"end":{"line":111,"column":14}},"68":{"start":{"line":114,"column":0},"end":{"line":119,"column":2}},"69":{"start":{"line":115,"column":2},"end":{"line":117,"column":3}},"70":{"start":{"line":116,"column":4},"end":{"line":116,"column":16}},"71":{"start":{"line":118,"column":2},"end":{"line":118,"column":31}}},"fnMap":{"1":{"name":"(anonymous_3)","line":10,"loc":{"start":{"line":10,"column":0},"end":{"line":null,"column":-1}}},"2":{"name":"ScalarObservable","line":34,"loc":{"start":{"line":34,"column":2},"end":{"line":34,"column":60}}},"3":{"name":"(anonymous_5)","line":11,"loc":{"start":{"line":11,"column":2},"end":{"line":11,"column":50}}},"4":{"name":"(anonymous_6)","line":15,"loc":{"start":{"line":15,"column":2},"end":{"line":15,"column":23}}},"5":{"name":"(anonymous_7)","line":38,"loc":{"start":{"line":38,"column":2},"end":{"line":38,"column":38}}},"6":{"name":"(anonymous_8)","line":58,"loc":{"start":{"line":58,"column":12},"end":{"line":58,"column":76}}},"7":{"name":"(anonymous_9)","line":67,"loc":{"start":{"line":67,"column":15},"end":{"line":67,"column":81}}},"8":{"name":"(anonymous_10)","line":78,"loc":{"start":{"line":78,"column":15},"end":{"line":78,"column":69}}},"9":{"name":"(anonymous_11)","line":90,"loc":{"start":{"line":90,"column":13},"end":{"line":90,"column":66}}},"10":{"name":"(anonymous_12)","line":94,"loc":{"start":{"line":94,"column":14},"end":{"line":94,"column":113}}},"11":{"name":"(anonymous_13)","line":107,"loc":{"start":{"line":107,"column":13},"end":{"line":107,"column":39}}},"12":{"name":"(anonymous_14)","line":114,"loc":{"start":{"line":114,"column":13},"end":{"line":114,"column":39}}}},"branchMap":{"1":{"line":18,"type":"if","locations":[{"start":{"line":18,"column":4},"end":{"line":18,"column":3}},{"start":{"line":18,"column":4},"end":{"line":18,"column":3}}]},"2":{"line":24,"type":"if","locations":[{"start":{"line":24,"column":4},"end":{"line":24,"column":3}},{"start":{"line":24,"column":4},"end":{"line":24,"column":3}}]},"3":{"line":42,"type":"if","locations":[{"start":{"line":42,"column":4},"end":{"line":42,"column":3}},{"start":{"line":42,"column":4},"end":{"line":42,"column":3}}]},"4":{"line":48,"type":"if","locations":[{"start":{"line":48,"column":6},"end":{"line":48,"column":5}},{"start":{"line":48,"column":6},"end":{"line":48,"column":5}}]},"5":{"line":59,"type":"binary-expr","locations":[{"start":{"line":59,"column":38},"end":{"line":59,"column":45}},{"start":{"line":59,"column":49},"end":{"line":59,"column":53}}]},"6":{"line":60,"type":"if","locations":[{"start":{"line":60,"column":2},"end":{"line":60,"column":1}},{"start":{"line":60,"column":2},"end":{"line":60,"column":1}}]},"7":{"line":63,"type":"binary-expr","locations":[{"start":{"line":63,"column":45},"end":{"line":63,"column":52}},{"start":{"line":63,"column":56},"end":{"line":63,"column":60}}]},"8":{"line":68,"type":"binary-expr","locations":[{"start":{"line":68,"column":37},"end":{"line":68,"column":44}},{"start":{"line":68,"column":48},"end":{"line":68,"column":52}}]},"9":{"line":69,"type":"if","locations":[{"start":{"line":69,"column":2},"end":{"line":69,"column":1}},{"start":{"line":69,"column":2},"end":{"line":69,"column":1}}]},"10":{"line":71,"type":"if","locations":[{"start":{"line":71,"column":9},"end":{"line":71,"column":8}},{"start":{"line":71,"column":9},"end":{"line":71,"column":8}}]},"11":{"line":79,"type":"if","locations":[{"start":{"line":79,"column":2},"end":{"line":79,"column":1}},{"start":{"line":79,"column":2},"end":{"line":79,"column":1}}]},"12":{"line":83,"type":"if","locations":[{"start":{"line":83,"column":2},"end":{"line":83,"column":1}},{"start":{"line":83,"column":2},"end":{"line":83,"column":1}}]},"13":{"line":95,"type":"if","locations":[{"start":{"line":95,"column":2},"end":{"line":95,"column":1}},{"start":{"line":95,"column":2},"end":{"line":95,"column":1}}]},"14":{"line":98,"type":"binary-expr","locations":[{"start":{"line":98,"column":42},"end":{"line":98,"column":49}},{"start":{"line":98,"column":53},"end":{"line":98,"column":57}}]},"15":{"line":99,"type":"if","locations":[{"start":{"line":99,"column":4},"end":{"line":99,"column":3}},{"start":{"line":99,"column":4},"end":{"line":99,"column":3}}]},"16":{"line":102,"type":"cond-expr","locations":[{"start":{"line":102,"column":43},"end":{"line":102,"column":44}},{"start":{"line":102,"column":47},"end":{"line":102,"column":48}}]},"17":{"line":108,"type":"if","locations":[{"start":{"line":108,"column":2},"end":{"line":108,"column":1}},{"start":{"line":108,"column":2},"end":{"line":108,"column":1}}]},"18":{"line":115,"type":"if","locations":[{"start":{"line":115,"column":2},"end":{"line":115,"column":1}},{"start":{"line":115,"column":2},"end":{"line":115,"column":1}}]}},"s":{"1":1,"2":1,"3":1,"4":1,"5":1,"6":1,"7":1,"8":1,"9":139,"10":139,"11":139,"12":139,"13":1,"14":1,"15":1,"16":5,"17":5,"18":2,"19":2,"20":3,"21":3,"22":1,"23":2,"24":2,"25":1,"26":47,"27":47,"28":47,"29":3,"30":44,"31":42,"32":41,"33":1,"34":1,"35":1,"36":1,"37":3,"38":3,"39":1,"40":2,"41":1,"42":4,"43":4,"44":2,"45":2,"46":1,"47":1,"48":1,"49":6,"50":2,"51":4,"52":4,"53":2,"54":2,"55":1,"56":3,"57":1,"58":4,"59":1,"60":3,"61":3,"62":1,"63":2,"64":1,"65":2,"66":1,"67":1,"68":1,"69":2,"70":1,"71":1},"b":{"1":[2,3],"2":[1,2],"3":[3,44],"4":[41,1],"5":[3,3],"6":[1,2],"7":[2,2],"8":[4,4],"9":[2,2],"10":[1,1],"11":[2,4],"12":[2,2],"13":[1,3],"14":[3,3],"15":[1,2],"16":[1,1],"17":[1,1],"18":[1,1]},"f":{"1":1,"2":139,"3":1,"4":5,"5":47,"6":3,"7":4,"8":6,"9":3,"10":4,"11":2,"12":2},"l":{"2":1,"5":1,"6":1,"7":1,"8":1,"10":1,"11":1,"12":1,"15":1,"16":5,"18":5,"19":2,"20":2,"23":3,"24":3,"25":1,"28":2,"29":2,"32":139,"34":139,"35":139,"38":1,"39":47,"40":47,"42":47,"43":3,"47":44,"48":42,"49":41,"53":1,"56":1,"58":1,"59":3,"60":3,"61":1,"63":2,"67":1,"68":4,"69":4,"70":2,"71":2,"72":1,"74":1,"78":1,"79":6,"80":2,"82":4,"83":4,"84":2,"86":2,"90":1,"91":3,"94":1,"95":4,"96":1,"98":3,"99":3,"100":1,"102":2,"107":1,"108":2,"109":1,"111":1,"114":1,"115":2,"116":1,"118":1}},
"src/util/tryCatch.ts":{"path":"src/util/tryCatch.ts","statementMap":{"1":{"start":{"line":1,"column":0},"end":{"line":1,"column":42}},"2":{"start":{"line":3,"column":0},"end":{"line":3,"column":19}},"3":{"start":{"line":5,"column":0},"end":{"line":12,"column":1}},"4":{"start":{"line":6,"column":2},"end":{"line":11,"column":3}},"5":{"start":{"line":7,"column":4},"end":{"line":7,"column":49}},"6":{"start":{"line":9,"column":4},"end":{"line":9,"column":22}},"7":{"start":{"line":10,"column":4},"end":{"line":10,"column":23}},"8":{"start":{"line":14,"column":0},"end":{"line":17,"column":1}},"9":{"start":{"line":15,"column":2},"end":{"line":15,"column":22}},"10":{"start":{"line":16,"column":2},"end":{"line":16,"column":20}},"11":{"start":{"line":14,"column":16},"end":{"line":17,"column":1}}},"fnMap":{"1":{"name":"tryCatcher","line":5,"loc":{"start":{"line":5,"column":0},"end":{"line":null,"column":-1}}},"2":{"name":"tryCatch","line":14,"loc":{"start":{"line":14,"column":0},"end":{"line":14,"column":37}}}},"branchMap":{},"s":{"1":1,"2":1,"3":1,"4":26252,"5":26252,"6":117,"7":117,"8":1,"9":26252,"10":26252,"11":1},"b":{},"f":{"1":26252,"2":26252},"l":{"1":1,"3":1,"5":1,"6":26252,"7":26252,"9":117,"10":117,"14":1,"15":26252,"16":26252}},
"src/util/errorObject.ts":{"path":"src/util/errorObject.ts","statementMap":{"1":{"start":{"line":1,"column":11},"end":{"line":1,"column":35}}},"fnMap":{},"branchMap":{},"s":{"1":1},"b":{},"f":{},"l":{"1":1}},
"src/observable/throw.ts":{"path":"src/observable/throw.ts","statementMap":{"1":{"start":{"line":2,"column":0},"end":{"line":2,"column":41}},"2":{"start":{"line":4,"column":0},"end":{"line":31,"column":1}},"3":{"start":{"line":4,"column":40},"end":{"line":4,"column":53}},"4":{"start":{"line":14,"column":2},"end":{"line":16,"column":3}},"5":{"start":{"line":15,"column":4},"end":{"line":15,"column":12}},"6":{"start":{"line":14,"column":21},"end":{"line":14,"column":29}},"7":{"start":{"line":14,"column":39},"end":{"line":14,"column":60}},"8":{"start":{"line":6,"column":9},"end":{"line":8,"column":3}},"9":{"start":{"line":7,"column":4},"end":{"line":7,"column":49}},"10":{"start":{"line":10,"column":9},"end":{"line":12,"column":3}},"11":{"start":{"line":11,"column":4},"end":{"line":11,"column":28}},"12":{"start":{"line":18,"column":2},"end":{"line":30,"column":3}},"13":{"start":{"line":20,"column":4},"end":{"line":20,"column":29}},"14":{"start":{"line":21,"column":4},"end":{"line":21,"column":37}},"15":{"start":{"line":23,"column":4},"end":{"line":29,"column":5}},"16":{"start":{"line":24,"column":6},"end":{"line":26,"column":10}},"17":{"start":{"line":28,"column":6},"end":{"line":28,"column":30}},"18":{"start":{"line":31,"column":0},"end":{"line":31,"column":1}},"19":{"start":{"line":4,"column":13},"end":{"line":31,"column":1}},"20":{"start":{"line":33,"column":0},"end":{"line":33,"column":42}}},"fnMap":{"1":{"name":"(anonymous_3)","line":4,"loc":{"start":{"line":4,"column":0},"end":{"line":null,"column":-1}}},"2":{"name":"ErrorObservable","line":14,"loc":{"start":{"line":14,"column":2},"end":{"line":14,"column":60}}},"3":{"name":"(anonymous_5)","line":6,"loc":{"start":{"line":6,"column":2},"end":{"line":6,"column":50}}},"4":{"name":"(anonymous_6)","line":10,"loc":{"start":{"line":10,"column":2},"end":{"line":10,"column":39}}},"5":{"name":"(anonymous_7)","line":18,"loc":{"start":{"line":18,"column":2},"end":{"line":18,"column":23}}}},"branchMap":{"1":{"line":23,"type":"if","locations":[{"start":{"line":23,"column":4},"end":{"line":23,"column":3}},{"start":{"line":23,"column":4},"end":{"line":23,"column":3}}]}},"s":{"1":1,"2":1,"3":1,"4":1,"5":30,"6":30,"7":30,"8":1,"9":18,"10":1,"11":1,"12":1,"13":20,"14":20,"15":20,"16":1,"17":19,"18":1,"19":1,"20":1},"b":{"1":[1,19]},"f":{"1":1,"2":30,"3":18,"4":1,"5":20},"l":{"2":1,"4":1,"6":1,"7":18,"10":1,"11":1,"14":30,"15":30,"18":1,"20":20,"21":20,"23":20,"24":1,"28":19,"31":1,"33":1}},
"src/observable/empty.ts":{"path":"src/observable/empty.ts","statementMap":{"1":{"start":{"line":2,"column":0},"end":{"line":2,"column":41}},"2":{"start":{"line":4,"column":0},"end":{"line":28,"column":1}},"3":{"start":{"line":4,"column":40},"end":{"line":4,"column":53}},"4":{"start":{"line":14,"column":2},"end":{"line":16,"column":3}},"5":{"start":{"line":15,"column":4},"end":{"line":15,"column":12}},"6":{"start":{"line":14,"column":22},"end":{"line":14,"column":43}},"7":{"start":{"line":6,"column":9},"end":{"line":8,"column":3}},"8":{"start":{"line":7,"column":4},"end":{"line":7,"column":42}},"9":{"start":{"line":10,"column":9},"end":{"line":12,"column":3}},"10":{"start":{"line":11,"column":4},"end":{"line":11,"column":26}},"11":{"start":{"line":18,"column":2},"end":{"line":27,"column":3}},"12":{"start":{"line":20,"column":4},"end":{"line":20,"column":37}},"13":{"start":{"line":22,"column":4},"end":{"line":26,"column":5}},"14":{"start":{"line":23,"column":6},"end":{"line":23,"column":86}},"15":{"start":{"line":25,"column":6},"end":{"line":25,"column":28}},"16":{"start":{"line":28,"column":0},"end":{"line":28,"column":1}},"17":{"start":{"line":4,"column":13},"end":{"line":28,"column":1}},"18":{"start":{"line":30,"column":0},"end":{"line":30,"column":42}}},"fnMap":{"1":{"name":"(anonymous_3)","line":4,"loc":{"start":{"line":4,"column":0},"end":{"line":null,"column":-1}}},"2":{"name":"EmptyObservable","line":14,"loc":{"start":{"line":14,"column":2},"end":{"line":14,"column":43}}},"3":{"name":"(anonymous_5)","line":6,"loc":{"start":{"line":6,"column":2},"end":{"line":6,"column":40}}},"4":{"name":"(anonymous_6)","line":10,"loc":{"start":{"line":10,"column":2},"end":{"line":10,"column":32}}},"5":{"name":"(anonymous_7)","line":18,"loc":{"start":{"line":18,"column":2},"end":{"line":18,"column":23}}}},"branchMap":{"1":{"line":22,"type":"if","locations":[{"start":{"line":22,"column":4},"end":{"line":22,"column":3}},{"start":{"line":22,"column":4},"end":{"line":22,"column":3}}]}},"s":{"1":1,"2":1,"3":1,"4":1,"5":64,"6":64,"7":1,"8":52,"9":1,"10":1,"11":1,"12":3835,"13":3835,"14":1,"15":3834,"16":1,"17":1,"18":1},"b":{"1":[1,3834]},"f":{"1":1,"2":64,"3":52,"4":1,"5":3835},"l":{"2":1,"4":1,"6":1,"7":52,"10":1,"11":1,"14":64,"15":64,"18":1,"20":3835,"22":3835,"23":1,"25":3834,"28":1,"30":1}},
"src/util/isScheduler.ts":{"path":"src/util/isScheduler.ts","statementMap":{"1":{"start":{"line":1,"column":0},"end":{"line":3,"column":1}},"2":{"start":{"line":2,"column":2},"end":{"line":2,"column":55}},"3":{"start":{"line":1,"column":16},"end":{"line":3,"column":1}}},"fnMap":{"1":{"name":"isScheduler","line":1,"loc":{"start":{"line":1,"column":0},"end":{"line":1,"column":38}}}},"branchMap":{"1":{"line":2,"type":"binary-expr","locations":[{"start":{"line":2,"column":9},"end":{"line":2,"column":14}},{"start":{"line":2,"column":18},"end":{"line":2,"column":54}}]}},"s":{"1":1,"2":448,"3":1},"b":{"1":[448,432]},"f":{"1":448},"l":{"1":1,"2":448}},
"src/operators/combineLatest-support.ts":{"path":"src/operators/combineLatest-support.ts","statementMap":{"1":{"start":{"line":4,"column":0},"end":{"line":4,"column":42}},"2":{"start":{"line":5,"column":0},"end":{"line":5,"column":48}},"3":{"start":{"line":6,"column":0},"end":{"line":6,"column":51}},"4":{"start":{"line":7,"column":0},"end":{"line":7,"column":60}},"5":{"start":{"line":9,"column":0},"end":{"line":20,"column":1}},"6":{"start":{"line":13,"column":2},"end":{"line":15,"column":3}},"7":{"start":{"line":14,"column":4},"end":{"line":14,"column":27}},"8":{"start":{"line":17,"column":2},"end":{"line":19,"column":3}},"9":{"start":{"line":18,"column":4},"end":{"line":18,"column":71}},"10":{"start":{"line":20,"column":0},"end":{"line":20,"column":1}},"11":{"start":{"line":9,"column":13},"end":{"line":20,"column":1}},"12":{"start":{"line":22,"column":0},"end":{"line":86,"column":1}},"13":{"start":{"line":22,"column":51},"end":{"line":22,"column":72}},"14":{"start":{"line":28,"column":2},"end":{"line":30,"column":3}},"15":{"start":{"line":29,"column":4},"end":{"line":29,"column":23}},"16":{"start":{"line":28,"column":50},"end":{"line":28,"column":88}},"17":{"start":{"line":23,"column":10},"end":{"line":23,"column":29}},"18":{"start":{"line":24,"column":10},"end":{"line":24,"column":29}},"19":{"start":{"line":25,"column":10},"end":{"line":25,"column":34}},"20":{"start":{"line":26,"column":10},"end":{"line":26,"column":35}},"21":{"start":{"line":32,"column":2},"end":{"line":36,"column":3}},"22":{"start":{"line":33,"column":4},"end":{"line":33,"column":37}},"23":{"start":{"line":34,"column":4},"end":{"line":34,"column":37}},"24":{"start":{"line":35,"column":4},"end":{"line":35,"column":38}},"25":{"start":{"line":38,"column":2},"end":{"line":50,"column":3}},"26":{"start":{"line":39,"column":4},"end":{"line":39,"column":41}},"27":{"start":{"line":40,"column":4},"end":{"line":40,"column":35}},"28":{"start":{"line":41,"column":4},"end":{"line":49,"column":5}},"29":{"start":{"line":42,"column":6},"end":{"line":42,"column":34}},"30":{"start":{"line":44,"column":6},"end":{"line":44,"column":24}},"31":{"start":{"line":45,"column":6},"end":{"line":48,"column":7}},"32":{"start":{"line":46,"column":8},"end":{"line":46,"column":40}},"33":{"start":{"line":47,"column":8},"end":{"line":47,"column":69}},"34":{"start":{"line":52,"column":2},"end":{"line":56,"column":3}},"35":{"start":{"line":53,"column":4},"end":{"line":55,"column":5}},"36":{"start":{"line":54,"column":6},"end":{"line":54,"column":34}},"37":{"start":{"line":58,"column":2},"end":{"line":85,"column":3}},"38":{"start":{"line":59,"column":4},"end":{"line":59,"column":31}},"39":{"start":{"line":60,"column":4},"end":{"line":60,"column":31}},"40":{"start":{"line":61,"column":4},"end":{"line":61,"column":37}},"41":{"start":{"line":63,"column":4},"end":{"line":68,"column":5}},"42":{"start":{"line":64,"column":6},"end":{"line":64,"column":50}},"43":{"start":{"line":65,"column":6},"end":{"line":67,"column":7}},"44":{"start":{"line":66,"column":8},"end":{"line":66,"column":35}},"45":{"start":{"line":70,"column":4},"end":{"line":84,"column":5}},"46":{"start":{"line":71,"column":6},"end":{"line":71,"column":35}},"47":{"start":{"line":72,"column":6},"end":{"line":72,"column":43}},"48":{"start":{"line":74,"column":6},"end":{"line":83,"column":7}},"49":{"start":{"line":75,"column":8},"end":{"line":75,"column":59}},"50":{"start":{"line":76,"column":8},"end":{"line":80,"column":9}},"51":{"start":{"line":77,"column":10},"end":{"line":77,"column":43}},"52":{"start":{"line":79,"column":10},"end":{"line":79,"column":35}},"53":{"start":{"line":82,"column":8},"end":{"line":82,"column":33}},"54":{"start":{"line":86,"column":0},"end":{"line":86,"column":1}},"55":{"start":{"line":22,"column":13},"end":{"line":86,"column":1}}},"fnMap":{"1":{"name":"(anonymous_3)","line":9,"loc":{"start":{"line":9,"column":0},"end":{"line":null,"column":-1}}},"2":{"name":"CombineLatestOperator","line":13,"loc":{"start":{"line":13,"column":2},"end":{"line":13,"column":52}}},"3":{"name":"(anonymous_5)","line":17,"loc":{"start":{"line":17,"column":2},"end":{"line":17,"column":32}}},"4":{"name":"(anonymous_6)","line":22,"loc":{"start":{"line":22,"column":0},"end":{"line":null,"column":-1}}},"5":{"name":"CombineLatestSubscriber","line":28,"loc":{"start":{"line":28,"column":2},"end":{"line":28,"column":88}}},"6":{"name":"(anonymous_8)","line":32,"loc":{"start":{"line":32,"column":2},"end":{"line":32,"column":23}}},"7":{"name":"(anonymous_9)","line":38,"loc":{"start":{"line":38,"column":2},"end":{"line":null,"column":-1}}},"8":{"name":"(anonymous_10)","line":52,"loc":{"start":{"line":52,"column":2},"end":{"line":52,"column":32}}},"9":{"name":"(anonymous_11)","line":58,"loc":{"start":{"line":58,"column":2},"end":{"line":58,"column":78}}}},"branchMap":{"1":{"line":41,"type":"if","locations":[{"start":{"line":41,"column":4},"end":{"line":41,"column":3}},{"start":{"line":41,"column":4},"end":{"line":41,"column":3}}]},"2":{"line":53,"type":"if","locations":[{"start":{"line":53,"column":4},"end":{"line":53,"column":3}},{"start":{"line":53,"column":4},"end":{"line":53,"column":3}}]},"3":{"line":63,"type":"if","locations":[{"start":{"line":63,"column":4},"end":{"line":63,"column":3}},{"start":{"line":63,"column":4},"end":{"line":63,"column":3}}]},"4":{"line":65,"type":"if","locations":[{"start":{"line":65,"column":6},"end":{"line":65,"column":5}},{"start":{"line":65,"column":6},"end":{"line":65,"column":5}}]},"5":{"line":70,"type":"if","locations":[{"start":{"line":70,"column":4},"end":{"line":70,"column":3}},{"start":{"line":70,"column":4},"end":{"line":70,"column":3}}]},"6":{"line":74,"type":"if","locations":[{"start":{"line":74,"column":6},"end":{"line":74,"column":5}},{"start":{"line":74,"column":6},"end":{"line":74,"column":5}}]},"7":{"line":76,"type":"if","locations":[{"start":{"line":76,"column":8},"end":{"line":76,"column":7}},{"start":{"line":76,"column":8},"end":{"line":76,"column":7}}]}},"s":{"1":1,"2":1,"3":1,"4":1,"5":1,"6":1,"7":60,"8":1,"9":60,"10":1,"11":1,"12":1,"13":1,"14":1,"15":60,"16":60,"17":60,"18":60,"19":60,"20":60,"21":1,"22":121,"23":121,"24":121,"25":1,"26":60,"27":60,"28":60,"29":0,"30":60,"31":60,"32":121,"33":121,"34":1,"35":51,"36":18,"37":1,"38":98,"39":98,"40":98,"41":98,"42":53,"43":53,"44":45,"45":98,"46":61,"47":61,"48":61,"49":42,"50":42,"51":2,"52":40,"53":19,"54":1,"55":1},"b":{"1":[0,60],"2":[18,33],"3":[53,45],"4":[45,8],"5":[61,37],"6":[42,19],"7":[2,40]},"f":{"1":1,"2":60,"3":60,"4":1,"5":60,"6":121,"7":60,"8":51,"9":98},"l":{"4":1,"5":1,"6":1,"7":1,"9":1,"13":1,"14":60,"17":1,"18":60,"20":1,"22":1,"23":60,"24":60,"25":60,"26":60,"28":60,"29":60,"32":1,"33":121,"34":121,"35":121,"38":1,"39":60,"40":60,"41":60,"42":0,"44":60,"45":60,"46":121,"47":121,"52":1,"53":51,"54":18,"58":1,"59":98,"60":98,"61":98,"63":98,"64":53,"65":53,"66":45,"70":98,"71":61,"72":61,"74":61,"75":42,"76":42,"77":2,"79":40,"82":19,"86":1}},
"src/OuterSubscriber.ts":{"path":"src/OuterSubscriber.ts","statementMap":{"1":{"start":{"line":2,"column":0},"end":{"line":2,"column":40}},"2":{"start":{"line":4,"column":0},"end":{"line":16,"column":1}},"3":{"start":{"line":4,"column":43},"end":{"line":4,"column":56}},"4":{"start":{"line":5,"column":2},"end":{"line":7,"column":3}},"5":{"start":{"line":6,"column":4},"end":{"line":6,"column":32}},"6":{"start":{"line":9,"column":2},"end":{"line":11,"column":3}},"7":{"start":{"line":10,"column":4},"end":{"line":10,"column":38}},"8":{"start":{"line":13,"column":2},"end":{"line":15,"column":3}},"9":{"start":{"line":14,"column":4},"end":{"line":14,"column":34}},"10":{"start":{"line":16,"column":0},"end":{"line":16,"column":1}},"11":{"start":{"line":4,"column":13},"end":{"line":16,"column":1}}},"fnMap":{"1":{"name":"(anonymous_3)","line":4,"loc":{"start":{"line":4,"column":0},"end":{"line":null,"column":-1}}},"2":{"name":"(anonymous_5)","line":5,"loc":{"start":{"line":5,"column":2},"end":{"line":5,"column":46}}},"3":{"name":"(anonymous_6)","line":9,"loc":{"start":{"line":9,"column":2},"end":{"line":9,"column":81}}},"4":{"name":"(anonymous_7)","line":13,"loc":{"start":{"line":13,"column":2},"end":{"line":13,"column":56}}}},"branchMap":{},"s":{"1":1,"2":2,"3":821,"4":1,"5":6,"6":1,"7":391,"8":1,"9":113,"10":1,"11":1},"b":{},"f":{"1":821,"2":6,"3":391,"4":113},"l":{"2":1,"4":821,"5":1,"6":6,"9":1,"10":391,"13":1,"14":113,"16":1}},
"src/util/subscribeToResult.ts":{"path":"src/util/subscribeToResult.ts","statementMap":{"1":{"start":{"line":2,"column":0},"end":{"line":2,"column":41}},"2":{"start":{"line":3,"column":0},"end":{"line":3,"column":51}},"3":{"start":{"line":4,"column":0},"end":{"line":4,"column":55}},"4":{"start":{"line":6,"column":0},"end":{"line":6,"column":51}},"5":{"start":{"line":9,"column":0},"end":{"line":9,"column":30}},"6":{"start":{"line":11,"column":0},"end":{"line":70,"column":1}},"7":{"start":{"line":15,"column":2},"end":{"line":15,"column":96}},"8":{"start":{"line":17,"column":2},"end":{"line":19,"column":3}},"9":{"start":{"line":18,"column":4},"end":{"line":18,"column":11}},"10":{"start":{"line":21,"column":2},"end":{"line":29,"column":3}},"11":{"start":{"line":22,"column":4},"end":{"line":28,"column":5}},"12":{"start":{"line":23,"column":6},"end":{"line":23,"column":37}},"13":{"start":{"line":24,"column":6},"end":{"line":24,"column":29}},"14":{"start":{"line":25,"column":6},"end":{"line":25,"column":13}},"15":{"start":{"line":27,"column":6},"end":{"line":27,"column":43}},"16":{"start":{"line":31,"column":2},"end":{"line":69,"column":3}},"17":{"start":{"line":32,"column":4},"end":{"line":34,"column":5}},"18":{"start":{"line":33,"column":6},"end":{"line":33,"column":34}},"19":{"start":{"line":35,"column":4},"end":{"line":37,"column":5}},"20":{"start":{"line":36,"column":6},"end":{"line":36,"column":29}},"21":{"start":{"line":38,"column":9},"end":{"line":69,"column":3}},"22":{"start":{"line":39,"column":4},"end":{"line":48,"column":7}},"23":{"start":{"line":40,"column":6},"end":{"line":43,"column":7}},"24":{"start":{"line":41,"column":8},"end":{"line":41,"column":28}},"25":{"start":{"line":42,"column":8},"end":{"line":42,"column":31}},"26":{"start":{"line":44,"column":14},"end":{"line":44,"column":36}},"27":{"start":{"line":47,"column":6},"end":{"line":47,"column":39}},"28":{"start":{"line":47,"column":25},"end":{"line":47,"column":35}},"29":{"start":{"line":49,"column":4},"end":{"line":49,"column":23}},"30":{"start":{"line":50,"column":9},"end":{"line":69,"column":3}},"31":{"start":{"line":51,"column":4},"end":{"line":56,"column":5}},"32":{"start":{"line":51,"column":9},"end":{"line":51,"column":17}},"33":{"start":{"lin
[...]
,"end":{"line":25,"column":28}},"22":{"start":{"line":26,"column":0},"end":{"line":26,"column":33}},"23":{"start":{"line":27,"column":0},"end":{"line":27,"column":32}},"24":{"start":{"line":28,"column":0},"end":{"line":28,"column":34}},"25":{"start":{"line":29,"column":0},"end":{"line":29,"column":32}},"26":{"start":{"line":30,"column":0},"end":{"line":30,"column":27}},"27":{"start":{"line":31,"column":0},"end":{"line":31,"column":32}},"28":{"start":{"line":32,"column":0},"end":{"line":32,"column":35}},"29":{"start":{"line":33,"column":0},"end":{"line":33,"column":28}},"30":{"start":{"line":34,"column":0},"end":{"line":34,"column":31}},"31":{"start":{"line":35,"column":0},"end":{"line":35,"column":31}},"32":{"start":{"line":36,"column":0},"end":{"line":36,"column":33}},"33":{"start":{"line":37,"column":0},"end":{"line":37,"column":27}},"34":{"start":{"line":38,"column":0},"end":{"line":38,"column":35}},"35":{"start":{"line":39,"column":0},"end":{"line":39,"column":30}},"36":{"start":{"line":40,"column":0},"end":{"line":40,"column":34}},"37":{"start":{"line":41,"column":0},"end":{"line":41,"column":36}},"38":{"start":{"line":42,"column":0},"end":{"line":42,"column":27}},"39":{"start":{"line":43,"column":0},"end":{"line":43,"column":42}},"40":{"start":{"line":44,"column":0},"end":{"line":44,"column":24}},"41":{"start":{"line":45,"column":0},"end":{"line":45,"column":28}},"42":{"start":{"line":46,"column":0},"end":{"line":46,"column":28}},"43":{"start":{"line":47,"column":0},"end":{"line":47,"column":29}},"44":{"start":{"line":48,"column":0},"end":{"line":48,"column":27}},"45":{"start":{"line":49,"column":0},"end":{"line":49,"column":29}},"46":{"start":{"line":50,"column":0},"end":{"line":50,"column":36}},"47":{"start":{"line":51,"column":0},"end":{"line":51,"column":27}},"48":{"start":{"line":52,"column":0},"end":{"line":52,"column":26}},"49":{"start":{"line":53,"column":0},"end":{"line":53,"column":25}},"50":{"start":{"line":54,"column":0},"end":{"line":54,"column":27}},"51":{"start":{"line":55,"column":0},"end":{"line":55,"column":33}},"52":{"start":{"line":56,"column":0},"end":{"line":56,"column":27}},"53":{"start":{"line":57,"column":0},"end":{"line":57,"column":30}},"54":{"start":{"line":58,"column":0},"end":{"line":58,"column":30}},"55":{"start":{"line":59,"column":0},"end":{"line":59,"column":32}},"56":{"start":{"line":60,"column":0},"end":{"line":60,"column":31}},"57":{"start":{"line":61,"column":0},"end":{"line":61,"column":31}},"58":{"start":{"line":62,"column":0},"end":{"line":62,"column":31}},"59":{"start":{"line":63,"column":0},"end":{"line":63,"column":29}},"60":{"start":{"line":64,"column":0},"end":{"line":64,"column":37}},"61":{"start":{"line":65,"column":0},"end":{"line":65,"column":35}},"62":{"start":{"line":66,"column":0},"end":{"line":66,"column":28}},"63":{"start":{"line":67,"column":0},"end":{"line":67,"column":28}},"64":{"start":{"line":68,"column":0},"end":{"line":68,"column":27}},"65":{"start":{"line":69,"column":0},"end":{"line":69,"column":31}},"66":{"start":{"line":70,"column":0},"end":{"line":70,"column":28}},"67":{"start":{"line":71,"column":0},"end":{"line":71,"column":32}},"68":{"start":{"line":72,"column":0},"end":{"line":72,"column":26}},"69":{"start":{"line":73,"column":0},"end":{"line":73,"column":27}},"70":{"start":{"line":74,"column":0},"end":{"line":74,"column":28}},"71":{"start":{"line":75,"column":0},"end":{"line":75,"column":26}},"72":{"start":{"line":76,"column":0},"end":{"line":76,"column":31}},"73":{"start":{"line":77,"column":0},"end":{"line":77,"column":31}},"74":{"start":{"line":78,"column":0},"end":{"line":78,"column":31}},"75":{"start":{"line":79,"column":0},"end":{"line":79,"column":33}},"76":{"start":{"line":80,"column":0},"end":{"line":80,"column":28}},"77":{"start":{"line":81,"column":0},"end":{"line":81,"column":33}},"78":{"start":{"line":82,"column":0},"end":{"line":82,"column":31}},"79":{"start":{"line":83,"column":0},"end":{"line":83,"column":36}},"80":{"start":{"line":84,"column":0},"end":{"line":84,"column":33}},"81":{"start":{"line":85,"column":0},"end":{"line":85,"column":26}},"82":{"start":{"line":86,"column":0},"end":{"line":86,"column":31}},"83":{"start":{"line":87,"column":0},"end":{"line":87,"column":31}},"84":{"start":{"line":88,"column":0},"end":{"line":88,"column":30}},"85":{"start":{"line":89,"column":0},"end":{"line":89,"column":34}},"86":{"start":{"line":90,"column":0},"end":{"line":90,"column":29}},"87":{"start":{"line":91,"column":0},"end":{"line":91,"column":33}},"88":{"start":{"line":92,"column":0},"end":{"line":92,"column":29}},"89":{"start":{"line":93,"column":0},"end":{"line":93,"column":31}},"90":{"start":{"line":94,"column":0},"end":{"line":94,"column":28}},"91":{"start":{"line":95,"column":0},"end":{"line":95,"column":33}},"92":{"start":{"line":96,"column":0},"end":{"line":96,"column":32}},"93":{"start":{"line":97,"column":0},"end":{"line":97,"column":34}},"94":{"start":{"line":98,"column":0},"end":{"line":98,"column":32}},"95":{"start":{"line":99,"column":0},"end":{"line":99,"column":36}},"96":{"start":{"line":100,"column":0},"end":{"line":100,"column":25}},"97":{"start":{"line":101,"column":0},"end":{"line":101,"column":28}},"98":{"start":{"line":104,"column":0},"end":{"line":104,"column":34}},"99":{"start":{"line":127,"column":4},"end":{"line":127,"column":11}},"100":{"start":{"line":105,"column":0},"end":{"line":105,"column":44}},"101":{"start":{"line":131,"column":4},"end":{"line":131,"column":16}},"102":{"start":{"line":106,"column":0},"end":{"line":106,"column":40}},"103":{"start":{"line":130,"column":4},"end":{"line":130,"column":14}},"104":{"start":{"line":107,"column":0},"end":{"line":107,"column":55}},"105":{"start":{"line":132,"column":4},"end":{"line":132,"column":17}},"106":{"start":{"line":108,"column":0},"end":{"line":108,"column":59}},"107":{"start":{"line":133,"column":4},"end":{"line":133,"column":19}},"108":{"start":{"line":109,"column":0},"end":{"line":109,"column":73}},"109":{"start":{"line":134,"column":4},"end":{"line":134,"column":25}},"110":{"start":{"line":110,"column":0},"end":{"line":110,"column":44}},"111":{"start":{"line":135,"column":4},"end":{"line":135,"column":16}},"112":{"start":{"line":111,"column":0},"end":{"line":111,"column":45}},"113":{"start":{"line":136,"column":4},"end":{"line":136,"column":14}},"114":{"start":{"line":112,"column":0},"end":{"line":112,"column":71}},"115":{"start":{"line":137,"column":4},"end":{"line":137,"column":27}},"116":{"start":{"line":113,"column":0},"end":{"line":113,"column":47}},"117":{"start":{"line":114,"column":0},"end":{"line":114,"column":49}},"118":{"start":{"line":120,"column":0},"end":{"line":123,"column":1}},"119":{"start":{"line":128,"column":4},"end":{"line":123,"column":2}}},"fnMap":{},"branchMap":{},"s":{"1":1,"2":1,"3":1,"4":1,"5":1,"6":1,"7":1,"8":1,"9":1,"10":1,"11":1,"12":1,"13":1,"14":1,"15":1,"16":1,"17":1,"18":1,"19":1,"20":1,"21":1,"22":1,"23":1,"24":1,"25":1,"26":1,"27":1,"28":1,"29":1,"30":1,"31":1,"32":1,"33":1,"34":1,"35":1,"36":1,"37":1,"38":1,"39":1,"40":1,"41":1,"42":1,"43":1,"44":1,"45":1,"46":1,"47":1,"48":1,"49":1,"50":1,"51":1,"52":1,"53":1,"54":1,"55":1,"56":1,"57":1,"58":1,"59":1,"60":1,"61":1,"62":1,"63":1,"64":1,"65":1,"66":1,"67":1,"68":1,"69":1,"70":1,"71":1,"72":1,"73":1,"74":1,"75":1,"76":1,"77":1,"78":1,"79":1,"80":1,"81":1,"82":1,"83":1,"84":1,"85":1,"86":1,"87":1,"88":1,"89":1,"90":1,"91":1,"92":1,"93":1,"94":1,"95":1,"96":1,"97":1,"98":1,"99":1,"100":1,"101":1,"102":1,"103":1,"104":1,"105":1,"106":1,"107":1,"108":1,"109":1,"110":1,"111":1,"112":1,"113":1,"114":1,"115":1,"116":1,"117":1,"118":1,"119":1},"b":{},"f":{},"l":{"1":1,"5":1,"6":1,"7":1,"8":1,"9":1,"10":1,"11":1,"12":1,"13":1,"14":1,"15":1,"16":1,"17":1,"18":1,"19":1,"20":1,"21":1,"22":1,"25":1,"26":1,"27":1,"28":1,"29":1,"30":1,"31":1,"32":1,"33":1,"34":1,"35":1,"36":1,"37":1,"38":1,"39":1,"40":1,"41":1,"42":1,"43":1,"44":1,"45":1,"46":1,"47":1,"48":1,"49":1,"50":1,"51":1,"52":1,"53":1,"54":1,"55":1,"56":1,"57":1,"58":1,"59":1,"60":1,"61":1,"62":1,"63":1,"64":1,"65":1,"66":1,"67":1,"68":1,"69":1,"70":1,"71":1,"72":1,"73":1,"74":1,"75":1,"76":1,"77":1,"78":1,"79":1,"80":1,"81":1,"82":1,"83":1,"84":1,"85":1,"86":1,"87":1,"88":1,"89":1,"90":1,"91":1,"92":1,"93":1,"94":1,"95":1,"96":1,"97":1,"98":1,"99":1,"100":1,"101":1,"104":1,"105":1,"106":1,"107":1,"108":1,"109":1,"110":1,"111":1,"112":1,"113":1,"114":1,"120":1,"127":1,"128":1,"129":1,"130":1,"131":1,"132":1,"133":1,"134":1,"135":1,"136":1,"137":1}},
"src/operators/switchFirst.ts":{"path":"src/operators/switchFirst.ts","statementMap":{"1":{"start":{"line":2,"column":0},"end":{"line":2,"column":41}},"2":{"start":{"line":5,"column":0},"end":{"line":5,"column":51}},"3":{"start":{"line":6,"column":0},"end":{"line":6,"column":60}},"4":{"start":{"line":8,"column":0},"end":{"line":10,"column":1}},"5":{"start":{"line":9,"column":2},"end":{"line":9,"column":46}},"6":{"start":{"line":8,"column":16},"end":{"line":10,"column":1}},"7":{"start":{"line":12,"column":0},"end":{"line":16,"column":1}},"8":{"start":{"line":13,"column":2},"end":{"line":15,"column":3}},"9":{"start":{"line":14,"column":4},"end":{"line":14,"column":49}},"10":{"start":{"line":16,"column":0},"end":{"line":16,"column":1}},"11":{"start":{"line":18,"column":0},"end":{"line":55,"column":1}},"12":{"start":{"line":18,"column":42},"end":{"line":18,"column":63}},"13":{"start":{"line":22,"column":2},"end":{"line":24,"column":3}},"14":{"start":{"line":23,"column":4},"end":{"line":23,"column":23}},"15":{"start":{"line":19,"column":10},"end":{"line":19,"column":43}},"16":{"start":{"line":20,"column":10},"end":{"line":20,"column":40}},"17":{"start":{"line":26,"column":2},"end":{"line":31,"column":3}},"18":{"start":{"line":27,"column":4},"end":{"line":30,"column":5}},"19":{"start":{"line":28,"column":6},"end":{"line":28,"column":34}},"20":{"start":{"line":29,"column":6},"end":{"line":29,"column":47}},"21":{"start":{"line":33,"column":2},"end":{"line":38,"column":3}},"22":{"start":{"line":34,"column":4},"end":{"line":34,"column":29}},"23":{"start":{"line":35,"column":4},"end":{"line":37,"column":5}},"24":{"start":{"line":36,"column":6},"end":{"line":36,"column":34}},"25":{"start":{"line":40,"column":2},"end":{"line":42,"column":3}},"26":{"start":{"line":41,"column":4},"end":{"line":41,"column":38}},"27":{"start":{"line":44,"column":2},"end":{"line":46,"column":3}},"28":{"start":{"line":45,"column":4},"end":{"line":45,"column":32}},"29":{"start":{"line":48,"column":2},"end":{"line":54,"column":3}},"30":{"start":{"line":49,"column":4},"end":{"line":49,"column":26}},"31":{"start":{"line":50,"column":4},"end":{"line":50,"column":33}},"32":{"start":{"line":51,"column":4},"end":{"line":53,"column":5}},"33":{"start":{"line":52,"column":6},"end":{"line":52,"column":34}},"34":{"start":{"line":55,"column":0},"end":{"line":55,"column":1}},"35":{"start":{"line":57,"column":0},"end":{"line":57,"column":47}}},"fnMap":{"1":{"name":"switchFirst","line":8,"loc":{"start":{"line":8,"column":0},"end":{"line":null,"column":-1}}},"2":{"name":"(anonymous_4)","line":12,"loc":{"start":{"line":12,"column":0},"end":{"line":null,"column":-1}}},"3":{"name":"(anonymous_6)","line":13,"loc":{"start":{"line":13,"column":2},"end":{"line":13,"column":32}}},"4":{"name":"(anonymous_7)","line":18,"loc":{"start":{"line":18,"column":0},"end":{"line":null,"column":-1}}},"5":{"name":"SwitchFirstSubscriber","line":22,"loc":{"start":{"line":22,"column":2},"end":{"line":22,"column":40}}},"6":{"name":"(anonymous_9)","line":26,"loc":{"start":{"line":26,"column":2},"end":{"line":26,"column":16}}},"7":{"name":"(anonymous_10)","line":33,"loc":{"start":{"line":33,"column":2},"end":{"line":null,"column":-1}}},"8":{"name":"(anonymous_11)","line":40,"loc":{"start":{"line":40,"column":2},"end":{"line":40,"column":43}}},"9":{"name":"(anonymous_12)","line":44,"loc":{"start":{"line":44,"column":2},"end":{"line":44,"column":22}}},"10":{"name":"(anonymous_13)","line":48,"loc":{"start":{"line":48,"column":2},"end":{"line":48,"column":42}}}},"branchMap":{"1":{"line":27,"type":"if","locations":[{"start":{"line":27,"column":4},"end":{"line":27,"column":3}},{"start":{"line":27,"column":4},"end":{"line":27,"column":3}}]},"2":{"line":35,"type":"if","locations":[{"start":{"line":35,"column":4},"end":{"line":35,"column":3}},{"start":{"line":35,"column":4},"end":{"line":35,"column":3}}]},"3":{"line":51,"type":"if","locations":[{"start":{"line":51,"column":4},"end":{"line":51,"column":3}},{"start":{"line":51,"column":4},"end":{"line":51,"column":3}}]}},"s":{"1":1,"2":1,"3":1,"4":1,"5":15,"6":1,"7":2,"8":1,"9":15,"10":1,"11":1,"12":1,"13":1,"14":15,"15":15,"16":15,"17":1,"18":21,"19":12,"20":12,"21":1,"22":9,"23":9,"24":4,"25":1,"26":26,"27":1,"28":2,"29":1,"30":8,"31":8,"32":8,"33":3,"34":1,"35":1},"b":{"1":[12,9],"2":[4,5],"3":[3,5]},"f":{"1":15,"2":16,"3":15,"4":1,"5":15,"6":21,"7":9,"8":26,"9":2,"10":8},"l":{"2":1,"5":1,"6":1,"8":1,"9":15,"12":2,"13":1,"14":15,"16":1,"18":1,"19":15,"20":15,"22":1,"23":15,"26":1,"27":21,"28":12,"29":12,"33":1,"34":9,"35":9,"36":4,"40":1,"41":26,"44":1,"45":2,"48":1,"49":8,"50":8,"51":8,"52":3,"55":1,"57":1}},
"src/operators/switchMapFirst.ts":{"path":"src/operators/switchMapFirst.ts","statementMap":{"1":{"start":{"line":2,"column":0},"end":{"line":2,"column":41}},"2":{"start":{"line":4,"column":0},"end":{"line":4,"column":42}},"3":{"start":{"line":5,"column":0},"end":{"line":5,"column":48}},"4":{"start":{"line":6,"column":0},"end":{"line":6,"column":51}},"5":{"start":{"line":7,"column":0},"end":{"line":7,"column":60}},"6":{"start":{"line":9,"column":0},"end":{"line":15,"column":1}},"7":{"start":{"line":14,"column":2},"end":{"line":14,"column":72}},"8":{"start":{"line":9,"column":16},"end":{"line":15,"column":1}},"9":{"start":{"line":17,"column":0},"end":{"line":28,"column":1}},"10":{"start":{"line":18,"column":2},"end":{"line":23,"column":3}},"11":{"start":{"line":18,"column":22},"end":{"line":18,"column":73}},"12":{"start":{"line":19,"column":22},"end":{"line":22,"column":65}},"13":{"start":{"line":25,"column":2},"end":{"line":27,"column":3}},"14":{"start":{"line":26,"column":4},"end":{"line":26,"column":87}},"15":{"start":{"line":28,"column":0},"end":{"line":28,"column":1}},"16":{"start":{"line":30,"column":0},"end":{"line":86,"column":1}},"17":{"start":{"line":30,"column":49},"end":{"line":30,"column":70}},"18":{"start":{"line":35,"column":2},"end":{"line":39,"column":3}},"19":{"start":{"line":38,"column":4},"end":{"line":38,"column":23}},"20":{"start":{"line":36,"column":22},"end":{"line":36,"column":73}},"21":{"start":{"line":37,"column":22},"end":{"line":37,"column":115}},"22":{"start":{"line":31,"column":10},"end":{"line":31,"column":43}},"23":{"start":{"line":32,"column":10},"end":{"line":32,"column":40}},"24":{"start":{"line":33,"column":10},"end":{"line":33,"column":28}},"25":{"start":{"line":41,"column":2},"end":{"line":53,"column":3}},"26":{"start":{"line":42,"column":4},"end":{"line":52,"column":5}},"27":{"start":{"line":43,"column":6},"end":{"line":43,"column":33}},"28":{"start":{"line":44,"column":6},"end":{"line":44,"column":43}},"29":{"start":{"line":45,"column":6},"end":{"line":45,"column":56}},"30":{"start":{"line":46,"column":6},"end":{"line":51,"column":7}},"31":{"start":{"line":47,"column":8},"end":{"line":47,"column":36}},"32":{"start":{"line":49,"column":8},"end":{"line":49,"column":36}},"33":{"start":{"line":50,"column":8},"end":{"line":50,"column":64}},"34":{"start":{"line":55,"column":2},"end":{"line":60,"column":3}},"35":{"start":{"line":56,"column":4},"end":{"line":56,"column":29}},"36":{"start":{"line":57,"column":4},"end":{"line":59,"column":5}},"37":{"start":{"line":58,"column":6},"end":{"line":58,"column":34}},"38":{"start":{"line":62,"column":2},"end":{"line":74,"column":3}},"39":{"start":{"line":63,"column":4},"end":{"line":63,"column":49}},"40":{"start":{"line":64,"column":4},"end":{"line":73,"column":5}},"41":{"start":{"line":65,"column":6},"end":{"line":65,"column":94}},"42":{"start":{"line":66,"column":6},"end":{"line":70,"column":7}},"43":{"start":{"line":67,"column":8},"end":{"line":67,"column":41}},"44":{"start":{"line":69,"column":8},"end":{"line":69,"column":33}},"45":{"start":{"line":72,"column":6},"end":{"line":72,"column":35}},"46":{"start":{"line":76,"column":2},"end":{"line":78,"column":3}},"47":{"start":{"line":77,"column":4},"end":{"line":77,"column":32}},"48":{"start":{"line":80,"column":2},"end":{"line":85,"column":3}},"49":{"start":{"line":81,"column":4},"end":{"line":81,"column":33}},"50":{"start":{"line":82,"column":4},"end":{"line":84,"column":5}},"51":{"start":{"line":83,"column":6},"end":{"line":83,"column":34}},"52":{"start":{"line":86,"column":0},"end":{"line":86,"column":1}},"53":{"start":{"line":88,"column":0},"end":{"line":88,"column":53}}},"fnMap":{"1":{"name":"switchMapFirst","line":9,"loc":{"start":{"line":9,"column":0},"end":{"line":13,"column":84}}},"2":{"name":"(anonymous_4)","line":17,"loc":{"start":{"line":17,"column":0},"end":{"line":null,"column":-1}}},"3":{"name":"SwitchMapFirstOperator","line":18,"loc":{"start":{"line":18,"column":2},"end":{"line":22,"column":65}}},"4":{"name":"(anonymous_6)","line":25,"loc":{"start":{"line":25,"column":2},"end":{"line":25,"column":32}}},"5":{"name":"(anonymous_7)","line":30,"loc":{"start":{"line":30,"column":0},"end":{"line":null,"column":-1}}},"6":{"name":"SwitchMapFirstSubscriber","line":35,"loc":{"start":{"line":35,"column":2},"end":{"line":37,"column":115}}},"7":{"name":"(anonymous_9)","line":41,"loc":{"start":{"line":41,"column":2},"end":{"line":41,"column":16}}},"8":{"name":"(anonymous_10)","line":55,"loc":{"start":{"line":55,"column":2},"end":{"line":null,"column":-1}}},"9":{"name":"(anonymous_11)","line":62,"loc":{"start":{"line":62,"column":2},"end":{"line":62,"column":81}}},"10":{"name":"(anonymous_12)","line":76,"loc":{"start":{"line":76,"column":2},"end":{"line":76,"column":22}}},"11":{"name":"(anonymous_13)","line":80,"loc":{"start":{"line":80,"column":2},"end":{"line":null,"column":-1}}}},"branchMap":{"1":{"line":42,"type":"if","locations":[{"start":{"line":42,"column":4},"end":{"line":42,"column":3}},{"start":{"line":42,"column":4},"end":{"line":42,"column":3}}]},"2":{"line":46,"type":"if","locations":[{"start":{"line":46,"column":6},"end":{"line":46,"column":5}},{"start":{"line":46,"column":6},"end":{"line":46,"column":5}}]},"3":{"line":57,"type":"if","locations":[{"start":{"line":57,"column":4},"end":{"line":57,"column":3}},{"start":{"line":57,"column":4},"end":{"line":57,"column":3}}]},"4":{"line":64,"type":"if","locations":[{"start":{"line":64,"column":4},"end":{"line":64,"column":3}},{"start":{"line":64,"column":4},"end":{"line":64,"column":3}}]},"5":{"line":66,"type":"if","locations":[{"start":{"line":66,"column":6},"end":{"line":66,"column":5}},{"start":{"line":66,"column":6},"end":{"line":66,"column":5}}]},"6":{"line":82,"type":"if","locations":[{"start":{"line":82,"column":4},"end":{"line":82,"column":3}},{"start":{"line":82,"column":4},"end":{"line":82,"column":3}}]}},"s":{"1":1,"2":1,"3":1,"4":1,"5":1,"6":1,"7":17,"8":1,"9":1,"10":1,"11":17,"12":17,"13":1,"14":17,"15":1,"16":1,"17":1,"18":1,"19":17,"20":17,"21":17,"22":17,"23":17,"24":17,"25":1,"26":30,"27":22,"28":22,"29":22,"30":22,"31":1,"32":21,"33":21,"34":1,"35":9,"36":9,"37":4,"38":1,"39":45,"40":45,"41":10,"42":10,"43":1,"44":9,"45":35,"46":1,"47":2,"48":1,"49":13,"50":13,"51":2,"52":1,"53":1},"b":{"1":[22,8],"2":[1,21],"3":[4,5],"4":[10,35],"5":[1,9],"6":[2,11]},"f":{"1":17,"2":1,"3":17,"4":17,"5":1,"6":17,"7":30,"8":9,"9":45,"10":2,"11":13},"l":{"2":1,"4":1,"5":1,"6":1,"7":1,"9":1,"14":17,"17":1,"18":17,"19":17,"25":1,"26":17,"28":1,"30":1,"31":17,"32":17,"33":17,"35":1,"36":17,"37":17,"38":17,"41":1,"42":30,"43":22,"44":22,"45":22,"46":22,"47":1,"49":21,"50":21,"55":1,"56":9,"57":9,"58":4,"62":1,"63":45,"64":45,"65":10,"66":10,"67":1,"69":9,"72":35,"76":1,"77":2,"80":1,"81":13,"82":13,"83":2,"86":1,"88":1}}}
