TN:
SF:/Users/blesh/GitHub/blesh/RxJS/spec/helpers/test-helper.js
FN:13,assertDeepEqual
FN:17,(anonymous_2)
FN:24,(anonymous_3)
FN:31,(anonymous_4)
FN:38,(anonymous_5)
FN:47,(anonymous_6)
FN:49,(anonymous_7)
FN:59,stringify
FN:60,(anonymous_9)
FN:63,(anonymous_10)
FN:74,(anonymous_11)
FN:76,(anonymous_12)
FN:78,(anonymous_13)
FN:83,(anonymous_14)
FN:87,(anonymous_15)
FN:99,(anonymous_16)
FN:103,(anonymous_17)
FN:114,(anonymous_18)
FN:117,(anonymous_19)
FN:140,lowerCaseO
FN:144,(anonymous_21)
FN:145,(anonymous_22)
FN:152,(anonymous_23)
FN:160,(anonymous_24)
FN:164,(anonymous_25)
FNF:25
FNH:18
FNDA:654,assertDeepEqual
FNDA:573,(anonymous_2)
FNDA:320,(anonymous_3)
FNDA:602,(anonymous_4)
FNDA:56,(anonymous_5)
FNDA:767,(anonymous_6)
FNDA:658,(anonymous_7)
FNDA:0,stringify
FNDA:0,(anonymous_9)
FNDA:0,(anonymous_10)
FNDA:767,(anonymous_11)
FNDA:687,(anonymous_12)
FNDA:687,(anonymous_13)
FNDA:0,(anonymous_14)
FNDA:0,(anonymous_15)
FNDA:767,(anonymous_16)
FNDA:1,(anonymous_17)
FNDA:0,(anonymous_18)
FNDA:0,(anonymous_19)
FNDA:2,lowerCaseO
FNDA:2,(anonymous_21)
FNDA:6,(anonymous_22)
FNDA:2,(anonymous_23)
FNDA:767,(anonymous_24)
FNDA:767,(anonymous_25)
DA:3,1
DA:5,1
DA:6,1
DA:8,1
DA:9,1
DA:10,1
DA:11,1
DA:13,1
DA:14,654
DA:17,1
DA:18,573
DA:19,0
DA:21,573
DA:24,1
DA:25,320
DA:26,0
DA:28,320
DA:31,1
DA:32,602
DA:33,0
DA:35,602
DA:38,1
DA:39,56
DA:40,0
DA:42,56
DA:45,1
DA:47,1
DA:48,767
DA:49,658
DA:50,658
DA:51,658
DA:52,658
DA:55,109
DA:59,1
DA:60,0
DA:61,0
DA:62,0
DA:64,0
DA:67,0
DA:74,1
DA:75,767
DA:77,687
DA:79,687
DA:81,687
DA:82,0
DA:83,0
DA:84,0
DA:86,0
DA:87,0
DA:88,0
DA:92,687
DA:99,1
DA:100,767
DA:103,1
DA:104,1
DA:113,1
DA:115,0
DA:117,0
DA:118,0
DA:119,0
DA:122,0
DA:127,1
DA:129,1
DA:130,1
DA:131,1
DA:133,1
DA:134,1
DA:137,1
DA:140,1
DA:141,2
DA:143,2
DA:145,2
DA:146,6
DA:148,2
DA:152,2
DA:153,2
DA:156,2
DA:159,1
DA:160,1
DA:161,767
DA:164,1
DA:165,767
DA:166,767
DA:167,0
LF:84
LH:63
BRDA:18,1,0,0
BRDA:18,1,1,573
BRDA:25,2,0,0
BRDA:25,2,1,320
BRDA:32,3,0,0
BRDA:32,3,1,602
BRDA:39,4,0,0
BRDA:39,4,1,56
BRDA:48,5,0,658
BRDA:48,5,1,109
BRDA:61,6,0,0
BRDA:61,6,1,0
BRDA:81,7,0,0
BRDA:81,7,1,687
BRDA:81,8,0,687
BRDA:81,8,1,0
BRDA:81,8,2,0
BRDA:118,9,0,0
BRDA:118,9,1,0
BRDA:127,10,0,1
BRDA:127,10,1,0
BRDA:127,10,2,1
BRDA:127,10,3,0
BRDA:129,11,0,1
BRDA:129,11,1,1
BRDA:129,11,2,1
BRDA:129,11,3,1
BRDA:130,12,0,1
BRDA:130,12,1,1
BRDA:130,12,2,1
BRDA:130,12,3,1
BRDA:131,13,0,1
BRDA:131,13,1,1
BRDA:133,14,0,1
BRDA:133,14,1,0
BRDA:133,15,0,1
BRDA:133,15,1,1
BRDA:133,15,2,0
BRDA:166,16,0,0
BRDA:166,16,1,767
BRF:40
BRH:24
end_of_record
TN:
SF:/Users/blesh/GitHub/blesh/RxJS/dist/cjs/Rx.KitchenSink.js
FN:5,_interopRequireDefault
FNF:1
FNH:1
FNDA:108,_interopRequireDefault
DA:3,1
DA:5,108
DA:7,1
DA:9,1
DA:11,1
DA:13,1
DA:15,1
DA:17,1
DA:19,1
DA:21,1
DA:23,1
DA:25,1
DA:27,1
DA:29,1
DA:31,1
DA:33,1
DA:35,1
DA:37,1
DA:39,1
DA:41,1
DA:43,1
DA:45,1
DA:47,1
DA:49,1
DA:51,1
DA:53,1
DA:55,1
DA:57,1
DA:59,1
DA:61,1
DA:63,1
DA:65,1
DA:67,1
DA:69,1
DA:71,1
DA:73,1
DA:75,1
DA:77,1
DA:79,1
DA:81,1
DA:83,1
DA:85,1
DA:87,1
DA:89,1
DA:91,1
DA:93,1
DA:95,1
DA:97,1
DA:99,1
DA:101,1
DA:103,1
DA:105,1
DA:107,1
DA:109,1
DA:111,1
DA:113,1
DA:115,1
DA:117,1
DA:119,1
DA:121,1
DA:123,1
DA:125,1
DA:127,1
DA:129,1
DA:131,1
DA:133,1
DA:135,1
DA:137,1
DA:139,1
DA:141,1
DA:143,1
DA:145,1
DA:147,1
DA:149,1
DA:151,1
DA:153,1
DA:155,1
DA:157,1
DA:159,1
DA:161,1
DA:163,1
DA:165,1
DA:167,1
DA:169,1
DA:171,1
DA:173,1
DA:175,1
DA:177,1
DA:179,1
DA:181,1
DA:183,1
DA:185,1
DA:187,1
DA:189,1
DA:191,1
DA:193,1
DA:195,1
DA:197,1
DA:199,1
DA:201,1
DA:203,1
DA:205,1
DA:207,1
DA:209,1
DA:211,1
DA:213,1
DA:215,1
DA:217,1
DA:219,1
DA:221,1
DA:223,1
DA:225,1
DA:227,1
DA:229,1
DA:231,1
DA:233,1
DA:235,1
DA:237,1
DA:239,1
DA:241,1
DA:243,1
DA:245,1
DA:247,1
DA:249,1
DA:251,1
DA:253,1
DA:255,1
DA:257,1
DA:259,1
DA:261,1
DA:263,1
DA:265,1
DA:267,1
DA:269,1
DA:271,1
DA:273,1
DA:275,1
DA:277,1
DA:279,1
DA:281,1
DA:283,1
DA:285,1
DA:287,1
DA:289,1
DA:291,1
DA:293,1
DA:295,1
DA:297,1
DA:299,1
DA:301,1
DA:303,1
DA:305,1
DA:307,1
DA:309,1
DA:311,1
DA:313,1
DA:315,1
DA:317,1
DA:319,1
DA:321,1
DA:323,1
DA:325,1
DA:327,1
DA:329,1
DA:331,1
DA:333,1
DA:335,1
DA:337,1
DA:339,1
DA:341,1
DA:343,1
DA:345,1
DA:347,1
DA:349,1
DA:351,1
DA:353,1
DA:355,1
DA:357,1
DA:359,1
DA:361,1
DA:363,1
DA:365,1
DA:367,1
DA:369,1
DA:371,1
DA:373,1
DA:375,1
DA:377,1
DA:379,1
DA:381,1
DA:383,1
DA:385,1
DA:387,1
DA:389,1
DA:391,1
DA:393,1
DA:395,1
DA:397,1
DA:399,1
DA:401,1
DA:403,1
DA:405,1
DA:407,1
DA:409,1
DA:411,1
DA:413,1
DA:415,1
DA:417,1
DA:419,1
DA:421,1
DA:423,1
DA:425,1
DA:427,1
DA:429,1
DA:431,1
DA:433,1
DA:435,1
DA:437,1
DA:439,1
DA:441,1
DA:443,1
DA:445,1
DA:447,1
DA:449,1
DA:451,1
DA:453,1
DA:455,1
DA:457,1
DA:459,1
DA:461,1
DA:463,1
DA:465,1
DA:467,1
DA:468,1
DA:470,1
DA:472,1
DA:474,1
DA:476,1
DA:478,1
DA:480,1
DA:482,1
DA:484,1
DA:486,1
DA:488,1
DA:490,1
DA:492,1
DA:494,1
DA:496,1
DA:498,1
DA:500,1
DA:502,1
DA:504,1
DA:506,1
DA:508,1
DA:510,1
DA:512,1
DA:514,1
DA:516,1
DA:518,1
DA:520,1
DA:522,1
DA:524,1
DA:526,1
DA:528,1
DA:530,1
DA:532,1
DA:534,1
DA:536,1
DA:538,1
DA:540,1
DA:542,1
DA:544,1
DA:546,1
DA:548,1
DA:550,1
DA:552,1
DA:554,1
DA:556,1
DA:557,1
DA:559,1
DA:560,1
DA:562,1
DA:564,1
DA:566,1
DA:568,1
DA:570,1
DA:572,1
DA:574,1
DA:576,1
DA:578,1
DA:580,1
DA:582,1
DA:584,1
DA:586,1
DA:588,1
DA:590,1
DA:592,1
DA:594,1
DA:596,1
DA:598,1
DA:600,1
DA:602,1
DA:604,1
DA:606,1
DA:608,1
DA:610,1
DA:612,1
DA:614,1
DA:616,1
DA:618,1
DA:620,1
DA:622,1
DA:624,1
DA:626,1
DA:628,1
DA:630,1
DA:632,1
DA:634,1
DA:636,1
DA:638,1
DA:640,1
DA:644,1
DA:645,1
DA:646,1
DA:647,1
DA:648,1
DA:649,1
DA:650,1
DA:651,1
DA:652,1
DA:653,1
DA:654,1
DA:655,1
DA:656,1
DA:657,1
LF:335
LH:335
BRDA:5,1,0,1
BRDA:5,1,1,107
BRDA:5,2,0,108
BRDA:5,2,1,108
BRF:4
BRH:4
end_of_record
TN:
SF:/Users/blesh/GitHub/blesh/RxJS/dist/cjs/Observable.js
FN:5,_interopRequireDefault
FN:7,_classCallCheck
FN:26,(anonymous_3)
FN:35,Observable
FN:62,lift
FN:75,(anonymous_6)
FN:91,subscribe
FN:115,forEach
FN:128,(anonymous_9)
FN:133,_subscribe
FN:141,(anonymous_11)
FNF:11
FNH:10
FNDA:2,_interopRequireDefault
FNDA:2731,_classCallCheck
FNDA:1,(anonymous_3)
FNDA:2731,Observable
FNDA:449,lift
FNDA:0,(anonymous_6)
FNDA:1634,subscribe
FNDA:3,forEach
FNDA:3,(anonymous_9)
FNDA:463,_subscribe
FNDA:6,(anonymous_11)
DA:3,1
DA:5,2
DA:7,2731
DA:9,1
DA:11,1
DA:13,1
DA:15,1
DA:17,1
DA:26,1
DA:35,1
DA:36,2731
DA:38,2731
DA:39,2731
DA:40,340
DA:62,1
DA:63,449
DA:64,449
DA:65,449
DA:66,449
DA:75,1
DA:76,0
DA:91,1
DA:92,1634
DA:93,1634
DA:94,723
DA:95,690
DA:97,33
DA:100,911
DA:101,911
DA:103,1634
DA:104,1632
DA:115,1
DA:116,3
DA:118,3
DA:119,2
DA:120,1
DA:121,1
DA:122,1
DA:125,3
DA:126,0
DA:128,3
DA:129,3
DA:133,1
DA:134,463
DA:137,1
DA:140,1
DA:141,1
DA:142,6
DA:144,1
LF:49
LH:47
BRDA:5,1,0,0
BRDA:5,1,1,2
BRDA:5,2,0,2
BRDA:5,2,1,2
BRDA:7,3,0,0
BRDA:7,3,1,2731
BRDA:39,4,0,340
BRDA:39,4,1,2391
BRDA:93,5,0,723
BRDA:93,5,1,911
BRDA:93,6,0,1634
BRDA:93,6,1,1616
BRDA:94,7,0,690
BRDA:94,7,1,33
BRDA:118,8,0,2
BRDA:118,8,1,1
BRDA:119,9,0,1
BRDA:119,9,1,1
BRDA:119,10,0,2
BRDA:119,10,1,1
BRDA:119,10,2,1
BRDA:121,11,0,1
BRDA:121,11,1,0
BRDA:125,12,0,0
BRDA:125,12,1,3
BRF:25
BRH:21
end_of_record
TN:
SF:/Users/blesh/GitHub/blesh/RxJS/dist/cjs/Subscriber.js
FN:5,(anonymous_1)
FN:5,defineProperties
FN:5,(anonymous_3)
FN:7,_interopRequireDefault
FN:9,_classCallCheck
FN:11,_inherits
FN:29,(anonymous_7)
FN:32,Subscriber
FN:49,create
FN:57,_next
FN:61,_error
FN:65,_complete
FN:69,add
FN:79,remove
FN:88,unsubscribe
FN:98,next
FN:104,error
FN:111,complete
FN:120,get
FN:129,set
FNF:20
FNH:20
FNDA:1,(anonymous_1)
FNDA:1,defineProperties
FNDA:1,(anonymous_3)
FNDA:4,_interopRequireDefault
FNDA:2619,_classCallCheck
FNDA:1,_inherits
FNDA:1,(anonymous_7)
FNDA:2619,Subscriber
FNDA:911,create
FNDA:150,_next
FNDA:110,_error
FNDA:179,_complete
FNDA:5384,add
FNDA:654,remove
FNDA:2505,unsubscribe
FNDA:5091,next
FNDA:508,error
FNDA:1448,complete
FNDA:18423,get
FNDA:4106,set
DA:3,1
DA:5,1
DA:7,4
DA:9,2619
DA:11,1
DA:13,1
DA:15,1
DA:17,1
DA:19,1
DA:21,1
DA:23,1
DA:25,1
DA:27,1
DA:29,1
DA:30,1
DA:32,1
DA:33,2619
DA:35,2619
DA:36,2619
DA:37,2619
DA:38,2619
DA:39,1650
DA:41,969
DA:42,969
DA:43,91
DA:44,878
DA:45,845
DA:49,1
DA:50,911
DA:51,911
DA:52,911
DA:53,911
DA:54,911
DA:57,1
DA:58,150
DA:61,1
DA:62,110
DA:65,1
DA:66,179
DA:69,1
DA:71,5384
DA:72,5384
DA:73,1272
DA:75,4112
DA:79,1
DA:81,654
DA:82,327
DA:84,327
DA:88,1
DA:89,2505
DA:90,340
DA:91,2165
DA:92,678
DA:94,1487
DA:98,1
DA:99,5091
DA:100,5076
DA:104,1
DA:105,508
DA:106,496
DA:107,495
DA:111,1
DA:112,1448
DA:113,1407
DA:114,1407
DA:118,1
DA:121,18423
DA:122,18423
DA:124,3665
DA:126,14758
DA:130,4106
DA:131,4106
DA:133,0
DA:135,4106
DA:140,1
DA:143,1
DA:144,1
LF:77
LH:76
BRDA:5,1,0,1
BRDA:5,1,1,1
BRDA:5,2,0,0
BRDA:5,2,1,1
BRDA:5,3,0,1
BRDA:5,3,1,0
BRDA:5,4,0,0
BRDA:5,4,1,1
BRDA:7,5,0,0
BRDA:7,5,1,4
BRDA:7,6,0,4
BRDA:7,6,1,4
BRDA:9,7,0,0
BRDA:9,7,1,2619
BRDA:11,8,0,0
BRDA:11,8,1,1
BRDA:11,9,0,1
BRDA:11,9,1,0
BRDA:11,10,0,1
BRDA:11,10,1,1
BRDA:11,11,0,1
BRDA:11,11,1,0
BRDA:11,12,0,1
BRDA:11,12,1,0
BRDA:38,13,0,1650
BRDA:38,13,1,969
BRDA:42,14,0,91
BRDA:42,14,1,878
BRDA:44,15,0,845
BRDA:44,15,1,33
BRDA:51,16,0,911
BRDA:51,16,1,893
BRDA:51,16,2,18
BRDA:52,17,0,911
BRDA:52,17,1,754
BRDA:52,17,2,157
BRDA:53,18,0,911
BRDA:53,18,1,806
BRDA:53,18,2,105
BRDA:72,19,0,1272
BRDA:72,19,1,4112
BRDA:81,20,0,327
BRDA:81,20,1,327
BRDA:89,21,0,340
BRDA:89,21,1,2165
BRDA:91,22,0,678
BRDA:91,22,1,1487
BRDA:99,23,0,5076
BRDA:99,23,1,15
BRDA:105,24,0,496
BRDA:105,24,1,12
BRDA:112,25,0,1407
BRDA:112,25,1,41
BRDA:122,26,0,3665
BRDA:122,26,1,14758
BRDA:124,27,0,3665
BRDA:124,27,1,3629
BRDA:131,28,0,0
BRDA:131,28,1,4106
BRF:59
BRH:49
end_of_record
TN:
SF:/Users/blesh/GitHub/blesh/RxJS/dist/cjs/util/noop.js
FN:6,noop
FNF:1
FNH:1
FNDA:93,noop
DA:3,1
DA:4,1
DA:6,1
DA:8,1
LF:4
LH:4
BRF:0
BRH:0
end_of_record
TN:
SF:/Users/blesh/GitHub/blesh/RxJS/dist/cjs/util/throwError.js
FN:6,throwError
FNF:1
FNH:1
FNDA:1,throwError
DA:3,1
DA:4,1
DA:6,1
DA:7,1
DA:10,1
LF:5
LH:5
BRF:0
BRH:0
end_of_record
TN:
SF:/Users/blesh/GitHub/blesh/RxJS/dist/cjs/util/tryOrOnError.js
FN:6,tryOrOnError
FN:7,tryCatcher
FNF:2
FNH:2
FNDA:893,tryOrOnError
FNDA:1787,tryCatcher
DA:3,1
DA:4,1
DA:6,1
DA:7,1
DA:8,1787
DA:9,1787
DA:11,1
DA:14,893
DA:15,893
DA:18,1
LF:10
LH:10
BRF:0
BRH:0
end_of_record
TN:
SF:/Users/blesh/GitHub/blesh/RxJS/dist/cjs/Subscription.js
FN:5,_classCallCheck
FN:7,(anonymous_2)
FN:8,Subscription
FN:17,_unsubscribe
FN:19,unsubscribe
FN:39,add
FN:66,remove
FN:88,(anonymous_8)
FNF:8
FNH:8
FNDA:8719,_classCallCheck
FNDA:1,(anonymous_2)
FNDA:8719,Subscription
FNDA:2583,_unsubscribe
FNDA:4075,unsubscribe
FNDA:4389,add
FNDA:333,remove
FNDA:1,(anonymous_8)
DA:3,1
DA:5,8719
DA:7,1
DA:8,1
DA:9,8719
DA:11,8719
DA:12,8719
DA:13,827
DA:17,1
DA:19,1
DA:20,4075
DA:21,0
DA:23,4075
DA:24,4075
DA:25,4075
DA:26,4075
DA:27,4075
DA:28,3359
DA:30,4075
DA:31,1321
DA:32,1321
DA:33,1321
DA:34,2941
DA:39,1
DA:44,4389
DA:45,807
DA:47,3582
DA:48,3582
DA:50,6
DA:52,3582
DA:53,64
DA:54,3518
DA:55,49
DA:57,3469
DA:58,3469
DA:60,3518
DA:62,0
DA:66,1
DA:71,333
DA:72,22
DA:74,311
DA:75,311
DA:76,267
DA:77,267
DA:78,230
DA:83,1
DA:86,1
DA:88,1
DA:89,1
DA:90,1
DA:92,1
LF:51
LH:49
BRDA:5,1,0,0
BRDA:5,1,1,8719
BRDA:12,2,0,827
BRDA:12,2,1,7892
BRDA:20,3,0,0
BRDA:20,3,1,4075
BRDA:27,4,0,3359
BRDA:27,4,1,716
BRDA:30,5,0,1321
BRDA:30,5,1,2754
BRDA:44,6,0,807
BRDA:44,6,1,3582
BRDA:44,7,0,4389
BRDA:44,7,1,3792
BRDA:44,7,2,3582
BRDA:48,8,0,6
BRDA:48,8,1,3582
BRDA:48,8,2,0
BRDA:52,9,0,64
BRDA:52,9,1,3518
BRDA:52,10,0,3582
BRDA:52,10,1,3518
BRDA:54,11,0,49
BRDA:54,11,1,3469
BRDA:57,12,0,3469
BRDA:57,12,1,1496
BRDA:71,13,0,22
BRDA:71,13,1,311
BRDA:71,14,0,333
BRDA:71,14,1,311
BRDA:71,14,2,311
BRDA:75,15,0,267
BRDA:75,15,1,44
BRDA:77,16,0,230
BRDA:77,16,1,37
BRF:35
BRH:32
end_of_record
TN:
SF:/Users/blesh/GitHub/blesh/RxJS/dist/cjs/util/root.js
FNF:0
FNH:0
DA:3,1
DA:4,1
DA:12,1
DA:13,1
DA:14,1
DA:15,1
DA:16,1
DA:17,1
DA:18,1
LF:9
LH:9
BRDA:12,1,0,1
BRDA:12,1,1,0
BRDA:12,1,2,1
BRDA:12,1,3,0
BRDA:14,2,0,1
BRDA:14,2,1,1
BRDA:14,2,2,1
BRDA:14,2,3,1
BRDA:15,3,0,1
BRDA:15,3,1,1
BRDA:15,3,2,1
BRDA:15,3,3,1
BRDA:16,4,0,1
BRDA:16,4,1,1
BRDA:17,5,0,1
BRDA:17,5,1,0
BRDA:17,6,0,1
BRDA:17,6,1,1
BRDA:17,6,2,0
BRF:19
BRH:15
end_of_record
TN:
SF:/Users/blesh/GitHub/blesh/RxJS/dist/cjs/util/Symbol_observable.js
FNF:0
FNH:0
DA:3,1
DA:5,1
DA:7,1
DA:8,0
DA:10,1
DA:11,1
DA:12,1
DA:14,0
DA:17,1
DA:18,1
LF:10
LH:8
BRDA:7,1,0,0
BRDA:7,1,1,1
BRDA:10,2,0,1
BRDA:10,2,1,0
BRDA:11,3,0,1
BRDA:11,3,1,0
BRF:6
BRH:3
end_of_record
TN:
SF:/Users/blesh/GitHub/blesh/RxJS/dist/cjs/operators/combineLatest-static.js
FN:6,_interopRequireDefault
FN:14,combineLatest
FNF:2
FNH:2
FNDA:1,_interopRequireDefault
FNDA:2,combineLatest
DA:3,1
DA:4,1
DA:6,1
DA:8,1
DA:10,1
DA:12,1
DA:14,1
DA:15,2
DA:18,2
DA:19,6
DA:22,2
DA:23,1
DA:25,2
DA:26,1
DA:28,2
DA:31,1
LF:16
LH:16
BRDA:6,1,0,0
BRDA:6,1,1,1
BRDA:6,2,0,1
BRDA:6,2,1,1
BRDA:22,3,0,1
BRDA:22,3,1,1
BRDA:25,4,0,1
BRDA:25,4,1,1
BRF:8
BRH:7
end_of_record
TN:
SF:/Users/blesh/GitHub/blesh/RxJS/dist/cjs/observables/ArrayObservable.js
FN:5,_interopRequireDefault
FN:7,_classCallCheck
FN:9,_inherits
FN:23,(anonymous_4)
FN:26,ArrayObservable
FN:38,create
FN:42,of
FN:63,dispatch
FN:81,_subscribe
FNF:9
FNH:9
FNDA:3,_interopRequireDefault
FNDA:222,_classCallCheck
FNDA:1,_inherits
FNDA:1,(anonymous_4)
FNDA:222,ArrayObservable
FNDA:42,create
FNDA:123,of
FNDA:167,dispatch
FNDA:230,_subscribe
DA:3,1
DA:5,3
DA:7,222
DA:9,1
DA:11,1
DA:13,1
DA:15,1
DA:17,1
DA:19,1
DA:21,1
DA:23,1
DA:24,1
DA:26,1
DA:27,222
DA:29,222
DA:30,222
DA:31,222
DA:32,222
DA:33,0
DA:34,0
DA:38,1
DA:39,42
DA:42,1
DA:43,123
DA:44,330
DA:47,123
DA:48,123
DA:49,22
DA:51,101
DA:53,123
DA:54,123
DA:55,80
DA:56,43
DA:57,41
DA:59,2
DA:63,1
DA:64,167
DA:65,167
DA:66,167
DA:67,167
DA:69,167
DA:70,40
DA:71,40
DA:73,127
DA:74,127
DA:75,3
DA:77,124
DA:78,124
DA:81,1
DA:82,230
DA:83,230
DA:84,230
DA:85,230
DA:86,230
DA:87,46
DA:91,184
DA:92,482
DA:94,184
DA:98,1
DA:101,1
DA:102,1
LF:61
LH:59
BRDA:5,1,0,0
BRDA:5,1,1,3
BRDA:5,2,0,3
BRDA:5,2,1,3
BRDA:7,3,0,0
BRDA:7,3,1,222
BRDA:9,4,0,0
BRDA:9,4,1,1
BRDA:9,5,0,1
BRDA:9,5,1,0
BRDA:9,6,0,1
BRDA:9,6,1,1
BRDA:9,7,0,1
BRDA:9,7,1,0
BRDA:9,8,0,1
BRDA:9,8,1,0
BRDA:32,9,0,0
BRDA:32,9,1,222
BRDA:32,10,0,222
BRDA:32,10,1,176
BRDA:48,11,0,22
BRDA:48,11,1,101
BRDA:48,12,0,123
BRDA:48,12,1,122
BRDA:54,13,0,80
BRDA:54,13,1,43
BRDA:56,14,0,41
BRDA:56,14,1,2
BRDA:69,15,0,40
BRDA:69,15,1,127
BRDA:74,16,0,3
BRDA:74,16,1,124
BRDA:86,17,0,46
BRDA:86,17,1,184
BRDA:91,18,0,666
BRDA:91,18,1,483
BRF:36
BRH:29
end_of_record
TN:
SF:/Users/blesh/GitHub/blesh/RxJS/dist/cjs/observables/ScalarObservable.js
FN:5,_interopRequireDefault
FN:7,_classCallCheck
FN:9,_inherits
FN:15,(anonymous_4)
FN:18,ScalarObservable
FN:27,create
FN:31,dispatch
FN:48,_subscribe
FNF:8
FNH:6
FNDA:1,_interopRequireDefault
FNDA:50,_classCallCheck
FNDA:1,_inherits
FNDA:1,(anonymous_4)
FNDA:50,ScalarObservable
FNDA:0,create
FNDA:0,dispatch
FNDA:29,_subscribe
DA:3,1
DA:5,1
DA:7,50
DA:9,1
DA:11,1
DA:13,1
DA:15,1
DA:16,1
DA:18,1
DA:19,50
DA:21,50
DA:22,50
DA:23,50
DA:24,50
DA:27,1
DA:28,0
DA:31,1
DA:32,0
DA:33,0
DA:34,0
DA:36,0
DA:37,0
DA:38,0
DA:40,0
DA:41,0
DA:42,0
DA:44,0
DA:45,0
DA:48,1
DA:49,29
DA:50,29
DA:51,29
DA:52,0
DA:56,29
DA:57,28
DA:58,16
DA:63,1
DA:66,1
DA:67,1
LF:39
LH:26
BRDA:5,1,0,0
BRDA:5,1,1,1
BRDA:5,2,0,1
BRDA:5,2,1,1
BRDA:7,3,0,0
BRDA:7,3,1,50
BRDA:9,4,0,0
BRDA:9,4,1,1
BRDA:9,5,0,1
BRDA:9,5,1,0
BRDA:9,6,0,1
BRDA:9,6,1,1
BRDA:9,7,0,1
BRDA:9,7,1,0
BRDA:9,8,0,1
BRDA:9,8,1,0
BRDA:36,9,0,0
BRDA:36,9,1,0
BRDA:41,10,0,0
BRDA:41,10,1,0
BRDA:51,11,0,0
BRDA:51,11,1,29
BRDA:57,12,0,16
BRDA:57,12,1,12
BRF:24
BRH:13
end_of_record
TN:
SF:/Users/blesh/GitHub/blesh/RxJS/dist/cjs/observables/EmptyObservable.js
FN:5,_interopRequireDefault
FN:7,_classCallCheck
FN:9,_inherits
FN:15,(anonymous_4)
FN:18,EmptyObservable
FN:25,create
FN:29,dispatch
FN:35,_subscribe
FNF:8
FNH:8
FNDA:1,_interopRequireDefault
FNDA:69,_classCallCheck
FNDA:1,_inherits
FNDA:1,(anonymous_4)
FNDA:69,EmptyObservable
FNDA:66,create
FNDA:1,dispatch
FNDA:68,_subscribe
DA:3,1
DA:5,1
DA:7,69
DA:9,1
DA:11,1
DA:13,1
DA:15,1
DA:16,1
DA:18,1
DA:19,69
DA:21,69
DA:22,69
DA:25,1
DA:26,66
DA:29,1
DA:30,1
DA:32,1
DA:35,1
DA:36,68
DA:37,68
DA:38,1
DA:40,67
DA:44,1
DA:47,1
DA:48,1
LF:25
LH:25
BRDA:5,1,0,0
BRDA:5,1,1,1
BRDA:5,2,0,1
BRDA:5,2,1,1
BRDA:7,3,0,0
BRDA:7,3,1,69
BRDA:9,4,0,0
BRDA:9,4,1,1
BRDA:9,5,0,1
BRDA:9,5,1,0
BRDA:9,6,0,1
BRDA:9,6,1,1
BRDA:9,7,0,1
BRDA:9,7,1,0
BRDA:9,8,0,1
BRDA:9,8,1,0
BRDA:37,9,0,1
BRDA:37,9,1,67
BRF:18
BRH:12
end_of_record
TN:
SF:/Users/blesh/GitHub/blesh/RxJS/dist/cjs/operators/combineLatest-support.js
FN:5,_interopRequireDefault
FN:7,_inherits
FN:9,_classCallCheck
FN:25,(anonymous_4)
FN:26,CombineLatestOperator
FN:32,call
FN:41,(anonymous_7)
FN:44,CombineLatestSubscriber
FN:55,_next
FN:61,_complete
FN:75,notifyComplete
FN:81,notifyNext
FNF:12
FNH:12
FNDA:3,_interopRequireDefault
FNDA:1,_inherits
FNDA:66,_classCallCheck
FNDA:1,(anonymous_4)
FNDA:33,CombineLatestOperator
FNDA:33,call
FNDA:1,(anonymous_7)
FNDA:33,CombineLatestSubscriber
FNDA:66,_next
FNDA:33,_complete
FNDA:31,notifyComplete
FNDA:73,notifyNext
DA:3,1
DA:5,3
DA:7,1
DA:9,66
DA:11,1
DA:13,1
DA:15,1
DA:17,1
DA:19,1
DA:21,1
DA:23,1
DA:25,1
DA:26,1
DA:27,33
DA:29,33
DA:32,1
DA:33,33
DA:36,1
DA:39,1
DA:41,1
DA:42,1
DA:44,1
DA:45,33
DA:47,33
DA:48,33
DA:49,33
DA:50,33
DA:51,33
DA:52,33
DA:55,1
DA:56,66
DA:57,66
DA:58,66
DA:61,1
DA:62,33
DA:63,33
DA:64,33
DA:65,0
DA:67,33
DA:68,33
DA:69,66
DA:70,66
DA:75,1
DA:76,31
DA:77,12
DA:81,1
DA:82,73
DA:83,73
DA:84,73
DA:85,73
DA:86,35
DA:87,35
DA:88,28
DA:91,73
DA:92,49
DA:93,49
DA:94,49
DA:95,25
DA:96,25
DA:97,1
DA:99,24
DA:102,24
DA:107,1
DA:110,1
LF:64
LH:63
BRDA:5,1,0,0
BRDA:5,1,1,3
BRDA:5,2,0,3
BRDA:5,2,1,3
BRDA:7,3,0,0
BRDA:7,3,1,1
BRDA:7,4,0,1
BRDA:7,4,1,0
BRDA:7,5,0,1
BRDA:7,5,1,1
BRDA:7,6,0,1
BRDA:7,6,1,0
BRDA:7,7,0,1
BRDA:7,7,1,0
BRDA:9,8,0,0
BRDA:9,8,1,66
BRDA:64,9,0,0
BRDA:64,9,1,33
BRDA:76,10,0,12
BRDA:76,10,1,19
BRDA:85,11,0,35
BRDA:85,11,1,38
BRDA:87,12,0,28
BRDA:87,12,1,7
BRDA:91,13,0,49
BRDA:91,13,1,24
BRDA:94,14,0,25
BRDA:94,14,1,24
BRDA:96,15,0,1
BRDA:96,15,1,24
BRF:30
BRH:23
end_of_record
TN:
SF:/Users/blesh/GitHub/blesh/RxJS/dist/cjs/util/tryCatch.js
FN:9,tryCatcher
FN:18,tryCatch
FNF:2
FNH:2
FNDA:1406,tryCatcher
FNDA:1406,tryCatch
DA:3,1
DA:4,1
DA:6,1
DA:8,1
DA:9,1
DA:10,1406
DA:11,1406
DA:13,53
DA:14,53
DA:18,1
DA:19,1406
DA:20,1406
DA:24,1
LF:13
LH:13
BRF:0
BRH:0
end_of_record
TN:
SF:/Users/blesh/GitHub/blesh/RxJS/dist/cjs/util/errorObject.js
FNF:0
FNH:0
DA:3,1
DA:4,1
DA:5,1
LF:3
LH:3
BRF:0
BRH:0
end_of_record
TN:
SF:/Users/blesh/GitHub/blesh/RxJS/dist/cjs/OuterSubscriber.js
FN:5,_interopRequireDefault
FN:7,_classCallCheck
FN:9,_inherits
FN:15,(anonymous_4)
FN:18,OuterSubscriber
FN:24,notifyComplete
FN:28,notifyNext
FN:32,notifyError
FNF:8
FNH:8
FNDA:1,_interopRequireDefault
FNDA:281,_classCallCheck
FNDA:1,_inherits
FNDA:1,(anonymous_4)
FNDA:281,OuterSubscriber
FNDA:6,notifyComplete
FNDA:172,notifyNext
FNDA:47,notifyError
DA:3,1
DA:5,1
DA:7,281
DA:9,1
DA:11,1
DA:13,1
DA:15,1
DA:16,1
DA:18,1
DA:19,281
DA:21,281
DA:24,1
DA:25,6
DA:28,1
DA:29,172
DA:32,1
DA:33,47
DA:36,1
DA:39,1
DA:40,1
LF:20
LH:20
BRDA:5,1,0,0
BRDA:5,1,1,1
BRDA:5,2,0,1
BRDA:5,2,1,1
BRDA:7,3,0,0
BRDA:7,3,1,281
BRDA:9,4,0,0
BRDA:9,4,1,1
BRDA:9,5,0,1
BRDA:9,5,1,0
BRDA:9,6,0,1
BRDA:9,6,1,1
BRDA:9,7,0,1
BRDA:9,7,1,0
BRDA:9,8,0,1
BRDA:9,8,1,0
BRF:16
BRH:10
end_of_record
TN:
SF:/Users/blesh/GitHub/blesh/RxJS/dist/cjs/util/subscribeToResult.js
FN:6,_interopRequireDefault
FN:26,subscribeToResult
FN:48,(anonymous_3)
FN:53,(anonymous_4)
FN:55,(anonymous_5)
FN:57,(anonymous_6)
FNF:6
FNH:4
FNDA:4,_interopRequireDefault
FNDA:505,subscribeToResult
FNDA:23,(anonymous_3)
FNDA:3,(anonymous_4)
FNDA:0,(anonymous_5)
FNDA:0,(anonymous_6)
DA:3,1
DA:4,1
DA:6,4
DA:8,1
DA:10,1
DA:12,1
DA:14,1
DA:16,1
DA:18,1
DA:20,1
DA:22,1
DA:24,1
DA:26,1
DA:27,505
DA:28,505
DA:29,0
DA:31,505
DA:32,435
DA:33,4
DA:34,4
DA:35,4
DA:37,431
DA:40,70
DA:41,38
DA:42,95
DA:44,38
DA:45,38
DA:47,32
DA:48,26
DA:49,23
DA:50,18
DA:51,18
DA:54,3
DA:57,0
DA:58,0
DA:61,26
DA:62,6
DA:63,0
DA:64,0
DA:66,0
DA:67,0
DA:68,0
DA:70,0
DA:71,0
DA:72,0
DA:75,0
DA:77,0
DA:78,0
DA:79,0
DA:82,0
DA:83,0
DA:85,6
DA:86,6
DA:87,6
DA:88,0
DA:90,6
DA:93,0
DA:97,1
LF:58
LH:39
BRDA:6,1,0,0
BRDA:6,1,1,4
BRDA:6,2,0,4
BRDA:6,2,1,4
BRDA:28,3,0,0
BRDA:28,3,1,505
BRDA:31,4,0,435
BRDA:31,4,1,70
BRDA:32,5,0,4
BRDA:32,5,1,431
BRDA:40,6,0,38
BRDA:40,6,1,32
BRDA:41,7,0,133
BRDA:41,7,1,95
BRDA:44,8,0,38
BRDA:44,8,1,0
BRDA:47,9,0,26
BRDA:47,9,1,6
BRDA:49,10,0,18
BRDA:49,10,1,5
BRDA:62,11,0,0
BRDA:62,11,1,6
BRDA:66,12,0,0
BRDA:66,12,1,0
BRDA:67,13,0,0
BRDA:67,13,1,0
BRDA:71,14,0,0
BRDA:71,14,1,0
BRDA:78,15,0,0
BRDA:78,15,1,0
BRDA:82,16,0,0
BRDA:82,16,1,0
BRDA:85,17,0,6
BRDA:85,17,1,0
BRDA:87,18,0,0
BRDA:87,18,1,6
BRF:36
BRH:20
end_of_record
TN:
SF:/Users/blesh/GitHub/blesh/RxJS/dist/cjs/util/Symbol_iterator.js
FNF:0
FNH:0
DA:3,1
DA:5,1
DA:7,1
DA:8,0
DA:10,1
DA:11,0
DA:12,0
DA:13,0
DA:15,0
DA:17,0
DA:20,1
DA:28,1
LF:12
LH:6
BRDA:7,1,0,0
BRDA:7,1,1,1
BRDA:10,2,0,0
BRDA:10,2,1,1
BRDA:11,3,0,0
BRDA:11,3,1,0
BRDA:13,4,0,0
BRDA:13,4,1,0
BRDA:13,5,0,0
BRDA:13,5,1,0
BRF:10
BRH:2
end_of_record
TN:
SF:/Users/blesh/GitHub/blesh/RxJS/dist/cjs/InnerSubscriber.js
FN:5,_interopRequireDefault
FN:7,_classCallCheck
FN:9,_inherits
FN:15,(anonymous_4)
FN:18,InnerSubscriber
FN:28,_next
FN:33,_error
FN:37,_complete
FNF:8
FNH:8
FNDA:1,_interopRequireDefault
FNDA:511,_classCallCheck
FNDA:1,_inherits
FNDA:1,(anonymous_4)
FNDA:511,InnerSubscriber
FNDA:840,_next
FNDA:51,_error
FNDA:296,_complete
DA:3,1
DA:5,1
DA:7,511
DA:9,1
DA:11,1
DA:13,1
DA:15,1
DA:16,1
DA:18,1
DA:19,511
DA:21,511
DA:22,511
DA:23,511
DA:24,511
DA:25,511
DA:28,1
DA:29,840
DA:30,840
DA:33,1
DA:34,51
DA:37,1
DA:38,296
DA:41,1
DA:44,1
DA:45,1
LF:25
LH:25
BRDA:5,1,0,0
BRDA:5,1,1,1
BRDA:5,2,0,1
BRDA:5,2,1,1
BRDA:7,3,0,0
BRDA:7,3,1,511
BRDA:9,4,0,0
BRDA:9,4,1,1
BRDA:9,5,0,1
BRDA:9,5,1,0
BRDA:9,6,0,1
BRDA:9,6,1,1
BRDA:9,7,0,1
BRDA:9,7,1,0
BRDA:9,8,0,1
BRDA:9,8,1,0
BRF:16
BRH:10
end_of_record
TN:
SF:/Users/blesh/GitHub/blesh/RxJS/dist/cjs/operators/concat-static.js
FN:6,_interopRequireDefault
FN:16,concat
FNF:2
FNH:2
FNDA:2,_interopRequireDefault
FNDA:16,concat
DA:3,1
DA:4,1
DA:6,2
DA:8,1
DA:10,1
DA:12,1
DA:14,1
DA:16,1
DA:17,16
DA:19,16
DA:20,37
DA:23,16
DA:24,16
DA:25,16
DA:26,0
DA:27,0
DA:29,16
DA:32,1
LF:18
LH:16
BRDA:6,1,0,0
BRDA:6,1,1,2
BRDA:6,2,0,2
BRDA:6,2,1,2
BRDA:25,3,0,0
BRDA:25,3,1,16
BRF:6
BRH:4
end_of_record
TN:
SF:/Users/blesh/GitHub/blesh/RxJS/dist/cjs/schedulers/immediate.js
FN:5,_interopRequireDefault
FNF:1
FNH:1
FNDA:1,_interopRequireDefault
DA:3,1
DA:5,1
DA:7,1
DA:9,1
DA:11,1
DA:12,1
LF:6
LH:6
BRDA:5,1,0,0
BRDA:5,1,1,1
BRDA:5,2,0,1
BRDA:5,2,1,1
BRF:4
BRH:3
end_of_record
TN:
SF:/Users/blesh/GitHub/blesh/RxJS/dist/cjs/schedulers/ImmediateScheduler.js
FN:5,_interopRequireDefault
FN:7,_classCallCheck
FN:17,(anonymous_3)
FN:18,ImmediateScheduler
FN:26,now
FN:30,flush
FN:42,schedule
FN:48,scheduleNow
FN:52,scheduleLater
FNF:9
FNH:9
FNDA:2,_interopRequireDefault
FNDA:2,_classCallCheck
FNDA:1,(anonymous_3)
FNDA:2,ImmediateScheduler
FNDA:72,now
FNDA:199,flush
FNDA:66,schedule
FNDA:48,scheduleNow
FNDA:17,scheduleLater
DA:3,1
DA:5,2
DA:7,2
DA:9,1
DA:11,1
DA:13,1
DA:15,1
DA:17,1
DA:18,1
DA:19,2
DA:21,2
DA:22,2
DA:23,2
DA:26,1
DA:27,72
DA:30,1
DA:31,199
DA:32,145
DA:34,54
DA:35,54
DA:36,54
DA:37,196
DA:39,54
DA:42,1
DA:43,66
DA:45,66
DA:48,1
DA:49,48
DA:52,1
DA:53,17
DA:56,1
DA:59,1
DA:60,1
LF:33
LH:33
BRDA:5,1,0,0
BRDA:5,1,1,2
BRDA:5,2,0,2
BRDA:5,2,1,2
BRDA:7,3,0,0
BRDA:7,3,1,2
BRDA:31,4,0,145
BRDA:31,4,1,54
BRDA:31,5,0,199
BRDA:31,5,1,54
BRDA:43,6,0,2
BRDA:43,6,1,64
BRDA:45,7,0,49
BRDA:45,7,1,17
BRF:14
BRH:12
end_of_record
TN:
SF:/Users/blesh/GitHub/blesh/RxJS/dist/cjs/schedulers/ImmediateAction.js
FN:5,_interopRequireDefault
FN:7,_classCallCheck
FN:9,_inherits
FN:15,(anonymous_4)
FN:18,ImmediateAction
FN:26,schedule
FN:37,execute
FN:44,unsubscribe
FNF:8
FNH:8
FNDA:1,_interopRequireDefault
FNDA:66,_classCallCheck
FNDA:1,_inherits
FNDA:1,(anonymous_4)
FNDA:66,ImmediateAction
FNDA:173,schedule
FNDA:196,execute
FNDA:61,unsubscribe
DA:3,1
DA:5,1
DA:7,66
DA:9,1
DA:11,1
DA:13,1
DA:15,1
DA:16,1
DA:18,1
DA:19,66
DA:21,66
DA:22,66
DA:23,66
DA:26,1
DA:27,173
DA:28,0
DA:30,173
DA:31,173
DA:32,173
DA:33,173
DA:34,173
DA:37,1
DA:38,196
DA:39,0
DA:41,196
DA:44,1
DA:45,61
DA:46,61
DA:47,61
DA:48,61
DA:49,61
DA:50,61
DA:51,61
DA:52,3
DA:54,61
DA:57,1
DA:60,1
DA:61,1
LF:38
LH:36
BRDA:5,1,0,0
BRDA:5,1,1,1
BRDA:5,2,0,1
BRDA:5,2,1,1
BRDA:7,3,0,0
BRDA:7,3,1,66
BRDA:9,4,0,0
BRDA:9,4,1,1
BRDA:9,5,0,1
BRDA:9,5,1,0
BRDA:9,6,0,1
BRDA:9,6,1,1
BRDA:9,7,0,1
BRDA:9,7,1,0
BRDA:9,8,0,1
BRDA:9,8,1,0
BRDA:27,9,0,0
BRDA:27,9,1,173
BRDA:38,10,0,0
BRDA:38,10,1,196
BRDA:51,11,0,3
BRDA:51,11,1,58
BRF:22
BRH:14
end_of_record
TN:
SF:/Users/blesh/GitHub/blesh/RxJS/dist/cjs/schedulers/FutureAction.js
FN:5,_interopRequireDefault
FN:7,_classCallCheck
FN:9,_inherits
FN:15,(anonymous_4)
FN:18,FutureAction
FN:26,schedule
FN:42,(anonymous_7)
FN:50,unsubscribe
FNF:8
FNH:8
FNDA:1,_interopRequireDefault
FNDA:17,_classCallCheck
FNDA:1,_inherits
FNDA:1,(anonymous_4)
FNDA:17,FutureAction
FNDA:28,schedule
FNDA:25,(anonymous_7)
FNDA:16,unsubscribe
DA:3,1
DA:5,1
DA:7,17
DA:9,1
DA:11,1
DA:13,1
DA:15,1
DA:16,1
DA:18,1
DA:19,17
DA:21,17
DA:22,17
DA:23,17
DA:26,1
DA:27,28
DA:29,28
DA:31,28
DA:32,0
DA:34,28
DA:35,28
DA:36,28
DA:37,28
DA:38,0
DA:39,0
DA:41,28
DA:42,28
DA:43,25
DA:44,25
DA:45,25
DA:47,28
DA:50,1
DA:51,16
DA:52,16
DA:53,3
DA:54,3
DA:56,16
DA:59,1
DA:62,1
DA:63,1
LF:39
LH:36
BRDA:5,1,0,0
BRDA:5,1,1,1
BRDA:5,2,0,1
BRDA:5,2,1,1
BRDA:7,3,0,0
BRDA:7,3,1,17
BRDA:9,4,0,0
BRDA:9,4,1,1
BRDA:9,5,0,1
BRDA:9,5,1,0
BRDA:9,6,0,1
BRDA:9,6,1,1
BRDA:9,7,0,1
BRDA:9,7,1,0
BRDA:9,8,0,1
BRDA:9,8,1,0
BRDA:29,9,0,0
BRDA:29,9,1,28
BRDA:29,10,0,28
BRDA:29,10,1,28
BRDA:31,11,0,0
BRDA:31,11,1,28
BRDA:37,12,0,0
BRDA:37,12,1,28
BRDA:52,13,0,3
BRDA:52,13,1,13
BRF:26
BRH:17
end_of_record
TN:
SF:/Users/blesh/GitHub/blesh/RxJS/dist/cjs/observables/DeferObservable.js
FN:5,_interopRequireDefault
FN:7,_classCallCheck
FN:9,_inherits
FN:21,(anonymous_4)
FN:24,DeferObservable
FN:31,create
FN:35,_subscribe
FNF:7
FNH:7
FNDA:2,_interopRequireDefault
FNDA:1,_classCallCheck
FNDA:1,_inherits
FNDA:1,(anonymous_4)
FNDA:1,DeferObservable
FNDA:1,create
FNDA:1,_subscribe
DA:3,1
DA:5,2
DA:7,1
DA:9,1
DA:11,1
DA:13,1
DA:15,1
DA:17,1
DA:19,1
DA:21,1
DA:22,1
DA:24,1
DA:25,1
DA:27,1
DA:28,1
DA:31,1
DA:32,1
DA:35,1
DA:36,1
DA:37,1
DA:38,0
DA:40,1
DA:44,1
DA:47,1
DA:48,1
LF:25
LH:24
BRDA:5,1,0,0
BRDA:5,1,1,2
BRDA:5,2,0,2
BRDA:5,2,1,2
BRDA:7,3,0,0
BRDA:7,3,1,1
BRDA:9,4,0,0
BRDA:9,4,1,1
BRDA:9,5,0,1
BRDA:9,5,1,0
BRDA:9,6,0,1
BRDA:9,6,1,1
BRDA:9,7,0,1
BRDA:9,7,1,0
BRDA:9,8,0,1
BRDA:9,8,1,0
BRDA:37,9,0,0
BRDA:37,9,1,1
BRF:18
BRH:11
end_of_record
TN:
SF:/Users/blesh/GitHub/blesh/RxJS/dist/cjs/observables/ForkJoinObservable.js
FN:5,_interopRequireDefault
FN:7,_classCallCheck
FN:9,_inherits
FN:19,(anonymous_4)
FN:22,ForkJoinObservable
FN:29,create
FN:37,_subscribe
FN:51,(anonymous_8)
FN:54,AllSubscriber
FN:63,_next
FN:67,_complete
FN:79,hasValue
FN:82,emptyArray
FNF:13
FNH:13
FNDA:2,_interopRequireDefault
FNDA:4,_classCallCheck
FNDA:2,_inherits
FNDA:1,(anonymous_4)
FNDA:1,ForkJoinObservable
FNDA:1,create
FNDA:1,_subscribe
FNDA:1,(anonymous_8)
FNDA:3,AllSubscriber
FNDA:10,_next
FNDA:3,_complete
FNDA:8,hasValue
FNDA:1,emptyArray
DA:3,1
DA:5,2
DA:7,4
DA:9,2
DA:11,1
DA:13,1
DA:15,1
DA:17,1
DA:19,1
DA:20,1
DA:22,1
DA:23,1
DA:25,1
DA:26,1
DA:29,1
DA:30,1
DA:31,3
DA:34,1
DA:37,1
DA:38,1
DA:39,1
DA:40,1
DA:41,1
DA:42,3
DA:46,1
DA:49,1
DA:51,1
DA:52,1
DA:54,1
DA:55,3
DA:57,3
DA:58,3
DA:59,3
DA:60,3
DA:63,1
DA:64,10
DA:67,1
DA:68,3
DA:69,3
DA:70,3
DA:71,1
DA:72,1
DA:76,1
DA:79,1
DA:80,8
DA:82,1
DA:83,1
DA:84,1
DA:85,3
DA:87,1
DA:89,1
LF:51
LH:51
BRDA:5,1,0,0
BRDA:5,1,1,2
BRDA:5,2,0,2
BRDA:5,2,1,2
BRDA:7,3,0,0
BRDA:7,3,1,4
BRDA:9,4,0,0
BRDA:9,4,1,2
BRDA:9,5,0,2
BRDA:9,5,1,0
BRDA:9,6,0,2
BRDA:9,6,1,2
BRDA:9,7,0,2
BRDA:9,7,1,0
BRDA:9,8,0,2
BRDA:9,8,1,0
BRDA:70,9,0,1
BRDA:70,9,1,2
BRF:18
BRH:12
end_of_record
TN:
SF:/Users/blesh/GitHub/blesh/RxJS/dist/cjs/observables/FromObservable.js
FN:5,_interopRequireDefault
FN:7,_classCallCheck
FN:9,_inherits
FN:43,(anonymous_4)
FN:46,FromObservable
FN:54,create
FN:74,_subscribe
FNF:7
FNH:7
FNDA:7,_interopRequireDefault
FNDA:1,_classCallCheck
FNDA:1,_inherits
FNDA:1,(anonymous_4)
FNDA:1,FromObservable
FNDA:35,create
FNDA:1,_subscribe
DA:3,1
DA:5,7
DA:7,1
DA:9,1
DA:11,1
DA:13,1
DA:15,1
DA:17,1
DA:19,1
DA:21,1
DA:23,1
DA:25,1
DA:27,1
DA:29,1
DA:31,1
DA:33,1
DA:35,1
DA:37,1
DA:39,1
DA:41,1
DA:43,1
DA:44,1
DA:46,1
DA:47,1
DA:49,1
DA:50,1
DA:51,1
DA:54,1
DA:55,35
DA:57,35
DA:58,35
DA:59,7
DA:60,28
DA:61,25
DA:62,3
DA:63,1
DA:64,0
DA:66,1
DA:67,2
DA:68,2
DA:71,0
DA:74,1
DA:75,1
DA:76,1
DA:77,1
DA:78,1
DA:80,0
DA:84,1
DA:87,1
DA:88,1
LF:50
LH:47
BRDA:5,1,0,0
BRDA:5,1,1,7
BRDA:5,2,0,7
BRDA:5,2,1,7
BRDA:7,3,0,0
BRDA:7,3,1,1
BRDA:9,4,0,0
BRDA:9,4,1,1
BRDA:9,5,0,1
BRDA:9,5,1,0
BRDA:9,6,0,1
BRDA:9,6,1,1
BRDA:9,7,0,1
BRDA:9,7,1,0
BRDA:9,8,0,1
BRDA:9,8,1,0
BRDA:55,9,0,35
BRDA:55,9,1,0
BRDA:55,10,0,35
BRDA:55,10,1,0
BRDA:57,11,0,35
BRDA:57,11,1,0
BRDA:58,12,0,7
BRDA:58,12,1,28
BRDA:60,13,0,25
BRDA:60,13,1,3
BRDA:62,14,0,1
BRDA:62,14,1,2
BRDA:63,15,0,0
BRDA:63,15,1,1
BRDA:67,16,0,2
BRDA:67,16,1,0
BRDA:77,17,0,1
BRDA:77,17,1,0
BRF:34
BRH:22
end_of_record
TN:
SF:/Users/blesh/GitHub/blesh/RxJS/dist/cjs/observables/PromiseObservable.js
FN:5,_interopRequireDefault
FN:7,_classCallCheck
FN:9,_inherits
FN:23,(anonymous_4)
FN:26,PromiseObservable
FN:35,create
FN:41,_subscribe
FN:51,(anonymous_8)
FN:56,(anonymous_9)
FN:58,(anonymous_10)
FN:60,(anonymous_11)
FN:66,(anonymous_12)
FN:72,(anonymous_13)
FN:76,(anonymous_14)
FN:78,(anonymous_15)
FN:80,(anonymous_16)
FN:99,dispatchNext
FN:106,dispatchError
FNF:18
FNH:9
FNDA:3,_interopRequireDefault
FNDA:34,_classCallCheck
FNDA:1,_inherits
FNDA:1,(anonymous_4)
FNDA:34,PromiseObservable
FNDA:9,create
FNDA:34,_subscribe
FNDA:21,(anonymous_8)
FNDA:13,(anonymous_9)
FNDA:0,(anonymous_10)
FNDA:0,(anonymous_11)
FNDA:0,(anonymous_12)
FNDA:0,(anonymous_13)
FNDA:0,(anonymous_14)
FNDA:0,(anonymous_15)
FNDA:0,(anonymous_16)
FNDA:0,dispatchNext
FNDA:0,dispatchError
DA:3,1
DA:5,3
DA:7,34
DA:9,1
DA:11,1
DA:13,1
DA:15,1
DA:17,1
DA:19,1
DA:21,1
DA:23,1
DA:24,1
DA:26,1
DA:27,34
DA:29,34
DA:30,34
DA:31,34
DA:32,34
DA:35,1
DA:36,9
DA:38,9
DA:41,1
DA:42,34
DA:44,34
DA:45,34
DA:46,34
DA:47,34
DA:48,0
DA:49,0
DA:51,34
DA:52,21
DA:53,21
DA:54,21
DA:55,21
DA:57,13
DA:60,0
DA:61,0
DA:66,0
DA:67,0
DA:68,0
DA:69,0
DA:70,0
DA:72,0
DA:73,0
DA:74,0
DA:75,0
DA:77,0
DA:80,0
DA:81,0
DA:85,0
DA:90,0
DA:94,1
DA:97,1
DA:99,1
DA:100,0
DA:101,0
DA:103,0
DA:104,0
DA:106,1
DA:107,0
DA:108,0
DA:110,0
DA:112,1
LF:63
LH:38
BRDA:5,1,0,0
BRDA:5,1,1,3
BRDA:5,2,0,3
BRDA:5,2,1,3
BRDA:7,3,0,0
BRDA:7,3,1,34
BRDA:9,4,0,0
BRDA:9,4,1,1
BRDA:9,5,0,1
BRDA:9,5,1,0
BRDA:9,6,0,1
BRDA:9,6,1,1
BRDA:9,7,0,1
BRDA:9,7,1,0
BRDA:9,8,0,1
BRDA:9,8,1,0
BRDA:36,9,0,9
BRDA:36,9,1,0
BRDA:36,10,0,9
BRDA:36,10,1,0
BRDA:46,11,0,34
BRDA:46,11,1,0
BRDA:47,12,0,0
BRDA:47,12,1,34
BRDA:68,13,0,0
BRDA:68,13,1,0
BRDA:90,14,0,0
BRDA:90,14,1,0
BRF:28
BRH:14
end_of_record
TN:
SF:/Users/blesh/GitHub/blesh/RxJS/dist/cjs/observables/IteratorObservable.js
FN:5,_interopRequireDefault
FN:7,_classCallCheck
FN:9,_inherits
FN:27,(anonymous_4)
FN:30,IteratorObservable
FN:40,create
FN:50,dispatch
FN:86,_subscribe
FN:126,(anonymous_9)
FN:127,StringIterator
FN:130,(anonymous_11)
FN:139,(anonymous_12)
FN:143,next
FN:156,(anonymous_14)
FN:157,ArrayIterator
FN:160,(anonymous_16)
FN:169,(anonymous_17)
FN:173,next
FN:186,getIterator
FN:199,toLength
FN:216,numberIsFinite
FN:219,isNan
FN:222,sign
FNF:23
FNH:10
FNDA:3,_interopRequireDefault
FNDA:2,_classCallCheck
FNDA:1,_inherits
FNDA:1,(anonymous_4)
FNDA:2,IteratorObservable
FNDA:0,create
FNDA:7,dispatch
FNDA:2,_subscribe
FNDA:1,(anonymous_9)
FNDA:0,StringIterator
FNDA:0,(anonymous_11)
FNDA:0,(anonymous_12)
FNDA:0,next
FNDA:1,(anonymous_14)
FNDA:0,ArrayIterator
FNDA:0,(anonymous_16)
FNDA:0,(anonymous_17)
FNDA:0,next
FNDA:2,getIterator
FNDA:0,toLength
FNDA:0,numberIsFinite
FNDA:0,isNan
FNDA:0,sign
DA:3,1
DA:5,3
DA:7,2
DA:9,1
DA:11,1
DA:13,1
DA:15,1
DA:17,1
DA:19,1
DA:21,1
DA:23,1
DA:25,1
DA:27,1
DA:28,1
DA:30,1
DA:31,2
DA:33,2
DA:34,2
DA:35,2
DA:36,2
DA:37,2
DA:40,1
DA:41,0
DA:42,0
DA:44,0
DA:45,0
DA:47,0
DA:50,1
DA:51,7
DA:52,7
DA:53,7
DA:54,7
DA:55,7
DA:56,7
DA:58,7
DA:59,0
DA:60,0
DA:62,7
DA:63,7
DA:64,2
DA:65,2
DA:67,5
DA:68,0
DA:69,0
DA:70,0
DA:71,0
DA:73,0
DA:74,0
DA:77,5
DA:78,5
DA:80,5
DA:81,0
DA:83,5
DA:86,1
DA:87,2
DA:88,2
DA:89,2
DA:90,2
DA:91,2
DA:92,2
DA:93,2
DA:97,0
DA:98,0
DA:99,0
DA:100,0
DA:101,0
DA:102,0
DA:103,0
DA:104,0
DA:105,0
DA:106,0
DA:108,0
DA:110,0
DA:112,0
DA:113,0
DA:119,1
DA:122,1
DA:124,1
DA:126,1
DA:127,1
DA:128,0
DA:129,0
DA:130,0
DA:131,0
DA:133,0
DA:134,0
DA:135,0
DA:139,1
DA:140,0
DA:143,1
DA:144,0
DA:153,1
DA:156,1
DA:157,1
DA:158,0
DA:159,0
DA:160,0
DA:161,0
DA:163,0
DA:164,0
DA:165,0
DA:169,1
DA:170,0
DA:173,1
DA:174,0
DA:183,1
DA:186,1
DA:187,2
DA:188,2
DA:189,0
DA:191,2
DA:192,0
DA:194,2
DA:195,0
DA:197,2
DA:199,1
DA:200,0
DA:201,0
DA:202,0
DA:204,0
DA:205,0
DA:207,0
DA:208,0
DA:209,0
DA:211,0
DA:212,0
DA:214,0
DA:216,1
DA:217,0
DA:219,1
DA:220,0
DA:222,1
DA:223,0
DA:224,0
DA:225,0
DA:227,0
DA:228,0
DA:230,0
DA:232,1
LF:139
LH:71
BRDA:5,1,0,0
BRDA:5,1,1,3
BRDA:5,2,0,3
BRDA:5,2,1,3
BRDA:7,3,0,0
BRDA:7,3,1,2
BRDA:9,4,0,0
BRDA:9,4,1,1
BRDA:9,5,0,1
BRDA:9,5,1,0
BRDA:9,6,0,1
BRDA:9,6,1,1
BRDA:9,7,0,1
BRDA:9,7,1,0
BRDA:9,8,0,1
BRDA:9,8,1,0
BRDA:41,9,0,0
BRDA:41,9,1,0
BRDA:44,10,0,0
BRDA:44,10,1,0
BRDA:44,11,0,0
BRDA:44,11,1,0
BRDA:58,12,0,0
BRDA:58,12,1,7
BRDA:63,13,0,2
BRDA:63,13,1,5
BRDA:67,14,0,0
BRDA:67,14,1,5
BRDA:69,15,0,0
BRDA:69,15,1,0
BRDA:80,16,0,0
BRDA:80,16,1,5
BRDA:92,17,0,2
BRDA:92,17,1,0
BRDA:99,18,0,0
BRDA:99,18,1,0
BRDA:102,19,0,0
BRDA:102,19,1,0
BRDA:104,20,0,0
BRDA:104,20,1,0
BRDA:112,21,0,0
BRDA:112,21,1,0
BRDA:128,22,0,0
BRDA:128,22,1,0
BRDA:128,23,0,0
BRDA:128,23,1,0
BRDA:129,24,0,0
BRDA:129,24,1,0
BRDA:129,25,0,0
BRDA:129,25,1,0
BRDA:144,26,0,0
BRDA:144,26,1,0
BRDA:158,27,0,0
BRDA:158,27,1,0
BRDA:158,28,0,0
BRDA:158,28,1,0
BRDA:159,29,0,0
BRDA:159,29,1,0
BRDA:159,30,0,0
BRDA:159,30,1,0
BRDA:174,31,0,0
BRDA:174,31,1,0
BRDA:188,32,0,0
BRDA:188,32,1,2
BRDA:188,33,0,2
BRDA:188,33,1,0
BRDA:191,34,0,0
BRDA:191,34,1,2
BRDA:191,35,0,2
BRDA:191,35,1,0
BRDA:194,36,0,0
BRDA:194,36,1,2
BRDA:201,37,0,0
BRDA:201,37,1,0
BRDA:204,38,0,0
BRDA:204,38,1,0
BRDA:204,39,0,0
BRDA:204,39,1,0
BRDA:208,40,0,0
BRDA:208,40,1,0
BRDA:211,41,0,0
BRDA:211,41,1,0
BRDA:217,42,0,0
BRDA:217,42,1,0
BRDA:224,43,0,0
BRDA:224,43,1,0
BRDA:227,44,0,0
BRDA:227,44,1,0
BRDA:230,45,0,0
BRDA:230,45,1,0
BRF:90
BRH:21
end_of_record
TN:
SF:/Users/blesh/GitHub/blesh/RxJS/dist/cjs/operators/observeOn-support.js
FN:5,_interopRequireDefault
FN:7,_inherits
FN:9,_classCallCheck
FN:19,(anonymous_4)
FN:20,ObserveOnOperator
FN:29,call
FN:38,(anonymous_7)
FN:41,ObserveOnSubscriber
FN:51,dispatch
FN:58,_next
FN:62,_error
FN:66,_complete
FN:75,ObserveOnMessage
FNF:13
FNH:4
FNDA:2,_interopRequireDefault
FNDA:1,_inherits
FNDA:0,_classCallCheck
FNDA:1,(anonymous_4)
FNDA:0,ObserveOnOperator
FNDA:0,call
FNDA:1,(anonymous_7)
FNDA:0,ObserveOnSubscriber
FNDA:0,dispatch
FNDA:0,_next
FNDA:0,_error
FNDA:0,_complete
FNDA:0,ObserveOnMessage
DA:3,1
DA:5,2
DA:7,1
DA:9,1
DA:11,1
DA:13,1
DA:15,1
DA:17,1
DA:19,1
DA:20,1
DA:21,0
DA:23,0
DA:25,0
DA:26,0
DA:29,1
DA:30,0
DA:33,1
DA:36,1
DA:38,1
DA:39,1
DA:41,1
DA:42,0
DA:44,0
DA:46,0
DA:47,0
DA:48,0
DA:51,1
DA:52,0
DA:53,0
DA:55,0
DA:58,1
DA:59,0
DA:62,1
DA:63,0
DA:66,1
DA:67,0
DA:70,1
DA:73,1
DA:75,1
DA:76,0
DA:78,0
DA:79,0
LF:42
LH:23
BRDA:5,1,0,0
BRDA:5,1,1,2
BRDA:5,2,0,2
BRDA:5,2,1,2
BRDA:7,3,0,0
BRDA:7,3,1,1
BRDA:7,4,0,1
BRDA:7,4,1,0
BRDA:7,5,0,1
BRDA:7,5,1,1
BRDA:7,6,0,1
BRDA:7,6,1,0
BRDA:7,7,0,1
BRDA:7,7,1,0
BRDA:9,8,0,0
BRDA:9,8,1,0
BRDA:21,9,0,0
BRDA:21,9,1,0
BRDA:21,10,0,0
BRDA:21,10,1,0
BRDA:42,11,0,0
BRDA:42,11,1,0
BRDA:42,12,0,0
BRDA:42,12,1,0
BRF:24
BRH:9
end_of_record
TN:
SF:/Users/blesh/GitHub/blesh/RxJS/dist/cjs/Notification.js
FN:5,_interopRequireDefault
FN:7,_classCallCheck
FN:13,(anonymous_3)
FN:14,Notification
FN:23,observe
FN:34,_do
FN:46,accept
FN:54,toObservable
FN:67,createNext
FN:74,createError
FN:78,createComplete
FNF:11
FNH:8
FNDA:1,_interopRequireDefault
FNDA:5821,_classCallCheck
FNDA:1,(anonymous_3)
FNDA:5821,Notification
FNDA:3073,observe
FNDA:0,_do
FNDA:0,accept
FNDA:0,toObservable
FNDA:5271,createNext
FNDA:609,createError
FNDA:1347,createComplete
DA:3,1
DA:5,1
DA:7,5821
DA:9,1
DA:11,1
DA:13,1
DA:14,1
DA:15,5821
DA:17,5821
DA:18,5821
DA:19,5821
DA:20,5821
DA:23,1
DA:24,3073
DA:26,2416
DA:28,141
DA:30,516
DA:34,1
DA:35,0
DA:36,0
DA:38,0
DA:40,0
DA:42,0
DA:46,1
DA:47,0
DA:48,0
DA:50,0
DA:54,1
DA:55,0
DA:56,0
DA:57,0
DA:59,0
DA:61,0
DA:63,0
DA:67,1
DA:68,5271
DA:69,5210
DA:71,61
DA:74,1
DA:75,609
DA:78,1
DA:79,1347
DA:82,1
DA:85,1
DA:87,1
DA:88,1
DA:89,1
LF:47
LH:33
BRDA:5,1,0,0
BRDA:5,1,1,1
BRDA:5,2,0,1
BRDA:5,2,1,1
BRDA:7,3,0,0
BRDA:7,3,1,5821
BRDA:24,4,0,2416
BRDA:24,4,1,141
BRDA:24,4,2,516
BRDA:36,5,0,0
BRDA:36,5,1,0
BRDA:36,5,2,0
BRDA:47,6,0,0
BRDA:47,6,1,0
BRDA:47,7,0,0
BRDA:47,7,1,0
BRDA:57,8,0,0
BRDA:57,8,1,0
BRDA:57,8,2,0
BRDA:68,9,0,5210
BRDA:68,9,1,61
BRF:21
BRH:9
end_of_record
TN:
SF:/Users/blesh/GitHub/blesh/RxJS/dist/cjs/observables/FromEventObservable.js
FN:5,_interopRequireDefault
FN:7,_classCallCheck
FN:9,_inherits
FN:25,(anonymous_4)
FN:28,FromEventObservable
FN:37,create
FN:41,setupSubscription
FN:50,(anonymous_8)
FN:55,(anonymous_9)
FN:60,(anonymous_10)
FN:67,_subscribe
FN:71,(anonymous_12)
FN:78,(anonymous_13)
FNF:13
FNH:13
FNDA:3,_interopRequireDefault
FNDA:5,_classCallCheck
FNDA:1,_inherits
FNDA:1,(anonymous_4)
FNDA:5,FromEventObservable
FNDA:5,create
FNDA:5,setupSubscription
FNDA:1,(anonymous_8)
FNDA:1,(anonymous_9)
FNDA:1,(anonymous_10)
FNDA:5,_subscribe
FNDA:1,(anonymous_12)
FNDA:1,(anonymous_13)
DA:3,1
DA:5,3
DA:7,5
DA:9,1
DA:11,1
DA:13,1
DA:15,1
DA:17,1
DA:19,1
DA:21,1
DA:23,1
DA:25,1
DA:26,1
DA:28,1
DA:29,5
DA:31,5
DA:32,5
DA:33,5
DA:34,5
DA:37,1
DA:38,5
DA:41,1
DA:42,5
DA:43,5
DA:44,5
DA:45,0
DA:46,0
DA:48,5
DA:49,1
DA:50,1
DA:51,1
DA:53,4
DA:54,3
DA:55,3
DA:56,1
DA:58,1
DA:59,1
DA:60,1
DA:61,1
DA:64,5
DA:67,1
DA:68,5
DA:69,5
DA:70,5
DA:71,5
DA:72,1
DA:73,1
DA:74,0
DA:76,1
DA:79,1
DA:81,5
DA:84,1
DA:87,1
DA:88,1
LF:54
LH:51
BRDA:5,1,0,0
BRDA:5,1,1,3
BRDA:5,2,0,3
BRDA:5,2,1,3
BRDA:7,3,0,0
BRDA:7,3,1,5
BRDA:9,4,0,0
BRDA:9,4,1,1
BRDA:9,5,0,1
BRDA:9,5,1,0
BRDA:9,6,0,1
BRDA:9,6,1,1
BRDA:9,7,0,1
BRDA:9,7,1,0
BRDA:9,8,0,1
BRDA:9,8,1,0
BRDA:44,9,0,0
BRDA:44,9,1,5
BRDA:44,10,0,5
BRDA:44,10,1,5
BRDA:48,11,0,1
BRDA:48,11,1,4
BRDA:48,12,0,5
BRDA:48,12,1,1
BRDA:53,13,0,3
BRDA:53,13,1,1
BRDA:53,14,0,4
BRDA:53,14,1,3
BRDA:58,15,0,1
BRDA:58,15,1,0
BRDA:58,16,0,1
BRDA:58,16,1,1
BRDA:71,17,0,1
BRDA:71,17,1,4
BRDA:73,18,0,0
BRDA:73,18,1,1
BRF:36
BRH:27
end_of_record
TN:
SF:/Users/blesh/GitHub/blesh/RxJS/dist/cjs/observables/FromEventPatternObservable.js
FN:5,_interopRequireDefault
FN:7,_classCallCheck
FN:9,_inherits
FN:25,(anonymous_4)
FN:28,FromEventPatternObservable
FN:37,create
FN:41,_subscribe
FN:45,(anonymous_8)
FN:52,(anonymous_9)
FN:59,(anonymous_10)
FNF:10
FNH:9
FNDA:3,_interopRequireDefault
FNDA:5,_classCallCheck
FNDA:1,_inherits
FNDA:1,(anonymous_4)
FNDA:5,FromEventPatternObservable
FNDA:5,create
FNDA:5,_subscribe
FNDA:2,(anonymous_8)
FNDA:0,(anonymous_9)
FNDA:3,(anonymous_10)
DA:3,1
DA:5,3
DA:7,5
DA:9,1
DA:11,1
DA:13,1
DA:15,1
DA:17,1
DA:19,1
DA:21,1
DA:23,1
DA:25,1
DA:26,1
DA:28,1
DA:29,5
DA:31,5
DA:32,5
DA:33,5
DA:34,5
DA:37,1
DA:38,5
DA:41,1
DA:42,5
DA:43,5
DA:44,5
DA:45,5
DA:46,2
DA:47,2
DA:48,1
DA:50,1
DA:53,0
DA:55,5
DA:56,5
DA:57,1
DA:59,5
DA:61,3
DA:65,1
DA:68,1
DA:69,1
LF:39
LH:38
BRDA:5,1,0,0
BRDA:5,1,1,3
BRDA:5,2,0,3
BRDA:5,2,1,3
BRDA:7,3,0,0
BRDA:7,3,1,5
BRDA:9,4,0,0
BRDA:9,4,1,1
BRDA:9,5,0,1
BRDA:9,5,1,0
BRDA:9,6,0,1
BRDA:9,6,1,1
BRDA:9,7,0,1
BRDA:9,7,1,0
BRDA:9,8,0,1
BRDA:9,8,1,0
BRDA:45,9,0,2
BRDA:45,9,1,3
BRDA:47,10,0,1
BRDA:47,10,1,1
BRDA:56,11,0,1
BRDA:56,11,1,4
BRF:22
BRH:16
end_of_record
TN:
SF:/Users/blesh/GitHub/blesh/RxJS/dist/cjs/observables/IntervalObservable.js
FN:5,_interopRequireDefault
FN:7,_classCallCheck
FN:9,_inherits
FN:23,(anonymous_4)
FN:26,IntervalObservable
FN:43,create
FN:50,dispatch
FN:63,_subscribe
FNF:8
FNH:8
FNDA:3,_interopRequireDefault
FNDA:4,_classCallCheck
FNDA:1,_inherits
FNDA:1,(anonymous_4)
FNDA:4,IntervalObservable
FNDA:4,create
FNDA:19,dispatch
FNDA:4,_subscribe
DA:3,1
DA:5,3
DA:7,4
DA:9,1
DA:11,1
DA:13,1
DA:15,1
DA:17,1
DA:19,1
DA:21,1
DA:23,1
DA:24,1
DA:26,1
DA:27,4
DA:28,4
DA:30,4
DA:32,4
DA:33,4
DA:34,4
DA:35,4
DA:36,0
DA:38,4
DA:39,0
DA:43,1
DA:44,4
DA:45,4
DA:47,4
DA:50,1
DA:51,19
DA:52,19
DA:53,19
DA:55,19
DA:56,19
DA:57,2
DA:59,17
DA:60,17
DA:63,1
DA:64,4
DA:65,4
DA:66,4
DA:67,4
DA:72,1
DA:75,1
DA:76,1
LF:44
LH:42
BRDA:5,1,0,0
BRDA:5,1,1,3
BRDA:5,2,0,3
BRDA:5,2,1,3
BRDA:7,3,0,0
BRDA:7,3,1,4
BRDA:9,4,0,0
BRDA:9,4,1,1
BRDA:9,5,0,1
BRDA:9,5,1,0
BRDA:9,6,0,1
BRDA:9,6,1,1
BRDA:9,7,0,1
BRDA:9,7,1,0
BRDA:9,8,0,1
BRDA:9,8,1,0
BRDA:27,9,0,0
BRDA:27,9,1,4
BRDA:27,10,0,4
BRDA:27,10,1,4
BRDA:28,11,0,0
BRDA:28,11,1,4
BRDA:28,12,0,4
BRDA:28,12,1,4
BRDA:35,13,0,0
BRDA:35,13,1,4
BRDA:35,14,0,4
BRDA:35,14,1,4
BRDA:38,15,0,0
BRDA:38,15,1,4
BRDA:38,16,0,4
BRDA:38,16,1,4
BRDA:44,17,0,0
BRDA:44,17,1,4
BRDA:44,18,0,4
BRDA:44,18,1,4
BRDA:45,19,0,2
BRDA:45,19,1,2
BRDA:45,20,0,4
BRDA:45,20,1,2
BRDA:56,21,0,2
BRDA:56,21,1,17
BRF:42
BRH:31
end_of_record
TN:
SF:/Users/blesh/GitHub/blesh/RxJS/dist/cjs/util/isNumeric.js
FN:7,isNumeric
FNF:1
FNH:1
FNDA:39,isNumeric
DA:3,1
DA:4,1
DA:5,1
DA:7,1
DA:12,39
DA:16,1
LF:6
LH:6
BRDA:12,1,0,39
BRDA:12,1,1,39
BRF:2
BRH:2
end_of_record
TN:
SF:/Users/blesh/GitHub/blesh/RxJS/dist/cjs/schedulers/nextTick.js
FN:5,_interopRequireDefault
FNF:1
FNH:1
FNDA:1,_interopRequireDefault
DA:3,1
DA:5,1
DA:7,1
DA:9,1
DA:11,1
DA:12,1
LF:6
LH:6
BRDA:5,1,0,0
BRDA:5,1,1,1
BRDA:5,2,0,1
BRDA:5,2,1,1
BRF:4
BRH:3
end_of_record
TN:
SF:/Users/blesh/GitHub/blesh/RxJS/dist/cjs/schedulers/NextTickScheduler.js
FN:5,_interopRequireDefault
FN:7,_classCallCheck
FN:9,_inherits
FN:23,(anonymous_4)
FN:26,NextTickScheduler
FN:32,scheduleNow
FNF:6
FNH:6
FNDA:3,_interopRequireDefault
FNDA:1,_classCallCheck
FNDA:1,_inherits
FNDA:1,(anonymous_4)
FNDA:1,NextTickScheduler
FNDA:1,scheduleNow
DA:3,1
DA:5,3
DA:7,1
DA:9,1
DA:11,1
DA:13,1
DA:15,1
DA:17,1
DA:19,1
DA:21,1
DA:23,1
DA:24,1
DA:26,1
DA:27,1
DA:29,1
DA:32,1
DA:33,1
DA:36,1
DA:39,1
DA:40,1
LF:20
LH:20
BRDA:5,1,0,0
BRDA:5,1,1,3
BRDA:5,2,0,3
BRDA:5,2,1,3
BRDA:7,3,0,0
BRDA:7,3,1,1
BRDA:9,4,0,0
BRDA:9,4,1,1
BRDA:9,5,0,1
BRDA:9,5,1,0
BRDA:9,6,0,1
BRDA:9,6,1,1
BRDA:9,7,0,1
BRDA:9,7,1,0
BRDA:9,8,0,1
BRDA:9,8,1,0
BRDA:33,9,0,0
BRDA:33,9,1,1
BRF:18
BRH:11
end_of_record
TN:
SF:/Users/blesh/GitHub/blesh/RxJS/dist/cjs/schedulers/NextTickAction.js
FN:5,_interopRequireDefault
FN:7,_classCallCheck
FN:9,_inherits
FN:17,(anonymous_4)
FN:20,NextTickAction
FN:26,schedule
FN:37,(anonymous_7)
FN:46,unsubscribe
FNF:8
FNH:8
FNDA:1,_interopRequireDefault
FNDA:1,_classCallCheck
FNDA:1,_inherits
FNDA:1,(anonymous_4)
FNDA:1,NextTickAction
FNDA:1,schedule
FNDA:1,(anonymous_7)
FNDA:1,unsubscribe
DA:3,1
DA:5,1
DA:7,1
DA:9,1
DA:11,1
DA:13,1
DA:15,1
DA:17,1
DA:18,1
DA:20,1
DA:21,1
DA:23,1
DA:26,1
DA:27,1
DA:29,1
DA:30,0
DA:32,1
DA:33,1
DA:34,1
DA:35,1
DA:36,1
DA:37,1
DA:38,1
DA:39,1
DA:40,1
DA:43,1
DA:46,1
DA:47,1
DA:48,1
DA:49,1
DA:50,1
DA:51,1
DA:52,1
DA:53,1
DA:54,0
DA:55,0
DA:60,1
DA:63,1
DA:64,1
LF:39
LH:36
BRDA:5,1,0,0
BRDA:5,1,1,1
BRDA:5,2,0,1
BRDA:5,2,1,1
BRDA:7,3,0,0
BRDA:7,3,1,1
BRDA:9,4,0,0
BRDA:9,4,1,1
BRDA:9,5,0,1
BRDA:9,5,1,0
BRDA:9,6,0,1
BRDA:9,6,1,1
BRDA:9,7,0,1
BRDA:9,7,1,0
BRDA:9,8,0,1
BRDA:9,8,1,0
BRDA:29,9,0,0
BRDA:29,9,1,1
BRDA:35,10,0,1
BRDA:35,10,1,0
BRDA:50,11,0,1
BRDA:50,11,1,0
BRDA:53,12,0,0
BRDA:53,12,1,1
BRF:24
BRH:14
end_of_record
TN:
SF:/Users/blesh/GitHub/blesh/RxJS/dist/cjs/util/Immediate.js
FN:11,setImmediate
FN:14,clearImmediate
FN:21,(anonymous_3)
FN:48,clearImmediate
FN:51,addFromSetImmediateArguments
FN:57,partiallyApplied
FN:62,(anonymous_7)
FN:70,runIfPresent
FN:90,installNextTickImplementation
FN:91,setImmediate
FN:97,canUsePostMessage
FN:103,(anonymous_12)
FN:111,installPostMessageImplementation
FN:116,onGlobalMessage
FN:126,setImmediate
FN:132,installMessageChannelImplementation
FN:134,(anonymous_17)
FN:138,setImmediate
FN:144,installReadyStateChangeImplementation
FN:146,setImmediate
FN:151,(anonymous_21)
FN:161,installSetTimeoutImplementation
FN:162,setImmediate
FNF:23
FNH:0
FNDA:0,setImmediate
FNDA:0,clearImmediate
FNDA:0,(anonymous_3)
FNDA:0,clearImmediate
FNDA:0,addFromSetImmediateArguments
FNDA:0,partiallyApplied
FNDA:0,(anonymous_7)
FNDA:0,runIfPresent
FNDA:0,installNextTickImplementation
FNDA:0,setImmediate
FNDA:0,canUsePostMessage
FNDA:0,(anonymous_12)
FNDA:0,installPostMessageImplementation
FNDA:0,onGlobalMessage
FNDA:0,setImmediate
FNDA:0,installMessageChannelImplementation
FNDA:0,(anonymous_17)
FNDA:0,setImmediate
FNDA:0,installReadyStateChangeImplementation
FNDA:0,setImmediate
FNDA:0,(anonymous_21)
FNDA:0,installSetTimeoutImplementation
FNDA:0,setImmediate
DA:6,1
DA:8,1
DA:10,1
DA:12,0
DA:16,1
DA:17,1
DA:18,1
DA:19,1
DA:21,0
DA:22,0
DA:29,0
DA:31,0
DA:32,0
DA:34,0
DA:35,0
DA:37,0
DA:38,0
DA:40,0
DA:43,0
DA:45,0
DA:46,0
DA:47,0
DA:48,1
DA:49,0
DA:51,1
DA:52,0
DA:53,0
DA:57,1
DA:58,0
DA:59,0
DA:62,0
DA:63,0
DA:64,0
DA:66,0
DA:70,1
DA:73,0
DA:76,0
DA:78,0
DA:79,0
DA:80,0
DA:81,0
DA:82,0
DA:84,0
DA:85,0
DA:90,1
DA:91,0
DA:92,0
DA:93,0
DA:94,0
DA:97,1
DA:100,0
DA:101,0
DA:102,0
DA:103,0
DA:104,0
DA:106,0
DA:107,0
DA:108,0
DA:111,1
DA:115,0
DA:116,0
DA:117,0
DA:118,0
DA:121,0
DA:122,0
DA:124,0
DA:126,0
DA:127,0
DA:128,0
DA:129,0
DA:132,1
DA:133,0
DA:134,0
DA:135,0
DA:136,0
DA:138,0
DA:139,0
DA:140,0
DA:141,0
DA:144,1
DA:145,0
DA:146,0
DA:147,0
DA:150,0
DA:151,0
DA:152,0
DA:153,0
DA:154,0
DA:155,0
DA:157,0
DA:158,0
DA:161,1
DA:162,0
DA:163,0
DA:164,0
DA:165,0
LF:96
LH:17
BRDA:17,1,0,1
BRDA:17,1,1,0
BRDA:17,2,0,1
BRDA:17,2,1,1
BRDA:29,3,0,0
BRDA:29,3,1,0
BRDA:32,4,0,0
BRDA:32,4,1,0
BRDA:35,5,0,0
BRDA:35,5,1,0
BRDA:38,6,0,0
BRDA:38,6,1,0
BRDA:38,7,0,0
BRDA:38,7,1,0
BRDA:63,8,0,0
BRDA:63,8,1,0
BRDA:73,9,0,0
BRDA:73,9,1,0
BRDA:79,10,0,0
BRDA:79,10,1,0
BRDA:100,11,0,0
BRDA:100,11,1,0
BRDA:100,12,0,0
BRDA:100,12,1,0
BRDA:117,13,0,0
BRDA:117,13,1,0
BRDA:117,14,0,0
BRDA:117,14,1,0
BRDA:117,14,2,0
BRDA:121,15,0,0
BRDA:121,15,1,0
BRF:31
BRH:3
end_of_record
TN:
SF:/Users/blesh/GitHub/blesh/RxJS/dist/cjs/operators/merge-static.js
FN:6,_interopRequireDefault
FN:18,merge
FNF:2
FNH:2
FNDA:2,_interopRequireDefault
FNDA:17,merge
DA:3,1
DA:4,1
DA:6,2
DA:8,1
DA:10,1
DA:12,1
DA:14,1
DA:16,1
DA:18,1
DA:19,17
DA:20,17
DA:22,17
DA:23,38
DA:26,17
DA:27,17
DA:28,2
DA:29,2
DA:30,0
DA:32,15
DA:33,1
DA:35,17
DA:36,0
DA:38,17
DA:41,1
LF:24
LH:22
BRDA:6,1,0,0
BRDA:6,1,1,2
BRDA:6,2,0,2
BRDA:6,2,1,2
BRDA:27,3,0,2
BRDA:27,3,1,15
BRDA:29,4,0,0
BRDA:29,4,1,2
BRDA:29,5,0,2
BRDA:29,5,1,2
BRDA:32,6,0,1
BRDA:32,6,1,14
BRDA:35,7,0,0
BRDA:35,7,1,17
BRF:14
BRH:11
end_of_record
TN:
SF:/Users/blesh/GitHub/blesh/RxJS/dist/cjs/operators/mergeAll-support.js
FN:5,_interopRequireDefault
FN:7,_inherits
FN:9,_classCallCheck
FN:19,(anonymous_4)
FN:20,MergeAllOperator
FN:26,call
FN:35,(anonymous_7)
FN:38,MergeAllSubscriber
FN:48,_next
FN:61,_complete
FN:68,notifyComplete
FNF:11
FNH:11
FNDA:2,_interopRequireDefault
FNDA:1,_inherits
FNDA:126,_classCallCheck
FNDA:1,(anonymous_4)
FNDA:63,MergeAllOperator
FNDA:63,call
FNDA:1,(anonymous_7)
FNDA:63,MergeAllSubscriber
FNDA:167,_next
FNDA:56,_complete
FNDA:83,notifyComplete
DA:3,1
DA:5,2
DA:7,1
DA:9,126
DA:11,1
DA:13,1
DA:15,1
DA:17,1
DA:19,1
DA:20,1
DA:21,63
DA:23,63
DA:26,1
DA:27,63
DA:30,1
DA:33,1
DA:35,1
DA:36,1
DA:38,1
DA:39,63
DA:41,63
DA:42,63
DA:43,63
DA:44,63
DA:45,63
DA:48,1
DA:49,167
DA:50,134
DA:51,16
DA:53,118
DA:54,118
DA:57,33
DA:61,1
DA:62,56
DA:63,56
DA:64,7
DA:68,1
DA:69,83
DA:70,83
DA:71,83
DA:72,83
DA:73,25
DA:74,58
DA:75,28
DA:79,1
DA:82,1
LF:46
LH:46
BRDA:5,1,0,0
BRDA:5,1,1,2
BRDA:5,2,0,2
BRDA:5,2,1,2
BRDA:7,3,0,0
BRDA:7,3,1,1
BRDA:7,4,0,1
BRDA:7,4,1,0
BRDA:7,5,0,1
BRDA:7,5,1,1
BRDA:7,6,0,1
BRDA:7,6,1,0
BRDA:7,7,0,1
BRDA:7,7,1,0
BRDA:9,8,0,0
BRDA:9,8,1,126
BRDA:49,9,0,134
BRDA:49,9,1,33
BRDA:50,10,0,16
BRDA:50,10,1,118
BRDA:63,11,0,7
BRDA:63,11,1,49
BRDA:63,12,0,56
BRDA:63,12,1,7
BRDA:72,13,0,25
BRDA:72,13,1,58
BRDA:74,14,0,28
BRDA:74,14,1,30
BRDA:74,15,0,58
BRDA:74,15,1,41
BRF:30
BRH:24
end_of_record
TN:
SF:/Users/blesh/GitHub/blesh/RxJS/dist/cjs/observables/InfiniteObservable.js
FN:5,_interopRequireDefault
FN:7,_classCallCheck
FN:9,_inherits
FN:15,(anonymous_4)
FN:18,InfiniteObservable
FN:24,create
FN:28,_subscribe
FNF:7
FNH:7
FNDA:1,_interopRequireDefault
FNDA:59,_classCallCheck
FNDA:1,_inherits
FNDA:1,(anonymous_4)
FNDA:59,InfiniteObservable
FNDA:59,create
FNDA:60,_subscribe
DA:3,1
DA:5,1
DA:7,59
DA:9,1
DA:11,1
DA:13,1
DA:15,1
DA:16,1
DA:18,1
DA:19,59
DA:21,59
DA:24,1
DA:25,59
DA:28,1
DA:30,1
DA:33,1
DA:34,1
LF:17
LH:17
BRDA:5,1,0,0
BRDA:5,1,1,1
BRDA:5,2,0,1
BRDA:5,2,1,1
BRDA:7,3,0,0
BRDA:7,3,1,59
BRDA:9,4,0,0
BRDA:9,4,1,1
BRDA:9,5,0,1
BRDA:9,5,1,0
BRDA:9,6,0,1
BRDA:9,6,1,1
BRDA:9,7,0,1
BRDA:9,7,1,0
BRDA:9,8,0,1
BRDA:9,8,1,0
BRF:16
BRH:10
end_of_record
TN:
SF:/Users/blesh/GitHub/blesh/RxJS/dist/cjs/observables/RangeObservable.js
FN:5,_interopRequireDefault
FN:7,_classCallCheck
FN:9,_inherits
FN:15,(anonymous_4)
FN:18,RangeObservable
FN:27,create
FN:34,dispatch
FN:53,_subscribe
FNF:8
FNH:7
FNDA:1,_interopRequireDefault
FNDA:4,_classCallCheck
FNDA:1,_inherits
FNDA:1,(anonymous_4)
FNDA:4,RangeObservable
FNDA:4,create
FNDA:0,dispatch
FNDA:3,_subscribe
DA:3,1
DA:5,1
DA:7,4
DA:9,1
DA:11,1
DA:13,1
DA:15,1
DA:16,1
DA:18,1
DA:19,4
DA:21,4
DA:22,4
DA:23,4
DA:24,4
DA:27,1
DA:28,4
DA:29,4
DA:31,4
DA:34,1
DA:35,0
DA:36,0
DA:37,0
DA:38,0
DA:40,0
DA:41,0
DA:42,0
DA:44,0
DA:45,0
DA:46,0
DA:48,0
DA:49,0
DA:50,0
DA:53,1
DA:54,3
DA:55,3
DA:56,3
DA:57,3
DA:58,3
DA:59,0
DA:63,3
DA:64,23
DA:65,2
DA:66,2
DA:68,21
DA:69,21
DA:70,1
DA:76,1
DA:79,1
DA:80,1
LF:49
LH:35
BRDA:5,1,0,0
BRDA:5,1,1,1
BRDA:5,2,0,1
BRDA:5,2,1,1
BRDA:7,3,0,0
BRDA:7,3,1,4
BRDA:9,4,0,0
BRDA:9,4,1,1
BRDA:9,5,0,1
BRDA:9,5,1,0
BRDA:9,6,0,1
BRDA:9,6,1,1
BRDA:9,7,0,1
BRDA:9,7,1,0
BRDA:9,8,0,1
BRDA:9,8,1,0
BRDA:28,9,0,0
BRDA:28,9,1,4
BRDA:29,10,0,0
BRDA:29,10,1,4
BRDA:40,11,0,0
BRDA:40,11,1,0
BRDA:45,12,0,0
BRDA:45,12,1,0
BRDA:58,13,0,0
BRDA:58,13,1,3
BRDA:64,14,0,2
BRDA:64,14,1,21
BRDA:69,15,0,1
BRDA:69,15,1,20
BRF:30
BRH:17
end_of_record
TN:
SF:/Users/blesh/GitHub/blesh/RxJS/dist/cjs/observables/ErrorObservable.js
FN:5,_interopRequireDefault
FN:7,_classCallCheck
FN:9,_inherits
FN:15,(anonymous_4)
FN:18,ErrorObservable
FN:26,create
FN:30,dispatch
FN:37,_subscribe
FNF:8
FNH:7
FNDA:1,_interopRequireDefault
FNDA:35,_classCallCheck
FNDA:1,_inherits
FNDA:1,(anonymous_4)
FNDA:35,ErrorObservable
FNDA:35,create
FNDA:0,dispatch
FNDA:36,_subscribe
DA:3,1
DA:5,1
DA:7,35
DA:9,1
DA:11,1
DA:13,1
DA:15,1
DA:16,1
DA:18,1
DA:19,35
DA:21,35
DA:22,35
DA:23,35
DA:26,1
DA:27,35
DA:30,1
DA:31,0
DA:32,0
DA:34,0
DA:37,1
DA:38,36
DA:39,36
DA:40,36
DA:41,0
DA:45,36
DA:49,1
DA:52,1
DA:53,1
LF:28
LH:24
BRDA:5,1,0,0
BRDA:5,1,1,1
BRDA:5,2,0,1
BRDA:5,2,1,1
BRDA:7,3,0,0
BRDA:7,3,1,35
BRDA:9,4,0,0
BRDA:9,4,1,1
BRDA:9,5,0,1
BRDA:9,5,1,0
BRDA:9,6,0,1
BRDA:9,6,1,1
BRDA:9,7,0,1
BRDA:9,7,1,0
BRDA:9,8,0,1
BRDA:9,8,1,0
BRDA:40,9,0,0
BRDA:40,9,1,36
BRF:18
BRH:11
end_of_record
TN:
SF:/Users/blesh/GitHub/blesh/RxJS/dist/cjs/observables/TimerObservable.js
FN:5,_interopRequireDefault
FN:7,_classCallCheck
FN:9,_inherits
FN:23,(anonymous_4)
FN:26,TimerObservable
FN:46,create
FN:52,dispatch
FN:75,_subscribe
FNF:8
FNH:8
FNDA:3,_interopRequireDefault
FNDA:35,_classCallCheck
FNDA:1,_inherits
FNDA:1,(anonymous_4)
FNDA:35,TimerObservable
FNDA:35,create
FNDA:39,dispatch
FNDA:35,_subscribe
DA:3,1
DA:5,3
DA:7,35
DA:9,1
DA:11,1
DA:13,1
DA:15,1
DA:17,1
DA:19,1
DA:21,1
DA:23,1
DA:24,1
DA:26,1
DA:27,35
DA:29,35
DA:31,35
DA:32,35
DA:33,35
DA:34,35
DA:35,35
DA:36,2
DA:37,33
DA:38,25
DA:40,35
DA:41,9
DA:43,35
DA:46,1
DA:47,35
DA:49,35
DA:52,1
DA:53,39
DA:54,39
DA:55,39
DA:57,39
DA:58,39
DA:59,39
DA:60,31
DA:61,31
DA:62,8
DA:63,2
DA:65,6
DA:66,1
DA:70,5
DA:71,5
DA:75,1
DA:76,35
DA:77,35
DA:78,35
DA:79,35
DA:80,35
DA:83,1
DA:86,1
DA:87,1
LF:53
LH:53
BRDA:5,1,0,0
BRDA:5,1,1,3
BRDA:5,2,0,3
BRDA:5,2,1,3
BRDA:7,3,0,0
BRDA:7,3,1,35
BRDA:9,4,0,0
BRDA:9,4,1,1
BRDA:9,5,0,1
BRDA:9,5,1,0
BRDA:9,6,0,1
BRDA:9,6,1,1
BRDA:9,7,0,1
BRDA:9,7,1,0
BRDA:9,8,0,1
BRDA:9,8,1,0
BRDA:27,9,0,0
BRDA:27,9,1,35
BRDA:35,10,0,2
BRDA:35,10,1,33
BRDA:36,11,0,2
BRDA:36,11,1,0
BRDA:36,11,2,2
BRDA:37,12,0,25
BRDA:37,12,1,8
BRDA:37,13,0,33
BRDA:37,13,1,25
BRDA:40,14,0,9
BRDA:40,14,1,26
BRDA:40,15,0,35
BRDA:40,15,1,26
BRDA:47,16,0,0
BRDA:47,16,1,35
BRDA:59,17,0,31
BRDA:59,17,1,8
BRDA:62,18,0,2
BRDA:62,18,1,6
BRDA:65,19,0,1
BRDA:65,19,1,5
BRF:39
BRH:30
end_of_record
TN:
SF:/Users/blesh/GitHub/blesh/RxJS/dist/cjs/operators/zip-static.js
FN:6,_interopRequireDefault
FN:14,zip
FNF:2
FNH:2
FNDA:1,_interopRequireDefault
FNDA:43,zip
DA:3,1
DA:4,1
DA:6,1
DA:8,1
DA:10,1
DA:12,1
DA:14,1
DA:15,43
DA:16,100
DA:19,43
DA:20,43
DA:21,9
DA:23,43
DA:26,1
LF:14
LH:14
BRDA:6,1,0,0
BRDA:6,1,1,1
BRDA:6,2,0,1
BRDA:6,2,1,1
BRDA:20,3,0,9
BRDA:20,3,1,34
BRF:6
BRH:5
end_of_record
TN:
SF:/Users/blesh/GitHub/blesh/RxJS/dist/cjs/operators/zip-support.js
FN:5,_interopRequireDefault
FN:7,_inherits
FN:9,_classCallCheck
FN:35,(anonymous_4)
FN:36,ZipOperator
FN:42,call
FN:51,(anonymous_7)
FN:54,ZipSubscriber
FN:67,_next
FN:79,_complete
FN:94,notifyInactive
FN:101,checkIterators
FN:149,(anonymous_13)
FN:150,StaticIterator
FN:157,hasValue
FN:161,next
FN:167,hasCompleted
FN:175,(anonymous_18)
FN:176,StaticArrayIterator
FN:185,(anonymous_20)
FN:189,next
FN:195,hasValue
FN:199,hasCompleted
FN:206,(anonymous_24)
FN:209,ZipBufferIterator
FN:221,(anonymous_26)
FN:228,next
FN:237,hasValue
FN:241,hasCompleted
FN:245,notifyComplete
FN:254,notifyNext
FN:259,subscribe
FNF:32
FNH:30
FNDA:5,_interopRequireDefault
FNDA:2,_inherits
FNDA:197,_classCallCheck
FNDA:1,(anonymous_4)
FNDA:48,ZipOperator
FNDA:48,call
FNDA:1,(anonymous_7)
FNDA:48,ZipSubscriber
FNDA:101,_next
FNDA:48,_complete
FNDA:10,notifyInactive
FNDA:160,checkIterators
FNDA:1,(anonymous_13)
FNDA:2,StaticIterator
FNDA:7,hasValue
FNDA:7,next
FNDA:7,hasCompleted
FNDA:1,(anonymous_18)
FNDA:10,StaticArrayIterator
FNDA:0,(anonymous_20)
FNDA:6,next
FNDA:7,hasValue
FNDA:6,hasCompleted
FNDA:1,(anonymous_24)
FNDA:89,ZipBufferIterator
FNDA:0,(anonymous_26)
FNDA:141,next
FNDA:297,hasValue
FNDA:141,hasCompleted
FNDA:35,notifyComplete
FNDA:160,notifyNext
FNDA:89,subscribe
DA:3,1
DA:5,5
DA:7,2
DA:9,197
DA:11,1
DA:13,1
DA:15,1
DA:17,1
DA:19,1
DA:21,1
DA:23,1
DA:25,1
DA:27,1
DA:29,1
DA:31,1
DA:33,1
DA:35,1
DA:36,1
DA:37,48
DA:39,48
DA:42,1
DA:43,48
DA:46,1
DA:49,1
DA:51,1
DA:52,1
DA:54,1
DA:55,48
DA:57,48
DA:59,48
DA:60,48
DA:61,48
DA:62,48
DA:63,48
DA:64,48
DA:67,1
DA:68,101
DA:69,101
DA:70,101
DA:71,10
DA:72,91
DA:73,2
DA:75,89
DA:79,1
DA:80,48
DA:81,48
DA:82,48
DA:83,48
DA:84,48
DA:85,101
DA:86,101
DA:87,89
DA:89,12
DA:94,1
DA:95,10
DA:96,10
DA:97,1
DA:101,1
DA:102,160
DA:103,160
DA:104,160
DA:106,160
DA:107,311
DA:108,311
DA:109,89
DA:112,71
DA:113,71
DA:114,71
DA:115,154
DA:116,154
DA:119,154
DA:120,7
DA:122,154
DA:123,0
DA:124,0
DA:126,154
DA:128,71
DA:129,71
DA:130,34
DA:131,34
DA:132,2
DA:134,32
DA:137,37
DA:139,71
DA:140,6
DA:144,1
DA:147,1
DA:149,1
DA:150,1
DA:151,2
DA:153,2
DA:154,2
DA:157,1
DA:158,7
DA:161,1
DA:162,7
DA:163,7
DA:164,7
DA:167,1
DA:168,7
DA:169,7
DA:172,1
DA:175,1
DA:176,1
DA:177,10
DA:179,10
DA:180,10
DA:181,10
DA:182,10
DA:185,1
DA:186,0
DA:189,1
DA:190,6
DA:191,6
DA:192,6
DA:195,1
DA:196,7
DA:199,1
DA:200,6
DA:203,1
DA:206,1
DA:207,1
DA:209,1
DA:210,89
DA:212,89
DA:213,89
DA:214,89
DA:215,89
DA:216,89
DA:217,89
DA:218,89
DA:221,1
DA:222,0
DA:228,1
DA:229,141
DA:230,141
DA:231,0
DA:233,141
DA:237,1
DA:238,297
DA:241,1
DA:242,141
DA:245,1
DA:246,35
DA:247,10
DA:248,10
DA:250,25
DA:254,1
DA:255,160
DA:256,160
DA:259,1
DA:260,89
DA:263,1
LF:153
LH:148
BRDA:5,1,0,0
BRDA:5,1,1,5
BRDA:5,2,0,5
BRDA:5,2,1,5
BRDA:7,3,0,0
BRDA:7,3,1,2
BRDA:7,4,0,2
BRDA:7,4,1,0
BRDA:7,5,0,2
BRDA:7,5,1,2
BRDA:7,6,0,2
BRDA:7,6,1,0
BRDA:7,7,0,2
BRDA:7,7,1,0
BRDA:9,8,0,0
BRDA:9,8,1,197
BRDA:55,9,0,48
BRDA:55,9,1,0
BRDA:55,10,0,48
BRDA:55,10,1,0
BRDA:63,11,0,11
BRDA:63,11,1,37
BRDA:70,12,0,10
BRDA:70,12,1,91
BRDA:72,13,0,2
BRDA:72,13,1,89
BRDA:86,14,0,89
BRDA:86,14,1,12
BRDA:96,15,0,1
BRDA:96,15,1,9
BRDA:108,16,0,89
BRDA:108,16,1,222
BRDA:108,17,0,311
BRDA:108,17,1,311
BRDA:119,18,0,7
BRDA:119,18,1,147
BRDA:122,19,0,0
BRDA:122,19,1,154
BRDA:129,20,0,34
BRDA:129,20,1,37
BRDA:131,21,0,2
BRDA:131,21,1,32
BRDA:139,22,0,6
BRDA:139,22,1,65
BRDA:169,23,0,7
BRDA:169,23,1,7
BRDA:192,24,0,6
BRDA:192,24,1,0
BRDA:230,25,0,0
BRDA:230,25,1,141
BRDA:230,26,0,141
BRDA:230,26,1,0
BRDA:242,27,0,141
BRDA:242,27,1,118
BRDA:246,28,0,10
BRDA:246,28,1,25
BRF:56
BRH:44
end_of_record
TN:
SF:/Users/blesh/GitHub/blesh/RxJS/dist/cjs/operators/buffer.js
FN:6,_interopRequireDefault
FN:8,_inherits
FN:10,_classCallCheck
FN:25,buffer
FN:29,(anonymous_5)
FN:30,BufferOperator
FN:36,call
FN:43,(anonymous_8)
FN:46,BufferSubscriber
FN:54,_next
FN:58,_error
FN:62,_complete
FN:66,flushBuffer
FN:75,(anonymous_14)
FN:78,BufferClosingNotifierSubscriber
FN:85,_next
FN:89,_error
FN:93,_complete
FNF:18
FNH:18
FNDA:1,_interopRequireDefault
FNDA:2,_inherits
FNDA:48,_classCallCheck
FNDA:16,buffer
FNDA:1,(anonymous_5)
FNDA:16,BufferOperator
FNDA:16,call
FNDA:1,(anonymous_8)
FNDA:16,BufferSubscriber
FNDA:30,_next
FNDA:7,_error
FNDA:8,_complete
FNDA:19,flushBuffer
FNDA:1,(anonymous_14)
FNDA:16,BufferClosingNotifierSubscriber
FNDA:19,_next
FNDA:3,_error
FNDA:4,_complete
DA:3,1
DA:4,1
DA:6,1
DA:8,2
DA:10,48
DA:12,1
DA:14,1
DA:25,1
DA:26,16
DA:29,1
DA:30,1
DA:31,16
DA:33,16
DA:36,1
DA:37,16
DA:40,1
DA:43,1
DA:44,1
DA:46,1
DA:47,16
DA:49,16
DA:50,16
DA:51,16
DA:54,1
DA:55,30
DA:58,1
DA:59,7
DA:62,1
DA:63,8
DA:66,1
DA:67,19
DA:68,19
DA:69,19
DA:72,1
DA:75,1
DA:76,1
DA:78,1
DA:79,16
DA:81,16
DA:82,16
DA:85,1
DA:86,19
DA:89,1
DA:90,3
DA:93,1
DA:94,4
DA:97,1
DA:100,1
LF:48
LH:48
BRDA:6,1,0,0
BRDA:6,1,1,1
BRDA:6,2,0,1
BRDA:6,2,1,1
BRDA:8,3,0,0
BRDA:8,3,1,2
BRDA:8,4,0,2
BRDA:8,4,1,0
BRDA:8,5,0,2
BRDA:8,5,1,2
BRDA:8,6,0,2
BRDA:8,6,1,0
BRDA:8,7,0,2
BRDA:8,7,1,0
BRDA:10,8,0,0
BRDA:10,8,1,48
BRF:16
BRH:10
end_of_record
TN:
SF:/Users/blesh/GitHub/blesh/RxJS/dist/cjs/operators/bufferCount.js
FN:6,_interopRequireDefault
FN:8,_inherits
FN:10,_classCallCheck
FN:16,bufferCount
FN:22,(anonymous_5)
FN:23,BufferCountOperator
FN:30,call
FN:37,(anonymous_8)
FN:40,BufferCountSubscriber
FN:50,_next
FN:74,_error
FN:78,_complete
FNF:12
FNH:12
FNDA:1,_interopRequireDefault
FNDA:1,_inherits
FNDA:14,_classCallCheck
FNDA:7,bufferCount
FNDA:1,(anonymous_5)
FNDA:7,BufferCountOperator
FNDA:7,call
FNDA:1,(anonymous_8)
FNDA:7,BufferCountSubscriber
FNDA:37,_next
FNDA:1,_error
FNDA:6,_complete
DA:3,1
DA:4,1
DA:6,1
DA:8,1
DA:10,14
DA:12,1
DA:14,1
DA:16,1
DA:17,7
DA:19,7
DA:22,1
DA:23,1
DA:24,7
DA:26,7
DA:27,7
DA:30,1
DA:31,7
DA:34,1
DA:37,1
DA:38,1
DA:40,1
DA:41,7
DA:43,7
DA:44,7
DA:45,7
DA:46,7
DA:47,7
DA:50,1
DA:51,37
DA:52,37
DA:53,37
DA:54,37
DA:55,37
DA:56,37
DA:57,37
DA:58,37
DA:59,14
DA:61,37
DA:62,47
DA:63,47
DA:64,47
DA:65,13
DA:66,13
DA:69,37
DA:70,13
DA:74,1
DA:75,1
DA:78,1
DA:79,6
DA:80,6
DA:81,6
DA:82,7
DA:83,7
DA:84,5
DA:87,6
DA:90,1
DA:93,1
LF:57
LH:57
BRDA:6,1,0,0
BRDA:6,1,1,1
BRDA:6,2,0,1
BRDA:6,2,1,1
BRDA:8,3,0,0
BRDA:8,3,1,1
BRDA:8,4,0,1
BRDA:8,4,1,0
BRDA:8,5,0,1
BRDA:8,5,1,1
BRDA:8,6,0,1
BRDA:8,6,1,0
BRDA:8,7,0,1
BRDA:8,7,1,0
BRDA:10,8,0,0
BRDA:10,8,1,14
BRDA:17,9,0,4
BRDA:17,9,1,3
BRDA:17,10,0,7
BRDA:17,10,1,3
BRDA:54,11,0,18
BRDA:54,11,1,19
BRDA:58,12,0,14
BRDA:58,12,1,23
BRDA:64,13,0,13
BRDA:64,13,1,34
BRDA:69,14,0,13
BRDA:69,14,1,24
BRDA:83,15,0,5
BRDA:83,15,1,2
BRF:30
BRH:24
end_of_record
TN:
SF:/Users/blesh/GitHub/blesh/RxJS/dist/cjs/operators/bufferTime.js
FN:6,_interopRequireDefault
FN:8,_inherits
FN:10,_classCallCheck
FN:20,bufferTime
FN:27,(anonymous_5)
FN:28,BufferTimeOperator
FN:36,call
FN:43,(anonymous_8)
FN:46,BufferTimeSubscriber
FN:66,_next
FN:74,_error
FN:79,_complete
FN:87,openBuffer
FN:93,closeBuffer
FN:102,dispatchBufferTimeSpanOnly
FN:113,dispatchBufferCreation
FN:126,dispatchBufferClose
FNF:17
FNH:17
FNDA:2,_interopRequireDefault
FNDA:1,_inherits
FNDA:16,_classCallCheck
FNDA:8,bufferTime
FNDA:1,(anonymous_5)
FNDA:8,BufferTimeOperator
FNDA:8,call
FNDA:1,(anonymous_8)
FNDA:8,BufferTimeSubscriber
FNDA:35,_next
FNDA:3,_error
FNDA:4,_complete
FNDA:25,openBuffer
FNDA:17,closeBuffer
FNDA:13,dispatchBufferTimeSpanOnly
FNDA:4,dispatchBufferCreation
FNDA:4,dispatchBufferClose
DA:3,1
DA:4,1
DA:6,2
DA:8,1
DA:10,16
DA:12,1
DA:14,1
DA:16,1
DA:18,1
DA:20,1
DA:21,8
DA:22,8
DA:24,8
DA:27,1
DA:28,1
DA:29,8
DA:31,8
DA:32,8
DA:33,8
DA:36,1
DA:37,8
DA:40,1
DA:43,1
DA:44,1
DA:46,1
DA:47,8
DA:49,8
DA:50,8
DA:51,8
DA:52,8
DA:53,8
DA:54,8
DA:55,8
DA:56,2
DA:57,2
DA:58,2
DA:59,2
DA:61,6
DA:62,6
DA:66,1
DA:67,35
DA:68,35
DA:69,35
DA:70,39
DA:74,1
DA:75,3
DA:76,3
DA:79,1
DA:80,4
DA:81,4
DA:82,4
DA:84,4
DA:87,1
DA:88,25
DA:89,25
DA:90,25
DA:93,1
DA:94,17
DA:95,17
DA:96,17
DA:99,1
DA:102,1
DA:103,13
DA:104,13
DA:105,13
DA:106,13
DA:108,13
DA:109,13
DA:110,13
DA:113,1
DA:114,4
DA:115,4
DA:116,4
DA:117,4
DA:119,4
DA:120,4
DA:121,4
DA:122,4
DA:123,4
DA:126,1
DA:127,4
DA:128,4
DA:130,4
DA:132,1
LF:84
LH:84
BRDA:6,1,0,0
BRDA:6,1,1,2
BRDA:6,2,0,2
BRDA:6,2,1,2
BRDA:8,3,0,0
BRDA:8,3,1,1
BRDA:8,4,0,1
BRDA:8,4,1,0
BRDA:8,5,0,1
BRDA:8,5,1,1
BRDA:8,6,0,1
BRDA:8,6,1,0
BRDA:8,7,0,1
BRDA:8,7,1,0
BRDA:10,8,0,0
BRDA:10,8,1,16
BRDA:21,9,0,0
BRDA:21,9,1,8
BRDA:21,10,0,8
BRDA:21,10,1,8
BRDA:22,11,0,0
BRDA:22,11,1,8
BRDA:22,12,0,8
BRDA:22,12,1,8
BRDA:55,13,0,2
BRDA:55,13,1,6
BRDA:55,14,0,8
BRDA:55,14,1,2
BRDA:105,15,0,13
BRDA:105,15,1,0
BRDA:109,16,0,13
BRDA:109,16,1,0
BRDA:121,17,0,4
BRDA:121,17,1,0
BRF:34
BRH:23
end_of_record
TN:
SF:/Users/blesh/GitHub/blesh/RxJS/dist/cjs/operators/bufferToggle.js
FN:6,_interopRequireDefault
FN:8,_inherits
FN:10,_classCallCheck
FN:26,bufferToggle
FN:30,(anonymous_5)
FN:31,BufferToggleOperator
FN:38,call
FN:45,(anonymous_8)
FN:48,BufferToggleSubscriber
FN:58,_next
FN:66,_error
FN:71,_complete
FN:79,openBuffer
FN:100,closeBuffer
FN:114,(anonymous_15)
FN:117,BufferClosingNotifierSubscriber
FN:125,_next
FN:129,_error
FN:133,_complete
FN:140,(anonymous_20)
FN:143,BufferToggleOpeningsSubscriber
FN:150,_next
FN:154,_error
FN:158,_complete
FNF:24
FNH:19
FNDA:3,_interopRequireDefault
FNDA:3,_inherits
FNDA:6,_classCallCheck
FNDA:1,bufferToggle
FNDA:1,(anonymous_5)
FNDA:1,BufferToggleOperator
FNDA:1,call
FNDA:1,(anonymous_8)
FNDA:1,BufferToggleSubscriber
FNDA:9,_next
FNDA:0,_error
FNDA:1,_complete
FNDA:3,openBuffer
FNDA:3,closeBuffer
FNDA:1,(anonymous_15)
FNDA:3,BufferClosingNotifierSubscriber
FNDA:3,_next
FNDA:0,_error
FNDA:0,_complete
FNDA:1,(anonymous_20)
FNDA:1,BufferToggleOpeningsSubscriber
FNDA:3,_next
FNDA:0,_error
FNDA:0,_complete
DA:3,1
DA:4,1
DA:6,3
DA:8,3
DA:10,6
DA:12,1
DA:14,1
DA:16,1
DA:18,1
DA:20,1
DA:22,1
DA:24,1
DA:26,1
DA:27,1
DA:30,1
DA:31,1
DA:32,1
DA:34,1
DA:35,1
DA:38,1
DA:39,1
DA:42,1
DA:45,1
DA:46,1
DA:48,1
DA:49,1
DA:51,1
DA:52,1
DA:53,1
DA:54,1
DA:55,1
DA:58,1
DA:59,9
DA:60,9
DA:61,9
DA:62,7
DA:66,1
DA:67,0
DA:68,0
DA:71,1
DA:72,1
DA:73,1
DA:74,1
DA:76,1
DA:79,1
DA:80,3
DA:81,3
DA:82,3
DA:83,3
DA:84,0
DA:85,0
DA:86,0
DA:88,3
DA:89,3
DA:93,3
DA:94,3
DA:95,3
DA:96,3
DA:100,1
DA:101,3
DA:102,3
DA:104,3
DA:105,3
DA:106,3
DA:107,3
DA:108,3
DA:111,1
DA:114,1
DA:115,1
DA:117,1
DA:118,3
DA:120,3
DA:121,3
DA:122,3
DA:125,1
DA:126,3
DA:129,1
DA:130,0
DA:133,1
DA:137,1
DA:140,1
DA:141,1
DA:143,1
DA:144,1
DA:146,1
DA:147,1
DA:150,1
DA:151,3
DA:154,1
DA:155,0
DA:158,1
DA:162,1
DA:165,1
LF:93
LH:86
BRDA:6,1,0,0
BRDA:6,1,1,3
BRDA:6,2,0,3
BRDA:6,2,1,3
BRDA:8,3,0,0
BRDA:8,3,1,3
BRDA:8,4,0,3
BRDA:8,4,1,0
BRDA:8,5,0,3
BRDA:8,5,1,3
BRDA:8,6,0,3
BRDA:8,6,1,0
BRDA:8,7,0,3
BRDA:8,7,1,0
BRDA:10,8,0,0
BRDA:10,8,1,6
BRDA:83,9,0,0
BRDA:83,9,1,3
BRF:18
BRH:11
end_of_record
TN:
SF:/Users/blesh/GitHub/blesh/RxJS/dist/cjs/operators/bufferWhen.js
FN:6,_interopRequireDefault
FN:8,_inherits
FN:10,_classCallCheck
FN:22,bufferWhen
FN:26,(anonymous_5)
FN:27,BufferWhenOperator
FN:33,call
FN:40,(anonymous_8)
FN:43,BufferWhenSubscriber
FN:51,_next
FN:55,_error
FN:60,_complete
FN:67,openBuffer
FN:91,(anonymous_14)
FN:94,BufferClosingNotifierSubscriber
FN:101,_next
FN:105,_error
FN:109,_complete
FNF:18
FNH:18
FNDA:2,_interopRequireDefault
FNDA:2,_inherits
FNDA:40,_classCallCheck
FNDA:9,bufferWhen
FNDA:1,(anonymous_5)
FNDA:9,BufferWhenOperator
FNDA:9,call
FNDA:1,(anonymous_8)
FNDA:9,BufferWhenSubscriber
FNDA:32,_next
FNDA:3,_error
FNDA:4,_complete
FNDA:22,openBuffer
FNDA:1,(anonymous_14)
FNDA:22,BufferClosingNotifierSubscriber
FNDA:13,_next
FNDA:1,_error
FNDA:1,_complete
DA:3,1
DA:4,1
DA:6,2
DA:8,2
DA:10,40
DA:12,1
DA:14,1
DA:16,1
DA:18,1
DA:20,1
DA:22,1
DA:23,9
DA:26,1
DA:27,1
DA:28,9
DA:30,9
DA:33,1
DA:34,9
DA:37,1
DA:40,1
DA:41,1
DA:43,1
DA:44,9
DA:46,9
DA:47,9
DA:48,9
DA:51,1
DA:52,32
DA:55,1
DA:56,3
DA:57,3
DA:60,1
DA:61,4
DA:62,4
DA:63,4
DA:64,4
DA:67,1
DA:68,22
DA:69,22
DA:70,13
DA:71,13
DA:73,22
DA:74,22
DA:75,13
DA:77,22
DA:78,22
DA:79,22
DA:80,0
DA:81,0
DA:82,0
DA:84,22
DA:88,1
DA:91,1
DA:92,1
DA:94,1
DA:95,22
DA:97,22
DA:98,22
DA:101,1
DA:102,13
DA:105,1
DA:106,1
DA:109,1
DA:113,1
DA:116,1
LF:65
LH:62
BRDA:6,1,0,0
BRDA:6,1,1,2
BRDA:6,2,0,2
BRDA:6,2,1,2
BRDA:8,3,0,0
BRDA:8,3,1,2
BRDA:8,4,0,2
BRDA:8,4,1,0
BRDA:8,5,0,2
BRDA:8,5,1,2
BRDA:8,6,0,2
BRDA:8,6,1,0
BRDA:8,7,0,2
BRDA:8,7,1,0
BRDA:10,8,0,0
BRDA:10,8,1,40
BRDA:69,9,0,13
BRDA:69,9,1,9
BRDA:74,10,0,13
BRDA:74,10,1,9
BRDA:79,11,0,0
BRDA:79,11,1,22
BRF:22
BRH:15
end_of_record
TN:
SF:/Users/blesh/GitHub/blesh/RxJS/dist/cjs/operators/catch.js
FN:6,_interopRequireDefault
FN:8,_inherits
FN:10,_classCallCheck
FN:22,_catch
FN:29,(anonymous_5)
FN:30,CatchOperator
FN:36,call
FN:43,(anonymous_8)
FN:46,CatchSubscriber
FN:54,_error
FNF:10
FNH:10
FNDA:2,_interopRequireDefault
FNDA:1,_inherits
FNDA:12,_classCallCheck
FNDA:5,_catch
FNDA:1,(anonymous_5)
FNDA:5,CatchOperator
FNDA:7,call
FNDA:1,(anonymous_8)
FNDA:7,CatchSubscriber
FNDA:7,_error
DA:3,1
DA:4,1
DA:6,2
DA:8,1
DA:10,12
DA:12,1
DA:14,1
DA:16,1
DA:18,1
DA:20,1
DA:22,1
DA:23,5
DA:24,5
DA:25,5
DA:26,5
DA:29,1
DA:30,1
DA:31,5
DA:33,5
DA:36,1
DA:37,7
DA:40,1
DA:43,1
DA:44,1
DA:46,1
DA:47,7
DA:49,7
DA:50,7
DA:51,7
DA:54,1
DA:55,7
DA:56,7
DA:57,1
DA:59,6
DA:63,1
DA:66,1
LF:36
LH:36
BRDA:6,1,0,0
BRDA:6,1,1,2
BRDA:6,2,0,2
BRDA:6,2,1,2
BRDA:8,3,0,0
BRDA:8,3,1,1
BRDA:8,4,0,1
BRDA:8,4,1,0
BRDA:8,5,0,1
BRDA:8,5,1,1
BRDA:8,6,0,1
BRDA:8,6,1,0
BRDA:8,7,0,1
BRDA:8,7,1,0
BRDA:10,8,0,0
BRDA:10,8,1,12
BRDA:56,9,0,1
BRDA:56,9,1,6
BRF:18
BRH:12
end_of_record
TN:
SF:/Users/blesh/GitHub/blesh/RxJS/dist/cjs/operators/combineAll.js
FN:8,combineAll
FNF:1
FNH:1
FNDA:2,combineAll
DA:3,1
DA:4,1
DA:6,1
DA:8,1
DA:9,2
DA:12,1
LF:6
LH:6
BRF:0
BRH:0
end_of_record
TN:
SF:/Users/blesh/GitHub/blesh/RxJS/dist/cjs/operators/combineLatest.js
FN:6,_interopRequireDefault
FN:14,combineLatest
FNF:2
FNH:2
FNDA:1,_interopRequireDefault
FNDA:29,combineLatest
DA:3,1
DA:4,1
DA:6,1
DA:8,1
DA:10,1
DA:12,1
DA:14,1
DA:15,29
DA:16,57
DA:19,29
DA:20,29
DA:21,29
DA:22,28
DA:24,29
DA:27,1
LF:15
LH:15
BRDA:6,1,0,0
BRDA:6,1,1,1
BRDA:6,2,0,1
BRDA:6,2,1,1
BRDA:21,3,0,28
BRDA:21,3,1,1
BRF:6
BRH:5
end_of_record
TN:
SF:/Users/blesh/GitHub/blesh/RxJS/dist/cjs/operators/concat.js
FN:6,_interopRequireDefault
FN:12,concatProto
FNF:2
FNH:2
FNDA:1,_interopRequireDefault
FNDA:17,concatProto
DA:3,1
DA:4,1
DA:6,1
DA:8,1
DA:10,1
DA:12,1
DA:13,17
DA:14,17
DA:17,17
DA:18,17
DA:19,17
DA:20,0
DA:22,17
DA:25,1
LF:14
LH:13
BRDA:6,1,0,0
BRDA:6,1,1,1
BRDA:6,2,0,1
BRDA:6,2,1,1
BRDA:19,3,0,0
BRDA:19,3,1,17
BRDA:19,4,0,17
BRDA:19,4,1,17
BRF:8
BRH:6
end_of_record
TN:
SF:/Users/blesh/GitHub/blesh/RxJS/dist/cjs/operators/concatAll.js
FN:8,concatAll
FNF:1
FNH:1
FNDA:2,concatAll
DA:3,1
DA:4,1
DA:6,1
DA:8,1
DA:9,2
DA:12,1
LF:6
LH:6
BRF:0
BRH:0
end_of_record
TN:
SF:/Users/blesh/GitHub/blesh/RxJS/dist/cjs/operators/concatMap.js
FN:8,concatMap
FNF:1
FNH:0
FNDA:0,concatMap
DA:3,1
DA:4,1
DA:6,1
DA:8,1
DA:9,0
DA:12,1
LF:6
LH:5
BRF:0
BRH:0
end_of_record
TN:
SF:/Users/blesh/GitHub/blesh/RxJS/dist/cjs/operators/mergeMap-support.js
FN:5,_interopRequireDefault
FN:7,_inherits
FN:9,_classCallCheck
FN:25,(anonymous_4)
FN:26,MergeMapOperator
FN:36,call
FN:45,(anonymous_7)
FN:48,MergeMapSubscriber
FN:63,_next
FN:80,_innerSub
FN:84,_complete
FN:91,notifyNext
FN:107,notifyComplete
FNF:13
FNH:13
FNDA:3,_interopRequireDefault
FNDA:1,_inherits
FNDA:66,_classCallCheck
FNDA:1,(anonymous_4)
FNDA:33,MergeMapOperator
FNDA:33,call
FNDA:1,(anonymous_7)
FNDA:33,MergeMapSubscriber
FNDA:127,_next
FNDA:124,_innerSub
FNDA:17,_complete
FNDA:285,notifyNext
FNDA:88,notifyComplete
DA:3,1
DA:5,3
DA:7,1
DA:9,66
DA:11,1
DA:13,1
DA:15,1
DA:17,1
DA:19,1
DA:21,1
DA:23,1
DA:25,1
DA:26,1
DA:27,33
DA:29,33
DA:31,33
DA:32,33
DA:33,33
DA:36,1
DA:37,33
DA:40,1
DA:43,1
DA:45,1
DA:46,1
DA:48,1
DA:49,33
DA:51,33
DA:53,33
DA:54,33
DA:55,33
DA:56,33
DA:57,33
DA:58,33
DA:59,33
DA:60,33
DA:63,1
DA:64,127
DA:65,127
DA:66,127
DA:67,127
DA:68,127
DA:69,127
DA:70,3
DA:72,124
DA:73,124
DA:76,0
DA:80,1
DA:81,124
DA:84,1
DA:85,17
DA:86,17
DA:87,6
DA:91,1
DA:92,285
DA:93,285
DA:95,285
DA:96,47
DA:97,47
DA:98,3
DA:100,44
DA:103,238
DA:107,1
DA:108,88
DA:109,88
DA:110,88
DA:111,88
DA:112,0
DA:113,88
DA:114,6
DA:118,1
DA:121,1
LF:71
LH:69
BRDA:5,1,0,0
BRDA:5,1,1,3
BRDA:5,2,0,3
BRDA:5,2,1,3
BRDA:7,3,0,0
BRDA:7,3,1,1
BRDA:7,4,0,1
BRDA:7,4,1,0
BRDA:7,5,0,1
BRDA:7,5,1,1
BRDA:7,6,0,1
BRDA:7,6,1,0
BRDA:7,7,0,1
BRDA:7,7,1,0
BRDA:9,8,0,0
BRDA:9,8,1,66
BRDA:27,9,0,0
BRDA:27,9,1,33
BRDA:27,10,0,33
BRDA:27,10,1,33
BRDA:49,11,0,0
BRDA:49,11,1,33
BRDA:49,12,0,33
BRDA:49,12,1,33
BRDA:64,13,0,127
BRDA:64,13,1,0
BRDA:69,14,0,3
BRDA:69,14,1,124
BRDA:86,15,0,6
BRDA:86,15,1,11
BRDA:86,16,0,17
BRDA:86,16,1,6
BRDA:95,17,0,47
BRDA:95,17,1,238
BRDA:97,18,0,3
BRDA:97,18,1,44
BRDA:111,19,0,0
BRDA:111,19,1,88
BRDA:113,20,0,6
BRDA:113,20,1,82
BRDA:113,21,0,88
BRDA:113,21,1,46
BRF:42
BRH:32
end_of_record
TN:
SF:/Users/blesh/GitHub/blesh/RxJS/dist/cjs/operators/concatMapTo.js
FN:8,concatMapTo
FNF:1
FNH:0
FNDA:0,concatMapTo
DA:3,1
DA:4,1
DA:6,1
DA:8,1
DA:9,0
DA:12,1
LF:6
LH:5
BRF:0
BRH:0
end_of_record
TN:
SF:/Users/blesh/GitHub/blesh/RxJS/dist/cjs/operators/mergeMapTo-support.js
FN:5,_interopRequireDefault
FN:7,_inherits
FN:9,_classCallCheck
FN:25,(anonymous_4)
FN:26,MergeMapToOperator
FN:36,call
FN:45,(anonymous_7)
FN:48,MergeMapToSubscriber
FN:63,_next
FN:80,_innerSub
FN:84,_complete
FN:91,notifyNext
FN:107,notifyError
FN:111,notifyComplete
FNF:14
FNH:4
FNDA:3,_interopRequireDefault
FNDA:1,_inherits
FNDA:0,_classCallCheck
FNDA:1,(anonymous_4)
FNDA:0,MergeMapToOperator
FNDA:0,call
FNDA:1,(anonymous_7)
FNDA:0,MergeMapToSubscriber
FNDA:0,_next
FNDA:0,_innerSub
FNDA:0,_complete
FNDA:0,notifyNext
FNDA:0,notifyError
FNDA:0,notifyComplete
DA:3,1
DA:5,3
DA:7,1
DA:9,1
DA:11,1
DA:13,1
DA:15,1
DA:17,1
DA:19,1
DA:21,1
DA:23,1
DA:25,1
DA:26,1
DA:27,0
DA:29,0
DA:31,0
DA:32,0
DA:33,0
DA:36,1
DA:37,0
DA:40,1
DA:43,1
DA:45,1
DA:46,1
DA:48,1
DA:49,0
DA:51,0
DA:53,0
DA:54,0
DA:55,0
DA:56,0
DA:57,0
DA:58,0
DA:59,0
DA:60,0
DA:63,1
DA:64,0
DA:65,0
DA:66,0
DA:67,0
DA:68,0
DA:69,0
DA:70,0
DA:72,0
DA:73,0
DA:76,0
DA:80,1
DA:81,0
DA:84,1
DA:85,0
DA:86,0
DA:87,0
DA:91,1
DA:92,0
DA:93,0
DA:95,0
DA:96,0
DA:97,0
DA:98,0
DA:100,0
DA:103,0
DA:107,1
DA:108,0
DA:111,1
DA:112,0
DA:113,0
DA:114,0
DA:115,0
DA:116,0
DA:117,0
DA:118,0
DA:122,1
DA:125,1
LF:73
LH:27
BRDA:5,1,0,0
BRDA:5,1,1,3
BRDA:5,2,0,3
BRDA:5,2,1,3
BRDA:7,3,0,0
BRDA:7,3,1,1
BRDA:7,4,0,1
BRDA:7,4,1,0
BRDA:7,5,0,1
BRDA:7,5,1,1
BRDA:7,6,0,1
BRDA:7,6,1,0
BRDA:7,7,0,1
BRDA:7,7,1,0
BRDA:9,8,0,0
BRDA:9,8,1,0
BRDA:27,9,0,0
BRDA:27,9,1,0
BRDA:27,10,0,0
BRDA:27,10,1,0
BRDA:49,11,0,0
BRDA:49,11,1,0
BRDA:49,12,0,0
BRDA:49,12,1,0
BRDA:64,13,0,0
BRDA:64,13,1,0
BRDA:69,14,0,0
BRDA:69,14,1,0
BRDA:86,15,0,0
BRDA:86,15,1,0
BRDA:86,16,0,0
BRDA:86,16,1,0
BRDA:95,17,0,0
BRDA:95,17,1,0
BRDA:97,18,0,0
BRDA:97,18,1,0
BRDA:115,19,0,0
BRDA:115,19,1,0
BRDA:117,20,0,0
BRDA:117,20,1,0
BRDA:117,21,0,0
BRDA:117,21,1,0
BRF:42
BRH:9
end_of_record
TN:
SF:/Users/blesh/GitHub/blesh/RxJS/dist/cjs/operators/count.js
FN:6,_interopRequireDefault
FN:8,_inherits
FN:10,_classCallCheck
FN:26,count
FN:30,(anonymous_5)
FN:31,CountOperator
FN:39,call
FN:46,(anonymous_8)
FN:49,CountSubscriber
FN:62,_next
FN:77,_complete
FNF:11
FNH:11
FNDA:3,_interopRequireDefault
FNDA:1,_inherits
FNDA:44,_classCallCheck
FNDA:22,count
FNDA:1,(anonymous_5)
FNDA:22,CountOperator
FNDA:22,call
FNDA:1,(anonymous_8)
FNDA:22,CountSubscriber
FNDA:40,_next
FNDA:14,_complete
DA:3,1
DA:4,1
DA:6,3
DA:8,1
DA:10,44
DA:12,1
DA:14,1
DA:16,1
DA:18,1
DA:20,1
DA:22,1
DA:24,1
DA:26,1
DA:27,22
DA:30,1
DA:31,1
DA:32,22
DA:34,22
DA:35,22
DA:36,22
DA:39,1
DA:40,22
DA:43,1
DA:46,1
DA:47,1
DA:49,1
DA:50,22
DA:52,22
DA:53,22
DA:54,22
DA:55,22
DA:56,22
DA:57,22
DA:58,10
DA:62,1
DA:63,40
DA:64,40
DA:65,40
DA:66,10
DA:67,10
DA:68,1
DA:69,1
DA:72,39
DA:73,35
DA:77,1
DA:78,14
DA:79,14
DA:82,1
DA:85,1
LF:49
LH:49
BRDA:6,1,0,0
BRDA:6,1,1,3
BRDA:6,2,0,3
BRDA:6,2,1,3
BRDA:8,3,0,0
BRDA:8,3,1,1
BRDA:8,4,0,1
BRDA:8,4,1,0
BRDA:8,5,0,1
BRDA:8,5,1,1
BRDA:8,6,0,1
BRDA:8,6,1,0
BRDA:8,7,0,1
BRDA:8,7,1,0
BRDA:10,8,0,0
BRDA:10,8,1,44
BRDA:57,9,0,10
BRDA:57,9,1,12
BRDA:65,10,0,10
BRDA:65,10,1,30
BRDA:67,11,0,1
BRDA:67,11,1,9
BRDA:72,12,0,35
BRDA:72,12,1,4
BRF:24
BRH:18
end_of_record
TN:
SF:/Users/blesh/GitHub/blesh/RxJS/dist/cjs/util/bindCallback.js
FN:6,bindCallback
FN:12,(anonymous_2)
FN:16,(anonymous_3)
FN:20,(anonymous_4)
FN:24,(anonymous_5)
FN:28,(anonymous_6)
FNF:6
FNH:2
FNDA:168,bindCallback
FNDA:0,(anonymous_2)
FNDA:0,(anonymous_3)
FNDA:27,(anonymous_4)
FNDA:0,(anonymous_5)
FNDA:0,(anonymous_6)
DA:3,1
DA:4,1
DA:6,1
DA:7,168
DA:8,161
DA:10,7
DA:12,0
DA:13,0
DA:16,0
DA:17,0
DA:20,7
DA:21,27
DA:24,0
DA:25,0
DA:28,0
DA:29,0
DA:34,1
LF:17
LH:9
BRDA:7,1,0,161
BRDA:7,1,1,7
BRDA:10,2,0,0
BRDA:10,2,1,0
BRDA:10,2,2,7
BRDA:10,2,3,0
BRF:6
BRH:3
end_of_record
TN:
SF:/Users/blesh/GitHub/blesh/RxJS/dist/cjs/operators/dematerialize.js
FN:6,_interopRequireDefault
FN:8,_inherits
FN:10,_classCallCheck
FN:16,dematerialize
FN:20,(anonymous_5)
FN:21,DeMaterializeOperator
FN:25,call
FN:32,(anonymous_8)
FN:35,DeMaterializeSubscriber
FN:41,_next
FNF:10
FNH:10
FNDA:1,_interopRequireDefault
FNDA:1,_inherits
FNDA:18,_classCallCheck
FNDA:9,dematerialize
FNDA:1,(anonymous_5)
FNDA:9,DeMaterializeOperator
FNDA:9,call
FNDA:1,(anonymous_8)
FNDA:9,DeMaterializeSubscriber
FNDA:11,_next
DA:3,1
DA:4,1
DA:6,1
DA:8,1
DA:10,18
DA:12,1
DA:14,1
DA:16,1
DA:17,9
DA:20,1
DA:21,1
DA:22,9
DA:25,1
DA:26,9
DA:29,1
DA:32,1
DA:33,1
DA:35,1
DA:36,9
DA:38,9
DA:41,1
DA:42,11
DA:45,1
DA:48,1
LF:24
LH:24
BRDA:6,1,0,0
BRDA:6,1,1,1
BRDA:6,2,0,1
BRDA:6,2,1,1
BRDA:8,3,0,0
BRDA:8,3,1,1
BRDA:8,4,0,1
BRDA:8,4,1,0
BRDA:8,5,0,1
BRDA:8,5,1,1
BRDA:8,6,0,1
BRDA:8,6,1,0
BRDA:8,7,0,1
BRDA:8,7,1,0
BRDA:10,8,0,0
BRDA:10,8,1,18
BRF:16
BRH:10
end_of_record
TN:
SF:/Users/blesh/GitHub/blesh/RxJS/dist/cjs/operators/debounce.js
FN:5,(anonymous_1)
FN:5,defineProperties
FN:5,(anonymous_3)
FN:9,_interopRequireDefault
FN:11,_inherits
FN:13,_classCallCheck
FN:29,debounce
FN:33,(anonymous_8)
FN:34,DebounceOperator
FN:40,call
FN:47,(anonymous_11)
FN:50,DebounceSubscriber
FN:60,_next
FN:75,_complete
FN:80,debouncedNext
FN:88,clearDebounce
FN:98,get
FN:106,(anonymous_18)
FN:109,DurationSelectorSubscriber
FN:117,debounceNext
FN:127,_next
FN:131,_error
FN:135,_complete
FNF:23
FNH:23
FNDA:1,(anonymous_1)
FNDA:1,defineProperties
FNDA:1,(anonymous_3)
FNDA:3,_interopRequireDefault
FNDA:2,_inherits
FNDA:108,_classCallCheck
FNDA:22,debounce
FNDA:1,(anonymous_8)
FNDA:22,DebounceOperator
FNDA:22,call
FNDA:1,(anonymous_11)
FNDA:22,DebounceSubscriber
FNDA:65,_next
FNDA:11,_complete
FNDA:57,debouncedNext
FNDA:57,clearDebounce
FNDA:72,get
FNDA:1,(anonymous_18)
FNDA:64,DurationSelectorSubscriber
FNDA:72,debounceNext
FNDA:55,_next
FNDA:2,_error
FNDA:17,_complete
DA:3,1
DA:5,1
DA:7,1
DA:9,3
DA:11,2
DA:13,108
DA:15,1
DA:17,1
DA:19,1
DA:21,1
DA:23,1
DA:25,1
DA:27,1
DA:29,1
DA:30,22
DA:33,1
DA:34,1
DA:35,22
DA:37,22
DA:40,1
DA:41,22
DA:44,1
DA:47,1
DA:48,1
DA:50,1
DA:51,22
DA:53,22
DA:54,22
DA:55,22
DA:56,22
DA:57,22
DA:60,1
DA:61,65
DA:62,65
DA:63,65
DA:64,65
DA:65,1
DA:67,64
DA:68,7
DA:70,64
DA:71,64
DA:75,1
DA:76,11
DA:77,11
DA:80,1
DA:81,57
DA:82,57
DA:83,46
DA:84,46
DA:88,1
DA:89,57
DA:90,57
DA:91,46
DA:92,46
DA:96,1
DA:99,72
DA:103,1
DA:106,1
DA:107,1
DA:109,1
DA:110,64
DA:112,64
DA:113,64
DA:114,64
DA:117,1
DA:118,72
DA:119,72
DA:120,46
DA:121,46
DA:122,46
DA:127,1
DA:128,55
DA:131,1
DA:132,2
DA:135,1
DA:136,17
DA:139,1
DA:142,1
LF:78
LH:78
BRDA:5,1,0,1
BRDA:5,1,1,1
BRDA:5,2,0,0
BRDA:5,2,1,1
BRDA:5,3,0,1
BRDA:5,3,1,0
BRDA:5,4,0,0
BRDA:5,4,1,1
BRDA:9,5,0,0
BRDA:9,5,1,3
BRDA:9,6,0,3
BRDA:9,6,1,3
BRDA:11,7,0,0
BRDA:11,7,1,2
BRDA:11,8,0,2
BRDA:11,8,1,0
BRDA:11,9,0,2
BRDA:11,9,1,2
BRDA:11,10,0,2
BRDA:11,10,1,0
BRDA:11,11,0,2
BRDA:11,11,1,0
BRDA:13,12,0,0
BRDA:13,12,1,108
BRDA:64,13,0,1
BRDA:64,13,1,64
BRDA:67,14,0,7
BRDA:67,14,1,57
BRDA:67,15,0,64
BRDA:67,15,1,7
BRDA:82,16,0,46
BRDA:82,16,1,11
BRDA:90,17,0,46
BRDA:90,17,1,11
BRDA:119,18,0,46
BRDA:119,18,1,26
BRDA:121,19,0,46
BRDA:121,19,1,0
BRF:38
BRH:28
end_of_record
TN:
SF:/Users/blesh/GitHub/blesh/RxJS/dist/cjs/operators/debounceTime.js
FN:6,_interopRequireDefault
FN:8,_inherits
FN:10,_classCallCheck
FN:20,debounceTime
FN:26,(anonymous_5)
FN:27,DebounceTimeOperator
FN:34,call
FN:41,(anonymous_8)
FN:44,DebounceTimeSubscriber
FN:54,_next
FN:60,_complete
FN:65,debouncedNext
FN:73,clearDebounce
FN:85,dispatchNext
FNF:14
FNH:14
FNDA:2,_interopRequireDefault
FNDA:1,_inherits
FNDA:24,_classCallCheck
FNDA:12,debounceTime
FNDA:1,(anonymous_5)
FNDA:12,DebounceTimeOperator
FNDA:12,call
FNDA:1,(anonymous_8)
FNDA:12,DebounceTimeSubscriber
FNDA:30,_next
FNDA:5,_complete
FNDA:13,debouncedNext
FNDA:43,clearDebounce
FNDA:8,dispatchNext
DA:3,1
DA:4,1
DA:6,2
DA:8,1
DA:10,24
DA:12,1
DA:14,1
DA:16,1
DA:18,1
DA:20,1
DA:21,12
DA:23,12
DA:26,1
DA:27,1
DA:28,12
DA:30,12
DA:31,12
DA:34,1
DA:35,12
DA:38,1
DA:41,1
DA:42,1
DA:44,1
DA:45,12
DA:47,12
DA:48,12
DA:49,12
DA:50,12
DA:51,12
DA:54,1
DA:55,30
DA:56,30
DA:57,30
DA:60,1
DA:61,5
DA:62,5
DA:65,1
DA:66,13
DA:67,13
DA:68,10
DA:69,10
DA:73,1
DA:74,43
DA:75,43
DA:76,28
DA:77,28
DA:78,28
DA:82,1
DA:85,1
DA:86,8
DA:88,1
LF:51
LH:51
BRDA:6,1,0,0
BRDA:6,1,1,2
BRDA:6,2,0,2
BRDA:6,2,1,2
BRDA:8,3,0,0
BRDA:8,3,1,1
BRDA:8,4,0,1
BRDA:8,4,1,0
BRDA:8,5,0,1
BRDA:8,5,1,1
BRDA:8,6,0,1
BRDA:8,6,1,0
BRDA:8,7,0,1
BRDA:8,7,1,0
BRDA:10,8,0,0
BRDA:10,8,1,24
BRDA:21,9,0,0
BRDA:21,9,1,12
BRDA:21,10,0,12
BRDA:21,10,1,12
BRDA:67,11,0,10
BRDA:67,11,1,3
BRDA:75,12,0,28
BRDA:75,12,1,15
BRF:24
BRH:17
end_of_record
TN:
SF:/Users/blesh/GitHub/blesh/RxJS/dist/cjs/operators/defaultIfEmpty.js
FN:6,_interopRequireDefault
FN:8,_inherits
FN:10,_classCallCheck
FN:16,defaultIfEmpty
FN:22,(anonymous_5)
FN:23,DefaultIfEmptyOperator
FN:29,call
FN:36,(anonymous_8)
FN:39,DefaultIfEmptySubscriber
FN:47,_next
FN:52,_complete
FNF:11
FNH:11
FNDA:1,_interopRequireDefault
FNDA:1,_inherits
FNDA:10,_classCallCheck
FNDA:5,defaultIfEmpty
FNDA:1,(anonymous_5)
FNDA:5,DefaultIfEmptyOperator
FNDA:5,call
FNDA:1,(anonymous_8)
FNDA:5,DefaultIfEmptySubscriber
FNDA:4,_next
FNDA:4,_complete
DA:3,1
DA:4,1
DA:6,1
DA:8,1
DA:10,10
DA:12,1
DA:14,1
DA:16,1
DA:17,5
DA:19,5
DA:22,1
DA:23,1
DA:24,5
DA:26,5
DA:29,1
DA:30,5
DA:33,1
DA:36,1
DA:37,1
DA:39,1
DA:40,5
DA:42,5
DA:43,5
DA:44,5
DA:47,1
DA:48,4
DA:49,4
DA:52,1
DA:53,4
DA:54,2
DA:56,4
DA:59,1
DA:62,1
LF:33
LH:33
BRDA:6,1,0,0
BRDA:6,1,1,1
BRDA:6,2,0,1
BRDA:6,2,1,1
BRDA:8,3,0,0
BRDA:8,3,1,1
BRDA:8,4,0,1
BRDA:8,4,1,0
BRDA:8,5,0,1
BRDA:8,5,1,1
BRDA:8,6,0,1
BRDA:8,6,1,0
BRDA:8,7,0,1
BRDA:8,7,1,0
BRDA:10,8,0,0
BRDA:10,8,1,10
BRDA:17,9,0,2
BRDA:17,9,1,3
BRDA:17,10,0,5
BRDA:17,10,1,3
BRDA:53,11,0,2
BRDA:53,11,1,2
BRF:22
BRH:16
end_of_record
TN:
SF:/Users/blesh/GitHub/blesh/RxJS/dist/cjs/operators/delay.js
FN:6,_interopRequireDefault
FN:8,_inherits
FN:10,_classCallCheck
FN:24,delay
FN:30,(anonymous_5)
FN:31,DelayOperator
FN:38,call
[...]
DA:10,1
DA:13,1
DA:14,1
DA:15,1
DA:17,1
DA:20,1
DA:21,1
DA:22,1
DA:24,1
DA:27,1
DA:28,1
DA:29,1
DA:31,1
DA:34,1
DA:35,1
DA:36,1
DA:38,1
DA:41,1
DA:42,1
DA:43,1
DA:45,1
DA:48,1
DA:49,1
DA:50,1
DA:52,1
DA:55,1
DA:56,1
DA:57,1
DA:59,1
LF:35
LH:35
BRF:0
BRH:0
end_of_record
TN:
SF:/Users/blesh/GitHub/blesh/RxJS/spec/operators/toPromise-spec.js
FN:6,(anonymous_1)
FN:7,(anonymous_2)
FN:8,(anonymous_3)
FN:14,(anonymous_4)
FN:15,(anonymous_5)
FN:17,(anonymous_6)
FN:23,(anonymous_7)
FN:27,MyPromise
FN:32,(anonymous_9)
FNF:9
FNH:8
FNDA:1,(anonymous_1)
FNDA:1,(anonymous_2)
FNDA:1,(anonymous_3)
FNDA:1,(anonymous_4)
FNDA:0,(anonymous_5)
FNDA:1,(anonymous_6)
FNDA:1,(anonymous_7)
FNDA:1,MyPromise
FNDA:1,(anonymous_9)
DA:2,1
DA:3,1
DA:4,1
DA:6,1
DA:7,1
DA:8,1
DA:9,1
DA:10,1
DA:14,1
DA:15,1
DA:16,0
DA:18,1
DA:19,1
DA:23,1
DA:24,1
DA:25,1
DA:26,1
DA:27,1
DA:28,1
DA:29,1
DA:32,1
DA:33,1
DA:34,1
DA:35,1
LF:24
LH:23
BRF:0
BRH:0
end_of_record
TN:
SF:/Users/blesh/GitHub/blesh/RxJS/spec/operators/window-spec.js
FN:5,(anonymous_1)
FN:6,(anonymous_2)
FN:10,(anonymous_3)
FN:14,(anonymous_4)
FN:26,(anonymous_5)
FN:39,(anonymous_6)
FN:51,(anonymous_7)
FN:63,(anonymous_8)
FN:77,(anonymous_9)
FN:89,(anonymous_10)
FN:106,(anonymous_11)
FN:123,(anonymous_12)
FN:137,(anonymous_13)
FN:151,(anonymous_14)
FNF:14
FNH:14
FNDA:1,(anonymous_1)
FNDA:1,(anonymous_2)
FNDA:3,(anonymous_3)
FNDA:1,(anonymous_4)
FNDA:1,(anonymous_5)
FNDA:1,(anonymous_6)
FNDA:1,(anonymous_7)
FNDA:1,(anonymous_8)
FNDA:1,(anonymous_9)
FNDA:1,(anonymous_10)
FNDA:1,(anonymous_11)
FNDA:1,(anonymous_12)
FNDA:1,(anonymous_13)
FNDA:1,(anonymous_14)
DA:2,1
DA:3,1
DA:5,1
DA:6,1
DA:7,1
DA:8,1
DA:10,3
DA:14,1
DA:15,1
DA:16,1
DA:17,1
DA:18,1
DA:19,1
DA:21,1
DA:23,1
DA:26,1
DA:27,1
DA:28,1
DA:29,1
DA:30,1
DA:31,1
DA:33,1
DA:35,1
DA:38,1
DA:40,1
DA:41,1
DA:42,1
DA:43,1
DA:44,1
DA:46,1
DA:48,1
DA:51,1
DA:52,1
DA:53,1
DA:54,1
DA:55,1
DA:56,1
DA:58,1
DA:60,1
DA:63,1
DA:64,1
DA:65,1
DA:66,1
DA:67,1
DA:68,1
DA:69,1
DA:70,1
DA:72,1
DA:74,1
DA:77,1
DA:78,1
DA:79,1
DA:80,1
DA:81,1
DA:82,1
DA:84,1
DA:86,1
DA:89,1
DA:90,1
DA:91,1
DA:92,1
DA:93,1
DA:94,1
DA:95,1
DA:96,1
DA:97,1
DA:98,1
DA:100,1
DA:102,1
DA:103,1
DA:106,1
DA:107,1
DA:108,1
DA:109,1
DA:110,1
DA:111,1
DA:112,1
DA:113,1
DA:114,1
DA:115,1
DA:117,1
DA:119,1
DA:120,1
DA:123,1
DA:124,1
DA:125,1
DA:126,1
DA:127,1
DA:128,1
DA:129,1
DA:130,1
DA:132,1
DA:134,1
DA:137,1
DA:138,1
DA:139,1
DA:140,1
DA:141,1
DA:142,1
DA:143,1
DA:145,1
DA:147,1
DA:148,1
DA:151,1
DA:152,1
DA:153,1
DA:154,1
DA:155,1
DA:156,1
DA:157,1
DA:158,1
DA:159,1
DA:161,1
DA:163,1
DA:164,1
LF:115
LH:115
BRF:0
BRH:0
end_of_record
TN:
SF:/Users/blesh/GitHub/blesh/RxJS/spec/operators/windowCount-spec.js
FN:5,(anonymous_1)
FN:6,(anonymous_2)
FN:23,(anonymous_3)
FN:39,(anonymous_4)
FN:50,(anonymous_5)
FN:61,(anonymous_6)
FN:72,(anonymous_7)
FN:91,(anonymous_8)
FNF:8
FNH:8
FNDA:1,(anonymous_1)
FNDA:1,(anonymous_2)
FNDA:1,(anonymous_3)
FNDA:1,(anonymous_4)
FNDA:1,(anonymous_5)
FNDA:1,(anonymous_6)
FNDA:1,(anonymous_7)
FNDA:1,(anonymous_8)
DA:2,1
DA:3,1
DA:5,1
DA:6,1
DA:7,1
DA:8,1
DA:9,1
DA:10,1
DA:11,1
DA:12,1
DA:13,1
DA:14,1
DA:15,1
DA:17,1
DA:19,1
DA:20,1
DA:23,1
DA:24,1
DA:25,1
DA:26,1
DA:27,1
DA:28,1
DA:29,1
DA:30,1
DA:31,1
DA:33,1
DA:35,1
DA:36,1
DA:39,1
DA:40,1
DA:41,1
DA:42,1
DA:43,1
DA:45,1
DA:47,1
DA:50,1
DA:51,1
DA:52,1
DA:53,1
DA:54,1
DA:56,1
DA:58,1
DA:61,1
DA:62,1
DA:63,1
DA:64,1
DA:65,1
DA:67,1
DA:69,1
DA:72,1
DA:73,1
DA:74,1
DA:75,1
DA:76,1
DA:77,1
DA:78,1
DA:79,1
DA:80,1
DA:81,1
DA:82,1
DA:83,1
DA:85,1
DA:87,1
DA:88,1
DA:91,1
DA:92,1
DA:93,1
DA:94,1
DA:95,1
DA:96,1
DA:97,1
DA:98,1
DA:99,1
DA:101,1
DA:103,1
LF:75
LH:75
BRF:0
BRH:0
end_of_record
TN:
SF:/Users/blesh/GitHub/blesh/RxJS/spec/operators/windowTime-spec.js
FN:5,(anonymous_1)
FN:6,(anonymous_2)
FN:22,(anonymous_3)
FN:41,(anonymous_4)
FN:52,(anonymous_5)
FN:63,(anonymous_6)
FN:78,(anonymous_7)
FN:89,(anonymous_8)
FN:109,(anonymous_9)
FNF:9
FNH:9
FNDA:1,(anonymous_1)
FNDA:1,(anonymous_2)
FNDA:1,(anonymous_3)
FNDA:1,(anonymous_4)
FNDA:1,(anonymous_5)
FNDA:1,(anonymous_6)
FNDA:1,(anonymous_7)
FNDA:1,(anonymous_8)
FNDA:1,(anonymous_9)
DA:2,1
DA:3,1
DA:5,1
DA:6,1
DA:7,1
DA:8,1
DA:10,1
DA:11,1
DA:12,1
DA:13,1
DA:14,1
DA:16,1
DA:18,1
DA:19,1
DA:22,1
DA:23,1
DA:24,1
DA:29,1
DA:30,1
DA:31,1
DA:32,1
DA:33,1
DA:35,1
DA:37,1
DA:38,1
DA:41,1
DA:42,1
DA:43,1
DA:44,1
DA:45,1
DA:47,1
DA:49,1
DA:52,1
DA:53,1
DA:54,1
DA:55,1
DA:56,1
DA:58,1
DA:60,1
DA:63,1
DA:64,1
DA:65,1
DA:66,1
DA:67,1
DA:68,1
DA:69,1
DA:70,1
DA:71,1
DA:73,1
DA:75,1
DA:78,1
DA:79,1
DA:80,1
DA:81,1
DA:82,1
DA:84,1
DA:86,1
DA:89,1
DA:90,1
DA:91,1
DA:96,1
DA:97,1
DA:98,1
DA:99,1
DA:100,1
DA:102,1
DA:104,1
DA:105,1
DA:108,1
DA:110,1
DA:111,1
DA:116,1
DA:117,1
DA:118,1
DA:119,1
DA:121,1
DA:123,1
LF:77
LH:77
BRF:0
BRH:0
end_of_record
TN:
SF:/Users/blesh/GitHub/blesh/RxJS/spec/operators/windowToggle-spec.js
FN:5,(anonymous_1)
FN:8,(anonymous_2)
FN:25,(anonymous_3)
FN:28,(anonymous_4)
FN:31,(anonymous_5)
FN:33,(anonymous_6)
FNF:6
FNH:6
FNDA:1,(anonymous_1)
FNDA:1,(anonymous_2)
FNDA:3,(anonymous_3)
FNDA:3,(anonymous_4)
FNDA:10,(anonymous_5)
FNDA:10,(anonymous_6)
DA:2,1
DA:3,1
DA:5,1
DA:6,1
DA:9,1
DA:10,1
DA:11,1
DA:14,1
DA:15,1
DA:16,1
DA:17,1
DA:19,1
DA:25,1
DA:26,3
DA:27,3
DA:29,3
DA:31,3
DA:32,10
DA:33,10
DA:35,3
DA:38,1
LF:21
LH:21
BRF:0
BRH:0
end_of_record
TN:
SF:/Users/blesh/GitHub/blesh/RxJS/spec/operators/windowWhen-spec.js
FN:5,(anonymous_1)
FN:6,(anonymous_2)
FN:24,(anonymous_3)
FN:25,(anonymous_4)
FN:28,(anonymous_5)
FN:30,(anonymous_6)
FNF:6
FNH:6
FNDA:1,(anonymous_1)
FNDA:1,(anonymous_2)
FNDA:7,(anonymous_3)
FNDA:3,(anonymous_4)
FNDA:11,(anonymous_5)
FNDA:11,(anonymous_6)
DA:2,1
DA:3,1
DA:5,1
DA:6,1
DA:7,1
DA:8,1
DA:11,1
DA:13,1
DA:15,1
DA:16,1
DA:18,1
DA:24,7
DA:26,3
DA:28,3
DA:29,11
DA:30,11
DA:32,3
DA:35,1
LF:18
LH:18
BRF:0
BRH:0
end_of_record
TN:
SF:/Users/blesh/GitHub/blesh/RxJS/spec/operators/withLatestFrom-spec.js
FN:6,(anonymous_1)
FN:7,(anonymous_2)
FN:20,(anonymous_3)
FN:30,(anonymous_4)
FN:34,(anonymous_5)
FN:42,(anonymous_6)
FN:50,(anonymous_7)
FN:58,(anonymous_8)
FN:69,(anonymous_9)
FN:77,(anonymous_10)
FN:81,(anonymous_11)
FN:89,(anonymous_12)
FN:97,(anonymous_13)
FN:99,(anonymous_14)
FN:104,(anonymous_15)
FN:106,(anonymous_16)
FN:111,(anonymous_17)
FN:113,(anonymous_18)
FNF:18
FNH:18
FNDA:1,(anonymous_1)
FNDA:1,(anonymous_2)
FNDA:1,(anonymous_3)
FNDA:3,(anonymous_4)
FNDA:1,(anonymous_5)
FNDA:1,(anonymous_6)
FNDA:1,(anonymous_7)
FNDA:1,(anonymous_8)
FNDA:1,(anonymous_9)
FNDA:1,(anonymous_10)
FNDA:1,(anonymous_11)
FNDA:1,(anonymous_12)
FNDA:1,(anonymous_13)
FNDA:1,(anonymous_14)
FNDA:1,(anonymous_15)
FNDA:1,(anonymous_16)
FNDA:1,(anonymous_17)
FNDA:1,(anonymous_18)
DA:2,1
DA:3,1
DA:4,1
DA:6,1
DA:7,1
DA:8,1
DA:9,1
DA:10,1
DA:11,1
DA:12,1
DA:17,1
DA:20,1
DA:21,1
DA:22,1
DA:23,1
DA:24,1
DA:25,1
DA:30,3
DA:31,1
DA:34,1
DA:35,1
DA:36,1
DA:37,1
DA:38,1
DA:39,1
DA:42,1
DA:43,1
DA:44,1
DA:45,1
DA:46,1
DA:47,1
DA:50,1
DA:51,1
DA:52,1
DA:53,1
DA:54,1
DA:55,1
DA:58,1
DA:59,1
DA:60,1
DA:61,1
DA:62,1
DA:63,1
DA:66,1
DA:69,1
DA:70,1
DA:71,1
DA:72,1
DA:73,1
DA:74,1
DA:77,1
DA:78,1
DA:81,1
DA:82,1
DA:83,1
DA:84,1
DA:85,1
DA:86,1
DA:89,1
DA:90,1
DA:91,1
DA:92,1
DA:93,1
DA:94,1
DA:97,1
DA:98,1
DA:100,1
DA:104,1
DA:105,1
DA:107,1
DA:111,1
DA:112,1
DA:114,1
LF:73
LH:73
BRF:0
BRH:0
end_of_record
TN:
SF:/Users/blesh/GitHub/blesh/RxJS/spec/operators/zip-spec.js
FN:6,(anonymous_1)
FN:7,(anonymous_2)
FN:14,(anonymous_3)
FN:21,(anonymous_4)
FN:28,(anonymous_5)
FN:35,(anonymous_6)
FN:41,(anonymous_7)
FN:47,(anonymous_8)
FN:53,(anonymous_9)
FN:60,(anonymous_10)
FN:68,(anonymous_11)
FN:72,(anonymous_12)
FN:76,(anonymous_13)
FN:84,(anonymous_14)
FN:89,(anonymous_15)
FN:94,(anonymous_16)
FN:99,(anonymous_17)
FN:104,(anonymous_18)
FN:109,(anonymous_19)
FN:114,(anonymous_20)
FN:121,(anonymous_21)
FN:128,(anonymous_22)
FN:135,(anonymous_23)
FN:142,(anonymous_24)
FN:149,(anonymous_25)
FN:156,(anonymous_26)
FN:163,(anonymous_27)
FN:170,(anonymous_28)
FN:177,(anonymous_29)
FN:186,(anonymous_30)
FN:192,(anonymous_31)
FN:197,(anonymous_32)
FN:203,(anonymous_33)
FN:208,(anonymous_34)
FN:212,(anonymous_35)
FN:216,(anonymous_36)
FN:220,(anonymous_37)
FN:224,(anonymous_38)
FN:228,(anonymous_39)
FN:232,(anonymous_40)
FN:236,(anonymous_41)
FN:247,(anonymous_42)
FN:254,(anonymous_43)
FN:261,(anonymous_44)
FN:268,(anonymous_45)
FN:275,(anonymous_46)
FN:282,(anonymous_47)
FN:289,(anonymous_48)
FN:296,(anonymous_49)
FN:303,(anonymous_50)
FN:310,(anonymous_51)
FN:318,(anonymous_52)
FN:322,(anonymous_53)
FNF:53
FNH:53
FNDA:1,(anonymous_1)
FNDA:1,(anonymous_2)
FNDA:1,(anonymous_3)
FNDA:1,(anonymous_4)
FNDA:1,(anonymous_5)
FNDA:1,(anonymous_6)
FNDA:1,(anonymous_7)
FNDA:1,(anonymous_8)
FNDA:1,(anonymous_9)
FNDA:1,(anonymous_10)
FNDA:1,(anonymous_11)
FNDA:3,(anonymous_12)
FNDA:1,(anonymous_13)
FNDA:1,(anonymous_14)
FNDA:3,(anonymous_15)
FNDA:1,(anonymous_16)
FNDA:3,(anonymous_17)
FNDA:1,(anonymous_18)
FNDA:3,(anonymous_19)
FNDA:1,(anonymous_20)
FNDA:1,(anonymous_21)
FNDA:1,(anonymous_22)
FNDA:1,(anonymous_23)
FNDA:1,(anonymous_24)
FNDA:1,(anonymous_25)
FNDA:1,(anonymous_26)
FNDA:1,(anonymous_27)
FNDA:1,(anonymous_28)
FNDA:1,(anonymous_29)
FNDA:1,(anonymous_30)
FNDA:2,(anonymous_31)
FNDA:1,(anonymous_32)
FNDA:2,(anonymous_33)
FNDA:1,(anonymous_34)
FNDA:5,(anonymous_35)
FNDA:1,(anonymous_36)
FNDA:5,(anonymous_37)
FNDA:1,(anonymous_38)
FNDA:5,(anonymous_39)
FNDA:1,(anonymous_40)
FNDA:2,(anonymous_41)
FNDA:1,(anonymous_42)
FNDA:1,(anonymous_43)
FNDA:1,(anonymous_44)
FNDA:1,(anonymous_45)
FNDA:1,(anonymous_46)
FNDA:1,(anonymous_47)
FNDA:1,(anonymous_48)
FNDA:1,(anonymous_49)
FNDA:1,(anonymous_50)
FNDA:1,(anonymous_51)
FNDA:1,(anonymous_52)
FNDA:2,(anonymous_53)
DA:2,1
DA:3,1
DA:4,1
DA:6,1
DA:7,1
DA:8,1
DA:9,1
DA:10,1
DA:11,1
DA:14,1
DA:15,1
DA:16,1
DA:17,1
DA:18,1
DA:21,1
DA:22,1
DA:23,1
DA:24,1
DA:25,1
DA:28,1
DA:29,1
DA:30,1
DA:31,1
DA:32,1
DA:35,1
DA:36,1
DA:37,1
DA:38,1
DA:39,1
DA:41,1
DA:42,1
DA:43,1
DA:44,1
DA:45,1
DA:47,1
DA:48,1
DA:49,1
DA:50,1
DA:51,1
DA:53,1
DA:54,1
DA:55,1
DA:56,1
DA:57,1
DA:60,1
DA:61,1
DA:62,1
DA:63,1
DA:64,1
DA:68,1
DA:69,1
DA:70,1
DA:71,1
DA:72,3
DA:76,1
DA:77,1
DA:78,1
DA:79,1
DA:80,1
DA:84,1
DA:85,1
DA:86,1
DA:87,1
DA:88,1
DA:89,1
DA:90,3
DA:94,1
DA:95,1
DA:96,1
DA:97,1
DA:98,1
DA:99,1
DA:100,3
DA:104,1
DA:105,1
DA:106,1
DA:107,1
DA:108,1
DA:109,1
DA:110,3
DA:114,1
DA:115,1
DA:116,1
DA:117,1
DA:118,1
DA:121,1
DA:122,1
DA:123,1
DA:124,1
DA:125,1
DA:128,1
DA:129,1
DA:130,1
DA:131,1
DA:132,1
DA:135,1
DA:136,1
DA:137,1
DA:138,1
DA:139,1
DA:142,1
DA:143,1
DA:144,1
DA:145,1
DA:146,1
DA:149,1
DA:150,1
DA:151,1
DA:152,1
DA:153,1
DA:156,1
DA:157,1
DA:158,1
DA:159,1
DA:160,1
DA:163,1
DA:164,1
DA:165,1
DA:166,1
DA:167,1
DA:170,1
DA:171,1
DA:172,1
DA:173,1
DA:174,1
DA:177,1
DA:178,1
DA:179,1
DA:180,1
DA:181,1
DA:182,1
DA:186,1
DA:187,1
DA:188,1
DA:189,1
DA:190,1
DA:191,1
DA:192,2
DA:193,1
DA:197,1
DA:198,1
DA:199,1
DA:200,1
DA:201,1
DA:202,1
DA:203,2
DA:204,1
DA:208,1
DA:209,1
DA:210,1
DA:211,1
DA:212,5
DA:216,1
DA:217,1
DA:218,1
DA:219,1
DA:220,5
DA:224,1
DA:225,1
DA:226,1
DA:227,1
DA:228,5
DA:232,1
DA:233,1
DA:234,1
DA:235,1
DA:236,1
DA:237,2
DA:238,1
DA:240,1
DA:242,1
DA:243,1
DA:247,1
DA:248,1
DA:249,1
DA:250,1
DA:251,1
DA:254,1
DA:255,1
DA:256,1
DA:257,1
DA:258,1
DA:261,1
DA:262,1
DA:263,1
DA:264,1
DA:265,1
DA:268,1
DA:269,1
DA:270,1
DA:271,1
DA:272,1
DA:275,1
DA:276,1
DA:277,1
DA:278,1
DA:279,1
DA:282,1
DA:283,1
DA:284,1
DA:285,1
DA:286,1
DA:289,1
DA:290,1
DA:291,1
DA:292,1
DA:293,1
DA:296,1
DA:297,1
DA:298,1
DA:299,1
DA:300,1
DA:303,1
DA:304,1
DA:305,1
DA:306,1
DA:307,1
DA:310,1
DA:311,1
DA:312,1
DA:313,1
DA:314,1
DA:318,1
DA:319,1
DA:320,1
DA:321,1
DA:322,1
DA:323,2
DA:324,1
DA:326,1
DA:328,1
LF:231
LH:231
BRDA:237,1,0,1
BRDA:237,1,1,1
BRDA:323,2,0,1
BRDA:323,2,1,1
BRF:4
BRH:4
end_of_record
TN:
SF:/Users/blesh/GitHub/blesh/RxJS/spec/operators/zipAll-spec.js
FN:5,(anonymous_1)
FN:6,(anonymous_2)
FN:13,(anonymous_3)
FN:16,(anonymous_4)
FN:21,(anonymous_5)
FN:28,(anonymous_6)
FN:31,(anonymous_7)
FNF:7
FNH:7
FNDA:1,(anonymous_1)
FNDA:1,(anonymous_2)
FNDA:3,(anonymous_3)
FNDA:3,(anonymous_4)
FNDA:1,(anonymous_5)
FNDA:2,(anonymous_6)
FNDA:2,(anonymous_7)
DA:2,1
DA:3,1
DA:5,1
DA:6,1
DA:7,1
DA:8,1
DA:9,1
DA:14,3
DA:17,3
DA:21,1
DA:22,1
DA:23,1
DA:24,1
DA:29,2
DA:32,2
LF:15
LH:15
BRF:0
BRH:0
end_of_record
TN:
SF:/Users/blesh/GitHub/blesh/RxJS/spec/root-module-spec.js
FN:4,(anonymous_1)
FN:5,(anonymous_2)
FNF:2
FNH:2
FNDA:1,(anonymous_1)
FNDA:1,(anonymous_2)
DA:2,1
DA:4,1
DA:5,1
DA:6,1
LF:4
LH:4
BRF:0
BRH:0
end_of_record
TN:
SF:/Users/blesh/GitHub/blesh/RxJS/index.js
FNF:0
FNH:0
DA:1,1
LF:1
LH:1
BRF:0
BRH:0
end_of_record
TN:
SF:/Users/blesh/GitHub/blesh/RxJS/spec/scheduler-spec.js
FN:6,(anonymous_1)
FN:7,(anonymous_2)
FN:11,(anonymous_3)
FN:13,(anonymous_4)
FN:21,(anonymous_5)
FN:23,(anonymous_6)
FN:27,(anonymous_7)
FN:31,(anonymous_8)
FNF:8
FNH:8
FNDA:1,(anonymous_1)
FNDA:1,(anonymous_2)
FNDA:1,(anonymous_3)
FNDA:1,(anonymous_4)
FNDA:1,(anonymous_5)
FNDA:1,(anonymous_6)
FNDA:1,(anonymous_7)
FNDA:1,(anonymous_8)
DA:2,1
DA:4,1
DA:6,1
DA:7,1
DA:8,1
DA:9,1
DA:10,1
DA:11,1
DA:12,1
DA:13,1
DA:14,1
DA:17,1
DA:18,1
DA:21,1
DA:22,1
DA:23,1
DA:24,1
DA:27,1
DA:28,1
DA:31,1
DA:32,1
DA:33,1
LF:22
LH:22
BRF:0
BRH:0
end_of_record
TN:
SF:/Users/blesh/GitHub/blesh/RxJS/spec/schedulers/TestScheduler-spec.js
FN:6,(anonymous_1)
FN:7,(anonymous_2)
FN:11,(anonymous_3)
FN:12,(anonymous_4)
FN:21,(anonymous_5)
FN:30,(anonymous_6)
FN:39,(anonymous_7)
FN:48,(anonymous_8)
FN:57,(anonymous_9)
FN:67,(anonymous_10)
FN:68,(anonymous_11)
FN:74,(anonymous_12)
FN:80,(anonymous_13)
FN:87,(anonymous_14)
FN:88,(anonymous_15)
FN:93,(anonymous_16)
FN:101,(anonymous_17)
FN:102,(anonymous_18)
FN:107,(anonymous_19)
FN:115,(anonymous_20)
FN:116,(anonymous_21)
FN:117,(anonymous_22)
FN:122,(anonymous_23)
FN:123,(anonymous_24)
FN:127,(anonymous_25)
FN:130,(anonymous_26)
FN:132,(anonymous_27)
FN:139,(anonymous_28)
FN:140,(anonymous_29)
FN:144,(anonymous_30)
FN:151,(anonymous_31)
FN:152,(anonymous_32)
FN:156,(anonymous_33)
FN:160,(anonymous_34)
FN:165,(anonymous_35)
FN:169,(anonymous_36)
FN:174,(anonymous_37)
FN:182,(anonymous_38)
FN:183,(anonymous_39)
FN:187,(anonymous_40)
FN:191,(anonymous_41)
FN:196,(anonymous_42)
FN:204,(anonymous_43)
FN:205,(anonymous_44)
FN:213,(anonymous_45)
FNF:45
FNH:45
FNDA:1,(anonymous_1)
FNDA:1,(anonymous_2)
FNDA:1,(anonymous_3)
FNDA:1,(anonymous_4)
FNDA:1,(anonymous_5)
FNDA:1,(anonymous_6)
FNDA:1,(anonymous_7)
FNDA:1,(anonymous_8)
FNDA:1,(anonymous_9)
FNDA:1,(anonymous_10)
FNDA:1,(anonymous_11)
FNDA:1,(anonymous_12)
FNDA:1,(anonymous_13)
FNDA:1,(anonymous_14)
FNDA:1,(anonymous_15)
FNDA:2,(anonymous_16)
FNDA:1,(anonymous_17)
FNDA:1,(anonymous_18)
FNDA:2,(anonymous_19)
FNDA:1,(anonymous_20)
FNDA:1,(anonymous_21)
FNDA:1,(anonymous_22)
FNDA:1,(anonymous_23)
FNDA:1,(anonymous_24)
FNDA:1,(anonymous_25)
FNDA:2,(anonymous_26)
FNDA:1,(anonymous_27)
FNDA:1,(anonymous_28)
FNDA:1,(anonymous_29)
FNDA:1,(anonymous_30)
FNDA:1,(anonymous_31)
FNDA:1,(anonymous_32)
FNDA:1,(anonymous_33)
FNDA:1,(anonymous_34)
FNDA:1,(anonymous_35)
FNDA:1,(anonymous_36)
FNDA:1,(anonymous_37)
FNDA:1,(anonymous_38)
FNDA:1,(anonymous_39)
FNDA:1,(anonymous_40)
FNDA:1,(anonymous_41)
FNDA:1,(anonymous_42)
FNDA:1,(anonymous_43)
FNDA:1,(anonymous_44)
FNDA:1,(anonymous_45)
DA:2,1
DA:3,1
DA:4,1
DA:6,1
DA:7,1
DA:8,1
DA:11,1
DA:12,1
DA:13,1
DA:14,1
DA:21,1
DA:22,1
DA:23,1
DA:30,1
DA:31,1
DA:32,1
DA:39,1
DA:40,1
DA:41,1
DA:48,1
DA:49,1
DA:50,1
DA:57,1
DA:58,1
DA:59,1
DA:67,1
DA:68,1
DA:69,1
DA:70,1
DA:71,1
DA:74,1
DA:75,1
DA:76,1
DA:77,1
DA:80,1
DA:81,1
DA:82,1
DA:83,1
DA:87,1
DA:88,1
DA:89,1
DA:90,1
DA:91,1
DA:92,1
DA:93,1
DA:94,2
DA:96,1
DA:97,1
DA:101,1
DA:102,1
DA:103,1
DA:104,1
DA:105,1
DA:106,1
DA:107,1
DA:108,2
DA:110,1
DA:111,1
DA:115,1
DA:116,1
DA:117,1
DA:118,1
DA:122,1
DA:123,1
DA:124,1
DA:127,1
DA:128,1
DA:129,1
DA:130,1
DA:131,2
DA:133,1
DA:135,1
DA:139,1
DA:140,1
DA:141,1
DA:144,1
DA:145,1
DA:146,1
DA:147,1
DA:151,1
DA:152,1
DA:153,1
DA:156,1
DA:157,1
DA:160,1
DA:161,1
DA:162,1
DA:165,1
DA:166,1
DA:169,1
DA:170,1
DA:171,1
DA:174,1
DA:175,1
DA:176,1
DA:177,1
DA:178,1
DA:182,1
DA:183,1
DA:184,1
DA:187,1
DA:188,1
DA:191,1
DA:192,1
DA:193,1
DA:196,1
DA:197,1
DA:198,1
DA:199,1
DA:200,1
DA:204,1
DA:205,1
DA:206,1
DA:207,1
DA:208,1
DA:209,1
DA:210,1
DA:213,1
DA:214,1
DA:215,1
DA:216,1
DA:217,1
DA:218,1
DA:219,1
DA:220,1
LF:125
LH:125
BRF:0
BRH:0
end_of_record
TN:
SF:/Users/blesh/GitHub/blesh/RxJS/spec/schedulers/VirtualTimeScheduler-spec.js
FN:5,(anonymous_1)
FN:6,(anonymous_2)
FN:10,(anonymous_3)
FN:13,(anonymous_4)
FN:27,(anonymous_5)
FN:30,(anonymous_6)
FN:45,(anonymous_7)
FN:50,(anonymous_8)
FNF:8
FNH:8
FNDA:1,(anonymous_1)
FNDA:1,(anonymous_2)
FNDA:1,(anonymous_3)
FNDA:5,(anonymous_4)
FNDA:1,(anonymous_5)
FNDA:6,(anonymous_6)
FNDA:1,(anonymous_7)
FNDA:3,(anonymous_8)
DA:2,1
DA:3,1
DA:5,1
DA:6,1
DA:7,1
DA:10,1
DA:11,1
DA:12,1
DA:13,1
DA:14,5
DA:16,1
DA:17,1
DA:18,1
DA:19,1
DA:20,1
DA:22,1
DA:24,1
DA:27,1
DA:28,1
DA:29,1
DA:30,1
DA:31,6
DA:33,1
DA:34,1
DA:35,1
DA:36,1
DA:37,1
DA:38,1
DA:40,1
DA:42,1
DA:45,1
DA:46,1
DA:47,1
DA:48,1
DA:50,1
DA:51,3
DA:52,1
DA:54,2
DA:55,2
DA:58,1
DA:59,1
LF:41
LH:41
BRDA:51,1,0,1
BRDA:51,1,1,2
BRF:2
BRH:2
end_of_record
TN:
SF:/Users/blesh/GitHub/blesh/RxJS/spec/subject-spec.js
FN:8,(anonymous_1)
FN:9,(anonymous_2)
FN:13,(anonymous_3)
FN:22,(anonymous_4)
FN:28,(anonymous_5)
FN:32,(anonymous_6)
FN:42,(anonymous_7)
FN:46,(anonymous_8)
FN:55,(anonymous_9)
FN:58,(anonymous_10)
FN:61,(anonymous_11)
FN:72,(anonymous_12)
FN:83,(anonymous_13)
FN:86,(anonymous_14)
FN:90,(anonymous_15)
FN:98,(anonymous_16)
FN:100,(anonymous_17)
FNF:17
FNH:14
FNDA:1,(anonymous_1)
FNDA:1,(anonymous_2)
FNDA:2,(anonymous_3)
FNDA:1,(anonymous_4)
FNDA:2,(anonymous_5)
FNDA:2,(anonymous_6)
FNDA:1,(anonymous_7)
FNDA:1,(anonymous_8)
FNDA:1,(anonymous_9)
FNDA:0,(anonymous_10)
FNDA:0,(anonymous_11)
FNDA:1,(anonymous_12)
FNDA:3,(anonymous_13)
FNDA:0,(anonymous_14)
FNDA:1,(anonymous_15)
FNDA:5,(anonymous_16)
FNDA:1,(anonymous_17)
DA:2,1
DA:4,1
DA:5,1
DA:6,1
DA:8,1
DA:9,1
DA:10,1
DA:11,1
DA:13,1
DA:14,2
DA:17,1
DA:18,1
DA:19,1
DA:22,1
DA:23,1
DA:24,1
DA:25,1
DA:26,1
DA:28,1
DA:29,2
DA:32,1
DA:33,2
DA:36,1
DA:37,1
DA:38,1
DA:39,1
DA:42,1
DA:43,1
DA:44,1
DA:46,1
DA:47,1
DA:50,1
DA:51,1
DA:52,1
DA:55,1
DA:56,1
DA:58,1
DA:61,1
DA:64,1
DA:65,1
DA:66,1
DA:67,1
DA:68,1
DA:69,1
DA:72,1
DA:73,1
DA:74,1
DA:75,1
DA:76,1
DA:77,1
DA:78,1
DA:79,1
DA:81,1
DA:84,3
DA:87,0
DA:88,0
DA:91,1
DA:92,1
DA:96,1
DA:98,1
DA:99,5
DA:101,1
DA:104,1
DA:105,1
DA:106,1
DA:107,1
DA:109,1
DA:110,1
DA:111,1
DA:113,1
DA:114,1
LF:71
LH:69
BRF:0
BRH:0
end_of_record
TN:
SF:/Users/blesh/GitHub/blesh/RxJS/spec/subjects/behavior-subject-spec.js
FN:7,(anonymous_1)
FN:8,(anonymous_2)
FN:14,(anonymous_3)
FN:19,(anonymous_4)
FNF:4
FNH:4
FNDA:1,(anonymous_1)
FNDA:1,(anonymous_2)
FNDA:1,(anonymous_3)
FNDA:2,(anonymous_4)
DA:2,1
DA:4,1
DA:5,1
DA:7,1
DA:8,1
DA:9,1
DA:10,1
DA:11,1
DA:14,1
DA:15,1
DA:16,1
DA:17,1
DA:19,1
DA:20,2
DA:23,1
DA:24,1
LF:16
LH:16
BRF:0
BRH:0
end_of_record
TN:
SF:/Users/blesh/GitHub/blesh/RxJS/spec/subjects/replay-subject-spec.js
FN:7,(anonymous_1)
FN:8,(anonymous_2)
FN:14,(anonymous_3)
FN:21,(anonymous_4)
FN:29,(anonymous_5)
FN:37,(anonymous_6)
FN:42,(anonymous_7)
FN:50,(anonymous_8)
FN:52,(anonymous_9)
FN:58,(anonymous_10)
FN:65,(anonymous_11)
FNF:11
FNH:11
FNDA:1,(anonymous_1)
FNDA:1,(anonymous_2)
FNDA:1,(anonymous_3)
FNDA:3,(anonymous_4)
FNDA:1,(anonymous_5)
FNDA:3,(anonymous_6)
FNDA:1,(anonymous_7)
FNDA:3,(anonymous_8)
FNDA:1,(anonymous_9)
FNDA:1,(anonymous_10)
FNDA:2,(anonymous_11)
DA:2,1
DA:4,1
DA:5,1
DA:7,1
DA:8,1
DA:9,1
DA:10,1
DA:11,1
DA:14,1
DA:15,1
DA:16,1
DA:17,1
DA:18,1
DA:19,1
DA:20,1
DA:21,1
DA:22,3
DA:23,3
DA:24,1
DA:29,1
DA:30,1
DA:31,1
DA:32,1
DA:33,1
DA:34,1
DA:35,1
DA:36,1
DA:37,1
DA:38,3
DA:42,1
DA:43,1
DA:44,1
DA:45,1
DA:46,1
DA:47,1
DA:48,1
DA:49,1
DA:50,1
DA:51,3
DA:53,1
DA:54,1
DA:58,1
DA:59,1
DA:60,1
DA:61,1
DA:62,1
DA:63,1
DA:64,1
DA:65,1
DA:66,2
DA:67,2
DA:68,1
LF:52
LH:52
BRDA:23,1,0,1
BRDA:23,1,1,2
BRDA:67,2,0,1
BRDA:67,2,1,1
BRF:4
BRH:4
end_of_record
